[1.037s] Invoking command in '/home/ilyas/ros2_ws/src/my_first_package': PYTHONPATH=/home/ilyas/ros2_ws/build/my_first_package/prefix_override:/usr/lib/python3/dist-packages/colcon_core/task/python/colcon_distutils_commands:/home/ilyas/ros2_ws/install/my_first_package/lib/python3.10/site-packages:${PYTHONPATH} /usr/bin/python3 -W ignore:setup.py install is deprecated -W ignore:easy_install command is deprecated setup.py egg_info --egg-base ../../build/my_first_package build --build-base /home/ilyas/ros2_ws/build/my_first_package/build install --record /home/ilyas/ros2_ws/build/my_first_package/install.log --single-version-externally-managed install_data
[1.250s] running egg_info
[1.250s] writing ../../build/my_first_package/my_first_package.egg-info/PKG-INFO
[1.251s] writing dependency_links to ../../build/my_first_package/my_first_package.egg-info/dependency_links.txt
[1.252s] writing entry points to ../../build/my_first_package/my_first_package.egg-info/entry_points.txt
[1.255s] writing requirements to ../../build/my_first_package/my_first_package.egg-info/requires.txt
[1.255s] writing top-level names to ../../build/my_first_package/my_first_package.egg-info/top_level.txt
[1.261s] reading manifest file '../../build/my_first_package/my_first_package.egg-info/SOURCES.txt'
[1.263s] writing manifest file '../../build/my_first_package/my_first_package.egg-info/SOURCES.txt'
[1.265s] running build
[1.266s] running build_py
[1.266s] running install
[1.267s] running install_lib
[1.270s] running install_data
[1.270s] running install_egg_info
[1.272s] removing '/home/ilyas/ros2_ws/install/my_first_package/lib/python3.10/site-packages/my_first_package-0.0.0-py3.10.egg-info' (and everything under it)
[1.272s] Copying ../../build/my_first_package/my_first_package.egg-info to /home/ilyas/ros2_ws/install/my_first_package/lib/python3.10/site-packages/my_first_package-0.0.0-py3.10.egg-info
[1.273s] running install_scripts
[1.297s] Installing publisher script to /home/ilyas/ros2_ws/install/my_first_package/lib/my_first_package
[1.297s] Installing subscriber script to /home/ilyas/ros2_ws/install/my_first_package/lib/my_first_package
[1.297s] writing list of installed files to '/home/ilyas/ros2_ws/build/my_first_package/install.log'
[1.337s] Invoked command in '/home/ilyas/ros2_ws/src/my_first_package' returned '0': PYTHONPATH=/home/ilyas/ros2_ws/build/my_first_package/prefix_override:/usr/lib/python3/dist-packages/colcon_core/task/python/colcon_distutils_commands:/home/ilyas/ros2_ws/install/my_first_package/lib/python3.10/site-packages:${PYTHONPATH} /usr/bin/python3 -W ignore:setup.py install is deprecated -W ignore:easy_install command is deprecated setup.py egg_info --egg-base ../../build/my_first_package build --build-base /home/ilyas/ros2_ws/build/my_first_package/build install --record /home/ilyas/ros2_ws/build/my_first_package/install.log --single-version-externally-managed install_data
