[0.381s] Invoking command in '/home/ilyas/ros2_ws/build/robotic_chair_description': CMAKE_PREFIX_PATH=${CMAKE_PREFIX_PATH}:/home/ilyas/ros2_ws/install/robotic_chair_nav:/home/ilyas/ros2_ws/install/my_first_package:/home/ilyas/ros2_ws/src/robotic_chair_nav/install/robotic_chair_nav:/home/ilyas/ros2_ws/src/install/robotic_chair_nav:/home/ilyas/ros2_ws/src/install/my_first_package:/opt/ros/humble /usr/bin/cmake --build /home/ilyas/ros2_ws/build/robotic_chair_description -- -j3 -l3
[1.815s] Invoked command in '/home/ilyas/ros2_ws/build/robotic_chair_description' returned '0': CMAKE_PREFIX_PATH=${CMAKE_PREFIX_PATH}:/home/ilyas/ros2_ws/install/robotic_chair_nav:/home/ilyas/ros2_ws/install/my_first_package:/home/ilyas/ros2_ws/src/robotic_chair_nav/install/robotic_chair_nav:/home/ilyas/ros2_ws/src/install/robotic_chair_nav:/home/ilyas/ros2_ws/src/install/my_first_package:/opt/ros/humble /usr/bin/cmake --build /home/ilyas/ros2_ws/build/robotic_chair_description -- -j3 -l3
[1.865s] Invoking command in '/home/ilyas/ros2_ws/build/robotic_chair_description': CMAKE_PREFIX_PATH=${CMAKE_PREFIX_PATH}:/home/ilyas/ros2_ws/install/robotic_chair_nav:/home/ilyas/ros2_ws/install/my_first_package:/home/ilyas/ros2_ws/src/robotic_chair_nav/install/robotic_chair_nav:/home/ilyas/ros2_ws/src/install/robotic_chair_nav:/home/ilyas/ros2_ws/src/install/my_first_package:/opt/ros/humble /usr/bin/cmake --install /home/ilyas/ros2_ws/build/robotic_chair_description
[1.906s] -- Install configuration: ""
[1.921s] -- Up-to-date: /home/ilyas/ros2_ws/install/robotic_chair_description/share/robotic_chair_description/urdf
[1.998s] -- Installing: /home/ilyas/ros2_ws/install/robotic_chair_description/share/robotic_chair_description/urdf/chair.urdf
[2.026s] -- Up-to-date: /home/ilyas/ros2_ws/install/robotic_chair_description/share/robotic_chair_description/launch
[2.051s] -- Up-to-date: /home/ilyas/ros2_ws/install/robotic_chair_description/share/robotic_chair_description/launch/sim.launch.py
[2.052s] -- Up-to-date: /home/ilyas/ros2_ws/install/robotic_chair_description/share/ament_index/resource_index/package_run_dependencies/robotic_chair_description
[2.076s] -- Up-to-date: /home/ilyas/ros2_ws/install/robotic_chair_description/share/ament_index/resource_index/parent_prefix_path/robotic_chair_description
[2.077s] -- Up-to-date: /home/ilyas/ros2_ws/install/robotic_chair_description/share/robotic_chair_description/environment/ament_prefix_path.sh
[2.077s] -- Up-to-date: /home/ilyas/ros2_ws/install/robotic_chair_description/share/robotic_chair_description/environment/ament_prefix_path.dsv
[2.077s] -- Up-to-date: /home/ilyas/ros2_ws/install/robotic_chair_description/share/robotic_chair_description/environment/path.sh
[2.077s] -- Up-to-date: /home/ilyas/ros2_ws/install/robotic_chair_description/share/robotic_chair_description/environment/path.dsv
[2.077s] -- Up-to-date: /home/ilyas/ros2_ws/install/robotic_chair_description/share/robotic_chair_description/local_setup.bash
[2.077s] -- Up-to-date: /home/ilyas/ros2_ws/install/robotic_chair_description/share/robotic_chair_description/local_setup.sh
[2.077s] -- Up-to-date: /home/ilyas/ros2_ws/install/robotic_chair_description/share/robotic_chair_description/local_setup.zsh
[2.077s] -- Up-to-date: /home/ilyas/ros2_ws/install/robotic_chair_description/share/robotic_chair_description/local_setup.dsv
[2.077s] -- Up-to-date: /home/ilyas/ros2_ws/install/robotic_chair_description/share/robotic_chair_description/package.dsv
[2.094s] -- Up-to-date: /home/ilyas/ros2_ws/install/robotic_chair_description/share/ament_index/resource_index/packages/robotic_chair_description
[2.111s] -- Up-to-date: /home/ilyas/ros2_ws/install/robotic_chair_description/share/robotic_chair_description/cmake/robotic_chair_descriptionConfig.cmake
[2.111s] -- Up-to-date: /home/ilyas/ros2_ws/install/robotic_chair_description/share/robotic_chair_description/cmake/robotic_chair_descriptionConfig-version.cmake
[2.111s] -- Up-to-date: /home/ilyas/ros2_ws/install/robotic_chair_description/share/robotic_chair_description/package.xml
[2.115s] Invoked command in '/home/ilyas/ros2_ws/build/robotic_chair_description' returned '0': CMAKE_PREFIX_PATH=${CMAKE_PREFIX_PATH}:/home/ilyas/ros2_ws/install/robotic_chair_nav:/home/ilyas/ros2_ws/install/my_first_package:/home/ilyas/ros2_ws/src/robotic_chair_nav/install/robotic_chair_nav:/home/ilyas/ros2_ws/src/install/robotic_chair_nav:/home/ilyas/ros2_ws/src/install/my_first_package:/opt/ros/humble /usr/bin/cmake --install /home/ilyas/ros2_ws/build/robotic_chair_description
