[0.793s] Invoking command in '/home/ilyas/ros2_ws/src/robotic_chair_nav': PYTHONPATH=/home/ilyas/ros2_ws/build/robotic_chair_nav/prefix_override:/usr/lib/python3/dist-packages/colcon_core/task/python/colcon_distutils_commands:/home/ilyas/ros2_ws/install/robotic_chair_nav/lib/python3.10/site-packages:${PYTHONPATH} /usr/bin/python3 -W ignore:setup.py install is deprecated -W ignore:easy_install command is deprecated setup.py egg_info --egg-base ../../build/robotic_chair_nav build --build-base /home/ilyas/ros2_ws/build/robotic_chair_nav/build install --record /home/ilyas/ros2_ws/build/robotic_chair_nav/install.log --single-version-externally-managed install_data
[1.013s] running egg_info
[1.014s] writing ../../build/robotic_chair_nav/robotic_chair_nav.egg-info/PKG-INFO
[1.015s] writing dependency_links to ../../build/robotic_chair_nav/robotic_chair_nav.egg-info/dependency_links.txt
[1.015s] writing entry points to ../../build/robotic_chair_nav/robotic_chair_nav.egg-info/entry_points.txt
[1.015s] writing requirements to ../../build/robotic_chair_nav/robotic_chair_nav.egg-info/requires.txt
[1.015s] writing top-level names to ../../build/robotic_chair_nav/robotic_chair_nav.egg-info/top_level.txt
[1.016s] reading manifest file '../../build/robotic_chair_nav/robotic_chair_nav.egg-info/SOURCES.txt'
[1.019s] writing manifest file '../../build/robotic_chair_nav/robotic_chair_nav.egg-info/SOURCES.txt'
[1.019s] running build
[1.019s] running build_py
[1.021s] running install
[1.021s] running install_lib
[1.022s] running install_data
[1.023s] copying launch/sim_with_nav.launch.py -> /home/ilyas/ros2_ws/install/robotic_chair_nav/share/robotic_chair_nav/launch
[1.023s] running install_egg_info
[1.027s] removing '/home/ilyas/ros2_ws/install/robotic_chair_nav/lib/python3.10/site-packages/robotic_chair_nav-0.0.1-py3.10.egg-info' (and everything under it)
[1.029s] Copying ../../build/robotic_chair_nav/robotic_chair_nav.egg-info to /home/ilyas/ros2_ws/install/robotic_chair_nav/lib/python3.10/site-packages/robotic_chair_nav-0.0.1-py3.10.egg-info
[1.029s] running install_scripts
[1.059s] Installing keyboard_control script to /home/ilyas/ros2_ws/install/robotic_chair_nav/lib/robotic_chair_nav
[1.059s] Installing move_forward script to /home/ilyas/ros2_ws/install/robotic_chair_nav/lib/robotic_chair_nav
[1.060s] Installing obstacle_stop_node script to /home/ilyas/ros2_ws/install/robotic_chair_nav/lib/robotic_chair_nav
[1.060s] writing list of installed files to '/home/ilyas/ros2_ws/build/robotic_chair_nav/install.log'
[1.104s] Invoked command in '/home/ilyas/ros2_ws/src/robotic_chair_nav' returned '0': PYTHONPATH=/home/ilyas/ros2_ws/build/robotic_chair_nav/prefix_override:/usr/lib/python3/dist-packages/colcon_core/task/python/colcon_distutils_commands:/home/ilyas/ros2_ws/install/robotic_chair_nav/lib/python3.10/site-packages:${PYTHONPATH} /usr/bin/python3 -W ignore:setup.py install is deprecated -W ignore:easy_install command is deprecated setup.py egg_info --egg-base ../../build/robotic_chair_nav build --build-base /home/ilyas/ros2_ws/build/robotic_chair_nav/build install --record /home/ilyas/ros2_ws/build/robotic_chair_nav/install.log --single-version-externally-managed install_data
