[0.212s] DEBUG:colcon:Command line arguments: ['/usr/bin/colcon', 'build']
[0.212s] DEBUG:colcon:Parsed command line arguments: Namespace(log_base=None, log_level=None, verb_name='build', build_base='build', install_base='install', merge_install=False, symlink_install=False, test_result_base=None, continue_on_error=False, executor='parallel', parallel_workers=3, event_handlers=None, ignore_user_meta=False, metas=['./colcon.meta'], base_paths=['.'], packages_ignore=None, packages_ignore_regex=None, paths=None, packages_up_to=None, packages_up_to_regex=None, packages_above=None, packages_above_and_dependencies=None, packages_above_depth=None, packages_select_by_dep=None, packages_skip_by_dep=None, packages_skip_up_to=None, packages_select_build_failed=False, packages_skip_build_finished=False, packages_select_test_failures=False, packages_skip_test_passed=False, packages_select=None, packages_skip=None, packages_select_regex=None, packages_skip_regex=None, packages_start=None, packages_end=None, allow_overriding=[], cmake_args=None, cmake_target=None, cmake_target_skip_unavailable=False, cmake_clean_cache=False, cmake_clean_first=False, cmake_force_configure=False, ament_cmake_args=None, catkin_cmake_args=None, catkin_skip_building_tests=False, mixin_files=None, mixin=None, verb_parser=<colcon_mixin.mixin.mixin_argument.MixinArgumentDecorator object at 0x71a64b34f400>, verb_extension=<colcon_core.verb.build.BuildVerb object at 0x71a64b34e620>, main=<bound method BuildVerb.main of <colcon_core.verb.build.BuildVerb object at 0x71a64b34e620>>, mixin_verb=('build',))
[0.487s] Level 1:colcon.colcon_core.package_discovery:discover_packages(colcon_meta) check parameters
[0.489s] Level 1:colcon.colcon_core.package_discovery:discover_packages(recursive) check parameters
[0.489s] Level 1:colcon.colcon_core.package_discovery:discover_packages(ignore) check parameters
[0.489s] Level 1:colcon.colcon_core.package_discovery:discover_packages(path) check parameters
[0.489s] Level 1:colcon.colcon_core.package_discovery:discover_packages(colcon_meta) discover
[0.489s] Level 1:colcon.colcon_core.package_discovery:discover_packages(recursive) discover
[0.489s] INFO:colcon.colcon_core.package_discovery:Crawling recursively for packages in '/home/ilyas/ros2_ws/src'
[0.489s] Level 1:colcon.colcon_core.package_identification:_identify(.) by extensions ['ignore', 'ignore_ament_install']
[0.490s] Level 1:colcon.colcon_core.package_identification:_identify(.) by extension 'ignore'
[0.490s] Level 1:colcon.colcon_core.package_identification:_identify(.) by extension 'ignore_ament_install'
[0.490s] Level 1:colcon.colcon_core.package_identification:_identify(.) by extensions ['colcon_pkg']
[0.490s] Level 1:colcon.colcon_core.package_identification:_identify(.) by extension 'colcon_pkg'
[0.490s] Level 1:colcon.colcon_core.package_identification:_identify(.) by extensions ['colcon_meta']
[0.490s] Level 1:colcon.colcon_core.package_identification:_identify(.) by extension 'colcon_meta'
[0.490s] Level 1:colcon.colcon_core.package_identification:_identify(.) by extensions ['ros']
[0.492s] Level 1:colcon.colcon_core.package_identification:_identify(.) by extension 'ros'
[0.531s] Level 1:colcon.colcon_core.package_identification:_identify(.) by extensions ['cmake', 'python']
[0.532s] Level 1:colcon.colcon_core.package_identification:_identify(.) by extension 'cmake'
[0.532s] Level 1:colcon.colcon_core.package_identification:_identify(.) by extension 'python'
[0.532s] Level 1:colcon.colcon_core.package_identification:_identify(.) by extensions ['python_setup_py']
[0.532s] Level 1:colcon.colcon_core.package_identification:_identify(.) by extension 'python_setup_py'
[0.533s] Level 1:colcon.colcon_core.package_identification:_identify(build) by extensions ['ignore', 'ignore_ament_install']
[0.533s] Level 1:colcon.colcon_core.package_identification:_identify(build) by extension 'ignore'
[0.533s] Level 1:colcon.colcon_core.package_identification:_identify(build) ignored
[0.534s] Level 1:colcon.colcon_core.package_identification:_identify(install) by extensions ['ignore', 'ignore_ament_install']
[0.534s] Level 1:colcon.colcon_core.package_identification:_identify(install) by extension 'ignore'
[0.534s] Level 1:colcon.colcon_core.package_identification:_identify(install) ignored
[0.534s] Level 1:colcon.colcon_core.package_identification:_identify(log) by extensions ['ignore', 'ignore_ament_install']
[0.535s] Level 1:colcon.colcon_core.package_identification:_identify(log) by extension 'ignore'
[0.535s] Level 1:colcon.colcon_core.package_identification:_identify(log) ignored
[0.535s] Level 1:colcon.colcon_core.package_identification:_identify(my_first_package) by extensions ['ignore', 'ignore_ament_install']
[0.535s] Level 1:colcon.colcon_core.package_identification:_identify(my_first_package) by extension 'ignore'
[0.535s] Level 1:colcon.colcon_core.package_identification:_identify(my_first_package) by extension 'ignore_ament_install'
[0.535s] Level 1:colcon.colcon_core.package_identification:_identify(my_first_package) by extensions ['colcon_pkg']
[0.535s] Level 1:colcon.colcon_core.package_identification:_identify(my_first_package) by extension 'colcon_pkg'
[0.535s] Level 1:colcon.colcon_core.package_identification:_identify(my_first_package) by extensions ['colcon_meta']
[0.535s] Level 1:colcon.colcon_core.package_identification:_identify(my_first_package) by extension 'colcon_meta'
[0.535s] Level 1:colcon.colcon_core.package_identification:_identify(my_first_package) by extensions ['ros']
[0.535s] Level 1:colcon.colcon_core.package_identification:_identify(my_first_package) by extension 'ros'
[0.543s] DEBUG:colcon.colcon_core.package_identification:Package 'my_first_package' with type 'ros.ament_python' and name 'my_first_package'
[0.544s] Level 1:colcon.colcon_core.package_identification:_identify(robotic_chair_description) by extensions ['ignore', 'ignore_ament_install']
[0.545s] Level 1:colcon.colcon_core.package_identification:_identify(robotic_chair_description) by extension 'ignore'
[0.546s] Level 1:colcon.colcon_core.package_identification:_identify(robotic_chair_description) by extension 'ignore_ament_install'
[0.546s] Level 1:colcon.colcon_core.package_identification:_identify(robotic_chair_description) by extensions ['colcon_pkg']
[0.546s] Level 1:colcon.colcon_core.package_identification:_identify(robotic_chair_description) by extension 'colcon_pkg'
[0.546s] Level 1:colcon.colcon_core.package_identification:_identify(robotic_chair_description) by extensions ['colcon_meta']
[0.546s] Level 1:colcon.colcon_core.package_identification:_identify(robotic_chair_description) by extension 'colcon_meta'
[0.546s] Level 1:colcon.colcon_core.package_identification:_identify(robotic_chair_description) by extensions ['ros']
[0.546s] Level 1:colcon.colcon_core.package_identification:_identify(robotic_chair_description) by extension 'ros'
[0.548s] DEBUG:colcon.colcon_core.package_identification:Package 'robotic_chair_description' with type 'ros.ament_cmake' and name 'robotic_chair_description'
[0.548s] Level 1:colcon.colcon_core.package_identification:_identify(robotic_chair_nav) by extensions ['ignore', 'ignore_ament_install']
[0.548s] Level 1:colcon.colcon_core.package_identification:_identify(robotic_chair_nav) by extension 'ignore'
[0.548s] Level 1:colcon.colcon_core.package_identification:_identify(robotic_chair_nav) by extension 'ignore_ament_install'
[0.548s] Level 1:colcon.colcon_core.package_identification:_identify(robotic_chair_nav) by extensions ['colcon_pkg']
[0.549s] Level 1:colcon.colcon_core.package_identification:_identify(robotic_chair_nav) by extension 'colcon_pkg'
[0.549s] Level 1:colcon.colcon_core.package_identification:_identify(robotic_chair_nav) by extensions ['colcon_meta']
[0.549s] Level 1:colcon.colcon_core.package_identification:_identify(robotic_chair_nav) by extension 'colcon_meta'
[0.549s] Level 1:colcon.colcon_core.package_identification:_identify(robotic_chair_nav) by extensions ['ros']
[0.549s] Level 1:colcon.colcon_core.package_identification:_identify(robotic_chair_nav) by extension 'ros'
[0.550s] DEBUG:colcon.colcon_core.package_identification:Package 'robotic_chair_nav' with type 'ros.ament_python' and name 'robotic_chair_nav'
[0.550s] Level 1:colcon.colcon_core.package_discovery:discover_packages(recursive) using defaults
[0.550s] Level 1:colcon.colcon_core.package_discovery:discover_packages(ignore) discover
[0.550s] Level 1:colcon.colcon_core.package_discovery:discover_packages(ignore) using defaults
[0.550s] Level 1:colcon.colcon_core.package_discovery:discover_packages(path) discover
[0.551s] Level 1:colcon.colcon_core.package_discovery:discover_packages(path) using defaults
[0.632s] Level 1:colcon.colcon_core.package_discovery:discover_packages(prefix_path) check parameters
[0.633s] Level 1:colcon.colcon_core.package_discovery:discover_packages(prefix_path) discover
[0.639s] DEBUG:colcon.colcon_installed_package_information.package_discovery:Found 14 installed packages in /home/ilyas/ros2_ws/install
[0.640s] DEBUG:colcon.colcon_installed_package_information.package_discovery:Found 3 installed packages in /home/ilyas/ros2_ws/src/install
[0.644s] DEBUG:colcon.colcon_installed_package_information.package_discovery:Found 330 installed packages in /opt/ros/humble
[0.655s] Level 1:colcon.colcon_core.package_discovery:discover_packages(prefix_path) using defaults
[0.738s] Level 5:colcon.colcon_core.verb:set package 'my_first_package' build argument 'cmake_args' from command line to 'None'
[0.738s] Level 5:colcon.colcon_core.verb:set package 'my_first_package' build argument 'cmake_target' from command line to 'None'
[0.739s] Level 5:colcon.colcon_core.verb:set package 'my_first_package' build argument 'cmake_target_skip_unavailable' from command line to 'False'
[0.739s] Level 5:colcon.colcon_core.verb:set package 'my_first_package' build argument 'cmake_clean_cache' from command line to 'False'
[0.739s] Level 5:colcon.colcon_core.verb:set package 'my_first_package' build argument 'cmake_clean_first' from command line to 'False'
[0.739s] Level 5:colcon.colcon_core.verb:set package 'my_first_package' build argument 'cmake_force_configure' from command line to 'False'
[0.739s] Level 5:colcon.colcon_core.verb:set package 'my_first_package' build argument 'ament_cmake_args' from command line to 'None'
[0.739s] Level 5:colcon.colcon_core.verb:set package 'my_first_package' build argument 'catkin_cmake_args' from command line to 'None'
[0.739s] Level 5:colcon.colcon_core.verb:set package 'my_first_package' build argument 'catkin_skip_building_tests' from command line to 'False'
[0.739s] DEBUG:colcon.colcon_core.verb:Building package 'my_first_package' with the following arguments: {'ament_cmake_args': None, 'build_base': '/home/ilyas/ros2_ws/src/build/my_first_package', 'catkin_cmake_args': None, 'catkin_skip_building_tests': False, 'cmake_args': None, 'cmake_clean_cache': False, 'cmake_clean_first': False, 'cmake_force_configure': False, 'cmake_target': None, 'cmake_target_skip_unavailable': False, 'install_base': '/home/ilyas/ros2_ws/src/install/my_first_package', 'merge_install': False, 'path': '/home/ilyas/ros2_ws/src/my_first_package', 'symlink_install': False, 'test_result_base': None}
[0.739s] Level 5:colcon.colcon_core.verb:set package 'robotic_chair_description' build argument 'cmake_args' from command line to 'None'
[0.739s] Level 5:colcon.colcon_core.verb:set package 'robotic_chair_description' build argument 'cmake_target' from command line to 'None'
[0.739s] Level 5:colcon.colcon_core.verb:set package 'robotic_chair_description' build argument 'cmake_target_skip_unavailable' from command line to 'False'
[0.739s] Level 5:colcon.colcon_core.verb:set package 'robotic_chair_description' build argument 'cmake_clean_cache' from command line to 'False'
[0.739s] Level 5:colcon.colcon_core.verb:set package 'robotic_chair_description' build argument 'cmake_clean_first' from command line to 'False'
[0.739s] Level 5:colcon.colcon_core.verb:set package 'robotic_chair_description' build argument 'cmake_force_configure' from command line to 'False'
[0.739s] Level 5:colcon.colcon_core.verb:set package 'robotic_chair_description' build argument 'ament_cmake_args' from command line to 'None'
[0.739s] Level 5:colcon.colcon_core.verb:set package 'robotic_chair_description' build argument 'catkin_cmake_args' from command line to 'None'
[0.740s] Level 5:colcon.colcon_core.verb:set package 'robotic_chair_description' build argument 'catkin_skip_building_tests' from command line to 'False'
[0.740s] DEBUG:colcon.colcon_core.verb:Building package 'robotic_chair_description' with the following arguments: {'ament_cmake_args': None, 'build_base': '/home/ilyas/ros2_ws/src/build/robotic_chair_description', 'catkin_cmake_args': None, 'catkin_skip_building_tests': False, 'cmake_args': None, 'cmake_clean_cache': False, 'cmake_clean_first': False, 'cmake_force_configure': False, 'cmake_target': None, 'cmake_target_skip_unavailable': False, 'install_base': '/home/ilyas/ros2_ws/src/install/robotic_chair_description', 'merge_install': False, 'path': '/home/ilyas/ros2_ws/src/robotic_chair_description', 'symlink_install': False, 'test_result_base': None}
[0.740s] Level 5:colcon.colcon_core.verb:set package 'robotic_chair_nav' build argument 'cmake_args' from command line to 'None'
[0.740s] Level 5:colcon.colcon_core.verb:set package 'robotic_chair_nav' build argument 'cmake_target' from command line to 'None'
[0.740s] Level 5:colcon.colcon_core.verb:set package 'robotic_chair_nav' build argument 'cmake_target_skip_unavailable' from command line to 'False'
[0.740s] Level 5:colcon.colcon_core.verb:set package 'robotic_chair_nav' build argument 'cmake_clean_cache' from command line to 'False'
[0.740s] Level 5:colcon.colcon_core.verb:set package 'robotic_chair_nav' build argument 'cmake_clean_first' from command line to 'False'
[0.740s] Level 5:colcon.colcon_core.verb:set package 'robotic_chair_nav' build argument 'cmake_force_configure' from command line to 'False'
[0.740s] Level 5:colcon.colcon_core.verb:set package 'robotic_chair_nav' build argument 'ament_cmake_args' from command line to 'None'
[0.740s] Level 5:colcon.colcon_core.verb:set package 'robotic_chair_nav' build argument 'catkin_cmake_args' from command line to 'None'
[0.740s] Level 5:colcon.colcon_core.verb:set package 'robotic_chair_nav' build argument 'catkin_skip_building_tests' from command line to 'False'
[0.740s] DEBUG:colcon.colcon_core.verb:Building package 'robotic_chair_nav' with the following arguments: {'ament_cmake_args': None, 'build_base': '/home/ilyas/ros2_ws/src/build/robotic_chair_nav', 'catkin_cmake_args': None, 'catkin_skip_building_tests': False, 'cmake_args': None, 'cmake_clean_cache': False, 'cmake_clean_first': False, 'cmake_force_configure': False, 'cmake_target': None, 'cmake_target_skip_unavailable': False, 'install_base': '/home/ilyas/ros2_ws/src/install/robotic_chair_nav', 'merge_install': False, 'path': '/home/ilyas/ros2_ws/src/robotic_chair_nav', 'symlink_install': False, 'test_result_base': None}
[0.741s] INFO:colcon.colcon_core.executor:Executing jobs using 'parallel' executor
[0.743s] DEBUG:colcon.colcon_parallel_executor.executor.parallel:run_until_complete
[0.744s] INFO:colcon.colcon_ros.task.ament_python.build:Building ROS package in '/home/ilyas/ros2_ws/src/my_first_package' with build type 'ament_python'
[0.744s] Level 1:colcon.colcon_core.shell:create_environment_hook('my_first_package', 'ament_prefix_path')
[0.749s] INFO:colcon.colcon_core.plugin_system:Skipping extension 'colcon_core.shell.bat': Not used on non-Windows systems
[0.750s] INFO:colcon.colcon_core.shell:Creating environment hook '/home/ilyas/ros2_ws/src/install/my_first_package/share/my_first_package/hook/ament_prefix_path.ps1'
[0.753s] INFO:colcon.colcon_core.shell:Creating environment descriptor '/home/ilyas/ros2_ws/src/install/my_first_package/share/my_first_package/hook/ament_prefix_path.dsv'
[0.754s] INFO:colcon.colcon_core.shell:Creating environment hook '/home/ilyas/ros2_ws/src/install/my_first_package/share/my_first_package/hook/ament_prefix_path.sh'
[0.756s] INFO:colcon.colcon_core.shell:Skip shell extension 'powershell' for command environment: Not usable outside of PowerShell
[0.757s] DEBUG:colcon.colcon_core.shell:Skip shell extension 'dsv' for command environment
[0.768s] INFO:colcon.colcon_ros.task.ament_cmake.build:Building ROS package in '/home/ilyas/ros2_ws/src/robotic_chair_description' with build type 'ament_cmake'
[0.769s] INFO:colcon.colcon_cmake.task.cmake.build:Building CMake package in '/home/ilyas/ros2_ws/src/robotic_chair_description'
[0.770s] INFO:colcon.colcon_core.shell:Skip shell extension 'powershell' for command environment: Not usable outside of PowerShell
[0.770s] DEBUG:colcon.colcon_core.shell:Skip shell extension 'dsv' for command environment
[0.789s] INFO:colcon.colcon_ros.task.ament_python.build:Building ROS package in '/home/ilyas/ros2_ws/src/robotic_chair_nav' with build type 'ament_python'
[0.790s] Level 1:colcon.colcon_core.shell:create_environment_hook('robotic_chair_nav', 'ament_prefix_path')
[0.790s] INFO:colcon.colcon_core.shell:Creating environment hook '/home/ilyas/ros2_ws/src/install/robotic_chair_nav/share/robotic_chair_nav/hook/ament_prefix_path.ps1'
[0.797s] INFO:colcon.colcon_core.shell:Creating environment descriptor '/home/ilyas/ros2_ws/src/install/robotic_chair_nav/share/robotic_chair_nav/hook/ament_prefix_path.dsv'
[0.803s] INFO:colcon.colcon_core.shell:Creating environment hook '/home/ilyas/ros2_ws/src/install/robotic_chair_nav/share/robotic_chair_nav/hook/ament_prefix_path.sh'
[0.805s] INFO:colcon.colcon_core.shell:Skip shell extension 'powershell' for command environment: Not usable outside of PowerShell
[0.805s] DEBUG:colcon.colcon_core.shell:Skip shell extension 'dsv' for command environment
[1.446s] INFO:colcon.colcon_core.task.python.build:Building Python package in '/home/ilyas/ros2_ws/src/my_first_package'
[1.449s] INFO:colcon.colcon_core.shell:Skip shell extension 'powershell' for command environment: Not usable outside of PowerShell
[1.450s] DEBUG:colcon.colcon_core.shell:Skip shell extension 'dsv' for command environment
[1.532s] DEBUG:colcon.colcon_core.event_handler.log_command:Invoking command in '/home/ilyas/ros2_ws/src/build/robotic_chair_description': CMAKE_PREFIX_PATH=${CMAKE_PREFIX_PATH}:/home/ilyas/ros2_ws/src/install/my_first_package:/home/ilyas/ros2_ws/src/install/robotic_chair_nav:/home/ilyas/ros2_ws/install/rqt_joint_trajectory_controller:/home/ilyas/ros2_ws/install/ros2_controllers_test_nodes:/home/ilyas/ros2_ws/install/my_first_package:/opt/ros/humble /usr/bin/cmake --build /home/ilyas/ros2_ws/src/build/robotic_chair_description -- -j3 -l3
[2.245s] INFO:colcon.colcon_core.task.python.build:Building Python package in '/home/ilyas/ros2_ws/src/robotic_chair_nav'
[2.248s] INFO:colcon.colcon_core.shell:Skip shell extension 'powershell' for command environment: Not usable outside of PowerShell
[2.248s] DEBUG:colcon.colcon_core.shell:Skip shell extension 'dsv' for command environment
[2.291s] DEBUG:colcon.colcon_core.event_handler.log_command:Invoked command in '/home/ilyas/ros2_ws/src/build/robotic_chair_description' returned '0': CMAKE_PREFIX_PATH=${CMAKE_PREFIX_PATH}:/home/ilyas/ros2_ws/src/install/my_first_package:/home/ilyas/ros2_ws/src/install/robotic_chair_nav:/home/ilyas/ros2_ws/install/rqt_joint_trajectory_controller:/home/ilyas/ros2_ws/install/ros2_controllers_test_nodes:/home/ilyas/ros2_ws/install/my_first_package:/opt/ros/humble /usr/bin/cmake --build /home/ilyas/ros2_ws/src/build/robotic_chair_description -- -j3 -l3
[2.360s] DEBUG:colcon.colcon_core.event_handler.log_command:Invoking command in '/home/ilyas/ros2_ws/src/build/robotic_chair_description': CMAKE_PREFIX_PATH=${CMAKE_PREFIX_PATH}:/home/ilyas/ros2_ws/src/install/my_first_package:/home/ilyas/ros2_ws/src/install/robotic_chair_nav:/home/ilyas/ros2_ws/install/rqt_joint_trajectory_controller:/home/ilyas/ros2_ws/install/ros2_controllers_test_nodes:/home/ilyas/ros2_ws/install/my_first_package:/opt/ros/humble /usr/bin/cmake --install /home/ilyas/ros2_ws/src/build/robotic_chair_description
[2.444s] Level 1:colcon.colcon_core.environment:create_environment_scripts_only(robotic_chair_description)
[2.470s] Level 1:colcon.colcon_core.environment:checking '/home/ilyas/ros2_ws/src/install/robotic_chair_description' for CMake module files
[2.470s] Level 1:colcon.colcon_core.environment:checking '/home/ilyas/ros2_ws/src/install/robotic_chair_description' for CMake config files
[2.471s] Level 1:colcon.colcon_core.shell:create_environment_hook('robotic_chair_description', 'cmake_prefix_path')
[2.471s] INFO:colcon.colcon_core.shell:Creating environment hook '/home/ilyas/ros2_ws/src/install/robotic_chair_description/share/robotic_chair_description/hook/cmake_prefix_path.ps1'
[2.484s] INFO:colcon.colcon_core.shell:Creating environment descriptor '/home/ilyas/ros2_ws/src/install/robotic_chair_description/share/robotic_chair_description/hook/cmake_prefix_path.dsv'
[2.512s] DEBUG:colcon.colcon_core.event_handler.log_command:Invoked command in '/home/ilyas/ros2_ws/src/build/robotic_chair_description' returned '0': CMAKE_PREFIX_PATH=${CMAKE_PREFIX_PATH}:/home/ilyas/ros2_ws/src/install/my_first_package:/home/ilyas/ros2_ws/src/install/robotic_chair_nav:/home/ilyas/ros2_ws/install/rqt_joint_trajectory_controller:/home/ilyas/ros2_ws/install/ros2_controllers_test_nodes:/home/ilyas/ros2_ws/install/my_first_package:/opt/ros/humble /usr/bin/cmake --install /home/ilyas/ros2_ws/src/build/robotic_chair_description
[2.519s] INFO:colcon.colcon_core.shell:Creating environment hook '/home/ilyas/ros2_ws/src/install/robotic_chair_description/share/robotic_chair_description/hook/cmake_prefix_path.sh'
[2.523s] Level 1:colcon.colcon_core.environment:checking '/home/ilyas/ros2_ws/src/install/robotic_chair_description/bin'
[2.530s] Level 1:colcon.colcon_core.environment:checking '/home/ilyas/ros2_ws/src/install/robotic_chair_description/lib/pkgconfig/robotic_chair_description.pc'
[2.530s] Level 1:colcon.colcon_core.environment:checking '/home/ilyas/ros2_ws/src/install/robotic_chair_description/lib/python3.10/site-packages'
[2.531s] Level 1:colcon.colcon_core.environment:checking '/home/ilyas/ros2_ws/src/install/robotic_chair_description/bin'
[2.531s] INFO:colcon.colcon_core.shell:Creating package script '/home/ilyas/ros2_ws/src/install/robotic_chair_description/share/robotic_chair_description/package.ps1'
[2.548s] INFO:colcon.colcon_core.shell:Creating package descriptor '/home/ilyas/ros2_ws/src/install/robotic_chair_description/share/robotic_chair_description/package.dsv'
[2.550s] INFO:colcon.colcon_core.shell:Creating package script '/home/ilyas/ros2_ws/src/install/robotic_chair_description/share/robotic_chair_description/package.sh'
[2.558s] INFO:colcon.colcon_core.shell:Creating package script '/home/ilyas/ros2_ws/src/install/robotic_chair_description/share/robotic_chair_description/package.bash'
[2.562s] INFO:colcon.colcon_core.shell:Creating package script '/home/ilyas/ros2_ws/src/install/robotic_chair_description/share/robotic_chair_description/package.zsh'
[2.581s] Level 1:colcon.colcon_core.environment:create_file_with_runtime_dependencies(/home/ilyas/ros2_ws/src/install/robotic_chair_description/share/colcon-core/packages/robotic_chair_description)
[2.627s] Level 1:colcon.colcon_core.environment:create_environment_scripts_only(robotic_chair_description)
[2.630s] Level 1:colcon.colcon_core.environment:checking '/home/ilyas/ros2_ws/src/install/robotic_chair_description' for CMake module files
[2.635s] Level 1:colcon.colcon_core.environment:checking '/home/ilyas/ros2_ws/src/install/robotic_chair_description' for CMake config files
[2.636s] Level 1:colcon.colcon_core.shell:create_environment_hook('robotic_chair_description', 'cmake_prefix_path')
[2.637s] INFO:colcon.colcon_core.shell:Creating environment hook '/home/ilyas/ros2_ws/src/install/robotic_chair_description/share/robotic_chair_description/hook/cmake_prefix_path.ps1'
[2.645s] INFO:colcon.colcon_core.shell:Creating environment descriptor '/home/ilyas/ros2_ws/src/install/robotic_chair_description/share/robotic_chair_description/hook/cmake_prefix_path.dsv'
[2.832s] INFO:colcon.colcon_core.shell:Creating environment hook '/home/ilyas/ros2_ws/src/install/robotic_chair_description/share/robotic_chair_description/hook/cmake_prefix_path.sh'
[2.834s] Level 1:colcon.colcon_core.environment:checking '/home/ilyas/ros2_ws/src/install/robotic_chair_description/bin'
[2.835s] Level 1:colcon.colcon_core.environment:checking '/home/ilyas/ros2_ws/src/install/robotic_chair_description/lib/pkgconfig/robotic_chair_description.pc'
[2.835s] Level 1:colcon.colcon_core.environment:checking '/home/ilyas/ros2_ws/src/install/robotic_chair_description/lib/python3.10/site-packages'
[2.836s] Level 1:colcon.colcon_core.environment:checking '/home/ilyas/ros2_ws/src/install/robotic_chair_description/bin'
[2.837s] INFO:colcon.colcon_core.shell:Creating package script '/home/ilyas/ros2_ws/src/install/robotic_chair_description/share/robotic_chair_description/package.ps1'
[2.839s] INFO:colcon.colcon_core.shell:Creating package descriptor '/home/ilyas/ros2_ws/src/install/robotic_chair_description/share/robotic_chair_description/package.dsv'
[2.841s] INFO:colcon.colcon_core.shell:Creating package script '/home/ilyas/ros2_ws/src/install/robotic_chair_description/share/robotic_chair_description/package.sh'
[2.842s] INFO:colcon.colcon_core.shell:Creating package script '/home/ilyas/ros2_ws/src/install/robotic_chair_description/share/robotic_chair_description/package.bash'
[2.843s] INFO:colcon.colcon_core.shell:Creating package script '/home/ilyas/ros2_ws/src/install/robotic_chair_description/share/robotic_chair_description/package.zsh'
[2.845s] Level 1:colcon.colcon_core.environment:create_file_with_runtime_dependencies(/home/ilyas/ros2_ws/src/install/robotic_chair_description/share/colcon-core/packages/robotic_chair_description)
[3.372s] DEBUG:colcon.colcon_core.event_handler.log_command:Invoking command in '/home/ilyas/ros2_ws/src/robotic_chair_nav': PYTHONPATH=/home/ilyas/ros2_ws/src/build/robotic_chair_nav/prefix_override:/usr/lib/python3/dist-packages/colcon_core/task/python/colcon_distutils_commands:/home/ilyas/ros2_ws/src/install/robotic_chair_nav/lib/python3.10/site-packages:${PYTHONPATH} /usr/bin/python3 -W ignore:setup.py install is deprecated -W ignore:easy_install command is deprecated setup.py egg_info --egg-base ../build/robotic_chair_nav build --build-base /home/ilyas/ros2_ws/src/build/robotic_chair_nav/build install --record /home/ilyas/ros2_ws/src/build/robotic_chair_nav/install.log --single-version-externally-managed install_data
[3.498s] DEBUG:colcon.colcon_core.event_handler.log_command:Invoking command in '/home/ilyas/ros2_ws/src/my_first_package': PYTHONPATH=/home/ilyas/ros2_ws/src/build/my_first_package/prefix_override:/usr/lib/python3/dist-packages/colcon_core/task/python/colcon_distutils_commands:/home/ilyas/ros2_ws/src/install/my_first_package/lib/python3.10/site-packages:${PYTHONPATH} /usr/bin/python3 -W ignore:setup.py install is deprecated -W ignore:easy_install command is deprecated setup.py egg_info --egg-base ../build/my_first_package build --build-base /home/ilyas/ros2_ws/src/build/my_first_package/build install --record /home/ilyas/ros2_ws/src/build/my_first_package/install.log --single-version-externally-managed install_data
[4.278s] Level 1:colcon.colcon_core.environment:checking '/home/ilyas/ros2_ws/src/install/my_first_package' for CMake module files
[4.279s] Level 1:colcon.colcon_core.environment:checking '/home/ilyas/ros2_ws/src/install/my_first_package' for CMake config files
[4.279s] Level 1:colcon.colcon_core.environment:checking '/home/ilyas/ros2_ws/src/install/my_first_package/lib'
[4.280s] Level 1:colcon.colcon_core.environment:checking '/home/ilyas/ros2_ws/src/install/my_first_package/bin'
[4.280s] Level 1:colcon.colcon_core.environment:checking '/home/ilyas/ros2_ws/src/install/my_first_package/lib/pkgconfig/my_first_package.pc'
[4.280s] Level 1:colcon.colcon_core.environment:checking '/home/ilyas/ros2_ws/src/install/my_first_package/lib/python3.10/site-packages'
[4.280s] Level 1:colcon.colcon_core.shell:create_environment_hook('my_first_package', 'pythonpath')
[4.280s] INFO:colcon.colcon_core.shell:Creating environment hook '/home/ilyas/ros2_ws/src/install/my_first_package/share/my_first_package/hook/pythonpath.ps1'
[4.282s] INFO:colcon.colcon_core.shell:Creating environment descriptor '/home/ilyas/ros2_ws/src/install/my_first_package/share/my_first_package/hook/pythonpath.dsv'
[4.283s] INFO:colcon.colcon_core.shell:Creating environment hook '/home/ilyas/ros2_ws/src/install/my_first_package/share/my_first_package/hook/pythonpath.sh'
[4.288s] Level 1:colcon.colcon_core.environment:checking '/home/ilyas/ros2_ws/src/install/my_first_package/bin'
[4.288s] DEBUG:colcon.colcon_core.event_handler.log_command:Invoked command in '/home/ilyas/ros2_ws/src/my_first_package' returned '0': PYTHONPATH=/home/ilyas/ros2_ws/src/build/my_first_package/prefix_override:/usr/lib/python3/dist-packages/colcon_core/task/python/colcon_distutils_commands:/home/ilyas/ros2_ws/src/install/my_first_package/lib/python3.10/site-packages:${PYTHONPATH} /usr/bin/python3 -W ignore:setup.py install is deprecated -W ignore:easy_install command is deprecated setup.py egg_info --egg-base ../build/my_first_package build --build-base /home/ilyas/ros2_ws/src/build/my_first_package/build install --record /home/ilyas/ros2_ws/src/build/my_first_package/install.log --single-version-externally-managed install_data
[4.289s] Level 1:colcon.colcon_core.environment:create_environment_scripts_only(my_first_package)
[4.297s] INFO:colcon.colcon_core.shell:Creating package script '/home/ilyas/ros2_ws/src/install/my_first_package/share/my_first_package/package.ps1'
[4.299s] INFO:colcon.colcon_core.shell:Creating package descriptor '/home/ilyas/ros2_ws/src/install/my_first_package/share/my_first_package/package.dsv'
[4.301s] INFO:colcon.colcon_core.shell:Creating package script '/home/ilyas/ros2_ws/src/install/my_first_package/share/my_first_package/package.sh'
[4.307s] INFO:colcon.colcon_core.shell:Creating package script '/home/ilyas/ros2_ws/src/install/my_first_package/share/my_first_package/package.bash'
[4.316s] INFO:colcon.colcon_core.shell:Creating package script '/home/ilyas/ros2_ws/src/install/my_first_package/share/my_first_package/package.zsh'
[4.320s] Level 1:colcon.colcon_core.environment:create_file_with_runtime_dependencies(/home/ilyas/ros2_ws/src/install/my_first_package/share/colcon-core/packages/my_first_package)
[4.332s] Level 1:colcon.colcon_core.environment:checking '/home/ilyas/ros2_ws/src/install/robotic_chair_nav' for CMake module files
[4.333s] DEBUG:colcon.colcon_core.event_handler.log_command:Invoked command in '/home/ilyas/ros2_ws/src/robotic_chair_nav' returned '0': PYTHONPATH=/home/ilyas/ros2_ws/src/build/robotic_chair_nav/prefix_override:/usr/lib/python3/dist-packages/colcon_core/task/python/colcon_distutils_commands:/home/ilyas/ros2_ws/src/install/robotic_chair_nav/lib/python3.10/site-packages:${PYTHONPATH} /usr/bin/python3 -W ignore:setup.py install is deprecated -W ignore:easy_install command is deprecated setup.py egg_info --egg-base ../build/robotic_chair_nav build --build-base /home/ilyas/ros2_ws/src/build/robotic_chair_nav/build install --record /home/ilyas/ros2_ws/src/build/robotic_chair_nav/install.log --single-version-externally-managed install_data
[4.333s] Level 1:colcon.colcon_core.environment:checking '/home/ilyas/ros2_ws/src/install/robotic_chair_nav' for CMake config files
[4.334s] Level 1:colcon.colcon_core.environment:checking '/home/ilyas/ros2_ws/src/install/robotic_chair_nav/lib'
[4.335s] Level 1:colcon.colcon_core.environment:checking '/home/ilyas/ros2_ws/src/install/robotic_chair_nav/bin'
[4.335s] Level 1:colcon.colcon_core.environment:checking '/home/ilyas/ros2_ws/src/install/robotic_chair_nav/lib/pkgconfig/robotic_chair_nav.pc'
[4.335s] Level 1:colcon.colcon_core.environment:checking '/home/ilyas/ros2_ws/src/install/robotic_chair_nav/lib/python3.10/site-packages'
[4.335s] Level 1:colcon.colcon_core.shell:create_environment_hook('robotic_chair_nav', 'pythonpath')
[4.336s] INFO:colcon.colcon_core.shell:Creating environment hook '/home/ilyas/ros2_ws/src/install/robotic_chair_nav/share/robotic_chair_nav/hook/pythonpath.ps1'
[4.350s] INFO:colcon.colcon_core.shell:Creating environment descriptor '/home/ilyas/ros2_ws/src/install/robotic_chair_nav/share/robotic_chair_nav/hook/pythonpath.dsv'
[4.351s] INFO:colcon.colcon_core.shell:Creating environment hook '/home/ilyas/ros2_ws/src/install/robotic_chair_nav/share/robotic_chair_nav/hook/pythonpath.sh'
[4.352s] Level 1:colcon.colcon_core.environment:checking '/home/ilyas/ros2_ws/src/install/robotic_chair_nav/bin'
[4.352s] Level 1:colcon.colcon_core.environment:create_environment_scripts_only(robotic_chair_nav)
[4.353s] INFO:colcon.colcon_core.shell:Creating package script '/home/ilyas/ros2_ws/src/install/robotic_chair_nav/share/robotic_chair_nav/package.ps1'
[4.360s] INFO:colcon.colcon_core.shell:Creating package descriptor '/home/ilyas/ros2_ws/src/install/robotic_chair_nav/share/robotic_chair_nav/package.dsv'
[4.362s] INFO:colcon.colcon_core.shell:Creating package script '/home/ilyas/ros2_ws/src/install/robotic_chair_nav/share/robotic_chair_nav/package.sh'
[4.364s] INFO:colcon.colcon_core.shell:Creating package script '/home/ilyas/ros2_ws/src/install/robotic_chair_nav/share/robotic_chair_nav/package.bash'
[4.364s] INFO:colcon.colcon_core.shell:Creating package script '/home/ilyas/ros2_ws/src/install/robotic_chair_nav/share/robotic_chair_nav/package.zsh'
[4.365s] Level 1:colcon.colcon_core.environment:create_file_with_runtime_dependencies(/home/ilyas/ros2_ws/src/install/robotic_chair_nav/share/colcon-core/packages/robotic_chair_nav)
[4.382s] DEBUG:colcon.colcon_parallel_executor.executor.parallel:closing loop
[4.385s] DEBUG:colcon.colcon_parallel_executor.executor.parallel:loop closed
[4.385s] DEBUG:colcon.colcon_parallel_executor.executor.parallel:run_until_complete finished with '0'
[4.385s] DEBUG:colcon.colcon_core.event_reactor:joining thread
[4.405s] INFO:colcon.colcon_core.plugin_system:Skipping extension 'colcon_notification.desktop_notification.terminal_notifier': Not used on non-Darwin systems
[4.405s] INFO:colcon.colcon_core.plugin_system:Skipping extension 'colcon_notification.desktop_notification.win32': Not used on non-Windows systems
[4.405s] INFO:colcon.colcon_notification.desktop_notification:Sending desktop notification using 'notify2'
[4.504s] DEBUG:colcon.colcon_core.event_reactor:joined thread
[4.505s] INFO:colcon.colcon_core.shell:Creating prefix script '/home/ilyas/ros2_ws/src/install/local_setup.ps1'
[4.507s] INFO:colcon.colcon_core.shell:Creating prefix util module '/home/ilyas/ros2_ws/src/install/_local_setup_util_ps1.py'
[4.511s] INFO:colcon.colcon_core.shell:Creating prefix chain script '/home/ilyas/ros2_ws/src/install/setup.ps1'
[4.515s] INFO:colcon.colcon_core.shell:Creating prefix script '/home/ilyas/ros2_ws/src/install/local_setup.sh'
[4.517s] INFO:colcon.colcon_core.shell:Creating prefix util module '/home/ilyas/ros2_ws/src/install/_local_setup_util_sh.py'
[4.518s] INFO:colcon.colcon_core.shell:Creating prefix chain script '/home/ilyas/ros2_ws/src/install/setup.sh'
[4.521s] INFO:colcon.colcon_core.shell:Creating prefix script '/home/ilyas/ros2_ws/src/install/local_setup.bash'
[4.523s] INFO:colcon.colcon_core.shell:Creating prefix chain script '/home/ilyas/ros2_ws/src/install/setup.bash'
[4.525s] INFO:colcon.colcon_core.shell:Creating prefix script '/home/ilyas/ros2_ws/src/install/local_setup.zsh'
[4.527s] INFO:colcon.colcon_core.shell:Creating prefix chain script '/home/ilyas/ros2_ws/src/install/setup.zsh'
