[1.179s] Invoking command in '/home/ilyas/ros2_ws/src/robotic_chair_nav': PYTHONPATH=/home/ilyas/ros2_ws/src/build/robotic_chair_nav/prefix_override:/usr/lib/python3/dist-packages/colcon_core/task/python/colcon_distutils_commands:/home/ilyas/ros2_ws/src/install/robotic_chair_nav/lib/python3.10/site-packages:${PYTHONPATH} /usr/bin/python3 -W ignore:setup.py install is deprecated -W ignore:easy_install command is deprecated setup.py egg_info --egg-base ../build/robotic_chair_nav build --build-base /home/ilyas/ros2_ws/src/build/robotic_chair_nav/build install --record /home/ilyas/ros2_ws/src/build/robotic_chair_nav/install.log --single-version-externally-managed install_data
[1.509s] running egg_info
[1.509s] writing ../build/robotic_chair_nav/robotic_chair_nav.egg-info/PKG-INFO
[1.513s] writing dependency_links to ../build/robotic_chair_nav/robotic_chair_nav.egg-info/dependency_links.txt
[1.513s] writing entry points to ../build/robotic_chair_nav/robotic_chair_nav.egg-info/entry_points.txt
[1.513s] writing requirements to ../build/robotic_chair_nav/robotic_chair_nav.egg-info/requires.txt
[1.513s] writing top-level names to ../build/robotic_chair_nav/robotic_chair_nav.egg-info/top_level.txt
[1.515s] reading manifest file '../build/robotic_chair_nav/robotic_chair_nav.egg-info/SOURCES.txt'
[1.517s] writing manifest file '../build/robotic_chair_nav/robotic_chair_nav.egg-info/SOURCES.txt'
[1.517s] running build
[1.517s] running build_py
[1.518s] copying robotic_chair_nav/obstacle_stop_node.py -> /home/ilyas/ros2_ws/src/build/robotic_chair_nav/build/lib/robotic_chair_nav
[1.518s] running install
[1.518s] running install_lib
[1.519s] copying /home/ilyas/ros2_ws/src/build/robotic_chair_nav/build/lib/robotic_chair_nav/obstacle_stop_node.py -> /home/ilyas/ros2_ws/src/install/robotic_chair_nav/lib/python3.10/site-packages/robotic_chair_nav
[1.527s] byte-compiling /home/ilyas/ros2_ws/src/install/robotic_chair_nav/lib/python3.10/site-packages/robotic_chair_nav/obstacle_stop_node.py to obstacle_stop_node.cpython-310.pyc
[1.528s] running install_data
[1.528s] running install_egg_info
[1.528s] removing '/home/ilyas/ros2_ws/src/install/robotic_chair_nav/lib/python3.10/site-packages/robotic_chair_nav-0.0.1-py3.10.egg-info' (and everything under it)
[1.533s] Copying ../build/robotic_chair_nav/robotic_chair_nav.egg-info to /home/ilyas/ros2_ws/src/install/robotic_chair_nav/lib/python3.10/site-packages/robotic_chair_nav-0.0.1-py3.10.egg-info
[1.533s] running install_scripts
[1.571s] Installing obstacle_stop script to /home/ilyas/ros2_ws/src/install/robotic_chair_nav/lib/robotic_chair_nav
[1.571s] writing list of installed files to '/home/ilyas/ros2_ws/src/build/robotic_chair_nav/install.log'
[1.608s] Invoked command in '/home/ilyas/ros2_ws/src/robotic_chair_nav' returned '0': PYTHONPATH=/home/ilyas/ros2_ws/src/build/robotic_chair_nav/prefix_override:/usr/lib/python3/dist-packages/colcon_core/task/python/colcon_distutils_commands:/home/ilyas/ros2_ws/src/install/robotic_chair_nav/lib/python3.10/site-packages:${PYTHONPATH} /usr/bin/python3 -W ignore:setup.py install is deprecated -W ignore:easy_install command is deprecated setup.py egg_info --egg-base ../build/robotic_chair_nav build --build-base /home/ilyas/ros2_ws/src/build/robotic_chair_nav/build install --record /home/ilyas/ros2_ws/src/build/robotic_chair_nav/install.log --single-version-externally-managed install_data
