running egg_info
creating build/robotic_chair_nav/robotic_chair_nav.egg-info
writing build/robotic_chair_nav/robotic_chair_nav.egg-info/PKG-INFO
writing dependency_links to build/robotic_chair_nav/robotic_chair_nav.egg-info/dependency_links.txt
writing entry points to build/robotic_chair_nav/robotic_chair_nav.egg-info/entry_points.txt
writing requirements to build/robotic_chair_nav/robotic_chair_nav.egg-info/requires.txt
writing top-level names to build/robotic_chair_nav/robotic_chair_nav.egg-info/top_level.txt
writing manifest file 'build/robotic_chair_nav/robotic_chair_nav.egg-info/SOURCES.txt'
reading manifest file 'build/robotic_chair_nav/robotic_chair_nav.egg-info/SOURCES.txt'
writing manifest file 'build/robotic_chair_nav/robotic_chair_nav.egg-info/SOURCES.txt'
running build
running build_py
creating /home/ilyas/ros2_ws/src/robotic_chair_nav/build/robotic_chair_nav/build
creating /home/ilyas/ros2_ws/src/robotic_chair_nav/build/robotic_chair_nav/build/lib
creating /home/ilyas/ros2_ws/src/robotic_chair_nav/build/robotic_chair_nav/build/lib/robotic_chair_nav
copying robotic_chair_nav/obstacle_stop_node.py -> /home/ilyas/ros2_ws/src/robotic_chair_nav/build/robotic_chair_nav/build/lib/robotic_chair_nav
copying robotic_chair_nav/__init__.py -> /home/ilyas/ros2_ws/src/robotic_chair_nav/build/robotic_chair_nav/build/lib/robotic_chair_nav
copying robotic_chair_nav/move_forward.py -> /home/ilyas/ros2_ws/src/robotic_chair_nav/build/robotic_chair_nav/build/lib/robotic_chair_nav
running install
running install_lib
creating /home/ilyas/ros2_ws/src/robotic_chair_nav/install/robotic_chair_nav/lib/python3.10/site-packages/robotic_chair_nav
copying /home/ilyas/ros2_ws/src/robotic_chair_nav/build/robotic_chair_nav/build/lib/robotic_chair_nav/obstacle_stop_node.py -> /home/ilyas/ros2_ws/src/robotic_chair_nav/install/robotic_chair_nav/lib/python3.10/site-packages/robotic_chair_nav
copying /home/ilyas/ros2_ws/src/robotic_chair_nav/build/robotic_chair_nav/build/lib/robotic_chair_nav/__init__.py -> /home/ilyas/ros2_ws/src/robotic_chair_nav/install/robotic_chair_nav/lib/python3.10/site-packages/robotic_chair_nav
copying /home/ilyas/ros2_ws/src/robotic_chair_nav/build/robotic_chair_nav/build/lib/robotic_chair_nav/move_forward.py -> /home/ilyas/ros2_ws/src/robotic_chair_nav/install/robotic_chair_nav/lib/python3.10/site-packages/robotic_chair_nav
byte-compiling /home/ilyas/ros2_ws/src/robotic_chair_nav/install/robotic_chair_nav/lib/python3.10/site-packages/robotic_chair_nav/obstacle_stop_node.py to obstacle_stop_node.cpython-310.pyc
byte-compiling /home/ilyas/ros2_ws/src/robotic_chair_nav/install/robotic_chair_nav/lib/python3.10/site-packages/robotic_chair_nav/__init__.py to __init__.cpython-310.pyc
byte-compiling /home/ilyas/ros2_ws/src/robotic_chair_nav/install/robotic_chair_nav/lib/python3.10/site-packages/robotic_chair_nav/move_forward.py to move_forward.cpython-310.pyc
running install_data
creating /home/ilyas/ros2_ws/src/robotic_chair_nav/install/robotic_chair_nav/share/ament_index
creating /home/ilyas/ros2_ws/src/robotic_chair_nav/install/robotic_chair_nav/share/ament_index/resource_index
creating /home/ilyas/ros2_ws/src/robotic_chair_nav/install/robotic_chair_nav/share/ament_index/resource_index/packages
copying resource/robotic_chair_nav -> /home/ilyas/ros2_ws/src/robotic_chair_nav/install/robotic_chair_nav/share/ament_index/resource_index/packages
copying package.xml -> /home/ilyas/ros2_ws/src/robotic_chair_nav/install/robotic_chair_nav/share/robotic_chair_nav
creating /home/ilyas/ros2_ws/src/robotic_chair_nav/install/robotic_chair_nav/share/robotic_chair_nav/launch
copying launch/sim_with_nav.launch.py -> /home/ilyas/ros2_ws/src/robotic_chair_nav/install/robotic_chair_nav/share/robotic_chair_nav/launch
running install_egg_info
Copying build/robotic_chair_nav/robotic_chair_nav.egg-info to /home/ilyas/ros2_ws/src/robotic_chair_nav/install/robotic_chair_nav/lib/python3.10/site-packages/robotic_chair_nav-0.0.1-py3.10.egg-info
running install_scripts
Installing move_forward script to /home/ilyas/ros2_ws/src/robotic_chair_nav/install/robotic_chair_nav/lib/robotic_chair_nav
Installing obstacle_stop script to /home/ilyas/ros2_ws/src/robotic_chair_nav/install/robotic_chair_nav/lib/robotic_chair_nav
writing list of installed files to '/home/ilyas/ros2_ws/src/robotic_chair_nav/build/robotic_chair_nav/install.log'
