[0.617s] Invoking command in '/home/ilyas/ros2_ws/src/robotic_chair_nav': PYTHONPATH=/home/ilyas/ros2_ws/src/robotic_chair_nav/build/robotic_chair_nav/prefix_override:/usr/lib/python3/dist-packages/colcon_core/task/python/colcon_distutils_commands:/home/ilyas/ros2_ws/src/robotic_chair_nav/install/robotic_chair_nav/lib/python3.10/site-packages:${PYTHONPATH} /usr/bin/python3 -W ignore:setup.py install is deprecated -W ignore:easy_install command is deprecated setup.py egg_info --egg-base build/robotic_chair_nav build --build-base /home/ilyas/ros2_ws/src/robotic_chair_nav/build/robotic_chair_nav/build install --record /home/ilyas/ros2_ws/src/robotic_chair_nav/build/robotic_chair_nav/install.log --single-version-externally-managed install_data
[0.803s] running egg_info
[0.807s] creating build/robotic_chair_nav/robotic_chair_nav.egg-info
[0.808s] writing build/robotic_chair_nav/robotic_chair_nav.egg-info/PKG-INFO
[0.808s] writing dependency_links to build/robotic_chair_nav/robotic_chair_nav.egg-info/dependency_links.txt
[0.808s] writing entry points to build/robotic_chair_nav/robotic_chair_nav.egg-info/entry_points.txt
[0.808s] writing requirements to build/robotic_chair_nav/robotic_chair_nav.egg-info/requires.txt
[0.808s] writing top-level names to build/robotic_chair_nav/robotic_chair_nav.egg-info/top_level.txt
[0.808s] writing manifest file 'build/robotic_chair_nav/robotic_chair_nav.egg-info/SOURCES.txt'
[0.813s] reading manifest file 'build/robotic_chair_nav/robotic_chair_nav.egg-info/SOURCES.txt'
[0.813s] writing manifest file 'build/robotic_chair_nav/robotic_chair_nav.egg-info/SOURCES.txt'
[0.813s] running build
[0.813s] running build_py
[0.816s] creating /home/ilyas/ros2_ws/src/robotic_chair_nav/build/robotic_chair_nav/build
[0.816s] creating /home/ilyas/ros2_ws/src/robotic_chair_nav/build/robotic_chair_nav/build/lib
[0.816s] creating /home/ilyas/ros2_ws/src/robotic_chair_nav/build/robotic_chair_nav/build/lib/robotic_chair_nav
[0.816s] copying robotic_chair_nav/obstacle_stop_node.py -> /home/ilyas/ros2_ws/src/robotic_chair_nav/build/robotic_chair_nav/build/lib/robotic_chair_nav
[0.816s] copying robotic_chair_nav/__init__.py -> /home/ilyas/ros2_ws/src/robotic_chair_nav/build/robotic_chair_nav/build/lib/robotic_chair_nav
[0.816s] copying robotic_chair_nav/move_forward.py -> /home/ilyas/ros2_ws/src/robotic_chair_nav/build/robotic_chair_nav/build/lib/robotic_chair_nav
[0.816s] running install
[0.816s] running install_lib
[0.816s] creating /home/ilyas/ros2_ws/src/robotic_chair_nav/install/robotic_chair_nav/lib/python3.10/site-packages/robotic_chair_nav
[0.816s] copying /home/ilyas/ros2_ws/src/robotic_chair_nav/build/robotic_chair_nav/build/lib/robotic_chair_nav/obstacle_stop_node.py -> /home/ilyas/ros2_ws/src/robotic_chair_nav/install/robotic_chair_nav/lib/python3.10/site-packages/robotic_chair_nav
[0.816s] copying /home/ilyas/ros2_ws/src/robotic_chair_nav/build/robotic_chair_nav/build/lib/robotic_chair_nav/__init__.py -> /home/ilyas/ros2_ws/src/robotic_chair_nav/install/robotic_chair_nav/lib/python3.10/site-packages/robotic_chair_nav
[0.816s] copying /home/ilyas/ros2_ws/src/robotic_chair_nav/build/robotic_chair_nav/build/lib/robotic_chair_nav/move_forward.py -> /home/ilyas/ros2_ws/src/robotic_chair_nav/install/robotic_chair_nav/lib/python3.10/site-packages/robotic_chair_nav
[0.817s] byte-compiling /home/ilyas/ros2_ws/src/robotic_chair_nav/install/robotic_chair_nav/lib/python3.10/site-packages/robotic_chair_nav/obstacle_stop_node.py to obstacle_stop_node.cpython-310.pyc
[0.818s] byte-compiling /home/ilyas/ros2_ws/src/robotic_chair_nav/install/robotic_chair_nav/lib/python3.10/site-packages/robotic_chair_nav/__init__.py to __init__.cpython-310.pyc
[0.818s] byte-compiling /home/ilyas/ros2_ws/src/robotic_chair_nav/install/robotic_chair_nav/lib/python3.10/site-packages/robotic_chair_nav/move_forward.py to move_forward.cpython-310.pyc
[0.827s] running install_data
[0.828s] creating /home/ilyas/ros2_ws/src/robotic_chair_nav/install/robotic_chair_nav/share/ament_index
[0.828s] creating /home/ilyas/ros2_ws/src/robotic_chair_nav/install/robotic_chair_nav/share/ament_index/resource_index
[0.828s] creating /home/ilyas/ros2_ws/src/robotic_chair_nav/install/robotic_chair_nav/share/ament_index/resource_index/packages
[0.828s] copying resource/robotic_chair_nav -> /home/ilyas/ros2_ws/src/robotic_chair_nav/install/robotic_chair_nav/share/ament_index/resource_index/packages
[0.828s] copying package.xml -> /home/ilyas/ros2_ws/src/robotic_chair_nav/install/robotic_chair_nav/share/robotic_chair_nav
[0.828s] creating /home/ilyas/ros2_ws/src/robotic_chair_nav/install/robotic_chair_nav/share/robotic_chair_nav/launch
[0.828s] copying launch/sim_with_nav.launch.py -> /home/ilyas/ros2_ws/src/robotic_chair_nav/install/robotic_chair_nav/share/robotic_chair_nav/launch
[0.828s] running install_egg_info
[0.828s] Copying build/robotic_chair_nav/robotic_chair_nav.egg-info to /home/ilyas/ros2_ws/src/robotic_chair_nav/install/robotic_chair_nav/lib/python3.10/site-packages/robotic_chair_nav-0.0.1-py3.10.egg-info
[0.828s] running install_scripts
[0.842s] Installing move_forward script to /home/ilyas/ros2_ws/src/robotic_chair_nav/install/robotic_chair_nav/lib/robotic_chair_nav
[0.842s] Installing obstacle_stop script to /home/ilyas/ros2_ws/src/robotic_chair_nav/install/robotic_chair_nav/lib/robotic_chair_nav
[0.844s] writing list of installed files to '/home/ilyas/ros2_ws/src/robotic_chair_nav/build/robotic_chair_nav/install.log'
[0.876s] Invoked command in '/home/ilyas/ros2_ws/src/robotic_chair_nav' returned '0': PYTHONPATH=/home/ilyas/ros2_ws/src/robotic_chair_nav/build/robotic_chair_nav/prefix_override:/usr/lib/python3/dist-packages/colcon_core/task/python/colcon_distutils_commands:/home/ilyas/ros2_ws/src/robotic_chair_nav/install/robotic_chair_nav/lib/python3.10/site-packages:${PYTHONPATH} /usr/bin/python3 -W ignore:setup.py install is deprecated -W ignore:easy_install command is deprecated setup.py egg_info --egg-base build/robotic_chair_nav build --build-base /home/ilyas/ros2_ws/src/robotic_chair_nav/build/robotic_chair_nav/build install --record /home/ilyas/ros2_ws/src/robotic_chair_nav/build/robotic_chair_nav/install.log --single-version-externally-managed install_data
