[0.105s] DEBUG:colcon:Command line arguments: ['/usr/bin/colcon', 'build']
[0.105s] DEBUG:colcon:Parsed command line arguments: Namespace(log_base=None, log_level=None, verb_name='build', build_base='build', install_base='install', merge_install=False, symlink_install=False, test_result_base=None, continue_on_error=False, executor='parallel', parallel_workers=3, event_handlers=None, ignore_user_meta=False, metas=['./colcon.meta'], base_paths=['.'], packages_ignore=None, packages_ignore_regex=None, paths=None, packages_up_to=None, packages_up_to_regex=None, packages_above=None, packages_above_and_dependencies=None, packages_above_depth=None, packages_select_by_dep=None, packages_skip_by_dep=None, packages_skip_up_to=None, packages_select_build_failed=False, packages_skip_build_finished=False, packages_select_test_failures=False, packages_skip_test_passed=False, packages_select=None, packages_skip=None, packages_select_regex=None, packages_skip_regex=None, packages_start=None, packages_end=None, allow_overriding=[], cmake_args=None, cmake_target=None, cmake_target_skip_unavailable=False, cmake_clean_cache=False, cmake_clean_first=False, cmake_force_configure=False, ament_cmake_args=None, catkin_cmake_args=None, catkin_skip_building_tests=False, mixin_files=None, mixin=None, verb_parser=<colcon_mixin.mixin.mixin_argument.MixinArgumentDecorator object at 0x7a3c8ce57370>, verb_extension=<colcon_core.verb.build.BuildVerb object at 0x7a3c8ce56500>, main=<bound method BuildVerb.main of <colcon_core.verb.build.BuildVerb object at 0x7a3c8ce56500>>, mixin_verb=('build',))
[0.258s] Level 1:colcon.colcon_core.package_discovery:discover_packages(colcon_meta) check parameters
[0.259s] Level 1:colcon.colcon_core.package_discovery:discover_packages(recursive) check parameters
[0.259s] Level 1:colcon.colcon_core.package_discovery:discover_packages(ignore) check parameters
[0.259s] Level 1:colcon.colcon_core.package_discovery:discover_packages(path) check parameters
[0.259s] Level 1:colcon.colcon_core.package_discovery:discover_packages(colcon_meta) discover
[0.259s] Level 1:colcon.colcon_core.package_discovery:discover_packages(recursive) discover
[0.259s] INFO:colcon.colcon_core.package_discovery:Crawling recursively for packages in '/home/ilyas/ros2_ws'
[0.259s] Level 1:colcon.colcon_core.package_identification:_identify(.) by extensions ['ignore', 'ignore_ament_install']
[0.259s] Level 1:colcon.colcon_core.package_identification:_identify(.) by extension 'ignore'
[0.259s] Level 1:colcon.colcon_core.package_identification:_identify(.) by extension 'ignore_ament_install'
[0.260s] Level 1:colcon.colcon_core.package_identification:_identify(.) by extensions ['colcon_pkg']
[0.260s] Level 1:colcon.colcon_core.package_identification:_identify(.) by extension 'colcon_pkg'
[0.260s] Level 1:colcon.colcon_core.package_identification:_identify(.) by extensions ['colcon_meta']
[0.260s] Level 1:colcon.colcon_core.package_identification:_identify(.) by extension 'colcon_meta'
[0.260s] Level 1:colcon.colcon_core.package_identification:_identify(.) by extensions ['ros']
[0.260s] Level 1:colcon.colcon_core.package_identification:_identify(.) by extension 'ros'
[0.274s] Level 1:colcon.colcon_core.package_identification:_identify(.) by extensions ['cmake', 'python']
[0.274s] Level 1:colcon.colcon_core.package_identification:_identify(.) by extension 'cmake'
[0.274s] Level 1:colcon.colcon_core.package_identification:_identify(.) by extension 'python'
[0.274s] Level 1:colcon.colcon_core.package_identification:_identify(.) by extensions ['python_setup_py']
[0.274s] Level 1:colcon.colcon_core.package_identification:_identify(.) by extension 'python_setup_py'
[0.274s] Level 1:colcon.colcon_core.package_identification:_identify(build) by extensions ['ignore', 'ignore_ament_install']
[0.275s] Level 1:colcon.colcon_core.package_identification:_identify(build) by extension 'ignore'
[0.275s] Level 1:colcon.colcon_core.package_identification:_identify(build) ignored
[0.275s] Level 1:colcon.colcon_core.package_identification:_identify(install) by extensions ['ignore', 'ignore_ament_install']
[0.275s] Level 1:colcon.colcon_core.package_identification:_identify(install) by extension 'ignore'
[0.275s] Level 1:colcon.colcon_core.package_identification:_identify(install) ignored
[0.275s] Level 1:colcon.colcon_core.package_identification:_identify(log) by extensions ['ignore', 'ignore_ament_install']
[0.275s] Level 1:colcon.colcon_core.package_identification:_identify(log) by extension 'ignore'
[0.275s] Level 1:colcon.colcon_core.package_identification:_identify(log) ignored
[0.275s] Level 1:colcon.colcon_core.package_identification:_identify(src) by extensions ['ignore', 'ignore_ament_install']
[0.275s] Level 1:colcon.colcon_core.package_identification:_identify(src) by extension 'ignore'
[0.275s] Level 1:colcon.colcon_core.package_identification:_identify(src) by extension 'ignore_ament_install'
[0.276s] Level 1:colcon.colcon_core.package_identification:_identify(src) by extensions ['colcon_pkg']
[0.276s] Level 1:colcon.colcon_core.package_identification:_identify(src) by extension 'colcon_pkg'
[0.276s] Level 1:colcon.colcon_core.package_identification:_identify(src) by extensions ['colcon_meta']
[0.276s] Level 1:colcon.colcon_core.package_identification:_identify(src) by extension 'colcon_meta'
[0.276s] Level 1:colcon.colcon_core.package_identification:_identify(src) by extensions ['ros']
[0.276s] Level 1:colcon.colcon_core.package_identification:_identify(src) by extension 'ros'
[0.276s] Level 1:colcon.colcon_core.package_identification:_identify(src) by extensions ['cmake', 'python']
[0.276s] Level 1:colcon.colcon_core.package_identification:_identify(src) by extension 'cmake'
[0.276s] Level 1:colcon.colcon_core.package_identification:_identify(src) by extension 'python'
[0.276s] Level 1:colcon.colcon_core.package_identification:_identify(src) by extensions ['python_setup_py']
[0.276s] Level 1:colcon.colcon_core.package_identification:_identify(src) by extension 'python_setup_py'
[0.276s] Level 1:colcon.colcon_core.package_identification:_identify(src/build) by extensions ['ignore', 'ignore_ament_install']
[0.276s] Level 1:colcon.colcon_core.package_identification:_identify(src/build) by extension 'ignore'
[0.276s] Level 1:colcon.colcon_core.package_identification:_identify(src/build) ignored
[0.276s] Level 1:colcon.colcon_core.package_identification:_identify(src/install) by extensions ['ignore', 'ignore_ament_install']
[0.276s] Level 1:colcon.colcon_core.package_identification:_identify(src/install) by extension 'ignore'
[0.276s] Level 1:colcon.colcon_core.package_identification:_identify(src/install) ignored
[0.276s] Level 1:colcon.colcon_core.package_identification:_identify(src/log) by extensions ['ignore', 'ignore_ament_install']
[0.277s] Level 1:colcon.colcon_core.package_identification:_identify(src/log) by extension 'ignore'
[0.277s] Level 1:colcon.colcon_core.package_identification:_identify(src/log) ignored
[0.277s] Level 1:colcon.colcon_core.package_identification:_identify(src/robotic_chair_description) by extensions ['ignore', 'ignore_ament_install']
[0.277s] Level 1:colcon.colcon_core.package_identification:_identify(src/robotic_chair_description) by extension 'ignore'
[0.277s] Level 1:colcon.colcon_core.package_identification:_identify(src/robotic_chair_description) by extension 'ignore_ament_install'
[0.277s] Level 1:colcon.colcon_core.package_identification:_identify(src/robotic_chair_description) by extensions ['colcon_pkg']
[0.277s] Level 1:colcon.colcon_core.package_identification:_identify(src/robotic_chair_description) by extension 'colcon_pkg'
[0.277s] Level 1:colcon.colcon_core.package_identification:_identify(src/robotic_chair_description) by extensions ['colcon_meta']
[0.277s] Level 1:colcon.colcon_core.package_identification:_identify(src/robotic_chair_description) by extension 'colcon_meta'
[0.277s] Level 1:colcon.colcon_core.package_identification:_identify(src/robotic_chair_description) by extensions ['ros']
[0.277s] Level 1:colcon.colcon_core.package_identification:_identify(src/robotic_chair_description) by extension 'ros'
[0.279s] DEBUG:colcon.colcon_core.package_identification:Package 'src/robotic_chair_description' with type 'ros.ament_cmake' and name 'robotic_chair_description'
[0.279s] Level 1:colcon.colcon_core.package_identification:_identify(src/robotic_chair_nav) by extensions ['ignore', 'ignore_ament_install']
[0.280s] Level 1:colcon.colcon_core.package_identification:_identify(src/robotic_chair_nav) by extension 'ignore'
[0.280s] Level 1:colcon.colcon_core.package_identification:_identify(src/robotic_chair_nav) by extension 'ignore_ament_install'
[0.280s] Level 1:colcon.colcon_core.package_identification:_identify(src/robotic_chair_nav) by extensions ['colcon_pkg']
[0.280s] Level 1:colcon.colcon_core.package_identification:_identify(src/robotic_chair_nav) by extension 'colcon_pkg'
[0.280s] Level 1:colcon.colcon_core.package_identification:_identify(src/robotic_chair_nav) by extensions ['colcon_meta']
[0.280s] Level 1:colcon.colcon_core.package_identification:_identify(src/robotic_chair_nav) by extension 'colcon_meta'
[0.280s] Level 1:colcon.colcon_core.package_identification:_identify(src/robotic_chair_nav) by extensions ['ros']
[0.281s] Level 1:colcon.colcon_core.package_identification:_identify(src/robotic_chair_nav) by extension 'ros'
[0.281s] DEBUG:colcon.colcon_core.package_identification:Package 'src/robotic_chair_nav' with type 'ros.ament_python' and name 'robotic_chair_nav'
[0.282s] Level 1:colcon.colcon_core.package_identification:_identify(src/simple_world) by extensions ['ignore', 'ignore_ament_install']
[0.282s] Level 1:colcon.colcon_core.package_identification:_identify(src/simple_world) by extension 'ignore'
[0.282s] Level 1:colcon.colcon_core.package_identification:_identify(src/simple_world) by extension 'ignore_ament_install'
[0.282s] Level 1:colcon.colcon_core.package_identification:_identify(src/simple_world) by extensions ['colcon_pkg']
[0.282s] Level 1:colcon.colcon_core.package_identification:_identify(src/simple_world) by extension 'colcon_pkg'
[0.282s] Level 1:colcon.colcon_core.package_identification:_identify(src/simple_world) by extensions ['colcon_meta']
[0.282s] Level 1:colcon.colcon_core.package_identification:_identify(src/simple_world) by extension 'colcon_meta'
[0.282s] Level 1:colcon.colcon_core.package_identification:_identify(src/simple_world) by extensions ['ros']
[0.282s] Level 1:colcon.colcon_core.package_identification:_identify(src/simple_world) by extension 'ros'
[0.282s] DEBUG:colcon.colcon_core.package_identification:Package 'src/simple_world' with type 'ros.ament_cmake' and name 'simple_world'
[0.283s] Level 1:colcon.colcon_core.package_discovery:discover_packages(recursive) using defaults
[0.283s] Level 1:colcon.colcon_core.package_discovery:discover_packages(ignore) discover
[0.283s] Level 1:colcon.colcon_core.package_discovery:discover_packages(ignore) using defaults
[0.283s] Level 1:colcon.colcon_core.package_discovery:discover_packages(path) discover
[0.283s] Level 1:colcon.colcon_core.package_discovery:discover_packages(path) using defaults
[0.314s] Level 1:colcon.colcon_core.package_discovery:discover_packages(prefix_path) check parameters
[0.314s] Level 1:colcon.colcon_core.package_discovery:discover_packages(prefix_path) discover
[0.316s] DEBUG:colcon.colcon_installed_package_information.package_discovery:Found 4 installed packages in /home/ilyas/ros2_ws/install
[0.317s] DEBUG:colcon.colcon_installed_package_information.package_discovery:Found 1 installed packages in /home/ilyas/ros2_ws/src/robotic_chair_nav/install
[0.317s] DEBUG:colcon.colcon_installed_package_information.package_discovery:Found 3 installed packages in /home/ilyas/ros2_ws/src/install
[0.319s] DEBUG:colcon.colcon_installed_package_information.package_discovery:Found 330 installed packages in /opt/ros/humble
[0.321s] Level 1:colcon.colcon_core.package_discovery:discover_packages(prefix_path) using defaults
[0.357s] Level 5:colcon.colcon_core.verb:set package 'robotic_chair_description' build argument 'cmake_args' from command line to 'None'
[0.357s] Level 5:colcon.colcon_core.verb:set package 'robotic_chair_description' build argument 'cmake_target' from command line to 'None'
[0.357s] Level 5:colcon.colcon_core.verb:set package 'robotic_chair_description' build argument 'cmake_target_skip_unavailable' from command line to 'False'
[0.357s] Level 5:colcon.colcon_core.verb:set package 'robotic_chair_description' build argument 'cmake_clean_cache' from command line to 'False'
[0.357s] Level 5:colcon.colcon_core.verb:set package 'robotic_chair_description' build argument 'cmake_clean_first' from command line to 'False'
[0.357s] Level 5:colcon.colcon_core.verb:set package 'robotic_chair_description' build argument 'cmake_force_configure' from command line to 'False'
[0.358s] Level 5:colcon.colcon_core.verb:set package 'robotic_chair_description' build argument 'ament_cmake_args' from command line to 'None'
[0.358s] Level 5:colcon.colcon_core.verb:set package 'robotic_chair_description' build argument 'catkin_cmake_args' from command line to 'None'
[0.358s] Level 5:colcon.colcon_core.verb:set package 'robotic_chair_description' build argument 'catkin_skip_building_tests' from command line to 'False'
[0.358s] DEBUG:colcon.colcon_core.verb:Building package 'robotic_chair_description' with the following arguments: {'ament_cmake_args': None, 'build_base': '/home/ilyas/ros2_ws/build/robotic_chair_description', 'catkin_cmake_args': None, 'catkin_skip_building_tests': False, 'cmake_args': None, 'cmake_clean_cache': False, 'cmake_clean_first': False, 'cmake_force_configure': False, 'cmake_target': None, 'cmake_target_skip_unavailable': False, 'install_base': '/home/ilyas/ros2_ws/install/robotic_chair_description', 'merge_install': False, 'path': '/home/ilyas/ros2_ws/src/robotic_chair_description', 'symlink_install': False, 'test_result_base': None}
[0.358s] Level 5:colcon.colcon_core.verb:set package 'robotic_chair_nav' build argument 'cmake_args' from command line to 'None'
[0.358s] Level 5:colcon.colcon_core.verb:set package 'robotic_chair_nav' build argument 'cmake_target' from command line to 'None'
[0.358s] Level 5:colcon.colcon_core.verb:set package 'robotic_chair_nav' build argument 'cmake_target_skip_unavailable' from command line to 'False'
[0.358s] Level 5:colcon.colcon_core.verb:set package 'robotic_chair_nav' build argument 'cmake_clean_cache' from command line to 'False'
[0.358s] Level 5:colcon.colcon_core.verb:set package 'robotic_chair_nav' build argument 'cmake_clean_first' from command line to 'False'
[0.358s] Level 5:colcon.colcon_core.verb:set package 'robotic_chair_nav' build argument 'cmake_force_configure' from command line to 'False'
[0.359s] Level 5:colcon.colcon_core.verb:set package 'robotic_chair_nav' build argument 'ament_cmake_args' from command line to 'None'
[0.359s] Level 5:colcon.colcon_core.verb:set package 'robotic_chair_nav' build argument 'catkin_cmake_args' from command line to 'None'
[0.359s] Level 5:colcon.colcon_core.verb:set package 'robotic_chair_nav' build argument 'catkin_skip_building_tests' from command line to 'False'
[0.359s] DEBUG:colcon.colcon_core.verb:Building package 'robotic_chair_nav' with the following arguments: {'ament_cmake_args': None, 'build_base': '/home/ilyas/ros2_ws/build/robotic_chair_nav', 'catkin_cmake_args': None, 'catkin_skip_building_tests': False, 'cmake_args': None, 'cmake_clean_cache': False, 'cmake_clean_first': False, 'cmake_force_configure': False, 'cmake_target': None, 'cmake_target_skip_unavailable': False, 'install_base': '/home/ilyas/ros2_ws/install/robotic_chair_nav', 'merge_install': False, 'path': '/home/ilyas/ros2_ws/src/robotic_chair_nav', 'symlink_install': False, 'test_result_base': None}
[0.359s] Level 5:colcon.colcon_core.verb:set package 'simple_world' build argument 'cmake_args' from command line to 'None'
[0.359s] Level 5:colcon.colcon_core.verb:set package 'simple_world' build argument 'cmake_target' from command line to 'None'
[0.359s] Level 5:colcon.colcon_core.verb:set package 'simple_world' build argument 'cmake_target_skip_unavailable' from command line to 'False'
[0.359s] Level 5:colcon.colcon_core.verb:set package 'simple_world' build argument 'cmake_clean_cache' from command line to 'False'
[0.359s] Level 5:colcon.colcon_core.verb:set package 'simple_world' build argument 'cmake_clean_first' from command line to 'False'
[0.359s] Level 5:colcon.colcon_core.verb:set package 'simple_world' build argument 'cmake_force_configure' from command line to 'False'
[0.359s] Level 5:colcon.colcon_core.verb:set package 'simple_world' build argument 'ament_cmake_args' from command line to 'None'
[0.359s] Level 5:colcon.colcon_core.verb:set package 'simple_world' build argument 'catkin_cmake_args' from command line to 'None'
[0.359s] Level 5:colcon.colcon_core.verb:set package 'simple_world' build argument 'catkin_skip_building_tests' from command line to 'False'
[0.359s] DEBUG:colcon.colcon_core.verb:Building package 'simple_world' with the following arguments: {'ament_cmake_args': None, 'build_base': '/home/ilyas/ros2_ws/build/simple_world', 'catkin_cmake_args': None, 'catkin_skip_building_tests': False, 'cmake_args': None, 'cmake_clean_cache': False, 'cmake_clean_first': False, 'cmake_force_configure': False, 'cmake_target': None, 'cmake_target_skip_unavailable': False, 'install_base': '/home/ilyas/ros2_ws/install/simple_world', 'merge_install': False, 'path': '/home/ilyas/ros2_ws/src/simple_world', 'symlink_install': False, 'test_result_base': None}
[0.359s] INFO:colcon.colcon_core.executor:Executing jobs using 'parallel' executor
[0.361s] DEBUG:colcon.colcon_parallel_executor.executor.parallel:run_until_complete
[0.361s] INFO:colcon.colcon_ros.task.ament_cmake.build:Building ROS package in '/home/ilyas/ros2_ws/src/robotic_chair_description' with build type 'ament_cmake'
[0.362s] INFO:colcon.colcon_cmake.task.cmake.build:Building CMake package in '/home/ilyas/ros2_ws/src/robotic_chair_description'
[0.364s] INFO:colcon.colcon_core.plugin_system:Skipping extension 'colcon_core.shell.bat': Not used on non-Windows systems
[0.364s] INFO:colcon.colcon_core.shell:Skip shell extension 'powershell' for command environment: Not usable outside of PowerShell
[0.364s] DEBUG:colcon.colcon_core.shell:Skip shell extension 'dsv' for command environment
[0.373s] INFO:colcon.colcon_ros.task.ament_python.build:Building ROS package in '/home/ilyas/ros2_ws/src/robotic_chair_nav' with build type 'ament_python'
[0.373s] Level 1:colcon.colcon_core.shell:create_environment_hook('robotic_chair_nav', 'ament_prefix_path')
[0.373s] INFO:colcon.colcon_core.shell:Creating environment hook '/home/ilyas/ros2_ws/install/robotic_chair_nav/share/robotic_chair_nav/hook/ament_prefix_path.ps1'
[0.377s] INFO:colcon.colcon_core.shell:Creating environment descriptor '/home/ilyas/ros2_ws/install/robotic_chair_nav/share/robotic_chair_nav/hook/ament_prefix_path.dsv'
[0.378s] INFO:colcon.colcon_core.shell:Creating environment hook '/home/ilyas/ros2_ws/install/robotic_chair_nav/share/robotic_chair_nav/hook/ament_prefix_path.sh'
[0.380s] INFO:colcon.colcon_core.shell:Skip shell extension 'powershell' for command environment: Not usable outside of PowerShell
[0.380s] DEBUG:colcon.colcon_core.shell:Skip shell extension 'dsv' for command environment
[0.385s] INFO:colcon.colcon_ros.task.ament_cmake.build:Building ROS package in '/home/ilyas/ros2_ws/src/simple_world' with build type 'ament_cmake'
[0.386s] INFO:colcon.colcon_cmake.task.cmake.build:Building CMake package in '/home/ilyas/ros2_ws/src/simple_world'
[0.387s] INFO:colcon.colcon_core.shell:Skip shell extension 'powershell' for command environment: Not usable outside of PowerShell
[0.387s] DEBUG:colcon.colcon_core.shell:Skip shell extension 'dsv' for command environment
[0.417s] DEBUG:colcon.colcon_core.event_handler.log_command:Invoking command in '/home/ilyas/ros2_ws/build/robotic_chair_description': CMAKE_PREFIX_PATH=${CMAKE_PREFIX_PATH}:/home/ilyas/ros2_ws/install/robotic_chair_nav:/home/ilyas/ros2_ws/install/my_first_package:/home/ilyas/ros2_ws/src/robotic_chair_nav/install/robotic_chair_nav:/home/ilyas/ros2_ws/src/install/robotic_chair_nav:/home/ilyas/ros2_ws/src/install/my_first_package:/opt/ros/humble /usr/bin/cmake --build /home/ilyas/ros2_ws/build/robotic_chair_description -- -j3 -l3
[0.680s] INFO:colcon.colcon_core.task.python.build:Building Python package in '/home/ilyas/ros2_ws/src/robotic_chair_nav'
[0.680s] INFO:colcon.colcon_core.shell:Skip shell extension 'powershell' for command environment: Not usable outside of PowerShell
[0.681s] DEBUG:colcon.colcon_core.shell:Skip shell extension 'dsv' for command environment
[0.696s] DEBUG:colcon.colcon_core.event_handler.log_command:Invoking command in '/home/ilyas/ros2_ws/build/simple_world': CMAKE_PREFIX_PATH=${CMAKE_PREFIX_PATH}:/home/ilyas/ros2_ws/install/robotic_chair_nav:/home/ilyas/ros2_ws/install/my_first_package:/home/ilyas/ros2_ws/src/robotic_chair_nav/install/robotic_chair_nav:/home/ilyas/ros2_ws/src/install/robotic_chair_nav:/home/ilyas/ros2_ws/src/install/my_first_package:/opt/ros/humble /usr/bin/cmake --build /home/ilyas/ros2_ws/build/simple_world -- -j3 -l3
[0.696s] DEBUG:colcon.colcon_core.event_handler.log_command:Invoked command in '/home/ilyas/ros2_ws/build/robotic_chair_description' returned '0': CMAKE_PREFIX_PATH=${CMAKE_PREFIX_PATH}:/home/ilyas/ros2_ws/install/robotic_chair_nav:/home/ilyas/ros2_ws/install/my_first_package:/home/ilyas/ros2_ws/src/robotic_chair_nav/install/robotic_chair_nav:/home/ilyas/ros2_ws/src/install/robotic_chair_nav:/home/ilyas/ros2_ws/src/install/my_first_package:/opt/ros/humble /usr/bin/cmake --build /home/ilyas/ros2_ws/build/robotic_chair_description -- -j3 -l3
[0.708s] DEBUG:colcon.colcon_core.event_handler.log_command:Invoking command in '/home/ilyas/ros2_ws/build/robotic_chair_description': CMAKE_PREFIX_PATH=${CMAKE_PREFIX_PATH}:/home/ilyas/ros2_ws/install/robotic_chair_nav:/home/ilyas/ros2_ws/install/my_first_package:/home/ilyas/ros2_ws/src/robotic_chair_nav/install/robotic_chair_nav:/home/ilyas/ros2_ws/src/install/robotic_chair_nav:/home/ilyas/ros2_ws/src/install/my_first_package:/opt/ros/humble /usr/bin/cmake --install /home/ilyas/ros2_ws/build/robotic_chair_description
[0.729s] Level 1:colcon.colcon_core.environment:create_environment_scripts_only(robotic_chair_description)
[0.732s] Level 1:colcon.colcon_core.environment:checking '/home/ilyas/ros2_ws/install/robotic_chair_description' for CMake module files
[0.732s] Level 1:colcon.colcon_core.environment:checking '/home/ilyas/ros2_ws/install/robotic_chair_description' for CMake config files
[0.730s] DEBUG:colcon.colcon_core.event_handler.log_command:Invoked command in '/home/ilyas/ros2_ws/build/robotic_chair_description' returned '0': CMAKE_PREFIX_PATH=${CMAKE_PREFIX_PATH}:/home/ilyas/ros2_ws/install/robotic_chair_nav:/home/ilyas/ros2_ws/install/my_first_package:/home/ilyas/ros2_ws/src/robotic_chair_nav/install/robotic_chair_nav:/home/ilyas/ros2_ws/src/install/robotic_chair_nav:/home/ilyas/ros2_ws/src/install/my_first_package:/opt/ros/humble /usr/bin/cmake --install /home/ilyas/ros2_ws/build/robotic_chair_description
[0.733s] Level 1:colcon.colcon_core.shell:create_environment_hook('robotic_chair_description', 'cmake_prefix_path')
[0.733s] INFO:colcon.colcon_core.shell:Creating environment hook '/home/ilyas/ros2_ws/install/robotic_chair_description/share/robotic_chair_description/hook/cmake_prefix_path.ps1'
[0.734s] INFO:colcon.colcon_core.shell:Creating environment descriptor '/home/ilyas/ros2_ws/install/robotic_chair_description/share/robotic_chair_description/hook/cmake_prefix_path.dsv'
[0.734s] INFO:colcon.colcon_core.shell:Creating environment hook '/home/ilyas/ros2_ws/install/robotic_chair_description/share/robotic_chair_description/hook/cmake_prefix_path.sh'
[0.736s] Level 1:colcon.colcon_core.environment:checking '/home/ilyas/ros2_ws/install/robotic_chair_description/bin'
[0.736s] Level 1:colcon.colcon_core.environment:checking '/home/ilyas/ros2_ws/install/robotic_chair_description/lib/pkgconfig/robotic_chair_description.pc'
[0.737s] Level 1:colcon.colcon_core.environment:checking '/home/ilyas/ros2_ws/install/robotic_chair_description/lib/python3.10/site-packages'
[0.737s] Level 1:colcon.colcon_core.environment:checking '/home/ilyas/ros2_ws/install/robotic_chair_description/bin'
[0.738s] INFO:colcon.colcon_core.shell:Creating package script '/home/ilyas/ros2_ws/install/robotic_chair_description/share/robotic_chair_description/package.ps1'
[0.739s] INFO:colcon.colcon_core.shell:Creating package descriptor '/home/ilyas/ros2_ws/install/robotic_chair_description/share/robotic_chair_description/package.dsv'
[0.741s] INFO:colcon.colcon_core.shell:Creating package script '/home/ilyas/ros2_ws/install/robotic_chair_description/share/robotic_chair_description/package.sh'
[0.742s] INFO:colcon.colcon_core.shell:Creating package script '/home/ilyas/ros2_ws/install/robotic_chair_description/share/robotic_chair_description/package.bash'
[0.744s] INFO:colcon.colcon_core.shell:Creating package script '/home/ilyas/ros2_ws/install/robotic_chair_description/share/robotic_chair_description/package.zsh'
[0.745s] Level 1:colcon.colcon_core.environment:create_file_with_runtime_dependencies(/home/ilyas/ros2_ws/install/robotic_chair_description/share/colcon-core/packages/robotic_chair_description)
[0.746s] Level 1:colcon.colcon_core.environment:create_environment_scripts_only(robotic_chair_description)
[0.746s] Level 1:colcon.colcon_core.environment:checking '/home/ilyas/ros2_ws/install/robotic_chair_description' for CMake module files
[0.747s] Level 1:colcon.colcon_core.environment:checking '/home/ilyas/ros2_ws/install/robotic_chair_description' for CMake config files
[0.747s] Level 1:colcon.colcon_core.shell:create_environment_hook('robotic_chair_description', 'cmake_prefix_path')
[0.747s] INFO:colcon.colcon_core.shell:Creating environment hook '/home/ilyas/ros2_ws/install/robotic_chair_description/share/robotic_chair_description/hook/cmake_prefix_path.ps1'
[0.747s] INFO:colcon.colcon_core.shell:Creating environment descriptor '/home/ilyas/ros2_ws/install/robotic_chair_description/share/robotic_chair_description/hook/cmake_prefix_path.dsv'
[0.748s] INFO:colcon.colcon_core.shell:Creating environment hook '/home/ilyas/ros2_ws/install/robotic_chair_description/share/robotic_chair_description/hook/cmake_prefix_path.sh'
[0.749s] Level 1:colcon.colcon_core.environment:checking '/home/ilyas/ros2_ws/install/robotic_chair_description/bin'
[0.749s] Level 1:colcon.colcon_core.environment:checking '/home/ilyas/ros2_ws/install/robotic_chair_description/lib/pkgconfig/robotic_chair_description.pc'
[0.749s] Level 1:colcon.colcon_core.environment:checking '/home/ilyas/ros2_ws/install/robotic_chair_description/lib/python3.10/site-packages'
[0.749s] Level 1:colcon.colcon_core.environment:checking '/home/ilyas/ros2_ws/install/robotic_chair_description/bin'
[0.750s] INFO:colcon.colcon_core.shell:Creating package script '/home/ilyas/ros2_ws/install/robotic_chair_description/share/robotic_chair_description/package.ps1'
[0.751s] INFO:colcon.colcon_core.shell:Creating package descriptor '/home/ilyas/ros2_ws/install/robotic_chair_description/share/robotic_chair_description/package.dsv'
[0.752s] INFO:colcon.colcon_core.shell:Creating package script '/home/ilyas/ros2_ws/install/robotic_chair_description/share/robotic_chair_description/package.sh'
[0.753s] INFO:colcon.colcon_core.shell:Creating package script '/home/ilyas/ros2_ws/install/robotic_chair_description/share/robotic_chair_description/package.bash'
[0.754s] INFO:colcon.colcon_core.shell:Creating package script '/home/ilyas/ros2_ws/install/robotic_chair_description/share/robotic_chair_description/package.zsh'
[0.755s] Level 1:colcon.colcon_core.environment:create_file_with_runtime_dependencies(/home/ilyas/ros2_ws/install/robotic_chair_description/share/colcon-core/packages/robotic_chair_description)
[0.765s] DEBUG:colcon.colcon_core.event_handler.log_command:Invoked command in '/home/ilyas/ros2_ws/build/simple_world' returned '0': CMAKE_PREFIX_PATH=${CMAKE_PREFIX_PATH}:/home/ilyas/ros2_ws/install/robotic_chair_nav:/home/ilyas/ros2_ws/install/my_first_package:/home/ilyas/ros2_ws/src/robotic_chair_nav/install/robotic_chair_nav:/home/ilyas/ros2_ws/src/install/robotic_chair_nav:/home/ilyas/ros2_ws/src/install/my_first_package:/opt/ros/humble /usr/bin/cmake --build /home/ilyas/ros2_ws/build/simple_world -- -j3 -l3
[0.766s] DEBUG:colcon.colcon_core.event_handler.log_command:Invoking command in '/home/ilyas/ros2_ws/build/simple_world': CMAKE_PREFIX_PATH=${CMAKE_PREFIX_PATH}:/home/ilyas/ros2_ws/install/robotic_chair_nav:/home/ilyas/ros2_ws/install/my_first_package:/home/ilyas/ros2_ws/src/robotic_chair_nav/install/robotic_chair_nav:/home/ilyas/ros2_ws/src/install/robotic_chair_nav:/home/ilyas/ros2_ws/src/install/my_first_package:/opt/ros/humble /usr/bin/cmake --install /home/ilyas/ros2_ws/build/simple_world
[0.789s] Level 1:colcon.colcon_core.environment:create_environment_scripts_only(simple_world)
[0.789s] Level 1:colcon.colcon_core.environment:checking '/home/ilyas/ros2_ws/install/simple_world' for CMake module files
[0.790s] Level 1:colcon.colcon_core.environment:checking '/home/ilyas/ros2_ws/install/simple_world' for CMake config files
[0.790s] Level 1:colcon.colcon_core.shell:create_environment_hook('simple_world', 'cmake_prefix_path')
[0.790s] INFO:colcon.colcon_core.shell:Creating environment hook '/home/ilyas/ros2_ws/install/simple_world/share/simple_world/hook/cmake_prefix_path.ps1'
[0.791s] INFO:colcon.colcon_core.shell:Creating environment descriptor '/home/ilyas/ros2_ws/install/simple_world/share/simple_world/hook/cmake_prefix_path.dsv'
[0.792s] DEBUG:colcon.colcon_core.event_handler.log_command:Invoked command in '/home/ilyas/ros2_ws/build/simple_world' returned '0': CMAKE_PREFIX_PATH=${CMAKE_PREFIX_PATH}:/home/ilyas/ros2_ws/install/robotic_chair_nav:/home/ilyas/ros2_ws/install/my_first_package:/home/ilyas/ros2_ws/src/robotic_chair_nav/install/robotic_chair_nav:/home/ilyas/ros2_ws/src/install/robotic_chair_nav:/home/ilyas/ros2_ws/src/install/my_first_package:/opt/ros/humble /usr/bin/cmake --install /home/ilyas/ros2_ws/build/simple_world
[0.792s] INFO:colcon.colcon_core.shell:Creating environment hook '/home/ilyas/ros2_ws/install/simple_world/share/simple_world/hook/cmake_prefix_path.sh'
[0.793s] Level 1:colcon.colcon_core.environment:checking '/home/ilyas/ros2_ws/install/simple_world/bin'
[0.793s] Level 1:colcon.colcon_core.environment:checking '/home/ilyas/ros2_ws/install/simple_world/lib/pkgconfig/simple_world.pc'
[0.796s] Level 1:colcon.colcon_core.environment:checking '/home/ilyas/ros2_ws/install/simple_world/lib/python3.10/site-packages'
[0.797s] Level 1:colcon.colcon_core.environment:checking '/home/ilyas/ros2_ws/install/simple_world/bin'
[0.797s] INFO:colcon.colcon_core.shell:Creating package script '/home/ilyas/ros2_ws/install/simple_world/share/simple_world/package.ps1'
[0.799s] INFO:colcon.colcon_core.shell:Creating package descriptor '/home/ilyas/ros2_ws/install/simple_world/share/simple_world/package.dsv'
[0.801s] INFO:colcon.colcon_core.shell:Creating package script '/home/ilyas/ros2_ws/install/simple_world/share/simple_world/package.sh'
[0.804s] INFO:colcon.colcon_core.shell:Creating package script '/home/ilyas/ros2_ws/install/simple_world/share/simple_world/package.bash'
[0.805s] INFO:colcon.colcon_core.shell:Creating package script '/home/ilyas/ros2_ws/install/simple_world/share/simple_world/package.zsh'
[0.806s] Level 1:colcon.colcon_core.environment:create_file_with_runtime_dependencies(/home/ilyas/ros2_ws/install/simple_world/share/colcon-core/packages/simple_world)
[0.807s] Level 1:colcon.colcon_core.environment:create_environment_scripts_only(simple_world)
[0.807s] Level 1:colcon.colcon_core.environment:checking '/home/ilyas/ros2_ws/install/simple_world' for CMake module files
[0.808s] Level 1:colcon.colcon_core.environment:checking '/home/ilyas/ros2_ws/install/simple_world' for CMake config files
[0.808s] Level 1:colcon.colcon_core.shell:create_environment_hook('simple_world', 'cmake_prefix_path')
[0.808s] INFO:colcon.colcon_core.shell:Creating environment hook '/home/ilyas/ros2_ws/install/simple_world/share/simple_world/hook/cmake_prefix_path.ps1'
[0.809s] INFO:colcon.colcon_core.shell:Creating environment descriptor '/home/ilyas/ros2_ws/install/simple_world/share/simple_world/hook/cmake_prefix_path.dsv'
[0.810s] INFO:colcon.colcon_core.shell:Creating environment hook '/home/ilyas/ros2_ws/install/simple_world/share/simple_world/hook/cmake_prefix_path.sh'
[0.811s] Level 1:colcon.colcon_core.environment:checking '/home/ilyas/ros2_ws/install/simple_world/bin'
[0.812s] Level 1:colcon.colcon_core.environment:checking '/home/ilyas/ros2_ws/install/simple_world/lib/pkgconfig/simple_world.pc'
[0.812s] Level 1:colcon.colcon_core.environment:checking '/home/ilyas/ros2_ws/install/simple_world/lib/python3.10/site-packages'
[0.812s] Level 1:colcon.colcon_core.environment:checking '/home/ilyas/ros2_ws/install/simple_world/bin'
[0.813s] INFO:colcon.colcon_core.shell:Creating package script '/home/ilyas/ros2_ws/install/simple_world/share/simple_world/package.ps1'
[0.814s] INFO:colcon.colcon_core.shell:Creating package descriptor '/home/ilyas/ros2_ws/install/simple_world/share/simple_world/package.dsv'
[0.815s] INFO:colcon.colcon_core.shell:Creating package script '/home/ilyas/ros2_ws/install/simple_world/share/simple_world/package.sh'
[0.816s] INFO:colcon.colcon_core.shell:Creating package script '/home/ilyas/ros2_ws/install/simple_world/share/simple_world/package.bash'
[0.819s] INFO:colcon.colcon_core.shell:Creating package script '/home/ilyas/ros2_ws/install/simple_world/share/simple_world/package.zsh'
[0.821s] Level 1:colcon.colcon_core.environment:create_file_with_runtime_dependencies(/home/ilyas/ros2_ws/install/simple_world/share/colcon-core/packages/simple_world)
[1.098s] DEBUG:colcon.colcon_core.event_handler.log_command:Invoking command in '/home/ilyas/ros2_ws/src/robotic_chair_nav': PYTHONPATH=/home/ilyas/ros2_ws/build/robotic_chair_nav/prefix_override:/usr/lib/python3/dist-packages/colcon_core/task/python/colcon_distutils_commands:/home/ilyas/ros2_ws/install/robotic_chair_nav/lib/python3.10/site-packages:${PYTHONPATH} /usr/bin/python3 -W ignore:setup.py install is deprecated -W ignore:easy_install command is deprecated setup.py egg_info --egg-base ../../build/robotic_chair_nav build --build-base /home/ilyas/ros2_ws/build/robotic_chair_nav/build install --record /home/ilyas/ros2_ws/build/robotic_chair_nav/install.log --single-version-externally-managed install_data
[1.410s] Level 1:colcon.colcon_core.environment:checking '/home/ilyas/ros2_ws/install/robotic_chair_nav' for CMake module files
[1.411s] DEBUG:colcon.colcon_core.event_handler.log_command:Invoked command in '/home/ilyas/ros2_ws/src/robotic_chair_nav' returned '0': PYTHONPATH=/home/ilyas/ros2_ws/build/robotic_chair_nav/prefix_override:/usr/lib/python3/dist-packages/colcon_core/task/python/colcon_distutils_commands:/home/ilyas/ros2_ws/install/robotic_chair_nav/lib/python3.10/site-packages:${PYTHONPATH} /usr/bin/python3 -W ignore:setup.py install is deprecated -W ignore:easy_install command is deprecated setup.py egg_info --egg-base ../../build/robotic_chair_nav build --build-base /home/ilyas/ros2_ws/build/robotic_chair_nav/build install --record /home/ilyas/ros2_ws/build/robotic_chair_nav/install.log --single-version-externally-managed install_data
[1.413s] Level 1:colcon.colcon_core.environment:checking '/home/ilyas/ros2_ws/install/robotic_chair_nav' for CMake config files
[1.414s] Level 1:colcon.colcon_core.environment:checking '/home/ilyas/ros2_ws/install/robotic_chair_nav/lib'
[1.414s] Level 1:colcon.colcon_core.environment:checking '/home/ilyas/ros2_ws/install/robotic_chair_nav/bin'
[1.414s] Level 1:colcon.colcon_core.environment:checking '/home/ilyas/ros2_ws/install/robotic_chair_nav/lib/pkgconfig/robotic_chair_nav.pc'
[1.414s] Level 1:colcon.colcon_core.environment:checking '/home/ilyas/ros2_ws/install/robotic_chair_nav/lib/python3.10/site-packages'
[1.414s] Level 1:colcon.colcon_core.shell:create_environment_hook('robotic_chair_nav', 'pythonpath')
[1.415s] INFO:colcon.colcon_core.shell:Creating environment hook '/home/ilyas/ros2_ws/install/robotic_chair_nav/share/robotic_chair_nav/hook/pythonpath.ps1'
[1.416s] INFO:colcon.colcon_core.shell:Creating environment descriptor '/home/ilyas/ros2_ws/install/robotic_chair_nav/share/robotic_chair_nav/hook/pythonpath.dsv'
[1.416s] INFO:colcon.colcon_core.shell:Creating environment hook '/home/ilyas/ros2_ws/install/robotic_chair_nav/share/robotic_chair_nav/hook/pythonpath.sh'
[1.419s] Level 1:colcon.colcon_core.environment:checking '/home/ilyas/ros2_ws/install/robotic_chair_nav/bin'
[1.419s] Level 1:colcon.colcon_core.environment:create_environment_scripts_only(robotic_chair_nav)
[1.420s] INFO:colcon.colcon_core.shell:Creating package script '/home/ilyas/ros2_ws/install/robotic_chair_nav/share/robotic_chair_nav/package.ps1'
[1.421s] INFO:colcon.colcon_core.shell:Creating package descriptor '/home/ilyas/ros2_ws/install/robotic_chair_nav/share/robotic_chair_nav/package.dsv'
[1.421s] INFO:colcon.colcon_core.shell:Creating package script '/home/ilyas/ros2_ws/install/robotic_chair_nav/share/robotic_chair_nav/package.sh'
[1.422s] INFO:colcon.colcon_core.shell:Creating package script '/home/ilyas/ros2_ws/install/robotic_chair_nav/share/robotic_chair_nav/package.bash'
[1.423s] INFO:colcon.colcon_core.shell:Creating package script '/home/ilyas/ros2_ws/install/robotic_chair_nav/share/robotic_chair_nav/package.zsh'
[1.424s] Level 1:colcon.colcon_core.environment:create_file_with_runtime_dependencies(/home/ilyas/ros2_ws/install/robotic_chair_nav/share/colcon-core/packages/robotic_chair_nav)
[1.426s] DEBUG:colcon.colcon_parallel_executor.executor.parallel:closing loop
[1.427s] DEBUG:colcon.colcon_parallel_executor.executor.parallel:loop closed
[1.427s] DEBUG:colcon.colcon_parallel_executor.executor.parallel:run_until_complete finished with '0'
[1.427s] DEBUG:colcon.colcon_core.event_reactor:joining thread
[1.437s] INFO:colcon.colcon_core.plugin_system:Skipping extension 'colcon_notification.desktop_notification.terminal_notifier': Not used on non-Darwin systems
[1.438s] INFO:colcon.colcon_core.plugin_system:Skipping extension 'colcon_notification.desktop_notification.win32': Not used on non-Windows systems
[1.438s] INFO:colcon.colcon_notification.desktop_notification:Sending desktop notification using 'notify2'
[1.463s] DEBUG:colcon.colcon_core.event_reactor:joined thread
[1.464s] INFO:colcon.colcon_core.shell:Creating prefix script '/home/ilyas/ros2_ws/install/local_setup.ps1'
[1.465s] INFO:colcon.colcon_core.shell:Creating prefix util module '/home/ilyas/ros2_ws/install/_local_setup_util_ps1.py'
[1.468s] INFO:colcon.colcon_core.shell:Creating prefix chain script '/home/ilyas/ros2_ws/install/setup.ps1'
[1.470s] INFO:colcon.colcon_core.shell:Creating prefix script '/home/ilyas/ros2_ws/install/local_setup.sh'
[1.471s] INFO:colcon.colcon_core.shell:Creating prefix util module '/home/ilyas/ros2_ws/install/_local_setup_util_sh.py'
[1.472s] INFO:colcon.colcon_core.shell:Creating prefix chain script '/home/ilyas/ros2_ws/install/setup.sh'
[1.474s] INFO:colcon.colcon_core.shell:Creating prefix script '/home/ilyas/ros2_ws/install/local_setup.bash'
[1.474s] INFO:colcon.colcon_core.shell:Creating prefix chain script '/home/ilyas/ros2_ws/install/setup.bash'
[1.476s] INFO:colcon.colcon_core.shell:Creating prefix script '/home/ilyas/ros2_ws/install/local_setup.zsh'
[1.476s] INFO:colcon.colcon_core.shell:Creating prefix chain script '/home/ilyas/ros2_ws/install/setup.zsh'
