[0.114s] Invoking command in '/home/ilyas/ros2_ws/build/robotic_chair_description': CMAKE_PREFIX_PATH=${CMAKE_PREFIX_PATH}:/home/ilyas/ros2_ws/install/robotic_chair_nav:/home/ilyas/ros2_ws/install/my_first_package:/home/ilyas/ros2_ws/src/robotic_chair_nav/install/robotic_chair_nav:/home/ilyas/ros2_ws/src/install/robotic_chair_nav:/home/ilyas/ros2_ws/src/install/my_first_package:/opt/ros/humble /usr/bin/cmake --build /home/ilyas/ros2_ws/build/robotic_chair_description -- -j3 -l3
[0.957s] Invoked command in '/home/ilyas/ros2_ws/build/robotic_chair_description' returned '0': CMAKE_PREFIX_PATH=${CMAKE_PREFIX_PATH}:/home/ilyas/ros2_ws/install/robotic_chair_nav:/home/ilyas/ros2_ws/install/my_first_package:/home/ilyas/ros2_ws/src/robotic_chair_nav/install/robotic_chair_nav:/home/ilyas/ros2_ws/src/install/robotic_chair_nav:/home/ilyas/ros2_ws/src/install/my_first_package:/opt/ros/humble /usr/bin/cmake --build /home/ilyas/ros2_ws/build/robotic_chair_description -- -j3 -l3
[1.019s] Invoking command in '/home/ilyas/ros2_ws/build/robotic_chair_description': CMAKE_PREFIX_PATH=${CMAKE_PREFIX_PATH}:/home/ilyas/ros2_ws/install/robotic_chair_nav:/home/ilyas/ros2_ws/install/my_first_package:/home/ilyas/ros2_ws/src/robotic_chair_nav/install/robotic_chair_nav:/home/ilyas/ros2_ws/src/install/robotic_chair_nav:/home/ilyas/ros2_ws/src/install/my_first_package:/opt/ros/humble /usr/bin/cmake --install /home/ilyas/ros2_ws/build/robotic_chair_description
[1.091s] -- Install configuration: ""
[1.092s] -- Up-to-date: /home/ilyas/ros2_ws/install/robotic_chair_description/share/robotic_chair_description/urdf
[1.092s] -- Installing: /home/ilyas/ros2_ws/install/robotic_chair_description/share/robotic_chair_description/urdf/chair.urdf
[1.092s] -- Up-to-date: /home/ilyas/ros2_ws/install/robotic_chair_description/share/robotic_chair_description/launch
[1.092s] -- Up-to-date: /home/ilyas/ros2_ws/install/robotic_chair_description/share/robotic_chair_description/launch/sim.launch.py
[1.092s] -- Up-to-date: /home/ilyas/ros2_ws/install/robotic_chair_description/share/ament_index/resource_index/package_run_dependencies/robotic_chair_description
[1.092s] -- Up-to-date: /home/ilyas/ros2_ws/install/robotic_chair_description/share/ament_index/resource_index/parent_prefix_path/robotic_chair_description
[1.092s] -- Up-to-date: /home/ilyas/ros2_ws/install/robotic_chair_description/share/robotic_chair_description/environment/ament_prefix_path.sh
[1.092s] -- Up-to-date: /home/ilyas/ros2_ws/install/robotic_chair_description/share/robotic_chair_description/environment/ament_prefix_path.dsv
[1.092s] -- Up-to-date: /home/ilyas/ros2_ws/install/robotic_chair_description/share/robotic_chair_description/environment/path.sh
[1.092s] -- Up-to-date: /home/ilyas/ros2_ws/install/robotic_chair_description/share/robotic_chair_description/environment/path.dsv
[1.092s] -- Up-to-date: /home/ilyas/ros2_ws/install/robotic_chair_description/share/robotic_chair_description/local_setup.bash
[1.092s] -- Up-to-date: /home/ilyas/ros2_ws/install/robotic_chair_description/share/robotic_chair_description/local_setup.sh
[1.092s] -- Up-to-date: /home/ilyas/ros2_ws/install/robotic_chair_description/share/robotic_chair_description/local_setup.zsh
[1.092s] -- Up-to-date: /home/ilyas/ros2_ws/install/robotic_chair_description/share/robotic_chair_description/local_setup.dsv
[1.092s] -- Installing: /home/ilyas/ros2_ws/install/robotic_chair_description/share/robotic_chair_description/package.dsv
[1.092s] -- Up-to-date: /home/ilyas/ros2_ws/install/robotic_chair_description/share/ament_index/resource_index/packages/robotic_chair_description
[1.092s] -- Up-to-date: /home/ilyas/ros2_ws/install/robotic_chair_description/share/robotic_chair_description/cmake/robotic_chair_descriptionConfig.cmake
[1.093s] -- Up-to-date: /home/ilyas/ros2_ws/install/robotic_chair_description/share/robotic_chair_description/cmake/robotic_chair_descriptionConfig-version.cmake
[1.093s] -- Up-to-date: /home/ilyas/ros2_ws/install/robotic_chair_description/share/robotic_chair_description/package.xml
[1.112s] Invoked command in '/home/ilyas/ros2_ws/build/robotic_chair_description' returned '0': CMAKE_PREFIX_PATH=${CMAKE_PREFIX_PATH}:/home/ilyas/ros2_ws/install/robotic_chair_nav:/home/ilyas/ros2_ws/install/my_first_package:/home/ilyas/ros2_ws/src/robotic_chair_nav/install/robotic_chair_nav:/home/ilyas/ros2_ws/src/install/robotic_chair_nav:/home/ilyas/ros2_ws/src/install/my_first_package:/opt/ros/humble /usr/bin/cmake --install /home/ilyas/ros2_ws/build/robotic_chair_description
