[2.750s] Invoking command in '/home/ilyas/ros2_ws/src/my_first_package': PYTHONPATH=/home/ilyas/ros2_ws/src/build/my_first_package/prefix_override:/usr/lib/python3/dist-packages/colcon_core/task/python/colcon_distutils_commands:/home/ilyas/ros2_ws/src/install/my_first_package/lib/python3.10/site-packages:${PYTHONPATH} /usr/bin/python3 -W ignore:setup.py install is deprecated -W ignore:easy_install command is deprecated setup.py egg_info --egg-base ../build/my_first_package build --build-base /home/ilyas/ros2_ws/src/build/my_first_package/build install --record /home/ilyas/ros2_ws/src/build/my_first_package/install.log --single-version-externally-managed install_data
[3.255s] running egg_info
[3.255s] writing ../build/my_first_package/my_first_package.egg-info/PKG-INFO
[3.388s] writing dependency_links to ../build/my_first_package/my_first_package.egg-info/dependency_links.txt
[3.388s] writing entry points to ../build/my_first_package/my_first_package.egg-info/entry_points.txt
[3.389s] writing requirements to ../build/my_first_package/my_first_package.egg-info/requires.txt
[3.389s] writing top-level names to ../build/my_first_package/my_first_package.egg-info/top_level.txt
[3.389s] reading manifest file '../build/my_first_package/my_first_package.egg-info/SOURCES.txt'
[3.389s] writing manifest file '../build/my_first_package/my_first_package.egg-info/SOURCES.txt'
[3.389s] running build
[3.389s] running build_py
[3.389s] running install
[3.389s] running install_lib
[3.389s] running install_data
[3.389s] running install_egg_info
[3.389s] removing '/home/ilyas/ros2_ws/src/install/my_first_package/lib/python3.10/site-packages/my_first_package-0.0.0-py3.10.egg-info' (and everything under it)
[3.389s] Copying ../build/my_first_package/my_first_package.egg-info to /home/ilyas/ros2_ws/src/install/my_first_package/lib/python3.10/site-packages/my_first_package-0.0.0-py3.10.egg-info
[3.389s] running install_scripts
[3.390s] Installing publisher script to /home/ilyas/ros2_ws/src/install/my_first_package/lib/my_first_package
[3.390s] Installing subscriber script to /home/ilyas/ros2_ws/src/install/my_first_package/lib/my_first_package
[3.390s] writing list of installed files to '/home/ilyas/ros2_ws/src/build/my_first_package/install.log'
[3.541s] Invoked command in '/home/ilyas/ros2_ws/src/my_first_package' returned '0': PYTHONPATH=/home/ilyas/ros2_ws/src/build/my_first_package/prefix_override:/usr/lib/python3/dist-packages/colcon_core/task/python/colcon_distutils_commands:/home/ilyas/ros2_ws/src/install/my_first_package/lib/python3.10/site-packages:${PYTHONPATH} /usr/bin/python3 -W ignore:setup.py install is deprecated -W ignore:easy_install command is deprecated setup.py egg_info --egg-base ../build/my_first_package build --build-base /home/ilyas/ros2_ws/src/build/my_first_package/build install --record /home/ilyas/ros2_ws/src/build/my_first_package/install.log --single-version-externally-managed install_data
