[4.290s] Invoking command in '/home/ilyas/ros2_ws/src/my_first_package': PYTHONPATH=/home/ilyas/ros2_ws/src/build/my_first_package/prefix_override:/usr/lib/python3/dist-packages/colcon_core/task/python/colcon_distutils_commands:/home/ilyas/ros2_ws/src/install/my_first_package/lib/python3.10/site-packages:${PYTHONPATH} /usr/bin/python3 -W ignore:setup.py install is deprecated -W ignore:easy_install command is deprecated setup.py egg_info --egg-base ../build/my_first_package build --build-base /home/ilyas/ros2_ws/src/build/my_first_package/build install --record /home/ilyas/ros2_ws/src/build/my_first_package/install.log --single-version-externally-managed install_data
[4.725s] running egg_info
[4.725s] writing ../build/my_first_package/my_first_package.egg-info/PKG-INFO
[4.767s] writing dependency_links to ../build/my_first_package/my_first_package.egg-info/dependency_links.txt
[4.870s] writing entry points to ../build/my_first_package/my_first_package.egg-info/entry_points.txt
[4.870s] writing requirements to ../build/my_first_package/my_first_package.egg-info/requires.txt
[4.987s] writing top-level names to ../build/my_first_package/my_first_package.egg-info/top_level.txt
[4.988s] reading manifest file '../build/my_first_package/my_first_package.egg-info/SOURCES.txt'
[4.989s] writing manifest file '../build/my_first_package/my_first_package.egg-info/SOURCES.txt'
[4.991s] running build
[4.991s] running build_py
[4.991s] running install
[4.991s] running install_lib
[5.016s] running install_data
[5.017s] running install_egg_info
[5.029s] removing '/home/ilyas/ros2_ws/src/install/my_first_package/lib/python3.10/site-packages/my_first_package-0.0.0-py3.10.egg-info' (and everything under it)
[5.111s] Copying ../build/my_first_package/my_first_package.egg-info to /home/ilyas/ros2_ws/src/install/my_first_package/lib/python3.10/site-packages/my_first_package-0.0.0-py3.10.egg-info
[5.111s] running install_scripts
[5.111s] Installing publisher script to /home/ilyas/ros2_ws/src/install/my_first_package/lib/my_first_package
[5.355s] Installing subscriber script to /home/ilyas/ros2_ws/src/install/my_first_package/lib/my_first_package
[5.355s] writing list of installed files to '/home/ilyas/ros2_ws/src/build/my_first_package/install.log'
[5.410s] Invoked command in '/home/ilyas/ros2_ws/src/my_first_package' returned '0': PYTHONPATH=/home/ilyas/ros2_ws/src/build/my_first_package/prefix_override:/usr/lib/python3/dist-packages/colcon_core/task/python/colcon_distutils_commands:/home/ilyas/ros2_ws/src/install/my_first_package/lib/python3.10/site-packages:${PYTHONPATH} /usr/bin/python3 -W ignore:setup.py install is deprecated -W ignore:easy_install command is deprecated setup.py egg_info --egg-base ../build/my_first_package build --build-base /home/ilyas/ros2_ws/src/build/my_first_package/build install --record /home/ilyas/ros2_ws/src/build/my_first_package/install.log --single-version-externally-managed install_data
