[0.415s] Invoking command in '/home/ilyas/ros2_ws/src/build/robotic_chair_description': CMAKE_PREFIX_PATH=${CMAKE_PREFIX_PATH}:/home/ilyas/ros2_ws/src/install/robotic_chair_nav:/home/ilyas/ros2_ws/install/rqt_joint_trajectory_controller:/home/ilyas/ros2_ws/install/ros2_controllers_test_nodes:/home/ilyas/ros2_ws/install/my_first_package:/opt/ros/humble /usr/bin/cmake /home/ilyas/ros2_ws/src/robotic_chair_description -DCMAKE_INSTALL_PREFIX=/home/ilyas/ros2_ws/src/install/robotic_chair_description
[2.604s] -- The C compiler identification is GNU 11.4.0
[3.744s] -- The CXX compiler identification is GNU 11.4.0
[3.936s] -- Detecting C compiler ABI info
[4.766s] -- Detecting C compiler ABI info - done
[4.772s] -- Check for working C compiler: /usr/bin/cc - skipped
[4.796s] -- Detecting C compile features
[4.823s] -- Detecting C compile features - done
[4.866s] -- Detecting CXX compiler ABI info
[5.132s] -- Detecting CXX compiler ABI info - done
[5.132s] -- Check for working CXX compiler: /usr/bin/c++ - skipped
[5.132s] -- Detecting CXX compile features
[5.132s] -- Detecting CXX compile features - done
[5.251s] -- Found ament_cmake: 1.3.12 (/opt/ros/humble/share/ament_cmake/cmake)
[5.671s] -- Found Python3: /usr/bin/python3 (found version "3.10.12") found components: Interpreter 
[6.362s] -- Configuring done
[6.364s] -- Generating done
[6.369s] -- Build files have been written to: /home/ilyas/ros2_ws/src/build/robotic_chair_description
[6.405s] Invoked command in '/home/ilyas/ros2_ws/src/build/robotic_chair_description' returned '0': CMAKE_PREFIX_PATH=${CMAKE_PREFIX_PATH}:/home/ilyas/ros2_ws/src/install/robotic_chair_nav:/home/ilyas/ros2_ws/install/rqt_joint_trajectory_controller:/home/ilyas/ros2_ws/install/ros2_controllers_test_nodes:/home/ilyas/ros2_ws/install/my_first_package:/opt/ros/humble /usr/bin/cmake /home/ilyas/ros2_ws/src/robotic_chair_description -DCMAKE_INSTALL_PREFIX=/home/ilyas/ros2_ws/src/install/robotic_chair_description
[6.405s] Invoking command in '/home/ilyas/ros2_ws/src/build/robotic_chair_description': CMAKE_PREFIX_PATH=${CMAKE_PREFIX_PATH}:/home/ilyas/ros2_ws/src/install/robotic_chair_nav:/home/ilyas/ros2_ws/install/rqt_joint_trajectory_controller:/home/ilyas/ros2_ws/install/ros2_controllers_test_nodes:/home/ilyas/ros2_ws/install/my_first_package:/opt/ros/humble /usr/bin/cmake --build /home/ilyas/ros2_ws/src/build/robotic_chair_description -- -j3 -l3
[6.439s] Invoked command in '/home/ilyas/ros2_ws/src/build/robotic_chair_description' returned '0': CMAKE_PREFIX_PATH=${CMAKE_PREFIX_PATH}:/home/ilyas/ros2_ws/src/install/robotic_chair_nav:/home/ilyas/ros2_ws/install/rqt_joint_trajectory_controller:/home/ilyas/ros2_ws/install/ros2_controllers_test_nodes:/home/ilyas/ros2_ws/install/my_first_package:/opt/ros/humble /usr/bin/cmake --build /home/ilyas/ros2_ws/src/build/robotic_chair_description -- -j3 -l3
[6.461s] Invoking command in '/home/ilyas/ros2_ws/src/build/robotic_chair_description': CMAKE_PREFIX_PATH=${CMAKE_PREFIX_PATH}:/home/ilyas/ros2_ws/src/install/robotic_chair_nav:/home/ilyas/ros2_ws/install/rqt_joint_trajectory_controller:/home/ilyas/ros2_ws/install/ros2_controllers_test_nodes:/home/ilyas/ros2_ws/install/my_first_package:/opt/ros/humble /usr/bin/cmake --install /home/ilyas/ros2_ws/src/build/robotic_chair_description
[6.470s] -- Install configuration: ""
[6.470s] -- Installing: /home/ilyas/ros2_ws/src/install/robotic_chair_description/share/robotic_chair_description/urdf
[6.470s] -- Installing: /home/ilyas/ros2_ws/src/install/robotic_chair_description/share/robotic_chair_description/urdf/chair.urdf
[6.488s] -- Installing: /home/ilyas/ros2_ws/src/install/robotic_chair_description/share/robotic_chair_description/launch
[6.489s] -- Installing: /home/ilyas/ros2_ws/src/install/robotic_chair_description/share/robotic_chair_description/launch/sim.launch.py
[6.489s] -- Installing: /home/ilyas/ros2_ws/src/install/robotic_chair_description/share/ament_index/resource_index/package_run_dependencies/robotic_chair_description
[6.489s] -- Installing: /home/ilyas/ros2_ws/src/install/robotic_chair_description/share/ament_index/resource_index/parent_prefix_path/robotic_chair_description
[6.489s] -- Installing: /home/ilyas/ros2_ws/src/install/robotic_chair_description/share/robotic_chair_description/environment/ament_prefix_path.sh
[6.489s] -- Installing: /home/ilyas/ros2_ws/src/install/robotic_chair_description/share/robotic_chair_description/environment/ament_prefix_path.dsv
[6.490s] -- Installing: /home/ilyas/ros2_ws/src/install/robotic_chair_description/share/robotic_chair_description/environment/path.sh
[6.490s] -- Installing: /home/ilyas/ros2_ws/src/install/robotic_chair_description/share/robotic_chair_description/environment/path.dsv
[6.490s] -- Installing: /home/ilyas/ros2_ws/src/install/robotic_chair_description/share/robotic_chair_description/local_setup.bash
[6.491s] -- Installing: /home/ilyas/ros2_ws/src/install/robotic_chair_description/share/robotic_chair_description/local_setup.sh
[6.491s] -- Installing: /home/ilyas/ros2_ws/src/install/robotic_chair_description/share/robotic_chair_description/local_setup.zsh
[6.494s] -- Installing: /home/ilyas/ros2_ws/src/install/robotic_chair_description/share/robotic_chair_description/local_setup.dsv
[6.494s] -- Installing: /home/ilyas/ros2_ws/src/install/robotic_chair_description/share/robotic_chair_description/package.dsv
[6.494s] -- Installing: /home/ilyas/ros2_ws/src/install/robotic_chair_description/share/ament_index/resource_index/packages/robotic_chair_description
[6.495s] -- Installing: /home/ilyas/ros2_ws/src/install/robotic_chair_description/share/robotic_chair_description/cmake/robotic_chair_descriptionConfig.cmake
[6.495s] -- Installing: /home/ilyas/ros2_ws/src/install/robotic_chair_description/share/robotic_chair_description/cmake/robotic_chair_descriptionConfig-version.cmake
[6.495s] -- Installing: /home/ilyas/ros2_ws/src/install/robotic_chair_description/share/robotic_chair_description/package.xml
[6.501s] Invoked command in '/home/ilyas/ros2_ws/src/build/robotic_chair_description' returned '0': CMAKE_PREFIX_PATH=${CMAKE_PREFIX_PATH}:/home/ilyas/ros2_ws/src/install/robotic_chair_nav:/home/ilyas/ros2_ws/install/rqt_joint_trajectory_controller:/home/ilyas/ros2_ws/install/ros2_controllers_test_nodes:/home/ilyas/ros2_ws/install/my_first_package:/opt/ros/humble /usr/bin/cmake --install /home/ilyas/ros2_ws/src/build/robotic_chair_description
