running egg_info
writing build/robotic_chair_nav/robotic_chair_nav.egg-info/PKG-INFO
writing dependency_links to build/robotic_chair_nav/robotic_chair_nav.egg-info/dependency_links.txt
writing entry points to build/robotic_chair_nav/robotic_chair_nav.egg-info/entry_points.txt
writing requirements to build/robotic_chair_nav/robotic_chair_nav.egg-info/requires.txt
writing top-level names to build/robotic_chair_nav/robotic_chair_nav.egg-info/top_level.txt
reading manifest file 'build/robotic_chair_nav/robotic_chair_nav.egg-info/SOURCES.txt'
writing manifest file 'build/robotic_chair_nav/robotic_chair_nav.egg-info/SOURCES.txt'
running build
running build_py
running install
running install_lib
running install_data
running install_egg_info
removing '/home/ilyas/ros2_ws/src/robotic_chair_nav/install/robotic_chair_nav/lib/python3.10/site-packages/robotic_chair_nav-0.0.1-py3.10.egg-info' (and everything under it)
Copying build/robotic_chair_nav/robotic_chair_nav.egg-info to /home/ilyas/ros2_ws/src/robotic_chair_nav/install/robotic_chair_nav/lib/python3.10/site-packages/robotic_chair_nav-0.0.1-py3.10.egg-info
running install_scripts
Installing move_forward script to /home/ilyas/ros2_ws/src/robotic_chair_nav/install/robotic_chair_nav/lib/robotic_chair_nav
Installing obstacle_stop_node script to /home/ilyas/ros2_ws/src/robotic_chair_nav/install/robotic_chair_nav/lib/robotic_chair_nav
writing list of installed files to '/home/ilyas/ros2_ws/src/robotic_chair_nav/build/robotic_chair_nav/install.log'
