[1.959s] Invoking command in '/home/ilyas/ros2_ws/src/my_first_package': PYTHONPATH=/home/ilyas/ros2_ws/build/my_first_package/prefix_override:/usr/lib/python3/dist-packages/colcon_core/task/python/colcon_distutils_commands:/home/ilyas/ros2_ws/install/my_first_package/lib/python3.10/site-packages:${PYTHONPATH} /usr/bin/python3 -W ignore:setup.py install is deprecated -W ignore:easy_install command is deprecated setup.py egg_info --egg-base ../../build/my_first_package build --build-base /home/ilyas/ros2_ws/build/my_first_package/build install --record /home/ilyas/ros2_ws/build/my_first_package/install.log --single-version-externally-managed install_data
[2.401s] running egg_info
[2.401s] writing ../../build/my_first_package/my_first_package.egg-info/PKG-INFO
[2.401s] writing dependency_links to ../../build/my_first_package/my_first_package.egg-info/dependency_links.txt
[2.401s] writing entry points to ../../build/my_first_package/my_first_package.egg-info/entry_points.txt
[2.401s] writing requirements to ../../build/my_first_package/my_first_package.egg-info/requires.txt
[2.401s] writing top-level names to ../../build/my_first_package/my_first_package.egg-info/top_level.txt
[2.401s] reading manifest file '../../build/my_first_package/my_first_package.egg-info/SOURCES.txt'
[2.401s] writing manifest file '../../build/my_first_package/my_first_package.egg-info/SOURCES.txt'
[2.402s] running build
[2.402s] running build_py
[2.402s] running install
[2.402s] running install_lib
[2.477s] running install_data
[2.478s] running install_egg_info
[2.478s] removing '/home/ilyas/ros2_ws/install/my_first_package/lib/python3.10/site-packages/my_first_package-0.0.0-py3.10.egg-info' (and everything under it)
[2.479s] Copying ../../build/my_first_package/my_first_package.egg-info to /home/ilyas/ros2_ws/install/my_first_package/lib/python3.10/site-packages/my_first_package-0.0.0-py3.10.egg-info
[2.479s] running install_scripts
[2.480s] Installing publisher script to /home/ilyas/ros2_ws/install/my_first_package/lib/my_first_package
[2.480s] Installing subscriber script to /home/ilyas/ros2_ws/install/my_first_package/lib/my_first_package
[2.480s] writing list of installed files to '/home/ilyas/ros2_ws/build/my_first_package/install.log'
[2.509s] Invoked command in '/home/ilyas/ros2_ws/src/my_first_package' returned '0': PYTHONPATH=/home/ilyas/ros2_ws/build/my_first_package/prefix_override:/usr/lib/python3/dist-packages/colcon_core/task/python/colcon_distutils_commands:/home/ilyas/ros2_ws/install/my_first_package/lib/python3.10/site-packages:${PYTHONPATH} /usr/bin/python3 -W ignore:setup.py install is deprecated -W ignore:easy_install command is deprecated setup.py egg_info --egg-base ../../build/my_first_package build --build-base /home/ilyas/ros2_ws/build/my_first_package/build install --record /home/ilyas/ros2_ws/build/my_first_package/install.log --single-version-externally-managed install_data
