[6.586s] DEBUG:colcon:Command line arguments: ['/usr/bin/colcon', 'build']
[6.587s] DEBUG:colcon:Parsed command line arguments: Namespace(log_base=None, log_level=None, verb_name='build', build_base='build', install_base='install', merge_install=False, symlink_install=False, test_result_base=None, continue_on_error=False, executor='parallel', parallel_workers=3, event_handlers=None, ignore_user_meta=False, metas=['./colcon.meta'], base_paths=['.'], packages_ignore=None, packages_ignore_regex=None, paths=None, packages_up_to=None, packages_up_to_regex=None, packages_above=None, packages_above_and_dependencies=None, packages_above_depth=None, packages_select_by_dep=None, packages_skip_by_dep=None, packages_skip_up_to=None, packages_select_build_failed=False, packages_skip_build_finished=False, packages_select_test_failures=False, packages_skip_test_passed=False, packages_select=None, packages_skip=None, packages_select_regex=None, packages_skip_regex=None, packages_start=None, packages_end=None, allow_overriding=[], cmake_args=None, cmake_target=None, cmake_target_skip_unavailable=False, cmake_clean_cache=False, cmake_clean_first=False, cmake_force_configure=False, ament_cmake_args=None, catkin_cmake_args=None, catkin_skip_building_tests=False, mixin_files=None, mixin=None, verb_parser=<colcon_mixin.mixin.mixin_argument.MixinArgumentDecorator object at 0x7ab1bbb1f3a0>, verb_extension=<colcon_core.verb.build.BuildVerb object at 0x7ab1bbb1e530>, main=<bound method BuildVerb.main of <colcon_core.verb.build.BuildVerb object at 0x7ab1bbb1e530>>, mixin_verb=('build',))
[12.062s] Level 1:colcon.colcon_core.package_discovery:discover_packages(colcon_meta) check parameters
[12.063s] Level 1:colcon.colcon_core.package_discovery:discover_packages(recursive) check parameters
[12.063s] Level 1:colcon.colcon_core.package_discovery:discover_packages(ignore) check parameters
[12.064s] Level 1:colcon.colcon_core.package_discovery:discover_packages(path) check parameters
[12.064s] Level 1:colcon.colcon_core.package_discovery:discover_packages(colcon_meta) discover
[12.064s] Level 1:colcon.colcon_core.package_discovery:discover_packages(recursive) discover
[12.064s] INFO:colcon.colcon_core.package_discovery:Crawling recursively for packages in '/home/ilyas/ros2_ws'
[12.064s] Level 1:colcon.colcon_core.package_identification:_identify(.) by extensions ['ignore', 'ignore_ament_install']
[12.064s] Level 1:colcon.colcon_core.package_identification:_identify(.) by extension 'ignore'
[12.065s] Level 1:colcon.colcon_core.package_identification:_identify(.) by extension 'ignore_ament_install'
[12.065s] Level 1:colcon.colcon_core.package_identification:_identify(.) by extensions ['colcon_pkg']
[12.065s] Level 1:colcon.colcon_core.package_identification:_identify(.) by extension 'colcon_pkg'
[12.065s] Level 1:colcon.colcon_core.package_identification:_identify(.) by extensions ['colcon_meta']
[12.065s] Level 1:colcon.colcon_core.package_identification:_identify(.) by extension 'colcon_meta'
[12.065s] Level 1:colcon.colcon_core.package_identification:_identify(.) by extensions ['ros']
[12.065s] Level 1:colcon.colcon_core.package_identification:_identify(.) by extension 'ros'
[12.146s] Level 1:colcon.colcon_core.package_identification:_identify(.) by extensions ['cmake', 'python']
[12.147s] Level 1:colcon.colcon_core.package_identification:_identify(.) by extension 'cmake'
[12.147s] Level 1:colcon.colcon_core.package_identification:_identify(.) by extension 'python'
[12.147s] Level 1:colcon.colcon_core.package_identification:_identify(.) by extensions ['python_setup_py']
[12.147s] Level 1:colcon.colcon_core.package_identification:_identify(.) by extension 'python_setup_py'
[12.147s] Level 1:colcon.colcon_core.package_identification:_identify(build) by extensions ['ignore', 'ignore_ament_install']
[12.147s] Level 1:colcon.colcon_core.package_identification:_identify(build) by extension 'ignore'
[12.147s] Level 1:colcon.colcon_core.package_identification:_identify(build) ignored
[12.148s] Level 1:colcon.colcon_core.package_identification:_identify(install) by extensions ['ignore', 'ignore_ament_install']
[12.148s] Level 1:colcon.colcon_core.package_identification:_identify(install) by extension 'ignore'
[12.148s] Level 1:colcon.colcon_core.package_identification:_identify(install) ignored
[12.148s] Level 1:colcon.colcon_core.package_identification:_identify(log) by extensions ['ignore', 'ignore_ament_install']
[12.148s] Level 1:colcon.colcon_core.package_identification:_identify(log) by extension 'ignore'
[12.148s] Level 1:colcon.colcon_core.package_identification:_identify(log) ignored
[12.148s] Level 1:colcon.colcon_core.package_identification:_identify(src) by extensions ['ignore', 'ignore_ament_install']
[12.148s] Level 1:colcon.colcon_core.package_identification:_identify(src) by extension 'ignore'
[12.148s] Level 1:colcon.colcon_core.package_identification:_identify(src) by extension 'ignore_ament_install'
[12.148s] Level 1:colcon.colcon_core.package_identification:_identify(src) by extensions ['colcon_pkg']
[12.148s] Level 1:colcon.colcon_core.package_identification:_identify(src) by extension 'colcon_pkg'
[12.148s] Level 1:colcon.colcon_core.package_identification:_identify(src) by extensions ['colcon_meta']
[12.148s] Level 1:colcon.colcon_core.package_identification:_identify(src) by extension 'colcon_meta'
[12.148s] Level 1:colcon.colcon_core.package_identification:_identify(src) by extensions ['ros']
[12.148s] Level 1:colcon.colcon_core.package_identification:_identify(src) by extension 'ros'
[12.148s] Level 1:colcon.colcon_core.package_identification:_identify(src) by extensions ['cmake', 'python']
[12.148s] Level 1:colcon.colcon_core.package_identification:_identify(src) by extension 'cmake'
[12.149s] Level 1:colcon.colcon_core.package_identification:_identify(src) by extension 'python'
[12.149s] Level 1:colcon.colcon_core.package_identification:_identify(src) by extensions ['python_setup_py']
[12.149s] Level 1:colcon.colcon_core.package_identification:_identify(src) by extension 'python_setup_py'
[12.171s] Level 1:colcon.colcon_core.package_identification:_identify(src/build) by extensions ['ignore', 'ignore_ament_install']
[12.171s] Level 1:colcon.colcon_core.package_identification:_identify(src/build) by extension 'ignore'
[12.171s] Level 1:colcon.colcon_core.package_identification:_identify(src/build) ignored
[12.171s] Level 1:colcon.colcon_core.package_identification:_identify(src/install) by extensions ['ignore', 'ignore_ament_install']
[12.171s] Level 1:colcon.colcon_core.package_identification:_identify(src/install) by extension 'ignore'
[12.171s] Level 1:colcon.colcon_core.package_identification:_identify(src/install) ignored
[12.181s] Level 1:colcon.colcon_core.package_identification:_identify(src/log) by extensions ['ignore', 'ignore_ament_install']
[12.182s] Level 1:colcon.colcon_core.package_identification:_identify(src/log) by extension 'ignore'
[12.182s] Level 1:colcon.colcon_core.package_identification:_identify(src/log) ignored
[12.204s] Level 1:colcon.colcon_core.package_identification:_identify(src/robotic_chair_description) by extensions ['ignore', 'ignore_ament_install']
[12.204s] Level 1:colcon.colcon_core.package_identification:_identify(src/robotic_chair_description) by extension 'ignore'
[12.204s] Level 1:colcon.colcon_core.package_identification:_identify(src/robotic_chair_description) by extension 'ignore_ament_install'
[12.204s] Level 1:colcon.colcon_core.package_identification:_identify(src/robotic_chair_description) by extensions ['colcon_pkg']
[12.204s] Level 1:colcon.colcon_core.package_identification:_identify(src/robotic_chair_description) by extension 'colcon_pkg'
[12.204s] Level 1:colcon.colcon_core.package_identification:_identify(src/robotic_chair_description) by extensions ['colcon_meta']
[12.204s] Level 1:colcon.colcon_core.package_identification:_identify(src/robotic_chair_description) by extension 'colcon_meta'
[12.204s] Level 1:colcon.colcon_core.package_identification:_identify(src/robotic_chair_description) by extensions ['ros']
[12.204s] Level 1:colcon.colcon_core.package_identification:_identify(src/robotic_chair_description) by extension 'ros'
[12.264s] DEBUG:colcon.colcon_core.package_identification:Package 'src/robotic_chair_description' with type 'ros.ament_cmake' and name 'robotic_chair_description'
[12.264s] Level 1:colcon.colcon_core.package_identification:_identify(src/robotic_chair_nav) by extensions ['ignore', 'ignore_ament_install']
[12.265s] Level 1:colcon.colcon_core.package_identification:_identify(src/robotic_chair_nav) by extension 'ignore'
[12.265s] Level 1:colcon.colcon_core.package_identification:_identify(src/robotic_chair_nav) by extension 'ignore_ament_install'
[12.265s] Level 1:colcon.colcon_core.package_identification:_identify(src/robotic_chair_nav) by extensions ['colcon_pkg']
[12.265s] Level 1:colcon.colcon_core.package_identification:_identify(src/robotic_chair_nav) by extension 'colcon_pkg'
[12.265s] Level 1:colcon.colcon_core.package_identification:_identify(src/robotic_chair_nav) by extensions ['colcon_meta']
[12.265s] Level 1:colcon.colcon_core.package_identification:_identify(src/robotic_chair_nav) by extension 'colcon_meta'
[12.265s] Level 1:colcon.colcon_core.package_identification:_identify(src/robotic_chair_nav) by extensions ['ros']
[12.265s] Level 1:colcon.colcon_core.package_identification:_identify(src/robotic_chair_nav) by extension 'ros'
[12.297s] DEBUG:colcon.colcon_core.package_identification:Package 'src/robotic_chair_nav' with type 'ros.ament_python' and name 'robotic_chair_nav'
[12.325s] Level 1:colcon.colcon_core.package_identification:_identify(src/simple_world) by extensions ['ignore', 'ignore_ament_install']
[12.325s] Level 1:colcon.colcon_core.package_identification:_identify(src/simple_world) by extension 'ignore'
[12.326s] Level 1:colcon.colcon_core.package_identification:_identify(src/simple_world) by extension 'ignore_ament_install'
[12.326s] Level 1:colcon.colcon_core.package_identification:_identify(src/simple_world) by extensions ['colcon_pkg']
[12.326s] Level 1:colcon.colcon_core.package_identification:_identify(src/simple_world) by extension 'colcon_pkg'
[12.327s] Level 1:colcon.colcon_core.package_identification:_identify(src/simple_world) by extensions ['colcon_meta']
[12.327s] Level 1:colcon.colcon_core.package_identification:_identify(src/simple_world) by extension 'colcon_meta'
[12.327s] Level 1:colcon.colcon_core.package_identification:_identify(src/simple_world) by extensions ['ros']
[12.327s] Level 1:colcon.colcon_core.package_identification:_identify(src/simple_world) by extension 'ros'
[12.336s] DEBUG:colcon.colcon_core.package_identification:Package 'src/simple_world' with type 'ros.ament_cmake' and name 'simple_world'
[12.336s] Level 1:colcon.colcon_core.package_discovery:discover_packages(recursive) using defaults
[12.336s] Level 1:colcon.colcon_core.package_discovery:discover_packages(ignore) discover
[12.336s] Level 1:colcon.colcon_core.package_discovery:discover_packages(ignore) using defaults
[12.336s] Level 1:colcon.colcon_core.package_discovery:discover_packages(path) discover
[12.336s] Level 1:colcon.colcon_core.package_discovery:discover_packages(path) using defaults
[12.812s] Level 1:colcon.colcon_core.package_discovery:discover_packages(prefix_path) check parameters
[12.812s] Level 1:colcon.colcon_core.package_discovery:discover_packages(prefix_path) discover
[12.865s] DEBUG:colcon.colcon_installed_package_information.package_discovery:Found 4 installed packages in /home/ilyas/ros2_ws/install
[12.866s] DEBUG:colcon.colcon_installed_package_information.package_discovery:Found 1 installed packages in /home/ilyas/ros2_ws/src/robotic_chair_nav/install
[12.867s] DEBUG:colcon.colcon_installed_package_information.package_discovery:Found 3 installed packages in /home/ilyas/ros2_ws/src/install
[12.869s] DEBUG:colcon.colcon_installed_package_information.package_discovery:Found 330 installed packages in /opt/ros/humble
[12.872s] Level 1:colcon.colcon_core.package_discovery:discover_packages(prefix_path) using defaults
[13.098s] Level 5:colcon.colcon_core.verb:set package 'robotic_chair_description' build argument 'cmake_args' from command line to 'None'
[13.098s] Level 5:colcon.colcon_core.verb:set package 'robotic_chair_description' build argument 'cmake_target' from command line to 'None'
[13.098s] Level 5:colcon.colcon_core.verb:set package 'robotic_chair_description' build argument 'cmake_target_skip_unavailable' from command line to 'False'
[13.098s] Level 5:colcon.colcon_core.verb:set package 'robotic_chair_description' build argument 'cmake_clean_cache' from command line to 'False'
[13.098s] Level 5:colcon.colcon_core.verb:set package 'robotic_chair_description' build argument 'cmake_clean_first' from command line to 'False'
[13.098s] Level 5:colcon.colcon_core.verb:set package 'robotic_chair_description' build argument 'cmake_force_configure' from command line to 'False'
[13.098s] Level 5:colcon.colcon_core.verb:set package 'robotic_chair_description' build argument 'ament_cmake_args' from command line to 'None'
[13.098s] Level 5:colcon.colcon_core.verb:set package 'robotic_chair_description' build argument 'catkin_cmake_args' from command line to 'None'
[13.098s] Level 5:colcon.colcon_core.verb:set package 'robotic_chair_description' build argument 'catkin_skip_building_tests' from command line to 'False'
[13.098s] DEBUG:colcon.colcon_core.verb:Building package 'robotic_chair_description' with the following arguments: {'ament_cmake_args': None, 'build_base': '/home/ilyas/ros2_ws/build/robotic_chair_description', 'catkin_cmake_args': None, 'catkin_skip_building_tests': False, 'cmake_args': None, 'cmake_clean_cache': False, 'cmake_clean_first': False, 'cmake_force_configure': False, 'cmake_target': None, 'cmake_target_skip_unavailable': False, 'install_base': '/home/ilyas/ros2_ws/install/robotic_chair_description', 'merge_install': False, 'path': '/home/ilyas/ros2_ws/src/robotic_chair_description', 'symlink_install': False, 'test_result_base': None}
[13.099s] Level 5:colcon.colcon_core.verb:set package 'robotic_chair_nav' build argument 'cmake_args' from command line to 'None'
[13.099s] Level 5:colcon.colcon_core.verb:set package 'robotic_chair_nav' build argument 'cmake_target' from command line to 'None'
[13.099s] Level 5:colcon.colcon_core.verb:set package 'robotic_chair_nav' build argument 'cmake_target_skip_unavailable' from command line to 'False'
[13.099s] Level 5:colcon.colcon_core.verb:set package 'robotic_chair_nav' build argument 'cmake_clean_cache' from command line to 'False'
[13.099s] Level 5:colcon.colcon_core.verb:set package 'robotic_chair_nav' build argument 'cmake_clean_first' from command line to 'False'
[13.099s] Level 5:colcon.colcon_core.verb:set package 'robotic_chair_nav' build argument 'cmake_force_configure' from command line to 'False'
[13.099s] Level 5:colcon.colcon_core.verb:set package 'robotic_chair_nav' build argument 'ament_cmake_args' from command line to 'None'
[13.099s] Level 5:colcon.colcon_core.verb:set package 'robotic_chair_nav' build argument 'catkin_cmake_args' from command line to 'None'
[13.099s] Level 5:colcon.colcon_core.verb:set package 'robotic_chair_nav' build argument 'catkin_skip_building_tests' from command line to 'False'
[13.099s] DEBUG:colcon.colcon_core.verb:Building package 'robotic_chair_nav' with the following arguments: {'ament_cmake_args': None, 'build_base': '/home/ilyas/ros2_ws/build/robotic_chair_nav', 'catkin_cmake_args': None, 'catkin_skip_building_tests': False, 'cmake_args': None, 'cmake_clean_cache': False, 'cmake_clean_first': False, 'cmake_force_configure': False, 'cmake_target': None, 'cmake_target_skip_unavailable': False, 'install_base': '/home/ilyas/ros2_ws/install/robotic_chair_nav', 'merge_install': False, 'path': '/home/ilyas/ros2_ws/src/robotic_chair_nav', 'symlink_install': False, 'test_result_base': None}
[13.099s] Level 5:colcon.colcon_core.verb:set package 'simple_world' build argument 'cmake_args' from command line to 'None'
[13.099s] Level 5:colcon.colcon_core.verb:set package 'simple_world' build argument 'cmake_target' from command line to 'None'
[13.099s] Level 5:colcon.colcon_core.verb:set package 'simple_world' build argument 'cmake_target_skip_unavailable' from command line to 'False'
[13.099s] Level 5:colcon.colcon_core.verb:set package 'simple_world' build argument 'cmake_clean_cache' from command line to 'False'
[13.099s] Level 5:colcon.colcon_core.verb:set package 'simple_world' build argument 'cmake_clean_first' from command line to 'False'
[13.099s] Level 5:colcon.colcon_core.verb:set package 'simple_world' build argument 'cmake_force_configure' from command line to 'False'
[13.099s] Level 5:colcon.colcon_core.verb:set package 'simple_world' build argument 'ament_cmake_args' from command line to 'None'
[13.099s] Level 5:colcon.colcon_core.verb:set package 'simple_world' build argument 'catkin_cmake_args' from command line to 'None'
[13.099s] Level 5:colcon.colcon_core.verb:set package 'simple_world' build argument 'catkin_skip_building_tests' from command line to 'False'
[13.099s] DEBUG:colcon.colcon_core.verb:Building package 'simple_world' with the following arguments: {'ament_cmake_args': None, 'build_base': '/home/ilyas/ros2_ws/build/simple_world', 'catkin_cmake_args': None, 'catkin_skip_building_tests': False, 'cmake_args': None, 'cmake_clean_cache': False, 'cmake_clean_first': False, 'cmake_force_configure': False, 'cmake_target': None, 'cmake_target_skip_unavailable': False, 'install_base': '/home/ilyas/ros2_ws/install/simple_world', 'merge_install': False, 'path': '/home/ilyas/ros2_ws/src/simple_world', 'symlink_install': False, 'test_result_base': None}
[13.100s] INFO:colcon.colcon_core.executor:Executing jobs using 'parallel' executor
[13.101s] DEBUG:colcon.colcon_parallel_executor.executor.parallel:run_until_complete
[13.102s] INFO:colcon.colcon_ros.task.ament_cmake.build:Building ROS package in '/home/ilyas/ros2_ws/src/robotic_chair_description' with build type 'ament_cmake'
[13.102s] INFO:colcon.colcon_cmake.task.cmake.build:Building CMake package in '/home/ilyas/ros2_ws/src/robotic_chair_description'
[13.188s] INFO:colcon.colcon_core.plugin_system:Skipping extension 'colcon_core.shell.bat': Not used on non-Windows systems
[13.188s] INFO:colcon.colcon_core.shell:Skip shell extension 'powershell' for command environment: Not usable outside of PowerShell
[13.188s] DEBUG:colcon.colcon_core.shell:Skip shell extension 'dsv' for command environment
[13.223s] INFO:colcon.colcon_ros.task.ament_python.build:Building ROS package in '/home/ilyas/ros2_ws/src/robotic_chair_nav' with build type 'ament_python'
[13.224s] Level 1:colcon.colcon_core.shell:create_environment_hook('robotic_chair_nav', 'ament_prefix_path')
[13.224s] INFO:colcon.colcon_core.shell:Creating environment hook '/home/ilyas/ros2_ws/install/robotic_chair_nav/share/robotic_chair_nav/hook/ament_prefix_path.ps1'
[13.240s] INFO:colcon.colcon_core.shell:Creating environment descriptor '/home/ilyas/ros2_ws/install/robotic_chair_nav/share/robotic_chair_nav/hook/ament_prefix_path.dsv'
[13.245s] INFO:colcon.colcon_core.shell:Creating environment hook '/home/ilyas/ros2_ws/install/robotic_chair_nav/share/robotic_chair_nav/hook/ament_prefix_path.sh'
[13.248s] INFO:colcon.colcon_core.shell:Skip shell extension 'powershell' for command environment: Not usable outside of PowerShell
[13.248s] DEBUG:colcon.colcon_core.shell:Skip shell extension 'dsv' for command environment
[13.259s] INFO:colcon.colcon_ros.task.ament_cmake.build:Building ROS package in '/home/ilyas/ros2_ws/src/simple_world' with build type 'ament_cmake'
[13.259s] INFO:colcon.colcon_cmake.task.cmake.build:Building CMake package in '/home/ilyas/ros2_ws/src/simple_world'
[13.259s] INFO:colcon.colcon_core.shell:Skip shell extension 'powershell' for command environment: Not usable outside of PowerShell
[13.259s] DEBUG:colcon.colcon_core.shell:Skip shell extension 'dsv' for command environment
[13.313s] DEBUG:colcon.colcon_core.event_handler.log_command:Invoking command in '/home/ilyas/ros2_ws/build/robotic_chair_description': CMAKE_PREFIX_PATH=${CMAKE_PREFIX_PATH}:/home/ilyas/ros2_ws/install/robotic_chair_nav:/home/ilyas/ros2_ws/install/my_first_package:/home/ilyas/ros2_ws/src/robotic_chair_nav/install/robotic_chair_nav:/home/ilyas/ros2_ws/src/install/robotic_chair_nav:/home/ilyas/ros2_ws/src/install/my_first_package:/opt/ros/humble /usr/bin/cmake --build /home/ilyas/ros2_ws/build/robotic_chair_description -- -j3 -l3
[13.944s] INFO:colcon.colcon_core.task.python.build:Building Python package in '/home/ilyas/ros2_ws/src/robotic_chair_nav'
[13.944s] INFO:colcon.colcon_core.shell:Skip shell extension 'powershell' for command environment: Not usable outside of PowerShell
[13.944s] DEBUG:colcon.colcon_core.shell:Skip shell extension 'dsv' for command environment
[13.988s] DEBUG:colcon.colcon_core.event_handler.log_command:Invoking command in '/home/ilyas/ros2_ws/build/simple_world': CMAKE_PREFIX_PATH=${CMAKE_PREFIX_PATH}:/home/ilyas/ros2_ws/install/robotic_chair_nav:/home/ilyas/ros2_ws/install/my_first_package:/home/ilyas/ros2_ws/src/robotic_chair_nav/install/robotic_chair_nav:/home/ilyas/ros2_ws/src/install/robotic_chair_nav:/home/ilyas/ros2_ws/src/install/my_first_package:/opt/ros/humble /usr/bin/cmake --build /home/ilyas/ros2_ws/build/simple_world -- -j3 -l3
[14.718s] DEBUG:colcon.colcon_core.event_handler.log_command:Invoked command in '/home/ilyas/ros2_ws/build/simple_world' returned '0': CMAKE_PREFIX_PATH=${CMAKE_PREFIX_PATH}:/home/ilyas/ros2_ws/install/robotic_chair_nav:/home/ilyas/ros2_ws/install/my_first_package:/home/ilyas/ros2_ws/src/robotic_chair_nav/install/robotic_chair_nav:/home/ilyas/ros2_ws/src/install/robotic_chair_nav:/home/ilyas/ros2_ws/src/install/my_first_package:/opt/ros/humble /usr/bin/cmake --build /home/ilyas/ros2_ws/build/simple_world -- -j3 -l3
[14.758s] DEBUG:colcon.colcon_core.event_handler.log_command:Invoking command in '/home/ilyas/ros2_ws/build/simple_world': CMAKE_PREFIX_PATH=${CMAKE_PREFIX_PATH}:/home/ilyas/ros2_ws/install/robotic_chair_nav:/home/ilyas/ros2_ws/install/my_first_package:/home/ilyas/ros2_ws/src/robotic_chair_nav/install/robotic_chair_nav:/home/ilyas/ros2_ws/src/install/robotic_chair_nav:/home/ilyas/ros2_ws/src/install/my_first_package:/opt/ros/humble /usr/bin/cmake --install /home/ilyas/ros2_ws/build/simple_world
[14.761s] DEBUG:colcon.colcon_core.event_handler.log_command:Invoked command in '/home/ilyas/ros2_ws/build/robotic_chair_description' returned '0': CMAKE_PREFIX_PATH=${CMAKE_PREFIX_PATH}:/home/ilyas/ros2_ws/install/robotic_chair_nav:/home/ilyas/ros2_ws/install/my_first_package:/home/ilyas/ros2_ws/src/robotic_chair_nav/install/robotic_chair_nav:/home/ilyas/ros2_ws/src/install/robotic_chair_nav:/home/ilyas/ros2_ws/src/install/my_first_package:/opt/ros/humble /usr/bin/cmake --build /home/ilyas/ros2_ws/build/robotic_chair_description -- -j3 -l3
[14.846s] DEBUG:colcon.colcon_core.event_handler.log_command:Invoking command in '/home/ilyas/ros2_ws/build/robotic_chair_description': CMAKE_PREFIX_PATH=${CMAKE_PREFIX_PATH}:/home/ilyas/ros2_ws/install/robotic_chair_nav:/home/ilyas/ros2_ws/install/my_first_package:/home/ilyas/ros2_ws/src/robotic_chair_nav/install/robotic_chair_nav:/home/ilyas/ros2_ws/src/install/robotic_chair_nav:/home/ilyas/ros2_ws/src/install/my_first_package:/opt/ros/humble /usr/bin/cmake --install /home/ilyas/ros2_ws/build/robotic_chair_description
[15.845s] Level 1:colcon.colcon_core.environment:create_environment_scripts_only(simple_world)
[15.846s] DEBUG:colcon.colcon_core.event_handler.log_command:Invoked command in '/home/ilyas/ros2_ws/build/simple_world' returned '0': CMAKE_PREFIX_PATH=${CMAKE_PREFIX_PATH}:/home/ilyas/ros2_ws/install/robotic_chair_nav:/home/ilyas/ros2_ws/install/my_first_package:/home/ilyas/ros2_ws/src/robotic_chair_nav/install/robotic_chair_nav:/home/ilyas/ros2_ws/src/install/robotic_chair_nav:/home/ilyas/ros2_ws/src/install/my_first_package:/opt/ros/humble /usr/bin/cmake --install /home/ilyas/ros2_ws/build/simple_world
[16.118s] Level 1:colcon.colcon_core.environment:checking '/home/ilyas/ros2_ws/install/simple_world' for CMake module files
[16.118s] Level 1:colcon.colcon_core.environment:checking '/home/ilyas/ros2_ws/install/simple_world' for CMake config files
[16.118s] Level 1:colcon.colcon_core.shell:create_environment_hook('simple_world', 'cmake_prefix_path')
[16.119s] INFO:colcon.colcon_core.shell:Creating environment hook '/home/ilyas/ros2_ws/install/simple_world/share/simple_world/hook/cmake_prefix_path.ps1'
[16.119s] INFO:colcon.colcon_core.shell:Creating environment descriptor '/home/ilyas/ros2_ws/install/simple_world/share/simple_world/hook/cmake_prefix_path.dsv'
[16.121s] INFO:colcon.colcon_core.shell:Creating environment hook '/home/ilyas/ros2_ws/install/simple_world/share/simple_world/hook/cmake_prefix_path.sh'
[16.123s] Level 1:colcon.colcon_core.environment:checking '/home/ilyas/ros2_ws/install/simple_world/bin'
[16.123s] Level 1:colcon.colcon_core.environment:checking '/home/ilyas/ros2_ws/install/simple_world/lib/pkgconfig/simple_world.pc'
[16.123s] Level 1:colcon.colcon_core.environment:checking '/home/ilyas/ros2_ws/install/simple_world/lib/python3.10/site-packages'
[16.123s] Level 1:colcon.colcon_core.environment:checking '/home/ilyas/ros2_ws/install/simple_world/bin'
[16.123s] INFO:colcon.colcon_core.shell:Creating package script '/home/ilyas/ros2_ws/install/simple_world/share/simple_world/package.ps1'
[16.147s] INFO:colcon.colcon_core.shell:Creating package descriptor '/home/ilyas/ros2_ws/install/simple_world/share/simple_world/package.dsv'
[16.176s] INFO:colcon.colcon_core.shell:Creating package script '/home/ilyas/ros2_ws/install/simple_world/share/simple_world/package.sh'
[16.195s] INFO:colcon.colcon_core.shell:Creating package script '/home/ilyas/ros2_ws/install/simple_world/share/simple_world/package.bash'
[16.235s] INFO:colcon.colcon_core.shell:Creating package script '/home/ilyas/ros2_ws/install/simple_world/share/simple_world/package.zsh'
[16.279s] Level 1:colcon.colcon_core.environment:create_file_with_runtime_dependencies(/home/ilyas/ros2_ws/install/simple_world/share/colcon-core/packages/simple_world)
[16.281s] Level 1:colcon.colcon_core.environment:create_environment_scripts_only(simple_world)
[16.281s] Level 1:colcon.colcon_core.environment:checking '/home/ilyas/ros2_ws/install/simple_world' for CMake module files
[16.281s] Level 1:colcon.colcon_core.environment:checking '/home/ilyas/ros2_ws/install/simple_world' for CMake config files
[16.282s] Level 1:colcon.colcon_core.shell:create_environment_hook('simple_world', 'cmake_prefix_path')
[16.282s] INFO:colcon.colcon_core.shell:Creating environment hook '/home/ilyas/ros2_ws/install/simple_world/share/simple_world/hook/cmake_prefix_path.ps1'
[16.282s] INFO:colcon.colcon_core.shell:Creating environment descriptor '/home/ilyas/ros2_ws/install/simple_world/share/simple_world/hook/cmake_prefix_path.dsv'
[16.284s] INFO:colcon.colcon_core.shell:Creating environment hook '/home/ilyas/ros2_ws/install/simple_world/share/simple_world/hook/cmake_prefix_path.sh'
[16.285s] Level 1:colcon.colcon_core.environment:checking '/home/ilyas/ros2_ws/install/simple_world/bin'
[16.285s] Level 1:colcon.colcon_core.environment:checking '/home/ilyas/ros2_ws/install/simple_world/lib/pkgconfig/simple_world.pc'
[16.285s] Level 1:colcon.colcon_core.environment:checking '/home/ilyas/ros2_ws/install/simple_world/lib/python3.10/site-packages'
[16.285s] Level 1:colcon.colcon_core.environment:checking '/home/ilyas/ros2_ws/install/simple_world/bin'
[16.286s] INFO:colcon.colcon_core.shell:Creating package script '/home/ilyas/ros2_ws/install/simple_world/share/simple_world/package.ps1'
[16.286s] INFO:colcon.colcon_core.shell:Creating package descriptor '/home/ilyas/ros2_ws/install/simple_world/share/simple_world/package.dsv'
[16.287s] INFO:colcon.colcon_core.shell:Creating package script '/home/ilyas/ros2_ws/install/simple_world/share/simple_world/package.sh'
[16.288s] INFO:colcon.colcon_core.shell:Creating package script '/home/ilyas/ros2_ws/install/simple_world/share/simple_world/package.bash'
[16.288s] INFO:colcon.colcon_core.shell:Creating package script '/home/ilyas/ros2_ws/install/simple_world/share/simple_world/package.zsh'
[16.289s] Level 1:colcon.colcon_core.environment:create_file_with_runtime_dependencies(/home/ilyas/ros2_ws/install/simple_world/share/colcon-core/packages/simple_world)
[16.292s] Level 1:colcon.colcon_core.environment:create_environment_scripts_only(robotic_chair_description)
[16.293s] DEBUG:colcon.colcon_core.event_handler.log_command:Invoked command in '/home/ilyas/ros2_ws/build/robotic_chair_description' returned '0': CMAKE_PREFIX_PATH=${CMAKE_PREFIX_PATH}:/home/ilyas/ros2_ws/install/robotic_chair_nav:/home/ilyas/ros2_ws/install/my_first_package:/home/ilyas/ros2_ws/src/robotic_chair_nav/install/robotic_chair_nav:/home/ilyas/ros2_ws/src/install/robotic_chair_nav:/home/ilyas/ros2_ws/src/install/my_first_package:/opt/ros/humble /usr/bin/cmake --install /home/ilyas/ros2_ws/build/robotic_chair_description
[16.293s] Level 1:colcon.colcon_core.environment:checking '/home/ilyas/ros2_ws/install/robotic_chair_description' for CMake module files
[16.294s] Level 1:colcon.colcon_core.environment:checking '/home/ilyas/ros2_ws/install/robotic_chair_description' for CMake config files
[16.295s] Level 1:colcon.colcon_core.shell:create_environment_hook('robotic_chair_description', 'cmake_prefix_path')
[16.295s] INFO:colcon.colcon_core.shell:Creating environment hook '/home/ilyas/ros2_ws/install/robotic_chair_description/share/robotic_chair_description/hook/cmake_prefix_path.ps1'
[16.295s] INFO:colcon.colcon_core.shell:Creating environment descriptor '/home/ilyas/ros2_ws/install/robotic_chair_description/share/robotic_chair_description/hook/cmake_prefix_path.dsv'
[16.296s] INFO:colcon.colcon_core.shell:Creating environment hook '/home/ilyas/ros2_ws/install/robotic_chair_description/share/robotic_chair_description/hook/cmake_prefix_path.sh'
[16.297s] Level 1:colcon.colcon_core.environment:checking '/home/ilyas/ros2_ws/install/robotic_chair_description/bin'
[16.297s] Level 1:colcon.colcon_core.environment:checking '/home/ilyas/ros2_ws/install/robotic_chair_description/lib/pkgconfig/robotic_chair_description.pc'
[16.297s] Level 1:colcon.colcon_core.environment:checking '/home/ilyas/ros2_ws/install/robotic_chair_description/lib/python3.10/site-packages'
[16.297s] Level 1:colcon.colcon_core.environment:checking '/home/ilyas/ros2_ws/install/robotic_chair_description/bin'
[16.298s] INFO:colcon.colcon_core.shell:Creating package script '/home/ilyas/ros2_ws/install/robotic_chair_description/share/robotic_chair_description/package.ps1'
[16.299s] INFO:colcon.colcon_core.shell:Creating package descriptor '/home/ilyas/ros2_ws/install/robotic_chair_description/share/robotic_chair_description/package.dsv'
[16.299s] INFO:colcon.colcon_core.shell:Creating package script '/home/ilyas/ros2_ws/install/robotic_chair_description/share/robotic_chair_description/package.sh'
[16.300s] INFO:colcon.colcon_core.shell:Creating package script '/home/ilyas/ros2_ws/install/robotic_chair_description/share/robotic_chair_description/package.bash'
[16.301s] INFO:colcon.colcon_core.shell:Creating package script '/home/ilyas/ros2_ws/install/robotic_chair_description/share/robotic_chair_description/package.zsh'
[16.301s] Level 1:colcon.colcon_core.environment:create_file_with_runtime_dependencies(/home/ilyas/ros2_ws/install/robotic_chair_description/share/colcon-core/packages/robotic_chair_description)
[16.302s] Level 1:colcon.colcon_core.environment:create_environment_scripts_only(robotic_chair_description)
[16.302s] Level 1:colcon.colcon_core.environment:checking '/home/ilyas/ros2_ws/install/robotic_chair_description' for CMake module files
[16.303s] Level 1:colcon.colcon_core.environment:checking '/home/ilyas/ros2_ws/install/robotic_chair_description' for CMake config files
[16.303s] Level 1:colcon.colcon_core.shell:create_environment_hook('robotic_chair_description', 'cmake_prefix_path')
[16.303s] INFO:colcon.colcon_core.shell:Creating environment hook '/home/ilyas/ros2_ws/install/robotic_chair_description/share/robotic_chair_description/hook/cmake_prefix_path.ps1'
[16.304s] INFO:colcon.colcon_core.shell:Creating environment descriptor '/home/ilyas/ros2_ws/install/robotic_chair_description/share/robotic_chair_description/hook/cmake_prefix_path.dsv'
[16.304s] INFO:colcon.colcon_core.shell:Creating environment hook '/home/ilyas/ros2_ws/install/robotic_chair_description/share/robotic_chair_description/hook/cmake_prefix_path.sh'
[16.307s] Level 1:colcon.colcon_core.environment:checking '/home/ilyas/ros2_ws/install/robotic_chair_description/bin'
[16.307s] Level 1:colcon.colcon_core.environment:checking '/home/ilyas/ros2_ws/install/robotic_chair_description/lib/pkgconfig/robotic_chair_description.pc'
[16.307s] Level 1:colcon.colcon_core.environment:checking '/home/ilyas/ros2_ws/install/robotic_chair_description/lib/python3.10/site-packages'
[16.307s] Level 1:colcon.colcon_core.environment:checking '/home/ilyas/ros2_ws/install/robotic_chair_description/bin'
[16.308s] INFO:colcon.colcon_core.shell:Creating package script '/home/ilyas/ros2_ws/install/robotic_chair_description/share/robotic_chair_description/package.ps1'
[16.309s] INFO:colcon.colcon_core.shell:Creating package descriptor '/home/ilyas/ros2_ws/install/robotic_chair_description/share/robotic_chair_description/package.dsv'
[16.313s] INFO:colcon.colcon_core.shell:Creating package script '/home/ilyas/ros2_ws/install/robotic_chair_description/share/robotic_chair_description/package.sh'
[16.315s] INFO:colcon.colcon_core.shell:Creating package script '/home/ilyas/ros2_ws/install/robotic_chair_description/share/robotic_chair_description/package.bash'
[16.316s] INFO:colcon.colcon_core.shell:Creating package script '/home/ilyas/ros2_ws/install/robotic_chair_description/share/robotic_chair_description/package.zsh'
[16.317s] Level 1:colcon.colcon_core.environment:create_file_with_runtime_dependencies(/home/ilyas/ros2_ws/install/robotic_chair_description/share/colcon-core/packages/robotic_chair_description)
[17.899s] DEBUG:colcon.colcon_core.event_handler.log_command:Invoking command in '/home/ilyas/ros2_ws/src/robotic_chair_nav': PYTHONPATH=/home/ilyas/ros2_ws/build/robotic_chair_nav/prefix_override:/usr/lib/python3/dist-packages/colcon_core/task/python/colcon_distutils_commands:/home/ilyas/ros2_ws/install/robotic_chair_nav/lib/python3.10/site-packages:${PYTHONPATH} /usr/bin/python3 -W ignore:setup.py install is deprecated -W ignore:easy_install command is deprecated setup.py egg_info --egg-base ../../build/robotic_chair_nav build --build-base /home/ilyas/ros2_ws/build/robotic_chair_nav/build install --record /home/ilyas/ros2_ws/build/robotic_chair_nav/install.log --single-version-externally-managed install_data
[18.461s] Level 1:colcon.colcon_core.environment:checking '/home/ilyas/ros2_ws/install/robotic_chair_nav' for CMake module files
[18.462s] DEBUG:colcon.colcon_core.event_handler.log_command:Invoked command in '/home/ilyas/ros2_ws/src/robotic_chair_nav' returned '0': PYTHONPATH=/home/ilyas/ros2_ws/build/robotic_chair_nav/prefix_override:/usr/lib/python3/dist-packages/colcon_core/task/python/colcon_distutils_commands:/home/ilyas/ros2_ws/install/robotic_chair_nav/lib/python3.10/site-packages:${PYTHONPATH} /usr/bin/python3 -W ignore:setup.py install is deprecated -W ignore:easy_install command is deprecated setup.py egg_info --egg-base ../../build/robotic_chair_nav build --build-base /home/ilyas/ros2_ws/build/robotic_chair_nav/build install --record /home/ilyas/ros2_ws/build/robotic_chair_nav/install.log --single-version-externally-managed install_data
[18.463s] Level 1:colcon.colcon_core.environment:checking '/home/ilyas/ros2_ws/install/robotic_chair_nav' for CMake config files
[18.470s] Level 1:colcon.colcon_core.environment:checking '/home/ilyas/ros2_ws/install/robotic_chair_nav/lib'
[18.471s] Level 1:colcon.colcon_core.environment:checking '/home/ilyas/ros2_ws/install/robotic_chair_nav/bin'
[18.471s] Level 1:colcon.colcon_core.environment:checking '/home/ilyas/ros2_ws/install/robotic_chair_nav/lib/pkgconfig/robotic_chair_nav.pc'
[18.471s] Level 1:colcon.colcon_core.environment:checking '/home/ilyas/ros2_ws/install/robotic_chair_nav/lib/python3.10/site-packages'
[18.471s] Level 1:colcon.colcon_core.shell:create_environment_hook('robotic_chair_nav', 'pythonpath')
[18.472s] INFO:colcon.colcon_core.shell:Creating environment hook '/home/ilyas/ros2_ws/install/robotic_chair_nav/share/robotic_chair_nav/hook/pythonpath.ps1'
[18.473s] INFO:colcon.colcon_core.shell:Creating environment descriptor '/home/ilyas/ros2_ws/install/robotic_chair_nav/share/robotic_chair_nav/hook/pythonpath.dsv'
[18.473s] INFO:colcon.colcon_core.shell:Creating environment hook '/home/ilyas/ros2_ws/install/robotic_chair_nav/share/robotic_chair_nav/hook/pythonpath.sh'
[18.474s] Level 1:colcon.colcon_core.environment:checking '/home/ilyas/ros2_ws/install/robotic_chair_nav/bin'
[18.475s] Level 1:colcon.colcon_core.environment:create_environment_scripts_only(robotic_chair_nav)
[18.475s] INFO:colcon.colcon_core.shell:Creating package script '/home/ilyas/ros2_ws/install/robotic_chair_nav/share/robotic_chair_nav/package.ps1'
[18.476s] INFO:colcon.colcon_core.shell:Creating package descriptor '/home/ilyas/ros2_ws/install/robotic_chair_nav/share/robotic_chair_nav/package.dsv'
[18.477s] INFO:colcon.colcon_core.shell:Creating package script '/home/ilyas/ros2_ws/install/robotic_chair_nav/share/robotic_chair_nav/package.sh'
[18.478s] INFO:colcon.colcon_core.shell:Creating package script '/home/ilyas/ros2_ws/install/robotic_chair_nav/share/robotic_chair_nav/package.bash'
[18.479s] INFO:colcon.colcon_core.shell:Creating package script '/home/ilyas/ros2_ws/install/robotic_chair_nav/share/robotic_chair_nav/package.zsh'
[18.479s] Level 1:colcon.colcon_core.environment:create_file_with_runtime_dependencies(/home/ilyas/ros2_ws/install/robotic_chair_nav/share/colcon-core/packages/robotic_chair_nav)
[18.481s] DEBUG:colcon.colcon_parallel_executor.executor.parallel:closing loop
[18.482s] DEBUG:colcon.colcon_parallel_executor.executor.parallel:loop closed
[18.482s] DEBUG:colcon.colcon_parallel_executor.executor.parallel:run_until_complete finished with '0'
[18.482s] DEBUG:colcon.colcon_core.event_reactor:joining thread
[18.517s] INFO:colcon.colcon_core.plugin_system:Skipping extension 'colcon_notification.desktop_notification.terminal_notifier': Not used on non-Darwin systems
[18.517s] INFO:colcon.colcon_core.plugin_system:Skipping extension 'colcon_notification.desktop_notification.win32': Not used on non-Windows systems
[18.517s] INFO:colcon.colcon_notification.desktop_notification:Sending desktop notification using 'notify2'
[18.556s] DEBUG:colcon.colcon_core.event_reactor:joined thread
[18.556s] INFO:colcon.colcon_core.shell:Creating prefix script '/home/ilyas/ros2_ws/install/local_setup.ps1'
[18.571s] INFO:colcon.colcon_core.shell:Creating prefix util module '/home/ilyas/ros2_ws/install/_local_setup_util_ps1.py'
[18.602s] INFO:colcon.colcon_core.shell:Creating prefix chain script '/home/ilyas/ros2_ws/install/setup.ps1'
[18.624s] INFO:colcon.colcon_core.shell:Creating prefix script '/home/ilyas/ros2_ws/install/local_setup.sh'
[18.653s] INFO:colcon.colcon_core.shell:Creating prefix util module '/home/ilyas/ros2_ws/install/_local_setup_util_sh.py'
[18.654s] INFO:colcon.colcon_core.shell:Creating prefix chain script '/home/ilyas/ros2_ws/install/setup.sh'
[18.659s] INFO:colcon.colcon_core.shell:Creating prefix script '/home/ilyas/ros2_ws/install/local_setup.bash'
[18.664s] INFO:colcon.colcon_core.shell:Creating prefix chain script '/home/ilyas/ros2_ws/install/setup.bash'
[18.670s] INFO:colcon.colcon_core.shell:Creating prefix script '/home/ilyas/ros2_ws/install/local_setup.zsh'
[18.672s] INFO:colcon.colcon_core.shell:Creating prefix chain script '/home/ilyas/ros2_ws/install/setup.zsh'
