[1.161s] Invoking command in '/home/ilyas/ros2_ws/src/my_first_package': PYTHONPATH=/home/ilyas/ros2_ws/src/build/my_first_package/prefix_override:/usr/lib/python3/dist-packages/colcon_core/task/python/colcon_distutils_commands:/home/ilyas/ros2_ws/src/install/my_first_package/lib/python3.10/site-packages:${PYTHONPATH} /usr/bin/python3 -W ignore:setup.py install is deprecated -W ignore:easy_install command is deprecated setup.py egg_info --egg-base ../build/my_first_package build --build-base /home/ilyas/ros2_ws/src/build/my_first_package/build install --record /home/ilyas/ros2_ws/src/build/my_first_package/install.log --single-version-externally-managed install_data
[1.386s] running egg_info
[1.388s] creating ../build/my_first_package/my_first_package.egg-info
[1.388s] writing ../build/my_first_package/my_first_package.egg-info/PKG-INFO
[1.388s] writing dependency_links to ../build/my_first_package/my_first_package.egg-info/dependency_links.txt
[1.388s] writing entry points to ../build/my_first_package/my_first_package.egg-info/entry_points.txt
[1.389s] writing requirements to ../build/my_first_package/my_first_package.egg-info/requires.txt
[1.389s] writing top-level names to ../build/my_first_package/my_first_package.egg-info/top_level.txt
[1.389s] writing manifest file '../build/my_first_package/my_first_package.egg-info/SOURCES.txt'
[1.391s] reading manifest file '../build/my_first_package/my_first_package.egg-info/SOURCES.txt'
[1.391s] writing manifest file '../build/my_first_package/my_first_package.egg-info/SOURCES.txt'
[1.393s] running build
[1.393s] running build_py
[1.394s] creating /home/ilyas/ros2_ws/src/build/my_first_package/build
[1.394s] creating /home/ilyas/ros2_ws/src/build/my_first_package/build/lib
[1.394s] creating /home/ilyas/ros2_ws/src/build/my_first_package/build/lib/my_first_package
[1.394s] copying my_first_package/simple_subscriber.py -> /home/ilyas/ros2_ws/src/build/my_first_package/build/lib/my_first_package
[1.427s] copying my_first_package/__init__.py -> /home/ilyas/ros2_ws/src/build/my_first_package/build/lib/my_first_package
[1.427s] copying my_first_package/simple_publisher.py -> /home/ilyas/ros2_ws/src/build/my_first_package/build/lib/my_first_package
[1.481s] running install
[1.481s] running install_lib
[1.486s] creating /home/ilyas/ros2_ws/src/install/my_first_package/lib/python3.10/site-packages/my_first_package
[1.488s] copying /home/ilyas/ros2_ws/src/build/my_first_package/build/lib/my_first_package/simple_subscriber.py -> /home/ilyas/ros2_ws/src/install/my_first_package/lib/python3.10/site-packages/my_first_package
[1.488s] copying /home/ilyas/ros2_ws/src/build/my_first_package/build/lib/my_first_package/__init__.py -> /home/ilyas/ros2_ws/src/install/my_first_package/lib/python3.10/site-packages/my_first_package
[1.488s] copying /home/ilyas/ros2_ws/src/build/my_first_package/build/lib/my_first_package/simple_publisher.py -> /home/ilyas/ros2_ws/src/install/my_first_package/lib/python3.10/site-packages/my_first_package
[1.488s] byte-compiling /home/ilyas/ros2_ws/src/install/my_first_package/lib/python3.10/site-packages/my_first_package/simple_subscriber.py to simple_subscriber.cpython-310.pyc
[1.488s] byte-compiling /home/ilyas/ros2_ws/src/install/my_first_package/lib/python3.10/site-packages/my_first_package/__init__.py to __init__.cpython-310.pyc
[1.489s] byte-compiling /home/ilyas/ros2_ws/src/install/my_first_package/lib/python3.10/site-packages/my_first_package/simple_publisher.py to simple_publisher.cpython-310.pyc
[1.491s] running install_data
[1.491s] creating /home/ilyas/ros2_ws/src/install/my_first_package/share/ament_index
[1.491s] creating /home/ilyas/ros2_ws/src/install/my_first_package/share/ament_index/resource_index
[1.491s] creating /home/ilyas/ros2_ws/src/install/my_first_package/share/ament_index/resource_index/packages
[1.491s] copying resource/my_first_package -> /home/ilyas/ros2_ws/src/install/my_first_package/share/ament_index/resource_index/packages
[1.491s] copying package.xml -> /home/ilyas/ros2_ws/src/install/my_first_package/share/my_first_package
[1.491s] running install_egg_info
[1.495s] Copying ../build/my_first_package/my_first_package.egg-info to /home/ilyas/ros2_ws/src/install/my_first_package/lib/python3.10/site-packages/my_first_package-0.0.0-py3.10.egg-info
[1.496s] running install_scripts
[1.528s] Installing publisher script to /home/ilyas/ros2_ws/src/install/my_first_package/lib/my_first_package
[1.528s] Installing subscriber script to /home/ilyas/ros2_ws/src/install/my_first_package/lib/my_first_package
[1.528s] writing list of installed files to '/home/ilyas/ros2_ws/src/build/my_first_package/install.log'
[1.582s] Invoked command in '/home/ilyas/ros2_ws/src/my_first_package' returned '0': PYTHONPATH=/home/ilyas/ros2_ws/src/build/my_first_package/prefix_override:/usr/lib/python3/dist-packages/colcon_core/task/python/colcon_distutils_commands:/home/ilyas/ros2_ws/src/install/my_first_package/lib/python3.10/site-packages:${PYTHONPATH} /usr/bin/python3 -W ignore:setup.py install is deprecated -W ignore:easy_install command is deprecated setup.py egg_info --egg-base ../build/my_first_package build --build-base /home/ilyas/ros2_ws/src/build/my_first_package/build install --record /home/ilyas/ros2_ws/src/build/my_first_package/install.log --single-version-externally-managed install_data
