[2.241s] Invoking command in '/home/ilyas/ros2_ws/src/robotic_chair_nav': PYTHONPATH=/home/ilyas/ros2_ws/build/robotic_chair_nav/prefix_override:/usr/lib/python3/dist-packages/colcon_core/task/python/colcon_distutils_commands:/home/ilyas/ros2_ws/install/robotic_chair_nav/lib/python3.10/site-packages:${PYTHONPATH} /usr/bin/python3 -W ignore:setup.py install is deprecated -W ignore:easy_install command is deprecated setup.py egg_info --egg-base ../../build/robotic_chair_nav build --build-base /home/ilyas/ros2_ws/build/robotic_chair_nav/build install --record /home/ilyas/ros2_ws/build/robotic_chair_nav/install.log --single-version-externally-managed install_data
[2.516s] running egg_info
[2.536s] writing ../../build/robotic_chair_nav/robotic_chair_nav.egg-info/PKG-INFO
[2.537s] writing dependency_links to ../../build/robotic_chair_nav/robotic_chair_nav.egg-info/dependency_links.txt
[2.537s] writing entry points to ../../build/robotic_chair_nav/robotic_chair_nav.egg-info/entry_points.txt
[2.554s] writing requirements to ../../build/robotic_chair_nav/robotic_chair_nav.egg-info/requires.txt
[2.554s] writing top-level names to ../../build/robotic_chair_nav/robotic_chair_nav.egg-info/top_level.txt
[2.592s] reading manifest file '../../build/robotic_chair_nav/robotic_chair_nav.egg-info/SOURCES.txt'
[2.594s] writing manifest file '../../build/robotic_chair_nav/robotic_chair_nav.egg-info/SOURCES.txt'
[2.600s] running build
[2.601s] running build_py
[2.601s] running install
[2.602s] running install_lib
[2.614s] running install_data
[2.615s] running install_egg_info
[2.625s] removing '/home/ilyas/ros2_ws/install/robotic_chair_nav/lib/python3.10/site-packages/robotic_chair_nav-0.0.1-py3.10.egg-info' (and everything under it)
[2.629s] Copying ../../build/robotic_chair_nav/robotic_chair_nav.egg-info to /home/ilyas/ros2_ws/install/robotic_chair_nav/lib/python3.10/site-packages/robotic_chair_nav-0.0.1-py3.10.egg-info
[2.629s] running install_scripts
[2.718s] Installing keyboard_control script to /home/ilyas/ros2_ws/install/robotic_chair_nav/lib/robotic_chair_nav
[2.723s] Installing move_forward script to /home/ilyas/ros2_ws/install/robotic_chair_nav/lib/robotic_chair_nav
[2.723s] Installing obstacle_stop_node script to /home/ilyas/ros2_ws/install/robotic_chair_nav/lib/robotic_chair_nav
[2.726s] writing list of installed files to '/home/ilyas/ros2_ws/build/robotic_chair_nav/install.log'
[2.792s] Invoked command in '/home/ilyas/ros2_ws/src/robotic_chair_nav' returned '0': PYTHONPATH=/home/ilyas/ros2_ws/build/robotic_chair_nav/prefix_override:/usr/lib/python3/dist-packages/colcon_core/task/python/colcon_distutils_commands:/home/ilyas/ros2_ws/install/robotic_chair_nav/lib/python3.10/site-packages:${PYTHONPATH} /usr/bin/python3 -W ignore:setup.py install is deprecated -W ignore:easy_install command is deprecated setup.py egg_info --egg-base ../../build/robotic_chair_nav build --build-base /home/ilyas/ros2_ws/build/robotic_chair_nav/build install --record /home/ilyas/ros2_ws/build/robotic_chair_nav/install.log --single-version-externally-managed install_data
