[1.093s] Invoking command in '/home/ilyas/ros2_ws/src/my_first_package': PYTHONPATH=/home/ilyas/ros2_ws/build/my_first_package/prefix_override:/usr/lib/python3/dist-packages/colcon_core/task/python/colcon_distutils_commands:/home/ilyas/ros2_ws/install/my_first_package/lib/python3.10/site-packages:${PYTHONPATH} /usr/bin/python3 -W ignore:setup.py install is deprecated -W ignore:easy_install command is deprecated setup.py egg_info --egg-base ../../build/my_first_package build --build-base /home/ilyas/ros2_ws/build/my_first_package/build install --record /home/ilyas/ros2_ws/build/my_first_package/install.log --single-version-externally-managed install_data
[1.366s] running egg_info
[1.366s] creating ../../build/my_first_package/my_first_package.egg-info
[1.366s] writing ../../build/my_first_package/my_first_package.egg-info/PKG-INFO
[1.366s] writing dependency_links to ../../build/my_first_package/my_first_package.egg-info/dependency_links.txt
[1.366s] writing entry points to ../../build/my_first_package/my_first_package.egg-info/entry_points.txt
[1.366s] writing requirements to ../../build/my_first_package/my_first_package.egg-info/requires.txt
[1.366s] writing top-level names to ../../build/my_first_package/my_first_package.egg-info/top_level.txt
[1.366s] writing manifest file '../../build/my_first_package/my_first_package.egg-info/SOURCES.txt'
[1.366s] reading manifest file '../../build/my_first_package/my_first_package.egg-info/SOURCES.txt'
[1.366s] writing manifest file '../../build/my_first_package/my_first_package.egg-info/SOURCES.txt'
[1.366s] running build
[1.378s] running build_py
[1.379s] creating /home/ilyas/ros2_ws/build/my_first_package/build
[1.380s] creating /home/ilyas/ros2_ws/build/my_first_package/build/lib
[1.392s] creating /home/ilyas/ros2_ws/build/my_first_package/build/lib/my_first_package
[1.392s] copying my_first_package/simple_subscriber.py -> /home/ilyas/ros2_ws/build/my_first_package/build/lib/my_first_package
[1.411s] copying my_first_package/__init__.py -> /home/ilyas/ros2_ws/build/my_first_package/build/lib/my_first_package
[1.411s] copying my_first_package/simple_publisher.py -> /home/ilyas/ros2_ws/build/my_first_package/build/lib/my_first_package
[1.411s] running install
[1.411s] running install_lib
[1.411s] creating /home/ilyas/ros2_ws/install/my_first_package/lib/python3.10/site-packages/my_first_package
[1.411s] copying /home/ilyas/ros2_ws/build/my_first_package/build/lib/my_first_package/simple_subscriber.py -> /home/ilyas/ros2_ws/install/my_first_package/lib/python3.10/site-packages/my_first_package
[1.411s] copying /home/ilyas/ros2_ws/build/my_first_package/build/lib/my_first_package/__init__.py -> /home/ilyas/ros2_ws/install/my_first_package/lib/python3.10/site-packages/my_first_package
[1.411s] copying /home/ilyas/ros2_ws/build/my_first_package/build/lib/my_first_package/simple_publisher.py -> /home/ilyas/ros2_ws/install/my_first_package/lib/python3.10/site-packages/my_first_package
[1.411s] byte-compiling /home/ilyas/ros2_ws/install/my_first_package/lib/python3.10/site-packages/my_first_package/simple_subscriber.py to simple_subscriber.cpython-310.pyc
[1.412s] byte-compiling /home/ilyas/ros2_ws/install/my_first_package/lib/python3.10/site-packages/my_first_package/__init__.py to __init__.cpython-310.pyc
[1.412s] byte-compiling /home/ilyas/ros2_ws/install/my_first_package/lib/python3.10/site-packages/my_first_package/simple_publisher.py to simple_publisher.cpython-310.pyc
[1.412s] running install_data
[1.412s] creating /home/ilyas/ros2_ws/install/my_first_package/share/ament_index
[1.412s] creating /home/ilyas/ros2_ws/install/my_first_package/share/ament_index/resource_index
[1.412s] creating /home/ilyas/ros2_ws/install/my_first_package/share/ament_index/resource_index/packages
[1.412s] copying resource/my_first_package -> /home/ilyas/ros2_ws/install/my_first_package/share/ament_index/resource_index/packages
[1.412s] copying package.xml -> /home/ilyas/ros2_ws/install/my_first_package/share/my_first_package
[1.412s] running install_egg_info
[1.412s] Copying ../../build/my_first_package/my_first_package.egg-info to /home/ilyas/ros2_ws/install/my_first_package/lib/python3.10/site-packages/my_first_package-0.0.0-py3.10.egg-info
[1.412s] running install_scripts
[1.445s] Installing publisher script to /home/ilyas/ros2_ws/install/my_first_package/lib/my_first_package
[1.482s] Installing subscriber script to /home/ilyas/ros2_ws/install/my_first_package/lib/my_first_package
[1.482s] writing list of installed files to '/home/ilyas/ros2_ws/build/my_first_package/install.log'
[1.557s] Invoked command in '/home/ilyas/ros2_ws/src/my_first_package' returned '0': PYTHONPATH=/home/ilyas/ros2_ws/build/my_first_package/prefix_override:/usr/lib/python3/dist-packages/colcon_core/task/python/colcon_distutils_commands:/home/ilyas/ros2_ws/install/my_first_package/lib/python3.10/site-packages:${PYTHONPATH} /usr/bin/python3 -W ignore:setup.py install is deprecated -W ignore:easy_install command is deprecated setup.py egg_info --egg-base ../../build/my_first_package build --build-base /home/ilyas/ros2_ws/build/my_first_package/build install --record /home/ilyas/ros2_ws/build/my_first_package/install.log --single-version-externally-managed install_data
