[0.673s] Invoking command in '/home/ilyas/ros2_ws/src/robotic_chair_nav': PYTHONPATH=/home/ilyas/ros2_ws/build/robotic_chair_nav/prefix_override:/usr/lib/python3/dist-packages/colcon_core/task/python/colcon_distutils_commands:/home/ilyas/ros2_ws/install/robotic_chair_nav/lib/python3.10/site-packages:${PYTHONPATH} /usr/bin/python3 -W ignore:setup.py install is deprecated -W ignore:easy_install command is deprecated setup.py egg_info --egg-base ../../build/robotic_chair_nav build --build-base /home/ilyas/ros2_ws/build/robotic_chair_nav/build install --record /home/ilyas/ros2_ws/build/robotic_chair_nav/install.log --single-version-externally-managed install_data
[0.859s] running egg_info
[0.861s] writing ../../build/robotic_chair_nav/robotic_chair_nav.egg-info/PKG-INFO
[0.861s] writing dependency_links to ../../build/robotic_chair_nav/robotic_chair_nav.egg-info/dependency_links.txt
[0.862s] writing entry points to ../../build/robotic_chair_nav/robotic_chair_nav.egg-info/entry_points.txt
[0.862s] writing requirements to ../../build/robotic_chair_nav/robotic_chair_nav.egg-info/requires.txt
[0.862s] writing top-level names to ../../build/robotic_chair_nav/robotic_chair_nav.egg-info/top_level.txt
[0.865s] reading manifest file '../../build/robotic_chair_nav/robotic_chair_nav.egg-info/SOURCES.txt'
[0.866s] writing manifest file '../../build/robotic_chair_nav/robotic_chair_nav.egg-info/SOURCES.txt'
[0.870s] running build
[0.870s] running build_py
[0.870s] running install
[0.870s] running install_lib
[0.870s] running install_data
[0.871s] copying launch/sim_with_nav.launch.py -> /home/ilyas/ros2_ws/install/robotic_chair_nav/share/robotic_chair_nav/launch
[0.871s] running install_egg_info
[0.871s] removing '/home/ilyas/ros2_ws/install/robotic_chair_nav/lib/python3.10/site-packages/robotic_chair_nav-0.0.1-py3.10.egg-info' (and everything under it)
[0.874s] Copying ../../build/robotic_chair_nav/robotic_chair_nav.egg-info to /home/ilyas/ros2_ws/install/robotic_chair_nav/lib/python3.10/site-packages/robotic_chair_nav-0.0.1-py3.10.egg-info
[0.875s] running install_scripts
[0.901s] Installing keyboard_control script to /home/ilyas/ros2_ws/install/robotic_chair_nav/lib/robotic_chair_nav
[0.902s] Installing move_forward script to /home/ilyas/ros2_ws/install/robotic_chair_nav/lib/robotic_chair_nav
[0.902s] Installing obstacle_stop_node script to /home/ilyas/ros2_ws/install/robotic_chair_nav/lib/robotic_chair_nav
[0.902s] writing list of installed files to '/home/ilyas/ros2_ws/build/robotic_chair_nav/install.log'
[0.924s] Invoked command in '/home/ilyas/ros2_ws/src/robotic_chair_nav' returned '0': PYTHONPATH=/home/ilyas/ros2_ws/build/robotic_chair_nav/prefix_override:/usr/lib/python3/dist-packages/colcon_core/task/python/colcon_distutils_commands:/home/ilyas/ros2_ws/install/robotic_chair_nav/lib/python3.10/site-packages:${PYTHONPATH} /usr/bin/python3 -W ignore:setup.py install is deprecated -W ignore:easy_install command is deprecated setup.py egg_info --egg-base ../../build/robotic_chair_nav build --build-base /home/ilyas/ros2_ws/build/robotic_chair_nav/build install --record /home/ilyas/ros2_ws/build/robotic_chair_nav/install.log --single-version-externally-managed install_data
