[6.898s] DEBUG:colcon:Command line arguments: ['/usr/bin/colcon', 'build']
[6.898s] DEBUG:colcon:Parsed command line arguments: Namespace(log_base=None, log_level=None, verb_name='build', build_base='build', install_base='install', merge_install=False, symlink_install=False, test_result_base=None, continue_on_error=False, executor='parallel', parallel_workers=3, event_handlers=None, ignore_user_meta=False, metas=['./colcon.meta'], base_paths=['.'], packages_ignore=None, packages_ignore_regex=None, paths=None, packages_up_to=None, packages_up_to_regex=None, packages_above=None, packages_above_and_dependencies=None, packages_above_depth=None, packages_select_by_dep=None, packages_skip_by_dep=None, packages_skip_up_to=None, packages_select_build_failed=False, packages_skip_build_finished=False, packages_select_test_failures=False, packages_skip_test_passed=False, packages_select=None, packages_skip=None, packages_select_regex=None, packages_skip_regex=None, packages_start=None, packages_end=None, allow_overriding=[], cmake_args=None, cmake_target=None, cmake_target_skip_unavailable=False, cmake_clean_cache=False, cmake_clean_first=False, cmake_force_configure=False, ament_cmake_args=None, catkin_cmake_args=None, catkin_skip_building_tests=False, mixin_files=None, mixin=None, verb_parser=<colcon_mixin.mixin.mixin_argument.MixinArgumentDecorator object at 0x706aa06233a0>, verb_extension=<colcon_core.verb.build.BuildVerb object at 0x706aa0622530>, main=<bound method BuildVerb.main of <colcon_core.verb.build.BuildVerb object at 0x706aa0622530>>, mixin_verb=('build',))
[12.175s] Level 1:colcon.colcon_core.package_discovery:discover_packages(colcon_meta) check parameters
[12.178s] Level 1:colcon.colcon_core.package_discovery:discover_packages(recursive) check parameters
[12.178s] Level 1:colcon.colcon_core.package_discovery:discover_packages(ignore) check parameters
[12.179s] Level 1:colcon.colcon_core.package_discovery:discover_packages(path) check parameters
[12.179s] Level 1:colcon.colcon_core.package_discovery:discover_packages(colcon_meta) discover
[12.179s] Level 1:colcon.colcon_core.package_discovery:discover_packages(recursive) discover
[12.179s] INFO:colcon.colcon_core.package_discovery:Crawling recursively for packages in '/home/ilyas/ros2_ws'
[12.179s] Level 1:colcon.colcon_core.package_identification:_identify(.) by extensions ['ignore', 'ignore_ament_install']
[12.179s] Level 1:colcon.colcon_core.package_identification:_identify(.) by extension 'ignore'
[12.179s] Level 1:colcon.colcon_core.package_identification:_identify(.) by extension 'ignore_ament_install'
[12.179s] Level 1:colcon.colcon_core.package_identification:_identify(.) by extensions ['colcon_pkg']
[12.179s] Level 1:colcon.colcon_core.package_identification:_identify(.) by extension 'colcon_pkg'
[12.179s] Level 1:colcon.colcon_core.package_identification:_identify(.) by extensions ['colcon_meta']
[12.179s] Level 1:colcon.colcon_core.package_identification:_identify(.) by extension 'colcon_meta'
[12.180s] Level 1:colcon.colcon_core.package_identification:_identify(.) by extensions ['ros']
[12.180s] Level 1:colcon.colcon_core.package_identification:_identify(.) by extension 'ros'
[12.279s] Level 1:colcon.colcon_core.package_identification:_identify(.) by extensions ['cmake', 'python']
[12.279s] Level 1:colcon.colcon_core.package_identification:_identify(.) by extension 'cmake'
[12.279s] Level 1:colcon.colcon_core.package_identification:_identify(.) by extension 'python'
[12.279s] Level 1:colcon.colcon_core.package_identification:_identify(.) by extensions ['python_setup_py']
[12.279s] Level 1:colcon.colcon_core.package_identification:_identify(.) by extension 'python_setup_py'
[12.279s] Level 1:colcon.colcon_core.package_identification:_identify(build) by extensions ['ignore', 'ignore_ament_install']
[12.279s] Level 1:colcon.colcon_core.package_identification:_identify(build) by extension 'ignore'
[12.279s] Level 1:colcon.colcon_core.package_identification:_identify(build) ignored
[12.280s] Level 1:colcon.colcon_core.package_identification:_identify(install) by extensions ['ignore', 'ignore_ament_install']
[12.280s] Level 1:colcon.colcon_core.package_identification:_identify(install) by extension 'ignore'
[12.280s] Level 1:colcon.colcon_core.package_identification:_identify(install) ignored
[12.280s] Level 1:colcon.colcon_core.package_identification:_identify(log) by extensions ['ignore', 'ignore_ament_install']
[12.280s] Level 1:colcon.colcon_core.package_identification:_identify(log) by extension 'ignore'
[12.280s] Level 1:colcon.colcon_core.package_identification:_identify(log) ignored
[12.280s] Level 1:colcon.colcon_core.package_identification:_identify(src) by extensions ['ignore', 'ignore_ament_install']
[12.280s] Level 1:colcon.colcon_core.package_identification:_identify(src) by extension 'ignore'
[12.280s] Level 1:colcon.colcon_core.package_identification:_identify(src) by extension 'ignore_ament_install'
[12.280s] Level 1:colcon.colcon_core.package_identification:_identify(src) by extensions ['colcon_pkg']
[12.280s] Level 1:colcon.colcon_core.package_identification:_identify(src) by extension 'colcon_pkg'
[12.280s] Level 1:colcon.colcon_core.package_identification:_identify(src) by extensions ['colcon_meta']
[12.280s] Level 1:colcon.colcon_core.package_identification:_identify(src) by extension 'colcon_meta'
[12.280s] Level 1:colcon.colcon_core.package_identification:_identify(src) by extensions ['ros']
[12.280s] Level 1:colcon.colcon_core.package_identification:_identify(src) by extension 'ros'
[12.280s] Level 1:colcon.colcon_core.package_identification:_identify(src) by extensions ['cmake', 'python']
[12.280s] Level 1:colcon.colcon_core.package_identification:_identify(src) by extension 'cmake'
[12.280s] Level 1:colcon.colcon_core.package_identification:_identify(src) by extension 'python'
[12.280s] Level 1:colcon.colcon_core.package_identification:_identify(src) by extensions ['python_setup_py']
[12.280s] Level 1:colcon.colcon_core.package_identification:_identify(src) by extension 'python_setup_py'
[12.280s] Level 1:colcon.colcon_core.package_identification:_identify(src/build) by extensions ['ignore', 'ignore_ament_install']
[12.280s] Level 1:colcon.colcon_core.package_identification:_identify(src/build) by extension 'ignore'
[12.280s] Level 1:colcon.colcon_core.package_identification:_identify(src/build) ignored
[12.280s] Level 1:colcon.colcon_core.package_identification:_identify(src/install) by extensions ['ignore', 'ignore_ament_install']
[12.280s] Level 1:colcon.colcon_core.package_identification:_identify(src/install) by extension 'ignore'
[12.280s] Level 1:colcon.colcon_core.package_identification:_identify(src/install) ignored
[12.281s] Level 1:colcon.colcon_core.package_identification:_identify(src/log) by extensions ['ignore', 'ignore_ament_install']
[12.281s] Level 1:colcon.colcon_core.package_identification:_identify(src/log) by extension 'ignore'
[12.281s] Level 1:colcon.colcon_core.package_identification:_identify(src/log) ignored
[12.281s] Level 1:colcon.colcon_core.package_identification:_identify(src/my_first_package) by extensions ['ignore', 'ignore_ament_install']
[12.281s] Level 1:colcon.colcon_core.package_identification:_identify(src/my_first_package) by extension 'ignore'
[12.281s] Level 1:colcon.colcon_core.package_identification:_identify(src/my_first_package) by extension 'ignore_ament_install'
[12.281s] Level 1:colcon.colcon_core.package_identification:_identify(src/my_first_package) by extensions ['colcon_pkg']
[12.281s] Level 1:colcon.colcon_core.package_identification:_identify(src/my_first_package) by extension 'colcon_pkg'
[12.281s] Level 1:colcon.colcon_core.package_identification:_identify(src/my_first_package) by extensions ['colcon_meta']
[12.281s] Level 1:colcon.colcon_core.package_identification:_identify(src/my_first_package) by extension 'colcon_meta'
[12.281s] Level 1:colcon.colcon_core.package_identification:_identify(src/my_first_package) by extensions ['ros']
[12.281s] Level 1:colcon.colcon_core.package_identification:_identify(src/my_first_package) by extension 'ros'
[12.315s] DEBUG:colcon.colcon_core.package_identification:Package 'src/my_first_package' with type 'ros.ament_python' and name 'my_first_package'
[12.315s] Level 1:colcon.colcon_core.package_identification:_identify(src/robotic_chair_description) by extensions ['ignore', 'ignore_ament_install']
[12.315s] Level 1:colcon.colcon_core.package_identification:_identify(src/robotic_chair_description) by extension 'ignore'
[12.315s] Level 1:colcon.colcon_core.package_identification:_identify(src/robotic_chair_description) by extension 'ignore_ament_install'
[12.315s] Level 1:colcon.colcon_core.package_identification:_identify(src/robotic_chair_description) by extensions ['colcon_pkg']
[12.315s] Level 1:colcon.colcon_core.package_identification:_identify(src/robotic_chair_description) by extension 'colcon_pkg'
[12.315s] Level 1:colcon.colcon_core.package_identification:_identify(src/robotic_chair_description) by extensions ['colcon_meta']
[12.315s] Level 1:colcon.colcon_core.package_identification:_identify(src/robotic_chair_description) by extension 'colcon_meta'
[12.315s] Level 1:colcon.colcon_core.package_identification:_identify(src/robotic_chair_description) by extensions ['ros']
[12.315s] Level 1:colcon.colcon_core.package_identification:_identify(src/robotic_chair_description) by extension 'ros'
[12.329s] DEBUG:colcon.colcon_core.package_identification:Package 'src/robotic_chair_description' with type 'ros.ament_cmake' and name 'robotic_chair_description'
[12.329s] Level 1:colcon.colcon_core.package_identification:_identify(src/robotic_chair_nav) by extensions ['ignore', 'ignore_ament_install']
[12.329s] Level 1:colcon.colcon_core.package_identification:_identify(src/robotic_chair_nav) by extension 'ignore'
[12.329s] Level 1:colcon.colcon_core.package_identification:_identify(src/robotic_chair_nav) by extension 'ignore_ament_install'
[12.329s] Level 1:colcon.colcon_core.package_identification:_identify(src/robotic_chair_nav) by extensions ['colcon_pkg']
[12.329s] Level 1:colcon.colcon_core.package_identification:_identify(src/robotic_chair_nav) by extension 'colcon_pkg'
[12.329s] Level 1:colcon.colcon_core.package_identification:_identify(src/robotic_chair_nav) by extensions ['colcon_meta']
[12.329s] Level 1:colcon.colcon_core.package_identification:_identify(src/robotic_chair_nav) by extension 'colcon_meta'
[12.329s] Level 1:colcon.colcon_core.package_identification:_identify(src/robotic_chair_nav) by extensions ['ros']
[12.329s] Level 1:colcon.colcon_core.package_identification:_identify(src/robotic_chair_nav) by extension 'ros'
[12.354s] DEBUG:colcon.colcon_core.package_identification:Package 'src/robotic_chair_nav' with type 'ros.ament_python' and name 'robotic_chair_nav'
[12.354s] Level 1:colcon.colcon_core.package_identification:_identify(src/simple_world) by extensions ['ignore', 'ignore_ament_install']
[12.354s] Level 1:colcon.colcon_core.package_identification:_identify(src/simple_world) by extension 'ignore'
[12.355s] Level 1:colcon.colcon_core.package_identification:_identify(src/simple_world) by extension 'ignore_ament_install'
[12.355s] Level 1:colcon.colcon_core.package_identification:_identify(src/simple_world) by extensions ['colcon_pkg']
[12.355s] Level 1:colcon.colcon_core.package_identification:_identify(src/simple_world) by extension 'colcon_pkg'
[12.355s] Level 1:colcon.colcon_core.package_identification:_identify(src/simple_world) by extensions ['colcon_meta']
[12.355s] Level 1:colcon.colcon_core.package_identification:_identify(src/simple_world) by extension 'colcon_meta'
[12.355s] Level 1:colcon.colcon_core.package_identification:_identify(src/simple_world) by extensions ['ros']
[12.355s] Level 1:colcon.colcon_core.package_identification:_identify(src/simple_world) by extension 'ros'
[12.384s] DEBUG:colcon.colcon_core.package_identification:Package 'src/simple_world' with type 'ros.ament_cmake' and name 'simple_world'
[12.384s] Level 1:colcon.colcon_core.package_discovery:discover_packages(recursive) using defaults
[12.384s] Level 1:colcon.colcon_core.package_discovery:discover_packages(ignore) discover
[12.384s] Level 1:colcon.colcon_core.package_discovery:discover_packages(ignore) using defaults
[12.384s] Level 1:colcon.colcon_core.package_discovery:discover_packages(path) discover
[12.384s] Level 1:colcon.colcon_core.package_discovery:discover_packages(path) using defaults
[12.872s] Level 1:colcon.colcon_core.package_discovery:discover_packages(prefix_path) check parameters
[12.872s] Level 1:colcon.colcon_core.package_discovery:discover_packages(prefix_path) discover
[12.922s] DEBUG:colcon.colcon_installed_package_information.package_discovery:Found 4 installed packages in /home/ilyas/ros2_ws/install
[12.923s] DEBUG:colcon.colcon_installed_package_information.package_discovery:Found 1 installed packages in /home/ilyas/ros2_ws/src/robotic_chair_nav/install
[12.924s] DEBUG:colcon.colcon_installed_package_information.package_discovery:Found 3 installed packages in /home/ilyas/ros2_ws/src/install
[12.925s] DEBUG:colcon.colcon_installed_package_information.package_discovery:Found 330 installed packages in /opt/ros/humble
[12.927s] Level 1:colcon.colcon_core.package_discovery:discover_packages(prefix_path) using defaults
[13.112s] Level 5:colcon.colcon_core.verb:set package 'my_first_package' build argument 'cmake_args' from command line to 'None'
[13.112s] Level 5:colcon.colcon_core.verb:set package 'my_first_package' build argument 'cmake_target' from command line to 'None'
[13.112s] Level 5:colcon.colcon_core.verb:set package 'my_first_package' build argument 'cmake_target_skip_unavailable' from command line to 'False'
[13.112s] Level 5:colcon.colcon_core.verb:set package 'my_first_package' build argument 'cmake_clean_cache' from command line to 'False'
[13.112s] Level 5:colcon.colcon_core.verb:set package 'my_first_package' build argument 'cmake_clean_first' from command line to 'False'
[13.112s] Level 5:colcon.colcon_core.verb:set package 'my_first_package' build argument 'cmake_force_configure' from command line to 'False'
[13.112s] Level 5:colcon.colcon_core.verb:set package 'my_first_package' build argument 'ament_cmake_args' from command line to 'None'
[13.112s] Level 5:colcon.colcon_core.verb:set package 'my_first_package' build argument 'catkin_cmake_args' from command line to 'None'
[13.112s] Level 5:colcon.colcon_core.verb:set package 'my_first_package' build argument 'catkin_skip_building_tests' from command line to 'False'
[13.112s] DEBUG:colcon.colcon_core.verb:Building package 'my_first_package' with the following arguments: {'ament_cmake_args': None, 'build_base': '/home/ilyas/ros2_ws/build/my_first_package', 'catkin_cmake_args': None, 'catkin_skip_building_tests': False, 'cmake_args': None, 'cmake_clean_cache': False, 'cmake_clean_first': False, 'cmake_force_configure': False, 'cmake_target': None, 'cmake_target_skip_unavailable': False, 'install_base': '/home/ilyas/ros2_ws/install/my_first_package', 'merge_install': False, 'path': '/home/ilyas/ros2_ws/src/my_first_package', 'symlink_install': False, 'test_result_base': None}
[13.112s] Level 5:colcon.colcon_core.verb:set package 'robotic_chair_description' build argument 'cmake_args' from command line to 'None'
[13.112s] Level 5:colcon.colcon_core.verb:set package 'robotic_chair_description' build argument 'cmake_target' from command line to 'None'
[13.112s] Level 5:colcon.colcon_core.verb:set package 'robotic_chair_description' build argument 'cmake_target_skip_unavailable' from command line to 'False'
[13.112s] Level 5:colcon.colcon_core.verb:set package 'robotic_chair_description' build argument 'cmake_clean_cache' from command line to 'False'
[13.112s] Level 5:colcon.colcon_core.verb:set package 'robotic_chair_description' build argument 'cmake_clean_first' from command line to 'False'
[13.112s] Level 5:colcon.colcon_core.verb:set package 'robotic_chair_description' build argument 'cmake_force_configure' from command line to 'False'
[13.112s] Level 5:colcon.colcon_core.verb:set package 'robotic_chair_description' build argument 'ament_cmake_args' from command line to 'None'
[13.112s] Level 5:colcon.colcon_core.verb:set package 'robotic_chair_description' build argument 'catkin_cmake_args' from command line to 'None'
[13.112s] Level 5:colcon.colcon_core.verb:set package 'robotic_chair_description' build argument 'catkin_skip_building_tests' from command line to 'False'
[13.112s] DEBUG:colcon.colcon_core.verb:Building package 'robotic_chair_description' with the following arguments: {'ament_cmake_args': None, 'build_base': '/home/ilyas/ros2_ws/build/robotic_chair_description', 'catkin_cmake_args': None, 'catkin_skip_building_tests': False, 'cmake_args': None, 'cmake_clean_cache': False, 'cmake_clean_first': False, 'cmake_force_configure': False, 'cmake_target': None, 'cmake_target_skip_unavailable': False, 'install_base': '/home/ilyas/ros2_ws/install/robotic_chair_description', 'merge_install': False, 'path': '/home/ilyas/ros2_ws/src/robotic_chair_description', 'symlink_install': False, 'test_result_base': None}
[13.112s] Level 5:colcon.colcon_core.verb:set package 'robotic_chair_nav' build argument 'cmake_args' from command line to 'None'
[13.112s] Level 5:colcon.colcon_core.verb:set package 'robotic_chair_nav' build argument 'cmake_target' from command line to 'None'
[13.113s] Level 5:colcon.colcon_core.verb:set package 'robotic_chair_nav' build argument 'cmake_target_skip_unavailable' from command line to 'False'
[13.113s] Level 5:colcon.colcon_core.verb:set package 'robotic_chair_nav' build argument 'cmake_clean_cache' from command line to 'False'
[13.113s] Level 5:colcon.colcon_core.verb:set package 'robotic_chair_nav' build argument 'cmake_clean_first' from command line to 'False'
[13.113s] Level 5:colcon.colcon_core.verb:set package 'robotic_chair_nav' build argument 'cmake_force_configure' from command line to 'False'
[13.113s] Level 5:colcon.colcon_core.verb:set package 'robotic_chair_nav' build argument 'ament_cmake_args' from command line to 'None'
[13.113s] Level 5:colcon.colcon_core.verb:set package 'robotic_chair_nav' build argument 'catkin_cmake_args' from command line to 'None'
[13.113s] Level 5:colcon.colcon_core.verb:set package 'robotic_chair_nav' build argument 'catkin_skip_building_tests' from command line to 'False'
[13.113s] DEBUG:colcon.colcon_core.verb:Building package 'robotic_chair_nav' with the following arguments: {'ament_cmake_args': None, 'build_base': '/home/ilyas/ros2_ws/build/robotic_chair_nav', 'catkin_cmake_args': None, 'catkin_skip_building_tests': False, 'cmake_args': None, 'cmake_clean_cache': False, 'cmake_clean_first': False, 'cmake_force_configure': False, 'cmake_target': None, 'cmake_target_skip_unavailable': False, 'install_base': '/home/ilyas/ros2_ws/install/robotic_chair_nav', 'merge_install': False, 'path': '/home/ilyas/ros2_ws/src/robotic_chair_nav', 'symlink_install': False, 'test_result_base': None}
[13.113s] Level 5:colcon.colcon_core.verb:set package 'simple_world' build argument 'cmake_args' from command line to 'None'
[13.113s] Level 5:colcon.colcon_core.verb:set package 'simple_world' build argument 'cmake_target' from command line to 'None'
[13.113s] Level 5:colcon.colcon_core.verb:set package 'simple_world' build argument 'cmake_target_skip_unavailable' from command line to 'False'
[13.113s] Level 5:colcon.colcon_core.verb:set package 'simple_world' build argument 'cmake_clean_cache' from command line to 'False'
[13.113s] Level 5:colcon.colcon_core.verb:set package 'simple_world' build argument 'cmake_clean_first' from command line to 'False'
[13.113s] Level 5:colcon.colcon_core.verb:set package 'simple_world' build argument 'cmake_force_configure' from command line to 'False'
[13.113s] Level 5:colcon.colcon_core.verb:set package 'simple_world' build argument 'ament_cmake_args' from command line to 'None'
[13.113s] Level 5:colcon.colcon_core.verb:set package 'simple_world' build argument 'catkin_cmake_args' from command line to 'None'
[13.113s] Level 5:colcon.colcon_core.verb:set package 'simple_world' build argument 'catkin_skip_building_tests' from command line to 'False'
[13.113s] DEBUG:colcon.colcon_core.verb:Building package 'simple_world' with the following arguments: {'ament_cmake_args': None, 'build_base': '/home/ilyas/ros2_ws/build/simple_world', 'catkin_cmake_args': None, 'catkin_skip_building_tests': False, 'cmake_args': None, 'cmake_clean_cache': False, 'cmake_clean_first': False, 'cmake_force_configure': False, 'cmake_target': None, 'cmake_target_skip_unavailable': False, 'install_base': '/home/ilyas/ros2_ws/install/simple_world', 'merge_install': False, 'path': '/home/ilyas/ros2_ws/src/simple_world', 'symlink_install': False, 'test_result_base': None}
[13.113s] INFO:colcon.colcon_core.executor:Executing jobs using 'parallel' executor
[13.116s] DEBUG:colcon.colcon_parallel_executor.executor.parallel:run_until_complete
[13.116s] INFO:colcon.colcon_ros.task.ament_python.build:Building ROS package in '/home/ilyas/ros2_ws/src/my_first_package' with build type 'ament_python'
[13.117s] Level 1:colcon.colcon_core.shell:create_environment_hook('my_first_package', 'ament_prefix_path')
[13.243s] INFO:colcon.colcon_core.plugin_system:Skipping extension 'colcon_core.shell.bat': Not used on non-Windows systems
[13.243s] INFO:colcon.colcon_core.shell:Creating environment hook '/home/ilyas/ros2_ws/install/my_first_package/share/my_first_package/hook/ament_prefix_path.ps1'
[13.256s] INFO:colcon.colcon_core.shell:Creating environment descriptor '/home/ilyas/ros2_ws/install/my_first_package/share/my_first_package/hook/ament_prefix_path.dsv'
[13.285s] INFO:colcon.colcon_core.shell:Creating environment hook '/home/ilyas/ros2_ws/install/my_first_package/share/my_first_package/hook/ament_prefix_path.sh'
[13.289s] INFO:colcon.colcon_core.shell:Skip shell extension 'powershell' for command environment: Not usable outside of PowerShell
[13.289s] DEBUG:colcon.colcon_core.shell:Skip shell extension 'dsv' for command environment
[13.329s] INFO:colcon.colcon_ros.task.ament_cmake.build:Building ROS package in '/home/ilyas/ros2_ws/src/robotic_chair_description' with build type 'ament_cmake'
[13.329s] INFO:colcon.colcon_cmake.task.cmake.build:Building CMake package in '/home/ilyas/ros2_ws/src/robotic_chair_description'
[13.330s] INFO:colcon.colcon_core.shell:Skip shell extension 'powershell' for command environment: Not usable outside of PowerShell
[13.330s] DEBUG:colcon.colcon_core.shell:Skip shell extension 'dsv' for command environment
[13.338s] INFO:colcon.colcon_ros.task.ament_python.build:Building ROS package in '/home/ilyas/ros2_ws/src/robotic_chair_nav' with build type 'ament_python'
[13.338s] Level 1:colcon.colcon_core.shell:create_environment_hook('robotic_chair_nav', 'ament_prefix_path')
[13.339s] INFO:colcon.colcon_core.shell:Creating environment hook '/home/ilyas/ros2_ws/install/robotic_chair_nav/share/robotic_chair_nav/hook/ament_prefix_path.ps1'
[13.339s] INFO:colcon.colcon_core.shell:Creating environment descriptor '/home/ilyas/ros2_ws/install/robotic_chair_nav/share/robotic_chair_nav/hook/ament_prefix_path.dsv'
[13.341s] INFO:colcon.colcon_core.shell:Creating environment hook '/home/ilyas/ros2_ws/install/robotic_chair_nav/share/robotic_chair_nav/hook/ament_prefix_path.sh'
[13.342s] INFO:colcon.colcon_core.shell:Skip shell extension 'powershell' for command environment: Not usable outside of PowerShell
[13.342s] DEBUG:colcon.colcon_core.shell:Skip shell extension 'dsv' for command environment
[13.677s] INFO:colcon.colcon_core.task.python.build:Building Python package in '/home/ilyas/ros2_ws/src/my_first_package'
[13.677s] INFO:colcon.colcon_core.shell:Skip shell extension 'powershell' for command environment: Not usable outside of PowerShell
[13.677s] DEBUG:colcon.colcon_core.shell:Skip shell extension 'dsv' for command environment
[13.711s] DEBUG:colcon.colcon_core.event_handler.log_command:Invoking command in '/home/ilyas/ros2_ws/build/robotic_chair_description': CMAKE_PREFIX_PATH=${CMAKE_PREFIX_PATH}:/home/ilyas/ros2_ws/install/robotic_chair_nav:/home/ilyas/ros2_ws/install/my_first_package:/home/ilyas/ros2_ws/src/robotic_chair_nav/install/robotic_chair_nav:/home/ilyas/ros2_ws/src/install/robotic_chair_nav:/home/ilyas/ros2_ws/src/install/my_first_package:/opt/ros/humble /usr/bin/cmake --build /home/ilyas/ros2_ws/build/robotic_chair_description -- -j3 -l3
[14.121s] INFO:colcon.colcon_core.task.python.build:Building Python package in '/home/ilyas/ros2_ws/src/robotic_chair_nav'
[14.121s] INFO:colcon.colcon_core.shell:Skip shell extension 'powershell' for command environment: Not usable outside of PowerShell
[14.121s] DEBUG:colcon.colcon_core.shell:Skip shell extension 'dsv' for command environment
[15.146s] DEBUG:colcon.colcon_core.event_handler.log_command:Invoked command in '/home/ilyas/ros2_ws/build/robotic_chair_description' returned '0': CMAKE_PREFIX_PATH=${CMAKE_PREFIX_PATH}:/home/ilyas/ros2_ws/install/robotic_chair_nav:/home/ilyas/ros2_ws/install/my_first_package:/home/ilyas/ros2_ws/src/robotic_chair_nav/install/robotic_chair_nav:/home/ilyas/ros2_ws/src/install/robotic_chair_nav:/home/ilyas/ros2_ws/src/install/my_first_package:/opt/ros/humble /usr/bin/cmake --build /home/ilyas/ros2_ws/build/robotic_chair_description -- -j3 -l3
[15.196s] DEBUG:colcon.colcon_core.event_handler.log_command:Invoking command in '/home/ilyas/ros2_ws/build/robotic_chair_description': CMAKE_PREFIX_PATH=${CMAKE_PREFIX_PATH}:/home/ilyas/ros2_ws/install/robotic_chair_nav:/home/ilyas/ros2_ws/install/my_first_package:/home/ilyas/ros2_ws/src/robotic_chair_nav/install/robotic_chair_nav:/home/ilyas/ros2_ws/src/install/robotic_chair_nav:/home/ilyas/ros2_ws/src/install/my_first_package:/opt/ros/humble /usr/bin/cmake --install /home/ilyas/ros2_ws/build/robotic_chair_description
[15.445s] Level 1:colcon.colcon_core.environment:create_environment_scripts_only(robotic_chair_description)
[15.446s] DEBUG:colcon.colcon_core.event_handler.log_command:Invoked command in '/home/ilyas/ros2_ws/build/robotic_chair_description' returned '0': CMAKE_PREFIX_PATH=${CMAKE_PREFIX_PATH}:/home/ilyas/ros2_ws/install/robotic_chair_nav:/home/ilyas/ros2_ws/install/my_first_package:/home/ilyas/ros2_ws/src/robotic_chair_nav/install/robotic_chair_nav:/home/ilyas/ros2_ws/src/install/robotic_chair_nav:/home/ilyas/ros2_ws/src/install/my_first_package:/opt/ros/humble /usr/bin/cmake --install /home/ilyas/ros2_ws/build/robotic_chair_description
[15.770s] Level 1:colcon.colcon_core.environment:checking '/home/ilyas/ros2_ws/install/robotic_chair_description' for CMake module files
[15.770s] Level 1:colcon.colcon_core.environment:checking '/home/ilyas/ros2_ws/install/robotic_chair_description' for CMake config files
[15.770s] Level 1:colcon.colcon_core.shell:create_environment_hook('robotic_chair_description', 'cmake_prefix_path')
[15.771s] INFO:colcon.colcon_core.shell:Creating environment hook '/home/ilyas/ros2_ws/install/robotic_chair_description/share/robotic_chair_description/hook/cmake_prefix_path.ps1'
[15.771s] INFO:colcon.colcon_core.shell:Creating environment descriptor '/home/ilyas/ros2_ws/install/robotic_chair_description/share/robotic_chair_description/hook/cmake_prefix_path.dsv'
[15.772s] INFO:colcon.colcon_core.shell:Creating environment hook '/home/ilyas/ros2_ws/install/robotic_chair_description/share/robotic_chair_description/hook/cmake_prefix_path.sh'
[15.773s] Level 1:colcon.colcon_core.environment:checking '/home/ilyas/ros2_ws/install/robotic_chair_description/bin'
[15.773s] Level 1:colcon.colcon_core.environment:checking '/home/ilyas/ros2_ws/install/robotic_chair_description/lib/pkgconfig/robotic_chair_description.pc'
[15.773s] Level 1:colcon.colcon_core.environment:checking '/home/ilyas/ros2_ws/install/robotic_chair_description/lib/python3.10/site-packages'
[15.774s] Level 1:colcon.colcon_core.environment:checking '/home/ilyas/ros2_ws/install/robotic_chair_description/bin'
[15.774s] INFO:colcon.colcon_core.shell:Creating package script '/home/ilyas/ros2_ws/install/robotic_chair_description/share/robotic_chair_description/package.ps1'
[15.789s] INFO:colcon.colcon_core.shell:Creating package descriptor '/home/ilyas/ros2_ws/install/robotic_chair_description/share/robotic_chair_description/package.dsv'
[15.833s] INFO:colcon.colcon_core.shell:Creating package script '/home/ilyas/ros2_ws/install/robotic_chair_description/share/robotic_chair_description/package.sh'
[15.840s] INFO:colcon.colcon_core.shell:Creating package script '/home/ilyas/ros2_ws/install/robotic_chair_description/share/robotic_chair_description/package.bash'
[15.893s] INFO:colcon.colcon_core.shell:Creating package script '/home/ilyas/ros2_ws/install/robotic_chair_description/share/robotic_chair_description/package.zsh'
[15.929s] Level 1:colcon.colcon_core.environment:create_file_with_runtime_dependencies(/home/ilyas/ros2_ws/install/robotic_chair_description/share/colcon-core/packages/robotic_chair_description)
[15.931s] Level 1:colcon.colcon_core.environment:create_environment_scripts_only(robotic_chair_description)
[15.931s] Level 1:colcon.colcon_core.environment:checking '/home/ilyas/ros2_ws/install/robotic_chair_description' for CMake module files
[15.931s] Level 1:colcon.colcon_core.environment:checking '/home/ilyas/ros2_ws/install/robotic_chair_description' for CMake config files
[15.931s] Level 1:colcon.colcon_core.shell:create_environment_hook('robotic_chair_description', 'cmake_prefix_path')
[15.931s] INFO:colcon.colcon_core.shell:Creating environment hook '/home/ilyas/ros2_ws/install/robotic_chair_description/share/robotic_chair_description/hook/cmake_prefix_path.ps1'
[15.932s] INFO:colcon.colcon_core.shell:Creating environment descriptor '/home/ilyas/ros2_ws/install/robotic_chair_description/share/robotic_chair_description/hook/cmake_prefix_path.dsv'
[15.933s] INFO:colcon.colcon_core.shell:Creating environment hook '/home/ilyas/ros2_ws/install/robotic_chair_description/share/robotic_chair_description/hook/cmake_prefix_path.sh'
[15.933s] Level 1:colcon.colcon_core.environment:checking '/home/ilyas/ros2_ws/install/robotic_chair_description/bin'
[15.933s] Level 1:colcon.colcon_core.environment:checking '/home/ilyas/ros2_ws/install/robotic_chair_description/lib/pkgconfig/robotic_chair_description.pc'
[15.934s] Level 1:colcon.colcon_core.environment:checking '/home/ilyas/ros2_ws/install/robotic_chair_description/lib/python3.10/site-packages'
[15.934s] Level 1:colcon.colcon_core.environment:checking '/home/ilyas/ros2_ws/install/robotic_chair_description/bin'
[15.934s] INFO:colcon.colcon_core.shell:Creating package script '/home/ilyas/ros2_ws/install/robotic_chair_description/share/robotic_chair_description/package.ps1'
[15.935s] INFO:colcon.colcon_core.shell:Creating package descriptor '/home/ilyas/ros2_ws/install/robotic_chair_description/share/robotic_chair_description/package.dsv'
[15.936s] INFO:colcon.colcon_core.shell:Creating package script '/home/ilyas/ros2_ws/install/robotic_chair_description/share/robotic_chair_description/package.sh'
[15.936s] INFO:colcon.colcon_core.shell:Creating package script '/home/ilyas/ros2_ws/install/robotic_chair_description/share/robotic_chair_description/package.bash'
[15.937s] INFO:colcon.colcon_core.shell:Creating package script '/home/ilyas/ros2_ws/install/robotic_chair_description/share/robotic_chair_description/package.zsh'
[15.938s] Level 1:colcon.colcon_core.environment:create_file_with_runtime_dependencies(/home/ilyas/ros2_ws/install/robotic_chair_description/share/colcon-core/packages/robotic_chair_description)
[15.938s] INFO:colcon.colcon_ros.task.ament_cmake.build:Building ROS package in '/home/ilyas/ros2_ws/src/simple_world' with build type 'ament_cmake'
[15.938s] INFO:colcon.colcon_cmake.task.cmake.build:Building CMake package in '/home/ilyas/ros2_ws/src/simple_world'
[15.939s] INFO:colcon.colcon_core.shell:Skip shell extension 'powershell' for command environment: Not usable outside of PowerShell
[15.939s] DEBUG:colcon.colcon_core.shell:Skip shell extension 'dsv' for command environment
[16.000s] DEBUG:colcon.colcon_core.event_handler.log_command:Invoking command in '/home/ilyas/ros2_ws/build/simple_world': CMAKE_PREFIX_PATH=${CMAKE_PREFIX_PATH}:/home/ilyas/ros2_ws/install/robotic_chair_nav:/home/ilyas/ros2_ws/install/my_first_package:/home/ilyas/ros2_ws/src/robotic_chair_nav/install/robotic_chair_nav:/home/ilyas/ros2_ws/src/install/robotic_chair_nav:/home/ilyas/ros2_ws/src/install/my_first_package:/opt/ros/humble /usr/bin/cmake --build /home/ilyas/ros2_ws/build/simple_world -- -j3 -l3
[16.119s] DEBUG:colcon.colcon_core.event_handler.log_command:Invoked command in '/home/ilyas/ros2_ws/build/simple_world' returned '0': CMAKE_PREFIX_PATH=${CMAKE_PREFIX_PATH}:/home/ilyas/ros2_ws/install/robotic_chair_nav:/home/ilyas/ros2_ws/install/my_first_package:/home/ilyas/ros2_ws/src/robotic_chair_nav/install/robotic_chair_nav:/home/ilyas/ros2_ws/src/install/robotic_chair_nav:/home/ilyas/ros2_ws/src/install/my_first_package:/opt/ros/humble /usr/bin/cmake --build /home/ilyas/ros2_ws/build/simple_world -- -j3 -l3
[16.130s] DEBUG:colcon.colcon_core.event_handler.log_command:Invoking command in '/home/ilyas/ros2_ws/build/simple_world': CMAKE_PREFIX_PATH=${CMAKE_PREFIX_PATH}:/home/ilyas/ros2_ws/install/robotic_chair_nav:/home/ilyas/ros2_ws/install/my_first_package:/home/ilyas/ros2_ws/src/robotic_chair_nav/install/robotic_chair_nav:/home/ilyas/ros2_ws/src/install/robotic_chair_nav:/home/ilyas/ros2_ws/src/install/my_first_package:/opt/ros/humble /usr/bin/cmake --install /home/ilyas/ros2_ws/build/simple_world
[16.238s] Level 1:colcon.colcon_core.environment:create_environment_scripts_only(simple_world)
[16.238s] DEBUG:colcon.colcon_core.event_handler.log_command:Invoked command in '/home/ilyas/ros2_ws/build/simple_world' returned '0': CMAKE_PREFIX_PATH=${CMAKE_PREFIX_PATH}:/home/ilyas/ros2_ws/install/robotic_chair_nav:/home/ilyas/ros2_ws/install/my_first_package:/home/ilyas/ros2_ws/src/robotic_chair_nav/install/robotic_chair_nav:/home/ilyas/ros2_ws/src/install/robotic_chair_nav:/home/ilyas/ros2_ws/src/install/my_first_package:/opt/ros/humble /usr/bin/cmake --install /home/ilyas/ros2_ws/build/simple_world
[16.238s] Level 1:colcon.colcon_core.environment:checking '/home/ilyas/ros2_ws/install/simple_world' for CMake module files
[16.239s] Level 1:colcon.colcon_core.environment:checking '/home/ilyas/ros2_ws/install/simple_world' for CMake config files
[16.240s] Level 1:colcon.colcon_core.shell:create_environment_hook('simple_world', 'cmake_prefix_path')
[16.240s] INFO:colcon.colcon_core.shell:Creating environment hook '/home/ilyas/ros2_ws/install/simple_world/share/simple_world/hook/cmake_prefix_path.ps1'
[16.241s] INFO:colcon.colcon_core.shell:Creating environment descriptor '/home/ilyas/ros2_ws/install/simple_world/share/simple_world/hook/cmake_prefix_path.dsv'
[16.241s] INFO:colcon.colcon_core.shell:Creating environment hook '/home/ilyas/ros2_ws/install/simple_world/share/simple_world/hook/cmake_prefix_path.sh'
[16.243s] Level 1:colcon.colcon_core.environment:checking '/home/ilyas/ros2_ws/install/simple_world/bin'
[16.243s] Level 1:colcon.colcon_core.environment:checking '/home/ilyas/ros2_ws/install/simple_world/lib/pkgconfig/simple_world.pc'
[16.244s] Level 1:colcon.colcon_core.environment:checking '/home/ilyas/ros2_ws/install/simple_world/lib/python3.10/site-packages'
[16.244s] Level 1:colcon.colcon_core.environment:checking '/home/ilyas/ros2_ws/install/simple_world/bin'
[16.244s] INFO:colcon.colcon_core.shell:Creating package script '/home/ilyas/ros2_ws/install/simple_world/share/simple_world/package.ps1'
[16.245s] INFO:colcon.colcon_core.shell:Creating package descriptor '/home/ilyas/ros2_ws/install/simple_world/share/simple_world/package.dsv'
[16.246s] INFO:colcon.colcon_core.shell:Creating package script '/home/ilyas/ros2_ws/install/simple_world/share/simple_world/package.sh'
[16.246s] INFO:colcon.colcon_core.shell:Creating package script '/home/ilyas/ros2_ws/install/simple_world/share/simple_world/package.bash'
[16.247s] INFO:colcon.colcon_core.shell:Creating package script '/home/ilyas/ros2_ws/install/simple_world/share/simple_world/package.zsh'
[16.248s] Level 1:colcon.colcon_core.environment:create_file_with_runtime_dependencies(/home/ilyas/ros2_ws/install/simple_world/share/colcon-core/packages/simple_world)
[16.249s] Level 1:colcon.colcon_core.environment:create_environment_scripts_only(simple_world)
[16.249s] Level 1:colcon.colcon_core.environment:checking '/home/ilyas/ros2_ws/install/simple_world' for CMake module files
[16.249s] Level 1:colcon.colcon_core.environment:checking '/home/ilyas/ros2_ws/install/simple_world' for CMake config files
[16.249s] Level 1:colcon.colcon_core.shell:create_environment_hook('simple_world', 'cmake_prefix_path')
[16.250s] INFO:colcon.colcon_core.shell:Creating environment hook '/home/ilyas/ros2_ws/install/simple_world/share/simple_world/hook/cmake_prefix_path.ps1'
[16.250s] INFO:colcon.colcon_core.shell:Creating environment descriptor '/home/ilyas/ros2_ws/install/simple_world/share/simple_world/hook/cmake_prefix_path.dsv'
[16.251s] INFO:colcon.colcon_core.shell:Creating environment hook '/home/ilyas/ros2_ws/install/simple_world/share/simple_world/hook/cmake_prefix_path.sh'
[16.252s] Level 1:colcon.colcon_core.environment:checking '/home/ilyas/ros2_ws/install/simple_world/bin'
[16.252s] Level 1:colcon.colcon_core.environment:checking '/home/ilyas/ros2_ws/install/simple_world/lib/pkgconfig/simple_world.pc'
[16.253s] Level 1:colcon.colcon_core.environment:checking '/home/ilyas/ros2_ws/install/simple_world/lib/python3.10/site-packages'
[16.253s] Level 1:colcon.colcon_core.environment:checking '/home/ilyas/ros2_ws/install/simple_world/bin'
[16.254s] INFO:colcon.colcon_core.shell:Creating package script '/home/ilyas/ros2_ws/install/simple_world/share/simple_world/package.ps1'
[16.254s] INFO:colcon.colcon_core.shell:Creating package descriptor '/home/ilyas/ros2_ws/install/simple_world/share/simple_world/package.dsv'
[16.255s] INFO:colcon.colcon_core.shell:Creating package script '/home/ilyas/ros2_ws/install/simple_world/share/simple_world/package.sh'
[16.256s] INFO:colcon.colcon_core.shell:Creating package script '/home/ilyas/ros2_ws/install/simple_world/share/simple_world/package.bash'
[16.257s] INFO:colcon.colcon_core.shell:Creating package script '/home/ilyas/ros2_ws/install/simple_world/share/simple_world/package.zsh'
[16.258s] Level 1:colcon.colcon_core.environment:create_file_with_runtime_dependencies(/home/ilyas/ros2_ws/install/simple_world/share/colcon-core/packages/simple_world)
[17.712s] DEBUG:colcon.colcon_core.event_handler.log_command:Invoking command in '/home/ilyas/ros2_ws/src/robotic_chair_nav': PYTHONPATH=/home/ilyas/ros2_ws/build/robotic_chair_nav/prefix_override:/usr/lib/python3/dist-packages/colcon_core/task/python/colcon_distutils_commands:/home/ilyas/ros2_ws/install/robotic_chair_nav/lib/python3.10/site-packages:${PYTHONPATH} /usr/bin/python3 -W ignore:setup.py install is deprecated -W ignore:easy_install command is deprecated setup.py egg_info --egg-base ../../build/robotic_chair_nav build --build-base /home/ilyas/ros2_ws/build/robotic_chair_nav/build install --record /home/ilyas/ros2_ws/build/robotic_chair_nav/install.log --single-version-externally-managed install_data
[17.723s] DEBUG:colcon.colcon_core.event_handler.log_command:Invoking command in '/home/ilyas/ros2_ws/src/my_first_package': PYTHONPATH=/home/ilyas/ros2_ws/build/my_first_package/prefix_override:/usr/lib/python3/dist-packages/colcon_core/task/python/colcon_distutils_commands:/home/ilyas/ros2_ws/install/my_first_package/lib/python3.10/site-packages:${PYTHONPATH} /usr/bin/python3 -W ignore:setup.py install is deprecated -W ignore:easy_install command is deprecated setup.py egg_info --egg-base ../../build/my_first_package build --build-base /home/ilyas/ros2_ws/build/my_first_package/build install --record /home/ilyas/ros2_ws/build/my_first_package/install.log --single-version-externally-managed install_data
[18.117s] Level 1:colcon.colcon_core.environment:checking '/home/ilyas/ros2_ws/install/my_first_package' for CMake module files
[18.123s] DEBUG:colcon.colcon_core.event_handler.log_command:Invoked command in '/home/ilyas/ros2_ws/src/my_first_package' returned '0': PYTHONPATH=/home/ilyas/ros2_ws/build/my_first_package/prefix_override:/usr/lib/python3/dist-packages/colcon_core/task/python/colcon_distutils_commands:/home/ilyas/ros2_ws/install/my_first_package/lib/python3.10/site-packages:${PYTHONPATH} /usr/bin/python3 -W ignore:setup.py install is deprecated -W ignore:easy_install command is deprecated setup.py egg_info --egg-base ../../build/my_first_package build --build-base /home/ilyas/ros2_ws/build/my_first_package/build install --record /home/ilyas/ros2_ws/build/my_first_package/install.log --single-version-externally-managed install_data
[18.123s] Level 1:colcon.colcon_core.environment:checking '/home/ilyas/ros2_ws/install/my_first_package' for CMake config files
[18.124s] Level 1:colcon.colcon_core.environment:checking '/home/ilyas/ros2_ws/install/my_first_package/lib'
[18.124s] Level 1:colcon.colcon_core.environment:checking '/home/ilyas/ros2_ws/install/my_first_package/bin'
[18.124s] Level 1:colcon.colcon_core.environment:checking '/home/ilyas/ros2_ws/install/my_first_package/lib/pkgconfig/my_first_package.pc'
[18.125s] Level 1:colcon.colcon_core.environment:checking '/home/ilyas/ros2_ws/install/my_first_package/lib/python3.10/site-packages'
[18.125s] Level 1:colcon.colcon_core.shell:create_environment_hook('my_first_package', 'pythonpath')
[18.126s] INFO:colcon.colcon_core.shell:Creating environment hook '/home/ilyas/ros2_ws/install/my_first_package/share/my_first_package/hook/pythonpath.ps1'
[18.127s] INFO:colcon.colcon_core.shell:Creating environment descriptor '/home/ilyas/ros2_ws/install/my_first_package/share/my_first_package/hook/pythonpath.dsv'
[18.127s] INFO:colcon.colcon_core.shell:Creating environment hook '/home/ilyas/ros2_ws/install/my_first_package/share/my_first_package/hook/pythonpath.sh'
[18.129s] Level 1:colcon.colcon_core.environment:checking '/home/ilyas/ros2_ws/install/my_first_package/bin'
[18.129s] Level 1:colcon.colcon_core.environment:create_environment_scripts_only(my_first_package)
[18.129s] INFO:colcon.colcon_core.shell:Creating package script '/home/ilyas/ros2_ws/install/my_first_package/share/my_first_package/package.ps1'
[18.130s] INFO:colcon.colcon_core.shell:Creating package descriptor '/home/ilyas/ros2_ws/install/my_first_package/share/my_first_package/package.dsv'
[18.131s] INFO:colcon.colcon_core.shell:Creating package script '/home/ilyas/ros2_ws/install/my_first_package/share/my_first_package/package.sh'
[18.131s] INFO:colcon.colcon_core.shell:Creating package script '/home/ilyas/ros2_ws/install/my_first_package/share/my_first_package/package.bash'
[18.132s] INFO:colcon.colcon_core.shell:Creating package script '/home/ilyas/ros2_ws/install/my_first_package/share/my_first_package/package.zsh'
[18.133s] Level 1:colcon.colcon_core.environment:create_file_with_runtime_dependencies(/home/ilyas/ros2_ws/install/my_first_package/share/colcon-core/packages/my_first_package)
[18.137s] Level 1:colcon.colcon_core.environment:checking '/home/ilyas/ros2_ws/install/robotic_chair_nav' for CMake module files
[18.138s] DEBUG:colcon.colcon_core.event_handler.log_command:Invoked command in '/home/ilyas/ros2_ws/src/robotic_chair_nav' returned '0': PYTHONPATH=/home/ilyas/ros2_ws/build/robotic_chair_nav/prefix_override:/usr/lib/python3/dist-packages/colcon_core/task/python/colcon_distutils_commands:/home/ilyas/ros2_ws/install/robotic_chair_nav/lib/python3.10/site-packages:${PYTHONPATH} /usr/bin/python3 -W ignore:setup.py install is deprecated -W ignore:easy_install command is deprecated setup.py egg_info --egg-base ../../build/robotic_chair_nav build --build-base /home/ilyas/ros2_ws/build/robotic_chair_nav/build install --record /home/ilyas/ros2_ws/build/robotic_chair_nav/install.log --single-version-externally-managed install_data
[18.138s] Level 1:colcon.colcon_core.environment:checking '/home/ilyas/ros2_ws/install/robotic_chair_nav' for CMake config files
[18.161s] Level 1:colcon.colcon_core.environment:checking '/home/ilyas/ros2_ws/install/robotic_chair_nav/lib'
[18.161s] Level 1:colcon.colcon_core.environment:checking '/home/ilyas/ros2_ws/install/robotic_chair_nav/bin'
[18.161s] Level 1:colcon.colcon_core.environment:checking '/home/ilyas/ros2_ws/install/robotic_chair_nav/lib/pkgconfig/robotic_chair_nav.pc'
[18.161s] Level 1:colcon.colcon_core.environment:checking '/home/ilyas/ros2_ws/install/robotic_chair_nav/lib/python3.10/site-packages'
[18.161s] Level 1:colcon.colcon_core.shell:create_environment_hook('robotic_chair_nav', 'pythonpath')
[18.162s] INFO:colcon.colcon_core.shell:Creating environment hook '/home/ilyas/ros2_ws/install/robotic_chair_nav/share/robotic_chair_nav/hook/pythonpath.ps1'
[18.163s] INFO:colcon.colcon_core.shell:Creating environment descriptor '/home/ilyas/ros2_ws/install/robotic_chair_nav/share/robotic_chair_nav/hook/pythonpath.dsv'
[18.165s] INFO:colcon.colcon_core.shell:Creating environment hook '/home/ilyas/ros2_ws/install/robotic_chair_nav/share/robotic_chair_nav/hook/pythonpath.sh'
[18.167s] Level 1:colcon.colcon_core.environment:checking '/home/ilyas/ros2_ws/install/robotic_chair_nav/bin'
[18.167s] Level 1:colcon.colcon_core.environment:create_environment_scripts_only(robotic_chair_nav)
[18.168s] INFO:colcon.colcon_core.shell:Creating package script '/home/ilyas/ros2_ws/install/robotic_chair_nav/share/robotic_chair_nav/package.ps1'
[18.168s] INFO:colcon.colcon_core.shell:Creating package descriptor '/home/ilyas/ros2_ws/install/robotic_chair_nav/share/robotic_chair_nav/package.dsv'
[18.169s] INFO:colcon.colcon_core.shell:Creating package script '/home/ilyas/ros2_ws/install/robotic_chair_nav/share/robotic_chair_nav/package.sh'
[18.170s] INFO:colcon.colcon_core.shell:Creating package script '/home/ilyas/ros2_ws/install/robotic_chair_nav/share/robotic_chair_nav/package.bash'
[18.170s] INFO:colcon.colcon_core.shell:Creating package script '/home/ilyas/ros2_ws/install/robotic_chair_nav/share/robotic_chair_nav/package.zsh'
[18.171s] Level 1:colcon.colcon_core.environment:create_file_with_runtime_dependencies(/home/ilyas/ros2_ws/install/robotic_chair_nav/share/colcon-core/packages/robotic_chair_nav)
[18.171s] DEBUG:colcon.colcon_parallel_executor.executor.parallel:closing loop
[18.172s] DEBUG:colcon.colcon_parallel_executor.executor.parallel:loop closed
[18.172s] DEBUG:colcon.colcon_parallel_executor.executor.parallel:run_until_complete finished with '0'
[18.172s] DEBUG:colcon.colcon_core.event_reactor:joining thread
[18.202s] INFO:colcon.colcon_core.plugin_system:Skipping extension 'colcon_notification.desktop_notification.terminal_notifier': Not used on non-Darwin systems
[18.203s] INFO:colcon.colcon_core.plugin_system:Skipping extension 'colcon_notification.desktop_notification.win32': Not used on non-Windows systems
[18.203s] INFO:colcon.colcon_notification.desktop_notification:Sending desktop notification using 'notify2'
[18.228s] DEBUG:colcon.colcon_core.event_reactor:joined thread
[18.229s] INFO:colcon.colcon_core.shell:Creating prefix script '/home/ilyas/ros2_ws/install/local_setup.ps1'
[18.246s] INFO:colcon.colcon_core.shell:Creating prefix util module '/home/ilyas/ros2_ws/install/_local_setup_util_ps1.py'
[18.274s] INFO:colcon.colcon_core.shell:Creating prefix chain script '/home/ilyas/ros2_ws/install/setup.ps1'
[18.286s] INFO:colcon.colcon_core.shell:Creating prefix script '/home/ilyas/ros2_ws/install/local_setup.sh'
[18.317s] INFO:colcon.colcon_core.shell:Creating prefix util module '/home/ilyas/ros2_ws/install/_local_setup_util_sh.py'
[18.318s] INFO:colcon.colcon_core.shell:Creating prefix chain script '/home/ilyas/ros2_ws/install/setup.sh'
[18.322s] INFO:colcon.colcon_core.shell:Creating prefix script '/home/ilyas/ros2_ws/install/local_setup.bash'
[18.324s] INFO:colcon.colcon_core.shell:Creating prefix chain script '/home/ilyas/ros2_ws/install/setup.bash'
[18.328s] INFO:colcon.colcon_core.shell:Creating prefix script '/home/ilyas/ros2_ws/install/local_setup.zsh'
[18.331s] INFO:colcon.colcon_core.shell:Creating prefix chain script '/home/ilyas/ros2_ws/install/setup.zsh'
