[4.178s] Invoking command in '/home/ilyas/ros2_ws/src/robotic_chair_nav': PYTHONPATH=/home/ilyas/ros2_ws/src/build/robotic_chair_nav/prefix_override:/usr/lib/python3/dist-packages/colcon_core/task/python/colcon_distutils_commands:/home/ilyas/ros2_ws/src/install/robotic_chair_nav/lib/python3.10/site-packages:${PYTHONPATH} /usr/bin/python3 -W ignore:setup.py install is deprecated -W ignore:easy_install command is deprecated setup.py egg_info --egg-base ../build/robotic_chair_nav build --build-base /home/ilyas/ros2_ws/src/build/robotic_chair_nav/build install --record /home/ilyas/ros2_ws/src/build/robotic_chair_nav/install.log --single-version-externally-managed install_data
[4.923s] running egg_info
[4.927s] writing ../build/robotic_chair_nav/robotic_chair_nav.egg-info/PKG-INFO
[5.108s] writing dependency_links to ../build/robotic_chair_nav/robotic_chair_nav.egg-info/dependency_links.txt
[5.108s] writing entry points to ../build/robotic_chair_nav/robotic_chair_nav.egg-info/entry_points.txt
[5.109s] writing requirements to ../build/robotic_chair_nav/robotic_chair_nav.egg-info/requires.txt
[5.109s] writing top-level names to ../build/robotic_chair_nav/robotic_chair_nav.egg-info/top_level.txt
[5.135s] reading manifest file '../build/robotic_chair_nav/robotic_chair_nav.egg-info/SOURCES.txt'
[5.138s] writing manifest file '../build/robotic_chair_nav/robotic_chair_nav.egg-info/SOURCES.txt'
[5.483s] running build
[5.496s] running build_py
[5.508s] running install
[5.509s] running install_lib
[5.519s] running install_data
[5.524s] running install_egg_info
[5.847s] removing '/home/ilyas/ros2_ws/src/install/robotic_chair_nav/lib/python3.10/site-packages/robotic_chair_nav-0.0.1-py3.10.egg-info' (and everything under it)
[5.853s] Copying ../build/robotic_chair_nav/robotic_chair_nav.egg-info to /home/ilyas/ros2_ws/src/install/robotic_chair_nav/lib/python3.10/site-packages/robotic_chair_nav-0.0.1-py3.10.egg-info
[5.855s] running install_scripts
[5.856s] Installing obstacle_stop script to /home/ilyas/ros2_ws/src/install/robotic_chair_nav/lib/robotic_chair_nav
[5.862s] writing list of installed files to '/home/ilyas/ros2_ws/src/build/robotic_chair_nav/install.log'
[5.954s] Invoked command in '/home/ilyas/ros2_ws/src/robotic_chair_nav' returned '0': PYTHONPATH=/home/ilyas/ros2_ws/src/build/robotic_chair_nav/prefix_override:/usr/lib/python3/dist-packages/colcon_core/task/python/colcon_distutils_commands:/home/ilyas/ros2_ws/src/install/robotic_chair_nav/lib/python3.10/site-packages:${PYTHONPATH} /usr/bin/python3 -W ignore:setup.py install is deprecated -W ignore:easy_install command is deprecated setup.py egg_info --egg-base ../build/robotic_chair_nav build --build-base /home/ilyas/ros2_ws/src/build/robotic_chair_nav/build install --record /home/ilyas/ros2_ws/src/build/robotic_chair_nav/install.log --single-version-externally-managed install_data
