[2.572s] Invoking command in '/home/ilyas/ros2_ws/src/robotic_chair_nav': PYTHONPATH=/home/ilyas/ros2_ws/src/build/robotic_chair_nav/prefix_override:/usr/lib/python3/dist-packages/colcon_core/task/python/colcon_distutils_commands:/home/ilyas/ros2_ws/src/install/robotic_chair_nav/lib/python3.10/site-packages:${PYTHONPATH} /usr/bin/python3 -W ignore:setup.py install is deprecated -W ignore:easy_install command is deprecated setup.py egg_info --egg-base ../build/robotic_chair_nav build --build-base /home/ilyas/ros2_ws/src/build/robotic_chair_nav/build install --record /home/ilyas/ros2_ws/src/build/robotic_chair_nav/install.log --single-version-externally-managed install_data
[3.204s] running egg_info
[3.204s] writing ../build/robotic_chair_nav/robotic_chair_nav.egg-info/PKG-INFO
[3.204s] writing dependency_links to ../build/robotic_chair_nav/robotic_chair_nav.egg-info/dependency_links.txt
[3.204s] writing entry points to ../build/robotic_chair_nav/robotic_chair_nav.egg-info/entry_points.txt
[3.204s] writing requirements to ../build/robotic_chair_nav/robotic_chair_nav.egg-info/requires.txt
[3.204s] writing top-level names to ../build/robotic_chair_nav/robotic_chair_nav.egg-info/top_level.txt
[3.205s] reading manifest file '../build/robotic_chair_nav/robotic_chair_nav.egg-info/SOURCES.txt'
[3.281s] writing manifest file '../build/robotic_chair_nav/robotic_chair_nav.egg-info/SOURCES.txt'
[3.282s] running build
[3.282s] running build_py
[3.282s] running install
[3.282s] running install_lib
[3.282s] running install_data
[3.282s] running install_egg_info
[3.283s] removing '/home/ilyas/ros2_ws/src/install/robotic_chair_nav/lib/python3.10/site-packages/robotic_chair_nav-0.0.1-py3.10.egg-info' (and everything under it)
[3.283s] Copying ../build/robotic_chair_nav/robotic_chair_nav.egg-info to /home/ilyas/ros2_ws/src/install/robotic_chair_nav/lib/python3.10/site-packages/robotic_chair_nav-0.0.1-py3.10.egg-info
[3.283s] running install_scripts
[3.375s] Installing obstacle_stop script to /home/ilyas/ros2_ws/src/install/robotic_chair_nav/lib/robotic_chair_nav
[3.375s] writing list of installed files to '/home/ilyas/ros2_ws/src/build/robotic_chair_nav/install.log'
[3.535s] Invoked command in '/home/ilyas/ros2_ws/src/robotic_chair_nav' returned '0': PYTHONPATH=/home/ilyas/ros2_ws/src/build/robotic_chair_nav/prefix_override:/usr/lib/python3/dist-packages/colcon_core/task/python/colcon_distutils_commands:/home/ilyas/ros2_ws/src/install/robotic_chair_nav/lib/python3.10/site-packages:${PYTHONPATH} /usr/bin/python3 -W ignore:setup.py install is deprecated -W ignore:easy_install command is deprecated setup.py egg_info --egg-base ../build/robotic_chair_nav build --build-base /home/ilyas/ros2_ws/src/build/robotic_chair_nav/build install --record /home/ilyas/ros2_ws/src/build/robotic_chair_nav/install.log --single-version-externally-managed install_data
