[6.313s] DEBUG:colcon:Command line arguments: ['/usr/bin/colcon', 'build', '--packages-select', 'robotic_chair_nav']
[6.313s] DEBUG:colcon:Parsed command line arguments: Namespace(log_base=None, log_level=None, verb_name='build', build_base='build', install_base='install', merge_install=False, symlink_install=False, test_result_base=None, continue_on_error=False, executor='parallel', parallel_workers=3, event_handlers=None, ignore_user_meta=False, metas=['./colcon.meta'], base_paths=['.'], packages_ignore=None, packages_ignore_regex=None, paths=None, packages_up_to=None, packages_up_to_regex=None, packages_above=None, packages_above_and_dependencies=None, packages_above_depth=None, packages_select_by_dep=None, packages_skip_by_dep=None, packages_skip_up_to=None, packages_select_build_failed=False, packages_skip_build_finished=False, packages_select_test_failures=False, packages_skip_test_passed=False, packages_select=['robotic_chair_nav'], packages_skip=None, packages_select_regex=None, packages_skip_regex=None, packages_start=None, packages_end=None, allow_overriding=[], cmake_args=None, cmake_target=None, cmake_target_skip_unavailable=False, cmake_clean_cache=False, cmake_clean_first=False, cmake_force_configure=False, ament_cmake_args=None, catkin_cmake_args=None, catkin_skip_building_tests=False, mixin_files=None, mixin=None, verb_parser=<colcon_mixin.mixin.mixin_argument.MixinArgumentDecorator object at 0x77dcfbe5ef50>, verb_extension=<colcon_core.verb.build.BuildVerb object at 0x77dcfbe5e0e0>, main=<bound method BuildVerb.main of <colcon_core.verb.build.BuildVerb object at 0x77dcfbe5e0e0>>, mixin_verb=('build',))
[11.407s] Level 1:colcon.colcon_core.package_discovery:discover_packages(colcon_meta) check parameters
[11.408s] Level 1:colcon.colcon_core.package_discovery:discover_packages(recursive) check parameters
[11.408s] Level 1:colcon.colcon_core.package_discovery:discover_packages(ignore) check parameters
[11.408s] Level 1:colcon.colcon_core.package_discovery:discover_packages(path) check parameters
[11.408s] Level 1:colcon.colcon_core.package_discovery:discover_packages(colcon_meta) discover
[11.410s] Level 1:colcon.colcon_core.package_discovery:discover_packages(recursive) discover
[11.410s] INFO:colcon.colcon_core.package_discovery:Crawling recursively for packages in '/home/ilyas/ros2_ws/src'
[11.410s] Level 1:colcon.colcon_core.package_identification:_identify(.) by extensions ['ignore', 'ignore_ament_install']
[11.410s] Level 1:colcon.colcon_core.package_identification:_identify(.) by extension 'ignore'
[11.410s] Level 1:colcon.colcon_core.package_identification:_identify(.) by extension 'ignore_ament_install'
[11.411s] Level 1:colcon.colcon_core.package_identification:_identify(.) by extensions ['colcon_pkg']
[11.411s] Level 1:colcon.colcon_core.package_identification:_identify(.) by extension 'colcon_pkg'
[11.411s] Level 1:colcon.colcon_core.package_identification:_identify(.) by extensions ['colcon_meta']
[11.411s] Level 1:colcon.colcon_core.package_identification:_identify(.) by extension 'colcon_meta'
[11.411s] Level 1:colcon.colcon_core.package_identification:_identify(.) by extensions ['ros']
[11.411s] Level 1:colcon.colcon_core.package_identification:_identify(.) by extension 'ros'
[11.517s] Level 1:colcon.colcon_core.package_identification:_identify(.) by extensions ['cmake', 'python']
[11.517s] Level 1:colcon.colcon_core.package_identification:_identify(.) by extension 'cmake'
[11.517s] Level 1:colcon.colcon_core.package_identification:_identify(.) by extension 'python'
[11.517s] Level 1:colcon.colcon_core.package_identification:_identify(.) by extensions ['python_setup_py']
[11.517s] Level 1:colcon.colcon_core.package_identification:_identify(.) by extension 'python_setup_py'
[11.518s] Level 1:colcon.colcon_core.package_identification:_identify(build) by extensions ['ignore', 'ignore_ament_install']
[11.518s] Level 1:colcon.colcon_core.package_identification:_identify(build) by extension 'ignore'
[11.518s] Level 1:colcon.colcon_core.package_identification:_identify(build) ignored
[11.518s] Level 1:colcon.colcon_core.package_identification:_identify(install) by extensions ['ignore', 'ignore_ament_install']
[11.518s] Level 1:colcon.colcon_core.package_identification:_identify(install) by extension 'ignore'
[11.518s] Level 1:colcon.colcon_core.package_identification:_identify(install) ignored
[11.518s] Level 1:colcon.colcon_core.package_identification:_identify(log) by extensions ['ignore', 'ignore_ament_install']
[11.518s] Level 1:colcon.colcon_core.package_identification:_identify(log) by extension 'ignore'
[11.518s] Level 1:colcon.colcon_core.package_identification:_identify(log) ignored
[11.518s] Level 1:colcon.colcon_core.package_identification:_identify(my_first_package) by extensions ['ignore', 'ignore_ament_install']
[11.519s] Level 1:colcon.colcon_core.package_identification:_identify(my_first_package) by extension 'ignore'
[11.519s] Level 1:colcon.colcon_core.package_identification:_identify(my_first_package) by extension 'ignore_ament_install'
[11.519s] Level 1:colcon.colcon_core.package_identification:_identify(my_first_package) by extensions ['colcon_pkg']
[11.519s] Level 1:colcon.colcon_core.package_identification:_identify(my_first_package) by extension 'colcon_pkg'
[11.519s] Level 1:colcon.colcon_core.package_identification:_identify(my_first_package) by extensions ['colcon_meta']
[11.519s] Level 1:colcon.colcon_core.package_identification:_identify(my_first_package) by extension 'colcon_meta'
[11.519s] Level 1:colcon.colcon_core.package_identification:_identify(my_first_package) by extensions ['ros']
[11.519s] Level 1:colcon.colcon_core.package_identification:_identify(my_first_package) by extension 'ros'
[11.561s] DEBUG:colcon.colcon_core.package_identification:Package 'my_first_package' with type 'ros.ament_python' and name 'my_first_package'
[11.562s] Level 1:colcon.colcon_core.package_identification:_identify(robotic_chair_description) by extensions ['ignore', 'ignore_ament_install']
[11.562s] Level 1:colcon.colcon_core.package_identification:_identify(robotic_chair_description) by extension 'ignore'
[11.562s] Level 1:colcon.colcon_core.package_identification:_identify(robotic_chair_description) by extension 'ignore_ament_install'
[11.562s] Level 1:colcon.colcon_core.package_identification:_identify(robotic_chair_description) by extensions ['colcon_pkg']
[11.562s] Level 1:colcon.colcon_core.package_identification:_identify(robotic_chair_description) by extension 'colcon_pkg'
[11.562s] Level 1:colcon.colcon_core.package_identification:_identify(robotic_chair_description) by extensions ['colcon_meta']
[11.562s] Level 1:colcon.colcon_core.package_identification:_identify(robotic_chair_description) by extension 'colcon_meta'
[11.562s] Level 1:colcon.colcon_core.package_identification:_identify(robotic_chair_description) by extensions ['ros']
[11.562s] Level 1:colcon.colcon_core.package_identification:_identify(robotic_chair_description) by extension 'ros'
[11.586s] DEBUG:colcon.colcon_core.package_identification:Package 'robotic_chair_description' with type 'ros.ament_cmake' and name 'robotic_chair_description'
[11.586s] Level 1:colcon.colcon_core.package_identification:_identify(robotic_chair_nav) by extensions ['ignore', 'ignore_ament_install']
[11.586s] Level 1:colcon.colcon_core.package_identification:_identify(robotic_chair_nav) by extension 'ignore'
[11.586s] Level 1:colcon.colcon_core.package_identification:_identify(robotic_chair_nav) by extension 'ignore_ament_install'
[11.586s] Level 1:colcon.colcon_core.package_identification:_identify(robotic_chair_nav) by extensions ['colcon_pkg']
[11.586s] Level 1:colcon.colcon_core.package_identification:_identify(robotic_chair_nav) by extension 'colcon_pkg'
[11.586s] Level 1:colcon.colcon_core.package_identification:_identify(robotic_chair_nav) by extensions ['colcon_meta']
[11.586s] Level 1:colcon.colcon_core.package_identification:_identify(robotic_chair_nav) by extension 'colcon_meta'
[11.586s] Level 1:colcon.colcon_core.package_identification:_identify(robotic_chair_nav) by extensions ['ros']
[11.586s] Level 1:colcon.colcon_core.package_identification:_identify(robotic_chair_nav) by extension 'ros'
[11.587s] DEBUG:colcon.colcon_core.package_identification:Package 'robotic_chair_nav' with type 'ros.ament_python' and name 'robotic_chair_nav'
[11.587s] Level 1:colcon.colcon_core.package_discovery:discover_packages(recursive) using defaults
[11.587s] Level 1:colcon.colcon_core.package_discovery:discover_packages(ignore) discover
[11.587s] Level 1:colcon.colcon_core.package_discovery:discover_packages(ignore) using defaults
[11.587s] Level 1:colcon.colcon_core.package_discovery:discover_packages(path) discover
[11.587s] Level 1:colcon.colcon_core.package_discovery:discover_packages(path) using defaults
[12.104s] INFO:colcon.colcon_core.package_selection:Skipping not selected package 'my_first_package' in 'my_first_package'
[12.104s] INFO:colcon.colcon_core.package_selection:Skipping not selected package 'robotic_chair_description' in 'robotic_chair_description'
[12.116s] Level 1:colcon.colcon_core.package_discovery:discover_packages(prefix_path) check parameters
[12.116s] Level 1:colcon.colcon_core.package_discovery:discover_packages(prefix_path) discover
[12.171s] DEBUG:colcon.colcon_installed_package_information.package_discovery:Found 14 installed packages in /home/ilyas/ros2_ws/install
[12.173s] DEBUG:colcon.colcon_installed_package_information.package_discovery:Found 330 installed packages in /opt/ros/humble
[12.177s] Level 1:colcon.colcon_core.package_discovery:discover_packages(prefix_path) using defaults
[12.772s] Level 5:colcon.colcon_core.verb:set package 'robotic_chair_nav' build argument 'cmake_args' from command line to 'None'
[12.773s] Level 5:colcon.colcon_core.verb:set package 'robotic_chair_nav' build argument 'cmake_target' from command line to 'None'
[12.773s] Level 5:colcon.colcon_core.verb:set package 'robotic_chair_nav' build argument 'cmake_target_skip_unavailable' from command line to 'False'
[12.773s] Level 5:colcon.colcon_core.verb:set package 'robotic_chair_nav' build argument 'cmake_clean_cache' from command line to 'False'
[12.773s] Level 5:colcon.colcon_core.verb:set package 'robotic_chair_nav' build argument 'cmake_clean_first' from command line to 'False'
[12.773s] Level 5:colcon.colcon_core.verb:set package 'robotic_chair_nav' build argument 'cmake_force_configure' from command line to 'False'
[12.773s] Level 5:colcon.colcon_core.verb:set package 'robotic_chair_nav' build argument 'ament_cmake_args' from command line to 'None'
[12.773s] Level 5:colcon.colcon_core.verb:set package 'robotic_chair_nav' build argument 'catkin_cmake_args' from command line to 'None'
[12.773s] Level 5:colcon.colcon_core.verb:set package 'robotic_chair_nav' build argument 'catkin_skip_building_tests' from command line to 'False'
[12.773s] DEBUG:colcon.colcon_core.verb:Building package 'robotic_chair_nav' with the following arguments: {'ament_cmake_args': None, 'build_base': '/home/ilyas/ros2_ws/src/build/robotic_chair_nav', 'catkin_cmake_args': None, 'catkin_skip_building_tests': False, 'cmake_args': None, 'cmake_clean_cache': False, 'cmake_clean_first': False, 'cmake_force_configure': False, 'cmake_target': None, 'cmake_target_skip_unavailable': False, 'install_base': '/home/ilyas/ros2_ws/src/install/robotic_chair_nav', 'merge_install': False, 'path': '/home/ilyas/ros2_ws/src/robotic_chair_nav', 'symlink_install': False, 'test_result_base': None}
[12.774s] INFO:colcon.colcon_core.executor:Executing jobs using 'parallel' executor
[12.777s] DEBUG:colcon.colcon_parallel_executor.executor.parallel:run_until_complete
[12.778s] INFO:colcon.colcon_ros.task.ament_python.build:Building ROS package in '/home/ilyas/ros2_ws/src/robotic_chair_nav' with build type 'ament_python'
[12.778s] Level 1:colcon.colcon_core.shell:create_environment_hook('robotic_chair_nav', 'ament_prefix_path')
[12.872s] INFO:colcon.colcon_core.plugin_system:Skipping extension 'colcon_core.shell.bat': Not used on non-Windows systems
[12.872s] INFO:colcon.colcon_core.shell:Creating environment hook '/home/ilyas/ros2_ws/src/install/robotic_chair_nav/share/robotic_chair_nav/hook/ament_prefix_path.ps1'
[12.897s] INFO:colcon.colcon_core.shell:Creating environment descriptor '/home/ilyas/ros2_ws/src/install/robotic_chair_nav/share/robotic_chair_nav/hook/ament_prefix_path.dsv'
[12.915s] INFO:colcon.colcon_core.shell:Creating environment hook '/home/ilyas/ros2_ws/src/install/robotic_chair_nav/share/robotic_chair_nav/hook/ament_prefix_path.sh'
[12.920s] INFO:colcon.colcon_core.shell:Skip shell extension 'powershell' for command environment: Not usable outside of PowerShell
[12.920s] DEBUG:colcon.colcon_core.shell:Skip shell extension 'dsv' for command environment
[13.462s] INFO:colcon.colcon_core.task.python.build:Building Python package in '/home/ilyas/ros2_ws/src/robotic_chair_nav'
[13.463s] INFO:colcon.colcon_core.shell:Skip shell extension 'powershell' for command environment: Not usable outside of PowerShell
[13.463s] DEBUG:colcon.colcon_core.shell:Skip shell extension 'dsv' for command environment
[16.283s] DEBUG:colcon.colcon_core.event_handler.log_command:Invoking command in '/home/ilyas/ros2_ws/src/robotic_chair_nav': PYTHONPATH=/home/ilyas/ros2_ws/src/build/robotic_chair_nav/prefix_override:/usr/lib/python3/dist-packages/colcon_core/task/python/colcon_distutils_commands:/home/ilyas/ros2_ws/src/install/robotic_chair_nav/lib/python3.10/site-packages:${PYTHONPATH} /usr/bin/python3 -W ignore:setup.py install is deprecated -W ignore:easy_install command is deprecated setup.py egg_info --egg-base ../build/robotic_chair_nav build --build-base /home/ilyas/ros2_ws/src/build/robotic_chair_nav/build install --record /home/ilyas/ros2_ws/src/build/robotic_chair_nav/install.log --single-version-externally-managed install_data
[16.641s] DEBUG:colcon.colcon_core.event_handler.log_command:Invoked command in '/home/ilyas/ros2_ws/src/robotic_chair_nav' returned '0': PYTHONPATH=/home/ilyas/ros2_ws/src/build/robotic_chair_nav/prefix_override:/usr/lib/python3/dist-packages/colcon_core/task/python/colcon_distutils_commands:/home/ilyas/ros2_ws/src/install/robotic_chair_nav/lib/python3.10/site-packages:${PYTHONPATH} /usr/bin/python3 -W ignore:setup.py install is deprecated -W ignore:easy_install command is deprecated setup.py egg_info --egg-base ../build/robotic_chair_nav build --build-base /home/ilyas/ros2_ws/src/build/robotic_chair_nav/build install --record /home/ilyas/ros2_ws/src/build/robotic_chair_nav/install.log --single-version-externally-managed install_data
[16.768s] Level 1:colcon.colcon_core.environment:checking '/home/ilyas/ros2_ws/src/install/robotic_chair_nav' for CMake module files
[16.768s] Level 1:colcon.colcon_core.environment:checking '/home/ilyas/ros2_ws/src/install/robotic_chair_nav' for CMake config files
[16.769s] Level 1:colcon.colcon_core.environment:checking '/home/ilyas/ros2_ws/src/install/robotic_chair_nav/lib'
[16.769s] Level 1:colcon.colcon_core.environment:checking '/home/ilyas/ros2_ws/src/install/robotic_chair_nav/bin'
[16.769s] Level 1:colcon.colcon_core.environment:checking '/home/ilyas/ros2_ws/src/install/robotic_chair_nav/lib/pkgconfig/robotic_chair_nav.pc'
[16.769s] Level 1:colcon.colcon_core.environment:checking '/home/ilyas/ros2_ws/src/install/robotic_chair_nav/lib/python3.10/site-packages'
[16.769s] Level 1:colcon.colcon_core.shell:create_environment_hook('robotic_chair_nav', 'pythonpath')
[16.769s] INFO:colcon.colcon_core.shell:Creating environment hook '/home/ilyas/ros2_ws/src/install/robotic_chair_nav/share/robotic_chair_nav/hook/pythonpath.ps1'
[16.770s] INFO:colcon.colcon_core.shell:Creating environment descriptor '/home/ilyas/ros2_ws/src/install/robotic_chair_nav/share/robotic_chair_nav/hook/pythonpath.dsv'
[16.770s] INFO:colcon.colcon_core.shell:Creating environment hook '/home/ilyas/ros2_ws/src/install/robotic_chair_nav/share/robotic_chair_nav/hook/pythonpath.sh'
[16.771s] Level 1:colcon.colcon_core.environment:checking '/home/ilyas/ros2_ws/src/install/robotic_chair_nav/bin'
[16.771s] Level 1:colcon.colcon_core.environment:create_environment_scripts_only(robotic_chair_nav)
[16.771s] INFO:colcon.colcon_core.shell:Creating package script '/home/ilyas/ros2_ws/src/install/robotic_chair_nav/share/robotic_chair_nav/package.ps1'
[16.781s] INFO:colcon.colcon_core.shell:Creating package descriptor '/home/ilyas/ros2_ws/src/install/robotic_chair_nav/share/robotic_chair_nav/package.dsv'
[16.799s] INFO:colcon.colcon_core.shell:Creating package script '/home/ilyas/ros2_ws/src/install/robotic_chair_nav/share/robotic_chair_nav/package.sh'
[16.801s] INFO:colcon.colcon_core.shell:Creating package script '/home/ilyas/ros2_ws/src/install/robotic_chair_nav/share/robotic_chair_nav/package.bash'
[16.823s] INFO:colcon.colcon_core.shell:Creating package script '/home/ilyas/ros2_ws/src/install/robotic_chair_nav/share/robotic_chair_nav/package.zsh'
[16.847s] Level 1:colcon.colcon_core.environment:create_file_with_runtime_dependencies(/home/ilyas/ros2_ws/src/install/robotic_chair_nav/share/colcon-core/packages/robotic_chair_nav)
[16.847s] DEBUG:colcon.colcon_parallel_executor.executor.parallel:closing loop
[16.848s] DEBUG:colcon.colcon_parallel_executor.executor.parallel:loop closed
[16.848s] DEBUG:colcon.colcon_parallel_executor.executor.parallel:run_until_complete finished with '0'
[16.848s] DEBUG:colcon.colcon_core.event_reactor:joining thread
[16.864s] INFO:colcon.colcon_core.plugin_system:Skipping extension 'colcon_notification.desktop_notification.terminal_notifier': Not used on non-Darwin systems
[16.864s] INFO:colcon.colcon_core.plugin_system:Skipping extension 'colcon_notification.desktop_notification.win32': Not used on non-Windows systems
[16.864s] INFO:colcon.colcon_notification.desktop_notification:Sending desktop notification using 'notify2'
[16.913s] DEBUG:colcon.colcon_core.event_reactor:joined thread
[16.914s] INFO:colcon.colcon_core.shell:Creating prefix script '/home/ilyas/ros2_ws/src/install/local_setup.ps1'
[16.935s] INFO:colcon.colcon_core.shell:Creating prefix util module '/home/ilyas/ros2_ws/src/install/_local_setup_util_ps1.py'
[16.955s] INFO:colcon.colcon_core.shell:Creating prefix chain script '/home/ilyas/ros2_ws/src/install/setup.ps1'
[16.958s] INFO:colcon.colcon_core.shell:Creating prefix script '/home/ilyas/ros2_ws/src/install/local_setup.sh'
[16.962s] INFO:colcon.colcon_core.shell:Creating prefix util module '/home/ilyas/ros2_ws/src/install/_local_setup_util_sh.py'
[16.963s] INFO:colcon.colcon_core.shell:Creating prefix chain script '/home/ilyas/ros2_ws/src/install/setup.sh'
[16.966s] INFO:colcon.colcon_core.shell:Creating prefix script '/home/ilyas/ros2_ws/src/install/local_setup.bash'
[16.968s] INFO:colcon.colcon_core.shell:Creating prefix chain script '/home/ilyas/ros2_ws/src/install/setup.bash'
[16.971s] INFO:colcon.colcon_core.shell:Creating prefix script '/home/ilyas/ros2_ws/src/install/local_setup.zsh'
[16.973s] INFO:colcon.colcon_core.shell:Creating prefix chain script '/home/ilyas/ros2_ws/src/install/setup.zsh'
