[4.674s] Invoking command in '/home/ilyas/ros2_ws/src/robotic_chair_nav': PYTHONPATH=/home/ilyas/ros2_ws/build/robotic_chair_nav/prefix_override:/usr/lib/python3/dist-packages/colcon_core/task/python/colcon_distutils_commands:/home/ilyas/ros2_ws/install/robotic_chair_nav/lib/python3.10/site-packages:${PYTHONPATH} /usr/bin/python3 -W ignore:setup.py install is deprecated -W ignore:easy_install command is deprecated setup.py egg_info --egg-base ../../build/robotic_chair_nav build --build-base /home/ilyas/ros2_ws/build/robotic_chair_nav/build install --record /home/ilyas/ros2_ws/build/robotic_chair_nav/install.log --single-version-externally-managed install_data
[4.985s] running egg_info
[4.985s] writing ../../build/robotic_chair_nav/robotic_chair_nav.egg-info/PKG-INFO
[5.098s] writing dependency_links to ../../build/robotic_chair_nav/robotic_chair_nav.egg-info/dependency_links.txt
[5.103s] writing entry points to ../../build/robotic_chair_nav/robotic_chair_nav.egg-info/entry_points.txt
[5.108s] writing requirements to ../../build/robotic_chair_nav/robotic_chair_nav.egg-info/requires.txt
[5.108s] writing top-level names to ../../build/robotic_chair_nav/robotic_chair_nav.egg-info/top_level.txt
[5.111s] reading manifest file '../../build/robotic_chair_nav/robotic_chair_nav.egg-info/SOURCES.txt'
[5.132s] writing manifest file '../../build/robotic_chair_nav/robotic_chair_nav.egg-info/SOURCES.txt'
[5.133s] running build
[5.133s] running build_py
[5.141s] running install
[5.141s] running install_lib
[5.147s] running install_data
[5.150s] running install_egg_info
[5.152s] removing '/home/ilyas/ros2_ws/install/robotic_chair_nav/lib/python3.10/site-packages/robotic_chair_nav-0.0.1-py3.10.egg-info' (and everything under it)
[5.153s] Copying ../../build/robotic_chair_nav/robotic_chair_nav.egg-info to /home/ilyas/ros2_ws/install/robotic_chair_nav/lib/python3.10/site-packages/robotic_chair_nav-0.0.1-py3.10.egg-info
[5.177s] running install_scripts
[5.198s] Installing keyboard_control script to /home/ilyas/ros2_ws/install/robotic_chair_nav/lib/robotic_chair_nav
[5.209s] Installing move_forward script to /home/ilyas/ros2_ws/install/robotic_chair_nav/lib/robotic_chair_nav
[5.210s] Installing obstacle_stop_node script to /home/ilyas/ros2_ws/install/robotic_chair_nav/lib/robotic_chair_nav
[5.210s] writing list of installed files to '/home/ilyas/ros2_ws/build/robotic_chair_nav/install.log'
[5.238s] Invoked command in '/home/ilyas/ros2_ws/src/robotic_chair_nav' returned '0': PYTHONPATH=/home/ilyas/ros2_ws/build/robotic_chair_nav/prefix_override:/usr/lib/python3/dist-packages/colcon_core/task/python/colcon_distutils_commands:/home/ilyas/ros2_ws/install/robotic_chair_nav/lib/python3.10/site-packages:${PYTHONPATH} /usr/bin/python3 -W ignore:setup.py install is deprecated -W ignore:easy_install command is deprecated setup.py egg_info --egg-base ../../build/robotic_chair_nav build --build-base /home/ilyas/ros2_ws/build/robotic_chair_nav/build install --record /home/ilyas/ros2_ws/build/robotic_chair_nav/install.log --single-version-externally-managed install_data
