[0.183s] DEBUG:colcon:Command line arguments: ['/usr/bin/colcon', 'build']
[0.183s] DEBUG:colcon:Parsed command line arguments: Namespace(log_base=None, log_level=None, verb_name='build', build_base='build', install_base='install', merge_install=False, symlink_install=False, test_result_base=None, continue_on_error=False, executor='parallel', parallel_workers=3, event_handlers=None, ignore_user_meta=False, metas=['./colcon.meta'], base_paths=['.'], packages_ignore=None, packages_ignore_regex=None, paths=None, packages_up_to=None, packages_up_to_regex=None, packages_above=None, packages_above_and_dependencies=None, packages_above_depth=None, packages_select_by_dep=None, packages_skip_by_dep=None, packages_skip_up_to=None, packages_select_build_failed=False, packages_skip_build_finished=False, packages_select_test_failures=False, packages_skip_test_passed=False, packages_select=None, packages_skip=None, packages_select_regex=None, packages_skip_regex=None, packages_start=None, packages_end=None, allow_overriding=[], cmake_args=None, cmake_target=None, cmake_target_skip_unavailable=False, cmake_clean_cache=False, cmake_clean_first=False, cmake_force_configure=False, ament_cmake_args=None, catkin_cmake_args=None, catkin_skip_building_tests=False, mixin_files=None, mixin=None, verb_parser=<colcon_mixin.mixin.mixin_argument.MixinArgumentDecorator object at 0x7405f5acf340>, verb_extension=<colcon_core.verb.build.BuildVerb object at 0x7405f5ace4d0>, main=<bound method BuildVerb.main of <colcon_core.verb.build.BuildVerb object at 0x7405f5ace4d0>>, mixin_verb=('build',))
[0.436s] Level 1:colcon.colcon_core.package_discovery:discover_packages(colcon_meta) check parameters
[0.436s] Level 1:colcon.colcon_core.package_discovery:discover_packages(recursive) check parameters
[0.436s] Level 1:colcon.colcon_core.package_discovery:discover_packages(ignore) check parameters
[0.436s] Level 1:colcon.colcon_core.package_discovery:discover_packages(path) check parameters
[0.436s] Level 1:colcon.colcon_core.package_discovery:discover_packages(colcon_meta) discover
[0.436s] Level 1:colcon.colcon_core.package_discovery:discover_packages(recursive) discover
[0.436s] INFO:colcon.colcon_core.package_discovery:Crawling recursively for packages in '/home/ilyas/ros2_ws'
[0.436s] Level 1:colcon.colcon_core.package_identification:_identify(.) by extensions ['ignore', 'ignore_ament_install']
[0.437s] Level 1:colcon.colcon_core.package_identification:_identify(.) by extension 'ignore'
[0.437s] Level 1:colcon.colcon_core.package_identification:_identify(.) by extension 'ignore_ament_install'
[0.437s] Level 1:colcon.colcon_core.package_identification:_identify(.) by extensions ['colcon_pkg']
[0.437s] Level 1:colcon.colcon_core.package_identification:_identify(.) by extension 'colcon_pkg'
[0.437s] Level 1:colcon.colcon_core.package_identification:_identify(.) by extensions ['colcon_meta']
[0.437s] Level 1:colcon.colcon_core.package_identification:_identify(.) by extension 'colcon_meta'
[0.437s] Level 1:colcon.colcon_core.package_identification:_identify(.) by extensions ['ros']
[0.437s] Level 1:colcon.colcon_core.package_identification:_identify(.) by extension 'ros'
[0.456s] Level 1:colcon.colcon_core.package_identification:_identify(.) by extensions ['cmake', 'python']
[0.456s] Level 1:colcon.colcon_core.package_identification:_identify(.) by extension 'cmake'
[0.456s] Level 1:colcon.colcon_core.package_identification:_identify(.) by extension 'python'
[0.456s] Level 1:colcon.colcon_core.package_identification:_identify(.) by extensions ['python_setup_py']
[0.456s] Level 1:colcon.colcon_core.package_identification:_identify(.) by extension 'python_setup_py'
[0.456s] Level 1:colcon.colcon_core.package_identification:_identify(build) by extensions ['ignore', 'ignore_ament_install']
[0.457s] Level 1:colcon.colcon_core.package_identification:_identify(build) by extension 'ignore'
[0.457s] Level 1:colcon.colcon_core.package_identification:_identify(build) ignored
[0.457s] Level 1:colcon.colcon_core.package_identification:_identify(install) by extensions ['ignore', 'ignore_ament_install']
[0.457s] Level 1:colcon.colcon_core.package_identification:_identify(install) by extension 'ignore'
[0.457s] Level 1:colcon.colcon_core.package_identification:_identify(install) ignored
[0.457s] Level 1:colcon.colcon_core.package_identification:_identify(log) by extensions ['ignore', 'ignore_ament_install']
[0.457s] Level 1:colcon.colcon_core.package_identification:_identify(log) by extension 'ignore'
[0.457s] Level 1:colcon.colcon_core.package_identification:_identify(log) ignored
[0.457s] Level 1:colcon.colcon_core.package_identification:_identify(src) by extensions ['ignore', 'ignore_ament_install']
[0.458s] Level 1:colcon.colcon_core.package_identification:_identify(src) by extension 'ignore'
[0.458s] Level 1:colcon.colcon_core.package_identification:_identify(src) by extension 'ignore_ament_install'
[0.458s] Level 1:colcon.colcon_core.package_identification:_identify(src) by extensions ['colcon_pkg']
[0.458s] Level 1:colcon.colcon_core.package_identification:_identify(src) by extension 'colcon_pkg'
[0.458s] Level 1:colcon.colcon_core.package_identification:_identify(src) by extensions ['colcon_meta']
[0.458s] Level 1:colcon.colcon_core.package_identification:_identify(src) by extension 'colcon_meta'
[0.458s] Level 1:colcon.colcon_core.package_identification:_identify(src) by extensions ['ros']
[0.458s] Level 1:colcon.colcon_core.package_identification:_identify(src) by extension 'ros'
[0.458s] Level 1:colcon.colcon_core.package_identification:_identify(src) by extensions ['cmake', 'python']
[0.458s] Level 1:colcon.colcon_core.package_identification:_identify(src) by extension 'cmake'
[0.458s] Level 1:colcon.colcon_core.package_identification:_identify(src) by extension 'python'
[0.458s] Level 1:colcon.colcon_core.package_identification:_identify(src) by extensions ['python_setup_py']
[0.458s] Level 1:colcon.colcon_core.package_identification:_identify(src) by extension 'python_setup_py'
[0.458s] Level 1:colcon.colcon_core.package_identification:_identify(src/build) by extensions ['ignore', 'ignore_ament_install']
[0.458s] Level 1:colcon.colcon_core.package_identification:_identify(src/build) by extension 'ignore'
[0.458s] Level 1:colcon.colcon_core.package_identification:_identify(src/build) ignored
[0.458s] Level 1:colcon.colcon_core.package_identification:_identify(src/install) by extensions ['ignore', 'ignore_ament_install']
[0.459s] Level 1:colcon.colcon_core.package_identification:_identify(src/install) by extension 'ignore'
[0.459s] Level 1:colcon.colcon_core.package_identification:_identify(src/install) ignored
[0.459s] Level 1:colcon.colcon_core.package_identification:_identify(src/log) by extensions ['ignore', 'ignore_ament_install']
[0.459s] Level 1:colcon.colcon_core.package_identification:_identify(src/log) by extension 'ignore'
[0.459s] Level 1:colcon.colcon_core.package_identification:_identify(src/log) ignored
[0.459s] Level 1:colcon.colcon_core.package_identification:_identify(src/my_first_package) by extensions ['ignore', 'ignore_ament_install']
[0.459s] Level 1:colcon.colcon_core.package_identification:_identify(src/my_first_package) by extension 'ignore'
[0.459s] Level 1:colcon.colcon_core.package_identification:_identify(src/my_first_package) by extension 'ignore_ament_install'
[0.459s] Level 1:colcon.colcon_core.package_identification:_identify(src/my_first_package) by extensions ['colcon_pkg']
[0.459s] Level 1:colcon.colcon_core.package_identification:_identify(src/my_first_package) by extension 'colcon_pkg'
[0.459s] Level 1:colcon.colcon_core.package_identification:_identify(src/my_first_package) by extensions ['colcon_meta']
[0.459s] Level 1:colcon.colcon_core.package_identification:_identify(src/my_first_package) by extension 'colcon_meta'
[0.459s] Level 1:colcon.colcon_core.package_identification:_identify(src/my_first_package) by extensions ['ros']
[0.459s] Level 1:colcon.colcon_core.package_identification:_identify(src/my_first_package) by extension 'ros'
[0.465s] DEBUG:colcon.colcon_core.package_identification:Package 'src/my_first_package' with type 'ros.ament_python' and name 'my_first_package'
[0.465s] Level 1:colcon.colcon_core.package_identification:_identify(src/robotic_chair_description) by extensions ['ignore', 'ignore_ament_install']
[0.466s] Level 1:colcon.colcon_core.package_identification:_identify(src/robotic_chair_description) by extension 'ignore'
[0.466s] Level 1:colcon.colcon_core.package_identification:_identify(src/robotic_chair_description) by extension 'ignore_ament_install'
[0.466s] Level 1:colcon.colcon_core.package_identification:_identify(src/robotic_chair_description) by extensions ['colcon_pkg']
[0.466s] Level 1:colcon.colcon_core.package_identification:_identify(src/robotic_chair_description) by extension 'colcon_pkg'
[0.466s] Level 1:colcon.colcon_core.package_identification:_identify(src/robotic_chair_description) by extensions ['colcon_meta']
[0.466s] Level 1:colcon.colcon_core.package_identification:_identify(src/robotic_chair_description) by extension 'colcon_meta'
[0.466s] Level 1:colcon.colcon_core.package_identification:_identify(src/robotic_chair_description) by extensions ['ros']
[0.466s] Level 1:colcon.colcon_core.package_identification:_identify(src/robotic_chair_description) by extension 'ros'
[0.467s] DEBUG:colcon.colcon_core.package_identification:Package 'src/robotic_chair_description' with type 'ros.ament_cmake' and name 'robotic_chair_description'
[0.467s] Level 1:colcon.colcon_core.package_identification:_identify(src/robotic_chair_nav) by extensions ['ignore', 'ignore_ament_install']
[0.467s] Level 1:colcon.colcon_core.package_identification:_identify(src/robotic_chair_nav) by extension 'ignore'
[0.467s] Level 1:colcon.colcon_core.package_identification:_identify(src/robotic_chair_nav) by extension 'ignore_ament_install'
[0.467s] Level 1:colcon.colcon_core.package_identification:_identify(src/robotic_chair_nav) by extensions ['colcon_pkg']
[0.467s] Level 1:colcon.colcon_core.package_identification:_identify(src/robotic_chair_nav) by extension 'colcon_pkg'
[0.467s] Level 1:colcon.colcon_core.package_identification:_identify(src/robotic_chair_nav) by extensions ['colcon_meta']
[0.467s] Level 1:colcon.colcon_core.package_identification:_identify(src/robotic_chair_nav) by extension 'colcon_meta'
[0.467s] Level 1:colcon.colcon_core.package_identification:_identify(src/robotic_chair_nav) by extensions ['ros']
[0.467s] Level 1:colcon.colcon_core.package_identification:_identify(src/robotic_chair_nav) by extension 'ros'
[0.468s] DEBUG:colcon.colcon_core.package_identification:Package 'src/robotic_chair_nav' with type 'ros.ament_python' and name 'robotic_chair_nav'
[0.468s] Level 1:colcon.colcon_core.package_identification:_identify(src/simple_world) by extensions ['ignore', 'ignore_ament_install']
[0.468s] Level 1:colcon.colcon_core.package_identification:_identify(src/simple_world) by extension 'ignore'
[0.468s] Level 1:colcon.colcon_core.package_identification:_identify(src/simple_world) by extension 'ignore_ament_install'
[0.468s] Level 1:colcon.colcon_core.package_identification:_identify(src/simple_world) by extensions ['colcon_pkg']
[0.468s] Level 1:colcon.colcon_core.package_identification:_identify(src/simple_world) by extension 'colcon_pkg'
[0.468s] Level 1:colcon.colcon_core.package_identification:_identify(src/simple_world) by extensions ['colcon_meta']
[0.468s] Level 1:colcon.colcon_core.package_identification:_identify(src/simple_world) by extension 'colcon_meta'
[0.468s] Level 1:colcon.colcon_core.package_identification:_identify(src/simple_world) by extensions ['ros']
[0.468s] Level 1:colcon.colcon_core.package_identification:_identify(src/simple_world) by extension 'ros'
[0.468s] DEBUG:colcon.colcon_core.package_identification:Package 'src/simple_world' with type 'ros.ament_cmake' and name 'simple_world'
[0.468s] Level 1:colcon.colcon_core.package_discovery:discover_packages(recursive) using defaults
[0.468s] Level 1:colcon.colcon_core.package_discovery:discover_packages(ignore) discover
[0.468s] Level 1:colcon.colcon_core.package_discovery:discover_packages(ignore) using defaults
[0.468s] Level 1:colcon.colcon_core.package_discovery:discover_packages(path) discover
[0.469s] Level 1:colcon.colcon_core.package_discovery:discover_packages(path) using defaults
[0.519s] Level 1:colcon.colcon_core.package_discovery:discover_packages(prefix_path) check parameters
[0.519s] Level 1:colcon.colcon_core.package_discovery:discover_packages(prefix_path) discover
[0.521s] DEBUG:colcon.colcon_installed_package_information.package_discovery:Found 4 installed packages in /home/ilyas/ros2_ws/install
[0.522s] DEBUG:colcon.colcon_installed_package_information.package_discovery:Found 1 installed packages in /home/ilyas/ros2_ws/src/robotic_chair_nav/install
[0.522s] DEBUG:colcon.colcon_installed_package_information.package_discovery:Found 3 installed packages in /home/ilyas/ros2_ws/src/install
[0.524s] DEBUG:colcon.colcon_installed_package_information.package_discovery:Found 330 installed packages in /opt/ros/humble
[0.526s] Level 1:colcon.colcon_core.package_discovery:discover_packages(prefix_path) using defaults
[0.590s] Level 5:colcon.colcon_core.verb:set package 'my_first_package' build argument 'cmake_args' from command line to 'None'
[0.591s] Level 5:colcon.colcon_core.verb:set package 'my_first_package' build argument 'cmake_target' from command line to 'None'
[0.591s] Level 5:colcon.colcon_core.verb:set package 'my_first_package' build argument 'cmake_target_skip_unavailable' from command line to 'False'
[0.591s] Level 5:colcon.colcon_core.verb:set package 'my_first_package' build argument 'cmake_clean_cache' from command line to 'False'
[0.591s] Level 5:colcon.colcon_core.verb:set package 'my_first_package' build argument 'cmake_clean_first' from command line to 'False'
[0.591s] Level 5:colcon.colcon_core.verb:set package 'my_first_package' build argument 'cmake_force_configure' from command line to 'False'
[0.591s] Level 5:colcon.colcon_core.verb:set package 'my_first_package' build argument 'ament_cmake_args' from command line to 'None'
[0.591s] Level 5:colcon.colcon_core.verb:set package 'my_first_package' build argument 'catkin_cmake_args' from command line to 'None'
[0.591s] Level 5:colcon.colcon_core.verb:set package 'my_first_package' build argument 'catkin_skip_building_tests' from command line to 'False'
[0.591s] DEBUG:colcon.colcon_core.verb:Building package 'my_first_package' with the following arguments: {'ament_cmake_args': None, 'build_base': '/home/ilyas/ros2_ws/build/my_first_package', 'catkin_cmake_args': None, 'catkin_skip_building_tests': False, 'cmake_args': None, 'cmake_clean_cache': False, 'cmake_clean_first': False, 'cmake_force_configure': False, 'cmake_target': None, 'cmake_target_skip_unavailable': False, 'install_base': '/home/ilyas/ros2_ws/install/my_first_package', 'merge_install': False, 'path': '/home/ilyas/ros2_ws/src/my_first_package', 'symlink_install': False, 'test_result_base': None}
[0.592s] Level 5:colcon.colcon_core.verb:set package 'robotic_chair_description' build argument 'cmake_args' from command line to 'None'
[0.592s] Level 5:colcon.colcon_core.verb:set package 'robotic_chair_description' build argument 'cmake_target' from command line to 'None'
[0.592s] Level 5:colcon.colcon_core.verb:set package 'robotic_chair_description' build argument 'cmake_target_skip_unavailable' from command line to 'False'
[0.592s] Level 5:colcon.colcon_core.verb:set package 'robotic_chair_description' build argument 'cmake_clean_cache' from command line to 'False'
[0.592s] Level 5:colcon.colcon_core.verb:set package 'robotic_chair_description' build argument 'cmake_clean_first' from command line to 'False'
[0.592s] Level 5:colcon.colcon_core.verb:set package 'robotic_chair_description' build argument 'cmake_force_configure' from command line to 'False'
[0.592s] Level 5:colcon.colcon_core.verb:set package 'robotic_chair_description' build argument 'ament_cmake_args' from command line to 'None'
[0.592s] Level 5:colcon.colcon_core.verb:set package 'robotic_chair_description' build argument 'catkin_cmake_args' from command line to 'None'
[0.592s] Level 5:colcon.colcon_core.verb:set package 'robotic_chair_description' build argument 'catkin_skip_building_tests' from command line to 'False'
[0.592s] DEBUG:colcon.colcon_core.verb:Building package 'robotic_chair_description' with the following arguments: {'ament_cmake_args': None, 'build_base': '/home/ilyas/ros2_ws/build/robotic_chair_description', 'catkin_cmake_args': None, 'catkin_skip_building_tests': False, 'cmake_args': None, 'cmake_clean_cache': False, 'cmake_clean_first': False, 'cmake_force_configure': False, 'cmake_target': None, 'cmake_target_skip_unavailable': False, 'install_base': '/home/ilyas/ros2_ws/install/robotic_chair_description', 'merge_install': False, 'path': '/home/ilyas/ros2_ws/src/robotic_chair_description', 'symlink_install': False, 'test_result_base': None}
[0.593s] Level 5:colcon.colcon_core.verb:set package 'robotic_chair_nav' build argument 'cmake_args' from command line to 'None'
[0.593s] Level 5:colcon.colcon_core.verb:set package 'robotic_chair_nav' build argument 'cmake_target' from command line to 'None'
[0.593s] Level 5:colcon.colcon_core.verb:set package 'robotic_chair_nav' build argument 'cmake_target_skip_unavailable' from command line to 'False'
[0.593s] Level 5:colcon.colcon_core.verb:set package 'robotic_chair_nav' build argument 'cmake_clean_cache' from command line to 'False'
[0.593s] Level 5:colcon.colcon_core.verb:set package 'robotic_chair_nav' build argument 'cmake_clean_first' from command line to 'False'
[0.593s] Level 5:colcon.colcon_core.verb:set package 'robotic_chair_nav' build argument 'cmake_force_configure' from command line to 'False'
[0.593s] Level 5:colcon.colcon_core.verb:set package 'robotic_chair_nav' build argument 'ament_cmake_args' from command line to 'None'
[0.593s] Level 5:colcon.colcon_core.verb:set package 'robotic_chair_nav' build argument 'catkin_cmake_args' from command line to 'None'
[0.593s] Level 5:colcon.colcon_core.verb:set package 'robotic_chair_nav' build argument 'catkin_skip_building_tests' from command line to 'False'
[0.593s] DEBUG:colcon.colcon_core.verb:Building package 'robotic_chair_nav' with the following arguments: {'ament_cmake_args': None, 'build_base': '/home/ilyas/ros2_ws/build/robotic_chair_nav', 'catkin_cmake_args': None, 'catkin_skip_building_tests': False, 'cmake_args': None, 'cmake_clean_cache': False, 'cmake_clean_first': False, 'cmake_force_configure': False, 'cmake_target': None, 'cmake_target_skip_unavailable': False, 'install_base': '/home/ilyas/ros2_ws/install/robotic_chair_nav', 'merge_install': False, 'path': '/home/ilyas/ros2_ws/src/robotic_chair_nav', 'symlink_install': False, 'test_result_base': None}
[0.593s] Level 5:colcon.colcon_core.verb:set package 'simple_world' build argument 'cmake_args' from command line to 'None'
[0.593s] Level 5:colcon.colcon_core.verb:set package 'simple_world' build argument 'cmake_target' from command line to 'None'
[0.593s] Level 5:colcon.colcon_core.verb:set package 'simple_world' build argument 'cmake_target_skip_unavailable' from command line to 'False'
[0.593s] Level 5:colcon.colcon_core.verb:set package 'simple_world' build argument 'cmake_clean_cache' from command line to 'False'
[0.594s] Level 5:colcon.colcon_core.verb:set package 'simple_world' build argument 'cmake_clean_first' from command line to 'False'
[0.594s] Level 5:colcon.colcon_core.verb:set package 'simple_world' build argument 'cmake_force_configure' from command line to 'False'
[0.594s] Level 5:colcon.colcon_core.verb:set package 'simple_world' build argument 'ament_cmake_args' from command line to 'None'
[0.594s] Level 5:colcon.colcon_core.verb:set package 'simple_world' build argument 'catkin_cmake_args' from command line to 'None'
[0.594s] Level 5:colcon.colcon_core.verb:set package 'simple_world' build argument 'catkin_skip_building_tests' from command line to 'False'
[0.594s] DEBUG:colcon.colcon_core.verb:Building package 'simple_world' with the following arguments: {'ament_cmake_args': None, 'build_base': '/home/ilyas/ros2_ws/build/simple_world', 'catkin_cmake_args': None, 'catkin_skip_building_tests': False, 'cmake_args': None, 'cmake_clean_cache': False, 'cmake_clean_first': False, 'cmake_force_configure': False, 'cmake_target': None, 'cmake_target_skip_unavailable': False, 'install_base': '/home/ilyas/ros2_ws/install/simple_world', 'merge_install': False, 'path': '/home/ilyas/ros2_ws/src/simple_world', 'symlink_install': False, 'test_result_base': None}
[0.594s] INFO:colcon.colcon_core.executor:Executing jobs using 'parallel' executor
[0.604s] DEBUG:colcon.colcon_parallel_executor.executor.parallel:run_until_complete
[0.604s] INFO:colcon.colcon_ros.task.ament_python.build:Building ROS package in '/home/ilyas/ros2_ws/src/my_first_package' with build type 'ament_python'
[0.604s] Level 1:colcon.colcon_core.shell:create_environment_hook('my_first_package', 'ament_prefix_path')
[0.606s] INFO:colcon.colcon_core.plugin_system:Skipping extension 'colcon_core.shell.bat': Not used on non-Windows systems
[0.607s] INFO:colcon.colcon_core.shell:Creating environment hook '/home/ilyas/ros2_ws/install/my_first_package/share/my_first_package/hook/ament_prefix_path.ps1'
[0.609s] INFO:colcon.colcon_core.shell:Creating environment descriptor '/home/ilyas/ros2_ws/install/my_first_package/share/my_first_package/hook/ament_prefix_path.dsv'
[0.610s] INFO:colcon.colcon_core.shell:Creating environment hook '/home/ilyas/ros2_ws/install/my_first_package/share/my_first_package/hook/ament_prefix_path.sh'
[0.612s] INFO:colcon.colcon_core.shell:Skip shell extension 'powershell' for command environment: Not usable outside of PowerShell
[0.612s] DEBUG:colcon.colcon_core.shell:Skip shell extension 'dsv' for command environment
[0.622s] INFO:colcon.colcon_ros.task.ament_cmake.build:Building ROS package in '/home/ilyas/ros2_ws/src/robotic_chair_description' with build type 'ament_cmake'
[0.623s] INFO:colcon.colcon_cmake.task.cmake.build:Building CMake package in '/home/ilyas/ros2_ws/src/robotic_chair_description'
[0.623s] INFO:colcon.colcon_core.shell:Skip shell extension 'powershell' for command environment: Not usable outside of PowerShell
[0.623s] DEBUG:colcon.colcon_core.shell:Skip shell extension 'dsv' for command environment
[0.636s] INFO:colcon.colcon_ros.task.ament_python.build:Building ROS package in '/home/ilyas/ros2_ws/src/robotic_chair_nav' with build type 'ament_python'
[0.636s] Level 1:colcon.colcon_core.shell:create_environment_hook('robotic_chair_nav', 'ament_prefix_path')
[0.636s] INFO:colcon.colcon_core.shell:Creating environment hook '/home/ilyas/ros2_ws/install/robotic_chair_nav/share/robotic_chair_nav/hook/ament_prefix_path.ps1'
[0.643s] INFO:colcon.colcon_core.shell:Creating environment descriptor '/home/ilyas/ros2_ws/install/robotic_chair_nav/share/robotic_chair_nav/hook/ament_prefix_path.dsv'
[0.644s] INFO:colcon.colcon_core.shell:Creating environment hook '/home/ilyas/ros2_ws/install/robotic_chair_nav/share/robotic_chair_nav/hook/ament_prefix_path.sh'
[0.645s] INFO:colcon.colcon_core.shell:Skip shell extension 'powershell' for command environment: Not usable outside of PowerShell
[0.647s] DEBUG:colcon.colcon_core.shell:Skip shell extension 'dsv' for command environment
[1.055s] INFO:colcon.colcon_core.task.python.build:Building Python package in '/home/ilyas/ros2_ws/src/my_first_package'
[1.056s] INFO:colcon.colcon_core.shell:Skip shell extension 'powershell' for command environment: Not usable outside of PowerShell
[1.056s] DEBUG:colcon.colcon_core.shell:Skip shell extension 'dsv' for command environment
[1.117s] DEBUG:colcon.colcon_core.event_handler.log_command:Invoking command in '/home/ilyas/ros2_ws/build/robotic_chair_description': CMAKE_PREFIX_PATH=${CMAKE_PREFIX_PATH}:/home/ilyas/ros2_ws/install/robotic_chair_nav:/home/ilyas/ros2_ws/install/my_first_package:/home/ilyas/ros2_ws/src/robotic_chair_nav/install/robotic_chair_nav:/home/ilyas/ros2_ws/src/install/robotic_chair_nav:/home/ilyas/ros2_ws/src/install/my_first_package:/opt/ros/humble /usr/bin/cmake --build /home/ilyas/ros2_ws/build/robotic_chair_description -- -j3 -l3
[1.516s] INFO:colcon.colcon_core.task.python.build:Building Python package in '/home/ilyas/ros2_ws/src/robotic_chair_nav'
[1.517s] INFO:colcon.colcon_core.shell:Skip shell extension 'powershell' for command environment: Not usable outside of PowerShell
[1.517s] DEBUG:colcon.colcon_core.shell:Skip shell extension 'dsv' for command environment
[1.669s] DEBUG:colcon.colcon_core.event_handler.log_command:Invoked command in '/home/ilyas/ros2_ws/build/robotic_chair_description' returned '0': CMAKE_PREFIX_PATH=${CMAKE_PREFIX_PATH}:/home/ilyas/ros2_ws/install/robotic_chair_nav:/home/ilyas/ros2_ws/install/my_first_package:/home/ilyas/ros2_ws/src/robotic_chair_nav/install/robotic_chair_nav:/home/ilyas/ros2_ws/src/install/robotic_chair_nav:/home/ilyas/ros2_ws/src/install/my_first_package:/opt/ros/humble /usr/bin/cmake --build /home/ilyas/ros2_ws/build/robotic_chair_description -- -j3 -l3
[1.830s] DEBUG:colcon.colcon_core.event_handler.log_command:Invoking command in '/home/ilyas/ros2_ws/build/robotic_chair_description': CMAKE_PREFIX_PATH=${CMAKE_PREFIX_PATH}:/home/ilyas/ros2_ws/install/robotic_chair_nav:/home/ilyas/ros2_ws/install/my_first_package:/home/ilyas/ros2_ws/src/robotic_chair_nav/install/robotic_chair_nav:/home/ilyas/ros2_ws/src/install/robotic_chair_nav:/home/ilyas/ros2_ws/src/install/my_first_package:/opt/ros/humble /usr/bin/cmake --install /home/ilyas/ros2_ws/build/robotic_chair_description
[2.011s] Level 1:colcon.colcon_core.environment:create_environment_scripts_only(robotic_chair_description)
[2.013s] DEBUG:colcon.colcon_core.event_handler.log_command:Invoked command in '/home/ilyas/ros2_ws/build/robotic_chair_description' returned '0': CMAKE_PREFIX_PATH=${CMAKE_PREFIX_PATH}:/home/ilyas/ros2_ws/install/robotic_chair_nav:/home/ilyas/ros2_ws/install/my_first_package:/home/ilyas/ros2_ws/src/robotic_chair_nav/install/robotic_chair_nav:/home/ilyas/ros2_ws/src/install/robotic_chair_nav:/home/ilyas/ros2_ws/src/install/my_first_package:/opt/ros/humble /usr/bin/cmake --install /home/ilyas/ros2_ws/build/robotic_chair_description
[2.022s] Level 1:colcon.colcon_core.environment:checking '/home/ilyas/ros2_ws/install/robotic_chair_description' for CMake module files
[2.028s] Level 1:colcon.colcon_core.environment:checking '/home/ilyas/ros2_ws/install/robotic_chair_description' for CMake config files
[2.042s] Level 1:colcon.colcon_core.shell:create_environment_hook('robotic_chair_description', 'cmake_prefix_path')
[2.043s] INFO:colcon.colcon_core.shell:Creating environment hook '/home/ilyas/ros2_ws/install/robotic_chair_description/share/robotic_chair_description/hook/cmake_prefix_path.ps1'
[2.045s] INFO:colcon.colcon_core.shell:Creating environment descriptor '/home/ilyas/ros2_ws/install/robotic_chair_description/share/robotic_chair_description/hook/cmake_prefix_path.dsv'
[2.048s] INFO:colcon.colcon_core.shell:Creating environment hook '/home/ilyas/ros2_ws/install/robotic_chair_description/share/robotic_chair_description/hook/cmake_prefix_path.sh'
[2.054s] Level 1:colcon.colcon_core.environment:checking '/home/ilyas/ros2_ws/install/robotic_chair_description/bin'
[2.054s] Level 1:colcon.colcon_core.environment:checking '/home/ilyas/ros2_ws/install/robotic_chair_description/lib/pkgconfig/robotic_chair_description.pc'
[2.054s] Level 1:colcon.colcon_core.environment:checking '/home/ilyas/ros2_ws/install/robotic_chair_description/lib/python3.10/site-packages'
[2.055s] Level 1:colcon.colcon_core.environment:checking '/home/ilyas/ros2_ws/install/robotic_chair_description/bin'
[2.055s] INFO:colcon.colcon_core.shell:Creating package script '/home/ilyas/ros2_ws/install/robotic_chair_description/share/robotic_chair_description/package.ps1'
[2.116s] INFO:colcon.colcon_core.shell:Creating package descriptor '/home/ilyas/ros2_ws/install/robotic_chair_description/share/robotic_chair_description/package.dsv'
[2.128s] INFO:colcon.colcon_core.shell:Creating package script '/home/ilyas/ros2_ws/install/robotic_chair_description/share/robotic_chair_description/package.sh'
[2.131s] INFO:colcon.colcon_core.shell:Creating package script '/home/ilyas/ros2_ws/install/robotic_chair_description/share/robotic_chair_description/package.bash'
[2.134s] INFO:colcon.colcon_core.shell:Creating package script '/home/ilyas/ros2_ws/install/robotic_chair_description/share/robotic_chair_description/package.zsh'
[2.136s] Level 1:colcon.colcon_core.environment:create_file_with_runtime_dependencies(/home/ilyas/ros2_ws/install/robotic_chair_description/share/colcon-core/packages/robotic_chair_description)
[2.139s] Level 1:colcon.colcon_core.environment:create_environment_scripts_only(robotic_chair_description)
[2.139s] Level 1:colcon.colcon_core.environment:checking '/home/ilyas/ros2_ws/install/robotic_chair_description' for CMake module files
[2.140s] Level 1:colcon.colcon_core.environment:checking '/home/ilyas/ros2_ws/install/robotic_chair_description' for CMake config files
[2.140s] Level 1:colcon.colcon_core.shell:create_environment_hook('robotic_chair_description', 'cmake_prefix_path')
[2.141s] INFO:colcon.colcon_core.shell:Creating environment hook '/home/ilyas/ros2_ws/install/robotic_chair_description/share/robotic_chair_description/hook/cmake_prefix_path.ps1'
[2.143s] INFO:colcon.colcon_core.shell:Creating environment descriptor '/home/ilyas/ros2_ws/install/robotic_chair_description/share/robotic_chair_description/hook/cmake_prefix_path.dsv'
[2.148s] INFO:colcon.colcon_core.shell:Creating environment hook '/home/ilyas/ros2_ws/install/robotic_chair_description/share/robotic_chair_description/hook/cmake_prefix_path.sh'
[2.149s] Level 1:colcon.colcon_core.environment:checking '/home/ilyas/ros2_ws/install/robotic_chair_description/bin'
[2.149s] Level 1:colcon.colcon_core.environment:checking '/home/ilyas/ros2_ws/install/robotic_chair_description/lib/pkgconfig/robotic_chair_description.pc'
[2.149s] Level 1:colcon.colcon_core.environment:checking '/home/ilyas/ros2_ws/install/robotic_chair_description/lib/python3.10/site-packages'
[2.150s] Level 1:colcon.colcon_core.environment:checking '/home/ilyas/ros2_ws/install/robotic_chair_description/bin'
[2.150s] INFO:colcon.colcon_core.shell:Creating package script '/home/ilyas/ros2_ws/install/robotic_chair_description/share/robotic_chair_description/package.ps1'
[2.151s] INFO:colcon.colcon_core.shell:Creating package descriptor '/home/ilyas/ros2_ws/install/robotic_chair_description/share/robotic_chair_description/package.dsv'
[2.153s] INFO:colcon.colcon_core.shell:Creating package script '/home/ilyas/ros2_ws/install/robotic_chair_description/share/robotic_chair_description/package.sh'
[2.169s] INFO:colcon.colcon_core.shell:Creating package script '/home/ilyas/ros2_ws/install/robotic_chair_description/share/robotic_chair_description/package.bash'
[2.170s] INFO:colcon.colcon_core.shell:Creating package script '/home/ilyas/ros2_ws/install/robotic_chair_description/share/robotic_chair_description/package.zsh'
[2.185s] Level 1:colcon.colcon_core.environment:create_file_with_runtime_dependencies(/home/ilyas/ros2_ws/install/robotic_chair_description/share/colcon-core/packages/robotic_chair_description)
[2.247s] INFO:colcon.colcon_ros.task.ament_cmake.build:Building ROS package in '/home/ilyas/ros2_ws/src/simple_world' with build type 'ament_cmake'
[2.248s] INFO:colcon.colcon_cmake.task.cmake.build:Building CMake package in '/home/ilyas/ros2_ws/src/simple_world'
[2.293s] INFO:colcon.colcon_core.shell:Skip shell extension 'powershell' for command environment: Not usable outside of PowerShell
[2.293s] DEBUG:colcon.colcon_core.shell:Skip shell extension 'dsv' for command environment
[2.364s] DEBUG:colcon.colcon_core.event_handler.log_command:Invoking command in '/home/ilyas/ros2_ws/src/robotic_chair_nav': PYTHONPATH=/home/ilyas/ros2_ws/build/robotic_chair_nav/prefix_override:/usr/lib/python3/dist-packages/colcon_core/task/python/colcon_distutils_commands:/home/ilyas/ros2_ws/install/robotic_chair_nav/lib/python3.10/site-packages:${PYTHONPATH} /usr/bin/python3 -W ignore:setup.py install is deprecated -W ignore:easy_install command is deprecated setup.py egg_info --egg-base ../../build/robotic_chair_nav build --build-base /home/ilyas/ros2_ws/build/robotic_chair_nav/build install --record /home/ilyas/ros2_ws/build/robotic_chair_nav/install.log --single-version-externally-managed install_data
[2.365s] DEBUG:colcon.colcon_core.event_handler.log_command:Invoking command in '/home/ilyas/ros2_ws/build/simple_world': CMAKE_PREFIX_PATH=${CMAKE_PREFIX_PATH}:/home/ilyas/ros2_ws/install/robotic_chair_nav:/home/ilyas/ros2_ws/install/my_first_package:/home/ilyas/ros2_ws/src/robotic_chair_nav/install/robotic_chair_nav:/home/ilyas/ros2_ws/src/install/robotic_chair_nav:/home/ilyas/ros2_ws/src/install/my_first_package:/opt/ros/humble /usr/bin/cmake --build /home/ilyas/ros2_ws/build/simple_world -- -j3 -l3
[2.568s] DEBUG:colcon.colcon_core.event_handler.log_command:Invoking command in '/home/ilyas/ros2_ws/src/my_first_package': PYTHONPATH=/home/ilyas/ros2_ws/build/my_first_package/prefix_override:/usr/lib/python3/dist-packages/colcon_core/task/python/colcon_distutils_commands:/home/ilyas/ros2_ws/install/my_first_package/lib/python3.10/site-packages:${PYTHONPATH} /usr/bin/python3 -W ignore:setup.py install is deprecated -W ignore:easy_install command is deprecated setup.py egg_info --egg-base ../../build/my_first_package build --build-base /home/ilyas/ros2_ws/build/my_first_package/build install --record /home/ilyas/ros2_ws/build/my_first_package/install.log --single-version-externally-managed install_data
[2.629s] DEBUG:colcon.colcon_core.event_handler.log_command:Invoked command in '/home/ilyas/ros2_ws/build/simple_world' returned '0': CMAKE_PREFIX_PATH=${CMAKE_PREFIX_PATH}:/home/ilyas/ros2_ws/install/robotic_chair_nav:/home/ilyas/ros2_ws/install/my_first_package:/home/ilyas/ros2_ws/src/robotic_chair_nav/install/robotic_chair_nav:/home/ilyas/ros2_ws/src/install/robotic_chair_nav:/home/ilyas/ros2_ws/src/install/my_first_package:/opt/ros/humble /usr/bin/cmake --build /home/ilyas/ros2_ws/build/simple_world -- -j3 -l3
[2.630s] DEBUG:colcon.colcon_core.event_handler.log_command:Invoking command in '/home/ilyas/ros2_ws/build/simple_world': CMAKE_PREFIX_PATH=${CMAKE_PREFIX_PATH}:/home/ilyas/ros2_ws/install/robotic_chair_nav:/home/ilyas/ros2_ws/install/my_first_package:/home/ilyas/ros2_ws/src/robotic_chair_nav/install/robotic_chair_nav:/home/ilyas/ros2_ws/src/install/robotic_chair_nav:/home/ilyas/ros2_ws/src/install/my_first_package:/opt/ros/humble /usr/bin/cmake --install /home/ilyas/ros2_ws/build/simple_world
[2.643s] Level 1:colcon.colcon_core.environment:create_environment_scripts_only(simple_world)
[2.644s] Level 1:colcon.colcon_core.environment:checking '/home/ilyas/ros2_ws/install/simple_world' for CMake module files
[2.645s] Level 1:colcon.colcon_core.environment:checking '/home/ilyas/ros2_ws/install/simple_world' for CMake config files
[2.646s] Level 1:colcon.colcon_core.shell:create_environment_hook('simple_world', 'cmake_prefix_path')
[2.646s] INFO:colcon.colcon_core.shell:Creating environment hook '/home/ilyas/ros2_ws/install/simple_world/share/simple_world/hook/cmake_prefix_path.ps1'
[2.647s] INFO:colcon.colcon_core.shell:Creating environment descriptor '/home/ilyas/ros2_ws/install/simple_world/share/simple_world/hook/cmake_prefix_path.dsv'
[2.648s] INFO:colcon.colcon_core.shell:Creating environment hook '/home/ilyas/ros2_ws/install/simple_world/share/simple_world/hook/cmake_prefix_path.sh'
[2.651s] DEBUG:colcon.colcon_core.event_handler.log_command:Invoked command in '/home/ilyas/ros2_ws/build/simple_world' returned '0': CMAKE_PREFIX_PATH=${CMAKE_PREFIX_PATH}:/home/ilyas/ros2_ws/install/robotic_chair_nav:/home/ilyas/ros2_ws/install/my_first_package:/home/ilyas/ros2_ws/src/robotic_chair_nav/install/robotic_chair_nav:/home/ilyas/ros2_ws/src/install/robotic_chair_nav:/home/ilyas/ros2_ws/src/install/my_first_package:/opt/ros/humble /usr/bin/cmake --install /home/ilyas/ros2_ws/build/simple_world
[2.653s] Level 1:colcon.colcon_core.environment:checking '/home/ilyas/ros2_ws/install/simple_world/bin'
[2.653s] Level 1:colcon.colcon_core.environment:checking '/home/ilyas/ros2_ws/install/simple_world/lib/pkgconfig/simple_world.pc'
[2.654s] Level 1:colcon.colcon_core.environment:checking '/home/ilyas/ros2_ws/install/simple_world/lib/python3.10/site-packages'
[2.654s] Level 1:colcon.colcon_core.environment:checking '/home/ilyas/ros2_ws/install/simple_world/bin'
[2.654s] INFO:colcon.colcon_core.shell:Creating package script '/home/ilyas/ros2_ws/install/simple_world/share/simple_world/package.ps1'
[2.656s] INFO:colcon.colcon_core.shell:Creating package descriptor '/home/ilyas/ros2_ws/install/simple_world/share/simple_world/package.dsv'
[2.656s] INFO:colcon.colcon_core.shell:Creating package script '/home/ilyas/ros2_ws/install/simple_world/share/simple_world/package.sh'
[2.658s] INFO:colcon.colcon_core.shell:Creating package script '/home/ilyas/ros2_ws/install/simple_world/share/simple_world/package.bash'
[2.658s] INFO:colcon.colcon_core.shell:Creating package script '/home/ilyas/ros2_ws/install/simple_world/share/simple_world/package.zsh'
[2.659s] Level 1:colcon.colcon_core.environment:create_file_with_runtime_dependencies(/home/ilyas/ros2_ws/install/simple_world/share/colcon-core/packages/simple_world)
[2.660s] Level 1:colcon.colcon_core.environment:create_environment_scripts_only(simple_world)
[2.660s] Level 1:colcon.colcon_core.environment:checking '/home/ilyas/ros2_ws/install/simple_world' for CMake module files
[2.661s] Level 1:colcon.colcon_core.environment:checking '/home/ilyas/ros2_ws/install/simple_world' for CMake config files
[2.661s] Level 1:colcon.colcon_core.shell:create_environment_hook('simple_world', 'cmake_prefix_path')
[2.661s] INFO:colcon.colcon_core.shell:Creating environment hook '/home/ilyas/ros2_ws/install/simple_world/share/simple_world/hook/cmake_prefix_path.ps1'
[2.662s] INFO:colcon.colcon_core.shell:Creating environment descriptor '/home/ilyas/ros2_ws/install/simple_world/share/simple_world/hook/cmake_prefix_path.dsv'
[2.663s] INFO:colcon.colcon_core.shell:Creating environment hook '/home/ilyas/ros2_ws/install/simple_world/share/simple_world/hook/cmake_prefix_path.sh'
[2.664s] Level 1:colcon.colcon_core.environment:checking '/home/ilyas/ros2_ws/install/simple_world/bin'
[2.664s] Level 1:colcon.colcon_core.environment:checking '/home/ilyas/ros2_ws/install/simple_world/lib/pkgconfig/simple_world.pc'
[2.664s] Level 1:colcon.colcon_core.environment:checking '/home/ilyas/ros2_ws/install/simple_world/lib/python3.10/site-packages'
[2.665s] Level 1:colcon.colcon_core.environment:checking '/home/ilyas/ros2_ws/install/simple_world/bin'
[2.665s] INFO:colcon.colcon_core.shell:Creating package script '/home/ilyas/ros2_ws/install/simple_world/share/simple_world/package.ps1'
[2.665s] INFO:colcon.colcon_core.shell:Creating package descriptor '/home/ilyas/ros2_ws/install/simple_world/share/simple_world/package.dsv'
[2.666s] INFO:colcon.colcon_core.shell:Creating package script '/home/ilyas/ros2_ws/install/simple_world/share/simple_world/package.sh'
[2.667s] INFO:colcon.colcon_core.shell:Creating package script '/home/ilyas/ros2_ws/install/simple_world/share/simple_world/package.bash'
[2.668s] INFO:colcon.colcon_core.shell:Creating package script '/home/ilyas/ros2_ws/install/simple_world/share/simple_world/package.zsh'
[2.669s] Level 1:colcon.colcon_core.environment:create_file_with_runtime_dependencies(/home/ilyas/ros2_ws/install/simple_world/share/colcon-core/packages/simple_world)
[3.104s] Level 1:colcon.colcon_core.environment:checking '/home/ilyas/ros2_ws/install/my_first_package' for CMake module files
[3.105s] Level 1:colcon.colcon_core.environment:checking '/home/ilyas/ros2_ws/install/my_first_package' for CMake config files
[3.106s] Level 1:colcon.colcon_core.environment:checking '/home/ilyas/ros2_ws/install/my_first_package/lib'
[3.106s] Level 1:colcon.colcon_core.environment:checking '/home/ilyas/ros2_ws/install/my_first_package/bin'
[3.106s] Level 1:colcon.colcon_core.environment:checking '/home/ilyas/ros2_ws/install/my_first_package/lib/pkgconfig/my_first_package.pc'
[3.106s] Level 1:colcon.colcon_core.environment:checking '/home/ilyas/ros2_ws/install/my_first_package/lib/python3.10/site-packages'
[3.106s] Level 1:colcon.colcon_core.shell:create_environment_hook('my_first_package', 'pythonpath')
[3.106s] INFO:colcon.colcon_core.shell:Creating environment hook '/home/ilyas/ros2_ws/install/my_first_package/share/my_first_package/hook/pythonpath.ps1'
[3.107s] INFO:colcon.colcon_core.shell:Creating environment descriptor '/home/ilyas/ros2_ws/install/my_first_package/share/my_first_package/hook/pythonpath.dsv'
[3.108s] INFO:colcon.colcon_core.shell:Creating environment hook '/home/ilyas/ros2_ws/install/my_first_package/share/my_first_package/hook/pythonpath.sh'
[3.118s] DEBUG:colcon.colcon_core.event_handler.log_command:Invoked command in '/home/ilyas/ros2_ws/src/my_first_package' returned '0': PYTHONPATH=/home/ilyas/ros2_ws/build/my_first_package/prefix_override:/usr/lib/python3/dist-packages/colcon_core/task/python/colcon_distutils_commands:/home/ilyas/ros2_ws/install/my_first_package/lib/python3.10/site-packages:${PYTHONPATH} /usr/bin/python3 -W ignore:setup.py install is deprecated -W ignore:easy_install command is deprecated setup.py egg_info --egg-base ../../build/my_first_package build --build-base /home/ilyas/ros2_ws/build/my_first_package/build install --record /home/ilyas/ros2_ws/build/my_first_package/install.log --single-version-externally-managed install_data
[3.122s] Level 1:colcon.colcon_core.environment:checking '/home/ilyas/ros2_ws/install/my_first_package/bin'
[3.122s] Level 1:colcon.colcon_core.environment:create_environment_scripts_only(my_first_package)
[3.123s] INFO:colcon.colcon_core.shell:Creating package script '/home/ilyas/ros2_ws/install/my_first_package/share/my_first_package/package.ps1'
[3.133s] INFO:colcon.colcon_core.shell:Creating package descriptor '/home/ilyas/ros2_ws/install/my_first_package/share/my_first_package/package.dsv'
[3.135s] INFO:colcon.colcon_core.shell:Creating package script '/home/ilyas/ros2_ws/install/my_first_package/share/my_first_package/package.sh'
[3.137s] INFO:colcon.colcon_core.shell:Creating package script '/home/ilyas/ros2_ws/install/my_first_package/share/my_first_package/package.bash'
[3.140s] INFO:colcon.colcon_core.shell:Creating package script '/home/ilyas/ros2_ws/install/my_first_package/share/my_first_package/package.zsh'
[3.147s] Level 1:colcon.colcon_core.environment:create_file_with_runtime_dependencies(/home/ilyas/ros2_ws/install/my_first_package/share/colcon-core/packages/my_first_package)
[3.198s] Level 1:colcon.colcon_core.environment:checking '/home/ilyas/ros2_ws/install/robotic_chair_nav' for CMake module files
[3.198s] DEBUG:colcon.colcon_core.event_handler.log_command:Invoked command in '/home/ilyas/ros2_ws/src/robotic_chair_nav' returned '0': PYTHONPATH=/home/ilyas/ros2_ws/build/robotic_chair_nav/prefix_override:/usr/lib/python3/dist-packages/colcon_core/task/python/colcon_distutils_commands:/home/ilyas/ros2_ws/install/robotic_chair_nav/lib/python3.10/site-packages:${PYTHONPATH} /usr/bin/python3 -W ignore:setup.py install is deprecated -W ignore:easy_install command is deprecated setup.py egg_info --egg-base ../../build/robotic_chair_nav build --build-base /home/ilyas/ros2_ws/build/robotic_chair_nav/build install --record /home/ilyas/ros2_ws/build/robotic_chair_nav/install.log --single-version-externally-managed install_data
[3.198s] Level 1:colcon.colcon_core.environment:checking '/home/ilyas/ros2_ws/install/robotic_chair_nav' for CMake config files
[3.199s] Level 1:colcon.colcon_core.environment:checking '/home/ilyas/ros2_ws/install/robotic_chair_nav/lib'
[3.199s] Level 1:colcon.colcon_core.environment:checking '/home/ilyas/ros2_ws/install/robotic_chair_nav/bin'
[3.199s] Level 1:colcon.colcon_core.environment:checking '/home/ilyas/ros2_ws/install/robotic_chair_nav/lib/pkgconfig/robotic_chair_nav.pc'
[3.199s] Level 1:colcon.colcon_core.environment:checking '/home/ilyas/ros2_ws/install/robotic_chair_nav/lib/python3.10/site-packages'
[3.200s] Level 1:colcon.colcon_core.shell:create_environment_hook('robotic_chair_nav', 'pythonpath')
[3.200s] INFO:colcon.colcon_core.shell:Creating environment hook '/home/ilyas/ros2_ws/install/robotic_chair_nav/share/robotic_chair_nav/hook/pythonpath.ps1'
[3.218s] INFO:colcon.colcon_core.shell:Creating environment descriptor '/home/ilyas/ros2_ws/install/robotic_chair_nav/share/robotic_chair_nav/hook/pythonpath.dsv'
[3.220s] INFO:colcon.colcon_core.shell:Creating environment hook '/home/ilyas/ros2_ws/install/robotic_chair_nav/share/robotic_chair_nav/hook/pythonpath.sh'
[3.227s] Level 1:colcon.colcon_core.environment:checking '/home/ilyas/ros2_ws/install/robotic_chair_nav/bin'
[3.228s] Level 1:colcon.colcon_core.environment:create_environment_scripts_only(robotic_chair_nav)
[3.242s] INFO:colcon.colcon_core.shell:Creating package script '/home/ilyas/ros2_ws/install/robotic_chair_nav/share/robotic_chair_nav/package.ps1'
[3.244s] INFO:colcon.colcon_core.shell:Creating package descriptor '/home/ilyas/ros2_ws/install/robotic_chair_nav/share/robotic_chair_nav/package.dsv'
[3.248s] INFO:colcon.colcon_core.shell:Creating package script '/home/ilyas/ros2_ws/install/robotic_chair_nav/share/robotic_chair_nav/package.sh'
[3.250s] INFO:colcon.colcon_core.shell:Creating package script '/home/ilyas/ros2_ws/install/robotic_chair_nav/share/robotic_chair_nav/package.bash'
[3.252s] INFO:colcon.colcon_core.shell:Creating package script '/home/ilyas/ros2_ws/install/robotic_chair_nav/share/robotic_chair_nav/package.zsh'
[3.253s] Level 1:colcon.colcon_core.environment:create_file_with_runtime_dependencies(/home/ilyas/ros2_ws/install/robotic_chair_nav/share/colcon-core/packages/robotic_chair_nav)
[3.256s] DEBUG:colcon.colcon_parallel_executor.executor.parallel:closing loop
[3.256s] DEBUG:colcon.colcon_parallel_executor.executor.parallel:loop closed
[3.256s] DEBUG:colcon.colcon_parallel_executor.executor.parallel:run_until_complete finished with '0'
[3.256s] DEBUG:colcon.colcon_core.event_reactor:joining thread
[3.272s] INFO:colcon.colcon_core.plugin_system:Skipping extension 'colcon_notification.desktop_notification.terminal_notifier': Not used on non-Darwin systems
[3.272s] INFO:colcon.colcon_core.plugin_system:Skipping extension 'colcon_notification.desktop_notification.win32': Not used on non-Windows systems
[3.272s] INFO:colcon.colcon_notification.desktop_notification:Sending desktop notification using 'notify2'
[3.367s] DEBUG:colcon.colcon_core.event_reactor:joined thread
[3.367s] INFO:colcon.colcon_core.shell:Creating prefix script '/home/ilyas/ros2_ws/install/local_setup.ps1'
[3.374s] INFO:colcon.colcon_core.shell:Creating prefix util module '/home/ilyas/ros2_ws/install/_local_setup_util_ps1.py'
[3.384s] INFO:colcon.colcon_core.shell:Creating prefix chain script '/home/ilyas/ros2_ws/install/setup.ps1'
[3.385s] INFO:colcon.colcon_core.shell:Creating prefix script '/home/ilyas/ros2_ws/install/local_setup.sh'
[3.387s] INFO:colcon.colcon_core.shell:Creating prefix util module '/home/ilyas/ros2_ws/install/_local_setup_util_sh.py'
[3.392s] INFO:colcon.colcon_core.shell:Creating prefix chain script '/home/ilyas/ros2_ws/install/setup.sh'
[3.400s] INFO:colcon.colcon_core.shell:Creating prefix script '/home/ilyas/ros2_ws/install/local_setup.bash'
[3.401s] INFO:colcon.colcon_core.shell:Creating prefix chain script '/home/ilyas/ros2_ws/install/setup.bash'
[3.408s] INFO:colcon.colcon_core.shell:Creating prefix script '/home/ilyas/ros2_ws/install/local_setup.zsh'
[3.414s] INFO:colcon.colcon_core.shell:Creating prefix chain script '/home/ilyas/ros2_ws/install/setup.zsh'
