[3.502s] Invoking command in '/home/ilyas/ros2_ws/src/robotic_chair_nav': PYTHONPATH=/home/ilyas/ros2_ws/src/build/robotic_chair_nav/prefix_override:/usr/lib/python3/dist-packages/colcon_core/task/python/colcon_distutils_commands:/home/ilyas/ros2_ws/src/install/robotic_chair_nav/lib/python3.10/site-packages:${PYTHONPATH} /usr/bin/python3 -W ignore:setup.py install is deprecated -W ignore:easy_install command is deprecated setup.py egg_info --egg-base ../build/robotic_chair_nav build --build-base /home/ilyas/ros2_ws/src/build/robotic_chair_nav/build install --record /home/ilyas/ros2_ws/src/build/robotic_chair_nav/install.log --single-version-externally-managed install_data
[3.729s] running egg_info
[3.730s] creating ../build/robotic_chair_nav/robotic_chair_nav.egg-info
[3.730s] writing ../build/robotic_chair_nav/robotic_chair_nav.egg-info/PKG-INFO
[3.732s] writing dependency_links to ../build/robotic_chair_nav/robotic_chair_nav.egg-info/dependency_links.txt
[3.732s] writing entry points to ../build/robotic_chair_nav/robotic_chair_nav.egg-info/entry_points.txt
[3.732s] writing requirements to ../build/robotic_chair_nav/robotic_chair_nav.egg-info/requires.txt
[3.732s] writing top-level names to ../build/robotic_chair_nav/robotic_chair_nav.egg-info/top_level.txt
[3.732s] writing manifest file '../build/robotic_chair_nav/robotic_chair_nav.egg-info/SOURCES.txt'
[3.796s] reading manifest file '../build/robotic_chair_nav/robotic_chair_nav.egg-info/SOURCES.txt'
[3.797s] writing manifest file '../build/robotic_chair_nav/robotic_chair_nav.egg-info/SOURCES.txt'
[3.798s] running build
[3.798s] running build_py
[3.799s] creating /home/ilyas/ros2_ws/src/build/robotic_chair_nav/build
[3.799s] creating /home/ilyas/ros2_ws/src/build/robotic_chair_nav/build/lib
[3.799s] creating /home/ilyas/ros2_ws/src/build/robotic_chair_nav/build/lib/robotic_chair_nav
[3.799s] copying robotic_chair_nav/obstacle_stop_node.py -> /home/ilyas/ros2_ws/src/build/robotic_chair_nav/build/lib/robotic_chair_nav
[3.799s] copying robotic_chair_nav/__init__.py -> /home/ilyas/ros2_ws/src/build/robotic_chair_nav/build/lib/robotic_chair_nav
[3.800s] running install
[3.800s] running install_lib
[3.800s] creating /home/ilyas/ros2_ws/src/install/robotic_chair_nav/lib/python3.10/site-packages/robotic_chair_nav
[3.800s] copying /home/ilyas/ros2_ws/src/build/robotic_chair_nav/build/lib/robotic_chair_nav/obstacle_stop_node.py -> /home/ilyas/ros2_ws/src/install/robotic_chair_nav/lib/python3.10/site-packages/robotic_chair_nav
[3.801s] copying /home/ilyas/ros2_ws/src/build/robotic_chair_nav/build/lib/robotic_chair_nav/__init__.py -> /home/ilyas/ros2_ws/src/install/robotic_chair_nav/lib/python3.10/site-packages/robotic_chair_nav
[3.802s] byte-compiling /home/ilyas/ros2_ws/src/install/robotic_chair_nav/lib/python3.10/site-packages/robotic_chair_nav/obstacle_stop_node.py to obstacle_stop_node.cpython-310.pyc
[3.803s] byte-compiling /home/ilyas/ros2_ws/src/install/robotic_chair_nav/lib/python3.10/site-packages/robotic_chair_nav/__init__.py to __init__.cpython-310.pyc
[3.803s] running install_data
[3.803s] creating /home/ilyas/ros2_ws/src/install/robotic_chair_nav/share/ament_index
[3.803s] creating /home/ilyas/ros2_ws/src/install/robotic_chair_nav/share/ament_index/resource_index
[3.803s] creating /home/ilyas/ros2_ws/src/install/robotic_chair_nav/share/ament_index/resource_index/packages
[3.804s] copying resource/robotic_chair_nav -> /home/ilyas/ros2_ws/src/install/robotic_chair_nav/share/ament_index/resource_index/packages
[3.804s] copying package.xml -> /home/ilyas/ros2_ws/src/install/robotic_chair_nav/share/robotic_chair_nav
[3.804s] creating /home/ilyas/ros2_ws/src/install/robotic_chair_nav/share/robotic_chair_nav/launch
[3.804s] copying launch/sim_with_nav.launch.py -> /home/ilyas/ros2_ws/src/install/robotic_chair_nav/share/robotic_chair_nav/launch
[3.804s] running install_egg_info
[3.812s] Copying ../build/robotic_chair_nav/robotic_chair_nav.egg-info to /home/ilyas/ros2_ws/src/install/robotic_chair_nav/lib/python3.10/site-packages/robotic_chair_nav-0.0.1-py3.10.egg-info
[3.812s] running install_scripts
[3.831s] Installing obstacle_stop script to /home/ilyas/ros2_ws/src/install/robotic_chair_nav/lib/robotic_chair_nav
[3.832s] writing list of installed files to '/home/ilyas/ros2_ws/src/build/robotic_chair_nav/install.log'
[3.861s] Invoked command in '/home/ilyas/ros2_ws/src/robotic_chair_nav' returned '0': PYTHONPATH=/home/ilyas/ros2_ws/src/build/robotic_chair_nav/prefix_override:/usr/lib/python3/dist-packages/colcon_core/task/python/colcon_distutils_commands:/home/ilyas/ros2_ws/src/install/robotic_chair_nav/lib/python3.10/site-packages:${PYTHONPATH} /usr/bin/python3 -W ignore:setup.py install is deprecated -W ignore:easy_install command is deprecated setup.py egg_info --egg-base ../build/robotic_chair_nav build --build-base /home/ilyas/ros2_ws/src/build/robotic_chair_nav/build install --record /home/ilyas/ros2_ws/src/build/robotic_chair_nav/install.log --single-version-externally-managed install_data
