[4.606s] Invoking command in '/home/ilyas/ros2_ws/src/my_first_package': PYTHONPATH=/home/ilyas/ros2_ws/build/my_first_package/prefix_override:/usr/lib/python3/dist-packages/colcon_core/task/python/colcon_distutils_commands:/home/ilyas/ros2_ws/install/my_first_package/lib/python3.10/site-packages:${PYTHONPATH} /usr/bin/python3 -W ignore:setup.py install is deprecated -W ignore:easy_install command is deprecated setup.py egg_info --egg-base ../../build/my_first_package build --build-base /home/ilyas/ros2_ws/build/my_first_package/build install --record /home/ilyas/ros2_ws/build/my_first_package/install.log --single-version-externally-managed install_data
[4.851s] running egg_info
[4.852s] writing ../../build/my_first_package/my_first_package.egg-info/PKG-INFO
[4.868s] writing dependency_links to ../../build/my_first_package/my_first_package.egg-info/dependency_links.txt
[4.868s] writing entry points to ../../build/my_first_package/my_first_package.egg-info/entry_points.txt
[4.869s] writing requirements to ../../build/my_first_package/my_first_package.egg-info/requires.txt
[4.870s] writing top-level names to ../../build/my_first_package/my_first_package.egg-info/top_level.txt
[4.873s] reading manifest file '../../build/my_first_package/my_first_package.egg-info/SOURCES.txt'
[4.884s] writing manifest file '../../build/my_first_package/my_first_package.egg-info/SOURCES.txt'
[4.885s] running build
[4.885s] running build_py
[4.895s] running install
[4.896s] running install_lib
[4.915s] running install_data
[4.917s] running install_egg_info
[4.920s] removing '/home/ilyas/ros2_ws/install/my_first_package/lib/python3.10/site-packages/my_first_package-0.0.0-py3.10.egg-info' (and everything under it)
[4.921s] Copying ../../build/my_first_package/my_first_package.egg-info to /home/ilyas/ros2_ws/install/my_first_package/lib/python3.10/site-packages/my_first_package-0.0.0-py3.10.egg-info
[4.935s] running install_scripts
[4.957s] Installing publisher script to /home/ilyas/ros2_ws/install/my_first_package/lib/my_first_package
[4.959s] Installing subscriber script to /home/ilyas/ros2_ws/install/my_first_package/lib/my_first_package
[4.960s] writing list of installed files to '/home/ilyas/ros2_ws/build/my_first_package/install.log'
[5.006s] Invoked command in '/home/ilyas/ros2_ws/src/my_first_package' returned '0': PYTHONPATH=/home/ilyas/ros2_ws/build/my_first_package/prefix_override:/usr/lib/python3/dist-packages/colcon_core/task/python/colcon_distutils_commands:/home/ilyas/ros2_ws/install/my_first_package/lib/python3.10/site-packages:${PYTHONPATH} /usr/bin/python3 -W ignore:setup.py install is deprecated -W ignore:easy_install command is deprecated setup.py egg_info --egg-base ../../build/my_first_package build --build-base /home/ilyas/ros2_ws/build/my_first_package/build install --record /home/ilyas/ros2_ws/build/my_first_package/install.log --single-version-externally-managed install_data
