-- Install configuration: ""
-- Up-to-date: /home/ilyas/ros2_ws/src/install/robotic_chair_description/share/robotic_chair_description/urdf
-- Up-to-date: /home/ilyas/ros2_ws/src/install/robotic_chair_description/share/robotic_chair_description/urdf/chair.urdf
-- Up-to-date: /home/ilyas/ros2_ws/src/install/robotic_chair_description/share/robotic_chair_description/launch
-- Up-to-date: /home/ilyas/ros2_ws/src/install/robotic_chair_description/share/robotic_chair_description/launch/sim.launch.py
-- Up-to-date: /home/ilyas/ros2_ws/src/install/robotic_chair_description/share/ament_index/resource_index/package_run_dependencies/robotic_chair_description
-- Up-to-date: /home/ilyas/ros2_ws/src/install/robotic_chair_description/share/ament_index/resource_index/parent_prefix_path/robotic_chair_description
-- Up-to-date: /home/ilyas/ros2_ws/src/install/robotic_chair_description/share/robotic_chair_description/environment/ament_prefix_path.sh
-- Up-to-date: /home/ilyas/ros2_ws/src/install/robotic_chair_description/share/robotic_chair_description/environment/ament_prefix_path.dsv
-- Up-to-date: /home/ilyas/ros2_ws/src/install/robotic_chair_description/share/robotic_chair_description/environment/path.sh
-- Up-to-date: /home/ilyas/ros2_ws/src/install/robotic_chair_description/share/robotic_chair_description/environment/path.dsv
-- Up-to-date: /home/ilyas/ros2_ws/src/install/robotic_chair_description/share/robotic_chair_description/local_setup.bash
-- Up-to-date: /home/ilyas/ros2_ws/src/install/robotic_chair_description/share/robotic_chair_description/local_setup.sh
-- Up-to-date: /home/ilyas/ros2_ws/src/install/robotic_chair_description/share/robotic_chair_description/local_setup.zsh
-- Up-to-date: /home/ilyas/ros2_ws/src/install/robotic_chair_description/share/robotic_chair_description/local_setup.dsv
-- Installing: /home/ilyas/ros2_ws/src/install/robotic_chair_description/share/robotic_chair_description/package.dsv
-- Up-to-date: /home/ilyas/ros2_ws/src/install/robotic_chair_description/share/ament_index/resource_index/packages/robotic_chair_description
-- Up-to-date: /home/ilyas/ros2_ws/src/install/robotic_chair_description/share/robotic_chair_description/cmake/robotic_chair_descriptionConfig.cmake
-- Up-to-date: /home/ilyas/ros2_ws/src/install/robotic_chair_description/share/robotic_chair_description/cmake/robotic_chair_descriptionConfig-version.cmake
-- Up-to-date: /home/ilyas/ros2_ws/src/install/robotic_chair_description/share/robotic_chair_description/package.xml
