[0.258s] DEBUG:colcon:Command line arguments: ['/usr/bin/colcon', 'build']
[0.258s] DEBUG:colcon:Parsed command line arguments: Namespace(log_base=None, log_level=None, verb_name='build', build_base='build', install_base='install', merge_install=False, symlink_install=False, test_result_base=None, continue_on_error=False, executor='parallel', parallel_workers=3, event_handlers=None, ignore_user_meta=False, metas=['./colcon.meta'], base_paths=['.'], packages_ignore=None, packages_ignore_regex=None, paths=None, packages_up_to=None, packages_up_to_regex=None, packages_above=None, packages_above_and_dependencies=None, packages_above_depth=None, packages_select_by_dep=None, packages_skip_by_dep=None, packages_skip_up_to=None, packages_select_build_failed=False, packages_skip_build_finished=False, packages_select_test_failures=False, packages_skip_test_passed=False, packages_select=None, packages_skip=None, packages_select_regex=None, packages_skip_regex=None, packages_start=None, packages_end=None, allow_overriding=[], cmake_args=None, cmake_target=None, cmake_target_skip_unavailable=False, cmake_clean_cache=False, cmake_clean_first=False, cmake_force_configure=False, ament_cmake_args=None, catkin_cmake_args=None, catkin_skip_building_tests=False, mixin_files=None, mixin=None, verb_parser=<colcon_mixin.mixin.mixin_argument.MixinArgumentDecorator object at 0x7141c015b400>, verb_extension=<colcon_core.verb.build.BuildVerb object at 0x7141c015a620>, main=<bound method BuildVerb.main of <colcon_core.verb.build.BuildVerb object at 0x7141c015a620>>, mixin_verb=('build',))
[0.633s] Level 1:colcon.colcon_core.package_discovery:discover_packages(colcon_meta) check parameters
[0.634s] Level 1:colcon.colcon_core.package_discovery:discover_packages(recursive) check parameters
[0.634s] Level 1:colcon.colcon_core.package_discovery:discover_packages(ignore) check parameters
[0.634s] Level 1:colcon.colcon_core.package_discovery:discover_packages(path) check parameters
[0.634s] Level 1:colcon.colcon_core.package_discovery:discover_packages(colcon_meta) discover
[0.634s] Level 1:colcon.colcon_core.package_discovery:discover_packages(recursive) discover
[0.634s] INFO:colcon.colcon_core.package_discovery:Crawling recursively for packages in '/home/ilyas/ros2_ws/src'
[0.634s] Level 1:colcon.colcon_core.package_identification:_identify(.) by extensions ['ignore', 'ignore_ament_install']
[0.634s] Level 1:colcon.colcon_core.package_identification:_identify(.) by extension 'ignore'
[0.635s] Level 1:colcon.colcon_core.package_identification:_identify(.) by extension 'ignore_ament_install'
[0.635s] Level 1:colcon.colcon_core.package_identification:_identify(.) by extensions ['colcon_pkg']
[0.635s] Level 1:colcon.colcon_core.package_identification:_identify(.) by extension 'colcon_pkg'
[0.635s] Level 1:colcon.colcon_core.package_identification:_identify(.) by extensions ['colcon_meta']
[0.635s] Level 1:colcon.colcon_core.package_identification:_identify(.) by extension 'colcon_meta'
[0.635s] Level 1:colcon.colcon_core.package_identification:_identify(.) by extensions ['ros']
[0.635s] Level 1:colcon.colcon_core.package_identification:_identify(.) by extension 'ros'
[0.668s] Level 1:colcon.colcon_core.package_identification:_identify(.) by extensions ['cmake', 'python']
[0.670s] Level 1:colcon.colcon_core.package_identification:_identify(.) by extension 'cmake'
[0.670s] Level 1:colcon.colcon_core.package_identification:_identify(.) by extension 'python'
[0.671s] Level 1:colcon.colcon_core.package_identification:_identify(.) by extensions ['python_setup_py']
[0.671s] Level 1:colcon.colcon_core.package_identification:_identify(.) by extension 'python_setup_py'
[0.671s] Level 1:colcon.colcon_core.package_identification:_identify(build) by extensions ['ignore', 'ignore_ament_install']
[0.672s] Level 1:colcon.colcon_core.package_identification:_identify(build) by extension 'ignore'
[0.672s] Level 1:colcon.colcon_core.package_identification:_identify(build) ignored
[0.672s] Level 1:colcon.colcon_core.package_identification:_identify(install) by extensions ['ignore', 'ignore_ament_install']
[0.673s] Level 1:colcon.colcon_core.package_identification:_identify(install) by extension 'ignore'
[0.673s] Level 1:colcon.colcon_core.package_identification:_identify(install) ignored
[0.673s] Level 1:colcon.colcon_core.package_identification:_identify(log) by extensions ['ignore', 'ignore_ament_install']
[0.673s] Level 1:colcon.colcon_core.package_identification:_identify(log) by extension 'ignore'
[0.673s] Level 1:colcon.colcon_core.package_identification:_identify(log) ignored
[0.674s] Level 1:colcon.colcon_core.package_identification:_identify(my_first_package) by extensions ['ignore', 'ignore_ament_install']
[0.674s] Level 1:colcon.colcon_core.package_identification:_identify(my_first_package) by extension 'ignore'
[0.674s] Level 1:colcon.colcon_core.package_identification:_identify(my_first_package) by extension 'ignore_ament_install'
[0.674s] Level 1:colcon.colcon_core.package_identification:_identify(my_first_package) by extensions ['colcon_pkg']
[0.674s] Level 1:colcon.colcon_core.package_identification:_identify(my_first_package) by extension 'colcon_pkg'
[0.675s] Level 1:colcon.colcon_core.package_identification:_identify(my_first_package) by extensions ['colcon_meta']
[0.675s] Level 1:colcon.colcon_core.package_identification:_identify(my_first_package) by extension 'colcon_meta'
[0.675s] Level 1:colcon.colcon_core.package_identification:_identify(my_first_package) by extensions ['ros']
[0.675s] Level 1:colcon.colcon_core.package_identification:_identify(my_first_package) by extension 'ros'
[0.680s] DEBUG:colcon.colcon_core.package_identification:Package 'my_first_package' with type 'ros.ament_python' and name 'my_first_package'
[0.680s] Level 1:colcon.colcon_core.package_identification:_identify(robotic_chair_description) by extensions ['ignore', 'ignore_ament_install']
[0.680s] Level 1:colcon.colcon_core.package_identification:_identify(robotic_chair_description) by extension 'ignore'
[0.680s] Level 1:colcon.colcon_core.package_identification:_identify(robotic_chair_description) by extension 'ignore_ament_install'
[0.681s] Level 1:colcon.colcon_core.package_identification:_identify(robotic_chair_description) by extensions ['colcon_pkg']
[0.681s] Level 1:colcon.colcon_core.package_identification:_identify(robotic_chair_description) by extension 'colcon_pkg'
[0.681s] Level 1:colcon.colcon_core.package_identification:_identify(robotic_chair_description) by extensions ['colcon_meta']
[0.681s] Level 1:colcon.colcon_core.package_identification:_identify(robotic_chair_description) by extension 'colcon_meta'
[0.681s] Level 1:colcon.colcon_core.package_identification:_identify(robotic_chair_description) by extensions ['ros']
[0.681s] Level 1:colcon.colcon_core.package_identification:_identify(robotic_chair_description) by extension 'ros'
[0.682s] DEBUG:colcon.colcon_core.package_identification:Package 'robotic_chair_description' with type 'ros.ament_cmake' and name 'robotic_chair_description'
[0.682s] Level 1:colcon.colcon_core.package_identification:_identify(robotic_chair_nav) by extensions ['ignore', 'ignore_ament_install']
[0.683s] Level 1:colcon.colcon_core.package_identification:_identify(robotic_chair_nav) by extension 'ignore'
[0.683s] Level 1:colcon.colcon_core.package_identification:_identify(robotic_chair_nav) by extension 'ignore_ament_install'
[0.683s] Level 1:colcon.colcon_core.package_identification:_identify(robotic_chair_nav) by extensions ['colcon_pkg']
[0.683s] Level 1:colcon.colcon_core.package_identification:_identify(robotic_chair_nav) by extension 'colcon_pkg'
[0.683s] Level 1:colcon.colcon_core.package_identification:_identify(robotic_chair_nav) by extensions ['colcon_meta']
[0.683s] Level 1:colcon.colcon_core.package_identification:_identify(robotic_chair_nav) by extension 'colcon_meta'
[0.683s] Level 1:colcon.colcon_core.package_identification:_identify(robotic_chair_nav) by extensions ['ros']
[0.684s] Level 1:colcon.colcon_core.package_identification:_identify(robotic_chair_nav) by extension 'ros'
[0.685s] DEBUG:colcon.colcon_core.package_identification:Package 'robotic_chair_nav' with type 'ros.ament_python' and name 'robotic_chair_nav'
[0.687s] Level 1:colcon.colcon_core.package_discovery:discover_packages(recursive) using defaults
[0.688s] Level 1:colcon.colcon_core.package_discovery:discover_packages(ignore) discover
[0.688s] Level 1:colcon.colcon_core.package_discovery:discover_packages(ignore) using defaults
[0.688s] Level 1:colcon.colcon_core.package_discovery:discover_packages(path) discover
[0.688s] Level 1:colcon.colcon_core.package_discovery:discover_packages(path) using defaults
[0.749s] Level 1:colcon.colcon_core.package_discovery:discover_packages(prefix_path) check parameters
[0.750s] Level 1:colcon.colcon_core.package_discovery:discover_packages(prefix_path) discover
[0.754s] DEBUG:colcon.colcon_installed_package_information.package_discovery:Found 14 installed packages in /home/ilyas/ros2_ws/install
[0.755s] DEBUG:colcon.colcon_installed_package_information.package_discovery:Found 3 installed packages in /home/ilyas/ros2_ws/src/install
[0.757s] DEBUG:colcon.colcon_installed_package_information.package_discovery:Found 330 installed packages in /opt/ros/humble
[0.761s] Level 1:colcon.colcon_core.package_discovery:discover_packages(prefix_path) using defaults
[0.848s] Level 5:colcon.colcon_core.verb:set package 'my_first_package' build argument 'cmake_args' from command line to 'None'
[0.848s] Level 5:colcon.colcon_core.verb:set package 'my_first_package' build argument 'cmake_target' from command line to 'None'
[0.849s] Level 5:colcon.colcon_core.verb:set package 'my_first_package' build argument 'cmake_target_skip_unavailable' from command line to 'False'
[0.849s] Level 5:colcon.colcon_core.verb:set package 'my_first_package' build argument 'cmake_clean_cache' from command line to 'False'
[0.849s] Level 5:colcon.colcon_core.verb:set package 'my_first_package' build argument 'cmake_clean_first' from command line to 'False'
[0.849s] Level 5:colcon.colcon_core.verb:set package 'my_first_package' build argument 'cmake_force_configure' from command line to 'False'
[0.849s] Level 5:colcon.colcon_core.verb:set package 'my_first_package' build argument 'ament_cmake_args' from command line to 'None'
[0.849s] Level 5:colcon.colcon_core.verb:set package 'my_first_package' build argument 'catkin_cmake_args' from command line to 'None'
[0.849s] Level 5:colcon.colcon_core.verb:set package 'my_first_package' build argument 'catkin_skip_building_tests' from command line to 'False'
[0.849s] DEBUG:colcon.colcon_core.verb:Building package 'my_first_package' with the following arguments: {'ament_cmake_args': None, 'build_base': '/home/ilyas/ros2_ws/src/build/my_first_package', 'catkin_cmake_args': None, 'catkin_skip_building_tests': False, 'cmake_args': None, 'cmake_clean_cache': False, 'cmake_clean_first': False, 'cmake_force_configure': False, 'cmake_target': None, 'cmake_target_skip_unavailable': False, 'install_base': '/home/ilyas/ros2_ws/src/install/my_first_package', 'merge_install': False, 'path': '/home/ilyas/ros2_ws/src/my_first_package', 'symlink_install': False, 'test_result_base': None}
[0.851s] Level 5:colcon.colcon_core.verb:set package 'robotic_chair_description' build argument 'cmake_args' from command line to 'None'
[0.851s] Level 5:colcon.colcon_core.verb:set package 'robotic_chair_description' build argument 'cmake_target' from command line to 'None'
[0.851s] Level 5:colcon.colcon_core.verb:set package 'robotic_chair_description' build argument 'cmake_target_skip_unavailable' from command line to 'False'
[0.851s] Level 5:colcon.colcon_core.verb:set package 'robotic_chair_description' build argument 'cmake_clean_cache' from command line to 'False'
[0.852s] Level 5:colcon.colcon_core.verb:set package 'robotic_chair_description' build argument 'cmake_clean_first' from command line to 'False'
[0.852s] Level 5:colcon.colcon_core.verb:set package 'robotic_chair_description' build argument 'cmake_force_configure' from command line to 'False'
[0.852s] Level 5:colcon.colcon_core.verb:set package 'robotic_chair_description' build argument 'ament_cmake_args' from command line to 'None'
[0.852s] Level 5:colcon.colcon_core.verb:set package 'robotic_chair_description' build argument 'catkin_cmake_args' from command line to 'None'
[0.852s] Level 5:colcon.colcon_core.verb:set package 'robotic_chair_description' build argument 'catkin_skip_building_tests' from command line to 'False'
[0.852s] DEBUG:colcon.colcon_core.verb:Building package 'robotic_chair_description' with the following arguments: {'ament_cmake_args': None, 'build_base': '/home/ilyas/ros2_ws/src/build/robotic_chair_description', 'catkin_cmake_args': None, 'catkin_skip_building_tests': False, 'cmake_args': None, 'cmake_clean_cache': False, 'cmake_clean_first': False, 'cmake_force_configure': False, 'cmake_target': None, 'cmake_target_skip_unavailable': False, 'install_base': '/home/ilyas/ros2_ws/src/install/robotic_chair_description', 'merge_install': False, 'path': '/home/ilyas/ros2_ws/src/robotic_chair_description', 'symlink_install': False, 'test_result_base': None}
[0.852s] Level 5:colcon.colcon_core.verb:set package 'robotic_chair_nav' build argument 'cmake_args' from command line to 'None'
[0.852s] Level 5:colcon.colcon_core.verb:set package 'robotic_chair_nav' build argument 'cmake_target' from command line to 'None'
[0.852s] Level 5:colcon.colcon_core.verb:set package 'robotic_chair_nav' build argument 'cmake_target_skip_unavailable' from command line to 'False'
[0.852s] Level 5:colcon.colcon_core.verb:set package 'robotic_chair_nav' build argument 'cmake_clean_cache' from command line to 'False'
[0.852s] Level 5:colcon.colcon_core.verb:set package 'robotic_chair_nav' build argument 'cmake_clean_first' from command line to 'False'
[0.852s] Level 5:colcon.colcon_core.verb:set package 'robotic_chair_nav' build argument 'cmake_force_configure' from command line to 'False'
[0.852s] Level 5:colcon.colcon_core.verb:set package 'robotic_chair_nav' build argument 'ament_cmake_args' from command line to 'None'
[0.852s] Level 5:colcon.colcon_core.verb:set package 'robotic_chair_nav' build argument 'catkin_cmake_args' from command line to 'None'
[0.852s] Level 5:colcon.colcon_core.verb:set package 'robotic_chair_nav' build argument 'catkin_skip_building_tests' from command line to 'False'
[0.852s] DEBUG:colcon.colcon_core.verb:Building package 'robotic_chair_nav' with the following arguments: {'ament_cmake_args': None, 'build_base': '/home/ilyas/ros2_ws/src/build/robotic_chair_nav', 'catkin_cmake_args': None, 'catkin_skip_building_tests': False, 'cmake_args': None, 'cmake_clean_cache': False, 'cmake_clean_first': False, 'cmake_force_configure': False, 'cmake_target': None, 'cmake_target_skip_unavailable': False, 'install_base': '/home/ilyas/ros2_ws/src/install/robotic_chair_nav', 'merge_install': False, 'path': '/home/ilyas/ros2_ws/src/robotic_chair_nav', 'symlink_install': False, 'test_result_base': None}
[0.853s] INFO:colcon.colcon_core.executor:Executing jobs using 'parallel' executor
[0.856s] DEBUG:colcon.colcon_parallel_executor.executor.parallel:run_until_complete
[0.856s] INFO:colcon.colcon_ros.task.ament_python.build:Building ROS package in '/home/ilyas/ros2_ws/src/my_first_package' with build type 'ament_python'
[0.858s] Level 1:colcon.colcon_core.shell:create_environment_hook('my_first_package', 'ament_prefix_path')
[0.861s] INFO:colcon.colcon_core.plugin_system:Skipping extension 'colcon_core.shell.bat': Not used on non-Windows systems
[0.862s] INFO:colcon.colcon_core.shell:Creating environment hook '/home/ilyas/ros2_ws/src/install/my_first_package/share/my_first_package/hook/ament_prefix_path.ps1'
[1.299s] INFO:colcon.colcon_core.shell:Creating environment descriptor '/home/ilyas/ros2_ws/src/install/my_first_package/share/my_first_package/hook/ament_prefix_path.dsv'
[1.306s] INFO:colcon.colcon_core.shell:Creating environment hook '/home/ilyas/ros2_ws/src/install/my_first_package/share/my_first_package/hook/ament_prefix_path.sh'
[1.328s] INFO:colcon.colcon_core.shell:Skip shell extension 'powershell' for command environment: Not usable outside of PowerShell
[1.329s] DEBUG:colcon.colcon_core.shell:Skip shell extension 'dsv' for command environment
[1.344s] INFO:colcon.colcon_ros.task.ament_cmake.build:Building ROS package in '/home/ilyas/ros2_ws/src/robotic_chair_description' with build type 'ament_cmake'
[1.344s] INFO:colcon.colcon_cmake.task.cmake.build:Building CMake package in '/home/ilyas/ros2_ws/src/robotic_chair_description'
[1.345s] INFO:colcon.colcon_core.shell:Skip shell extension 'powershell' for command environment: Not usable outside of PowerShell
[1.345s] DEBUG:colcon.colcon_core.shell:Skip shell extension 'dsv' for command environment
[1.368s] INFO:colcon.colcon_ros.task.ament_python.build:Building ROS package in '/home/ilyas/ros2_ws/src/robotic_chair_nav' with build type 'ament_python'
[1.400s] Level 1:colcon.colcon_core.shell:create_environment_hook('robotic_chair_nav', 'ament_prefix_path')
[1.403s] INFO:colcon.colcon_core.shell:Creating environment hook '/home/ilyas/ros2_ws/src/install/robotic_chair_nav/share/robotic_chair_nav/hook/ament_prefix_path.ps1'
[1.409s] INFO:colcon.colcon_core.shell:Creating environment descriptor '/home/ilyas/ros2_ws/src/install/robotic_chair_nav/share/robotic_chair_nav/hook/ament_prefix_path.dsv'
[1.416s] INFO:colcon.colcon_core.shell:Creating environment hook '/home/ilyas/ros2_ws/src/install/robotic_chair_nav/share/robotic_chair_nav/hook/ament_prefix_path.sh'
[1.422s] INFO:colcon.colcon_core.shell:Skip shell extension 'powershell' for command environment: Not usable outside of PowerShell
[1.423s] DEBUG:colcon.colcon_core.shell:Skip shell extension 'dsv' for command environment
[2.135s] INFO:colcon.colcon_core.task.python.build:Building Python package in '/home/ilyas/ros2_ws/src/my_first_package'
[2.137s] INFO:colcon.colcon_core.shell:Skip shell extension 'powershell' for command environment: Not usable outside of PowerShell
[2.137s] DEBUG:colcon.colcon_core.shell:Skip shell extension 'dsv' for command environment
[2.836s] DEBUG:colcon.colcon_core.event_handler.log_command:Invoking command in '/home/ilyas/ros2_ws/src/build/robotic_chair_description': CMAKE_PREFIX_PATH=${CMAKE_PREFIX_PATH}:/home/ilyas/ros2_ws/src/install/my_first_package:/home/ilyas/ros2_ws/src/install/robotic_chair_nav:/home/ilyas/ros2_ws/install/rqt_joint_trajectory_controller:/home/ilyas/ros2_ws/install/ros2_controllers_test_nodes:/home/ilyas/ros2_ws/install/my_first_package:/opt/ros/humble /usr/bin/cmake --build /home/ilyas/ros2_ws/src/build/robotic_chair_description -- -j3 -l3
[3.463s] INFO:colcon.colcon_core.task.python.build:Building Python package in '/home/ilyas/ros2_ws/src/robotic_chair_nav'
[3.464s] INFO:colcon.colcon_core.shell:Skip shell extension 'powershell' for command environment: Not usable outside of PowerShell
[3.465s] DEBUG:colcon.colcon_core.shell:Skip shell extension 'dsv' for command environment
[3.547s] DEBUG:colcon.colcon_core.event_handler.log_command:Invoked command in '/home/ilyas/ros2_ws/src/build/robotic_chair_description' returned '0': CMAKE_PREFIX_PATH=${CMAKE_PREFIX_PATH}:/home/ilyas/ros2_ws/src/install/my_first_package:/home/ilyas/ros2_ws/src/install/robotic_chair_nav:/home/ilyas/ros2_ws/install/rqt_joint_trajectory_controller:/home/ilyas/ros2_ws/install/ros2_controllers_test_nodes:/home/ilyas/ros2_ws/install/my_first_package:/opt/ros/humble /usr/bin/cmake --build /home/ilyas/ros2_ws/src/build/robotic_chair_description -- -j3 -l3
[3.566s] DEBUG:colcon.colcon_core.event_handler.log_command:Invoking command in '/home/ilyas/ros2_ws/src/build/robotic_chair_description': CMAKE_PREFIX_PATH=${CMAKE_PREFIX_PATH}:/home/ilyas/ros2_ws/src/install/my_first_package:/home/ilyas/ros2_ws/src/install/robotic_chair_nav:/home/ilyas/ros2_ws/install/rqt_joint_trajectory_controller:/home/ilyas/ros2_ws/install/ros2_controllers_test_nodes:/home/ilyas/ros2_ws/install/my_first_package:/opt/ros/humble /usr/bin/cmake --install /home/ilyas/ros2_ws/src/build/robotic_chair_description
[3.758s] Level 1:colcon.colcon_core.environment:create_environment_scripts_only(robotic_chair_description)
[3.780s] DEBUG:colcon.colcon_core.event_handler.log_command:Invoked command in '/home/ilyas/ros2_ws/src/build/robotic_chair_description' returned '0': CMAKE_PREFIX_PATH=${CMAKE_PREFIX_PATH}:/home/ilyas/ros2_ws/src/install/my_first_package:/home/ilyas/ros2_ws/src/install/robotic_chair_nav:/home/ilyas/ros2_ws/install/rqt_joint_trajectory_controller:/home/ilyas/ros2_ws/install/ros2_controllers_test_nodes:/home/ilyas/ros2_ws/install/my_first_package:/opt/ros/humble /usr/bin/cmake --install /home/ilyas/ros2_ws/src/build/robotic_chair_description
[3.782s] Level 1:colcon.colcon_core.environment:checking '/home/ilyas/ros2_ws/src/install/robotic_chair_description' for CMake module files
[3.782s] Level 1:colcon.colcon_core.environment:checking '/home/ilyas/ros2_ws/src/install/robotic_chair_description' for CMake config files
[3.782s] Level 1:colcon.colcon_core.shell:create_environment_hook('robotic_chair_description', 'cmake_prefix_path')
[3.783s] INFO:colcon.colcon_core.shell:Creating environment hook '/home/ilyas/ros2_ws/src/install/robotic_chair_description/share/robotic_chair_description/hook/cmake_prefix_path.ps1'
[3.796s] INFO:colcon.colcon_core.shell:Creating environment descriptor '/home/ilyas/ros2_ws/src/install/robotic_chair_description/share/robotic_chair_description/hook/cmake_prefix_path.dsv'
[3.801s] INFO:colcon.colcon_core.shell:Creating environment hook '/home/ilyas/ros2_ws/src/install/robotic_chair_description/share/robotic_chair_description/hook/cmake_prefix_path.sh'
[4.215s] Level 1:colcon.colcon_core.environment:checking '/home/ilyas/ros2_ws/src/install/robotic_chair_description/bin'
[4.216s] Level 1:colcon.colcon_core.environment:checking '/home/ilyas/ros2_ws/src/install/robotic_chair_description/lib/pkgconfig/robotic_chair_description.pc'
[4.216s] Level 1:colcon.colcon_core.environment:checking '/home/ilyas/ros2_ws/src/install/robotic_chair_description/lib/python3.10/site-packages'
[4.217s] Level 1:colcon.colcon_core.environment:checking '/home/ilyas/ros2_ws/src/install/robotic_chair_description/bin'
[4.217s] INFO:colcon.colcon_core.shell:Creating package script '/home/ilyas/ros2_ws/src/install/robotic_chair_description/share/robotic_chair_description/package.ps1'
[4.796s] INFO:colcon.colcon_core.shell:Creating package descriptor '/home/ilyas/ros2_ws/src/install/robotic_chair_description/share/robotic_chair_description/package.dsv'
[4.802s] INFO:colcon.colcon_core.shell:Creating package script '/home/ilyas/ros2_ws/src/install/robotic_chair_description/share/robotic_chair_description/package.sh'
[4.811s] INFO:colcon.colcon_core.shell:Creating package script '/home/ilyas/ros2_ws/src/install/robotic_chair_description/share/robotic_chair_description/package.bash'
[4.829s] INFO:colcon.colcon_core.shell:Creating package script '/home/ilyas/ros2_ws/src/install/robotic_chair_description/share/robotic_chair_description/package.zsh'
[4.834s] Level 1:colcon.colcon_core.environment:create_file_with_runtime_dependencies(/home/ilyas/ros2_ws/src/install/robotic_chair_description/share/colcon-core/packages/robotic_chair_description)
[4.842s] Level 1:colcon.colcon_core.environment:create_environment_scripts_only(robotic_chair_description)
[4.844s] Level 1:colcon.colcon_core.environment:checking '/home/ilyas/ros2_ws/src/install/robotic_chair_description' for CMake module files
[4.846s] Level 1:colcon.colcon_core.environment:checking '/home/ilyas/ros2_ws/src/install/robotic_chair_description' for CMake config files
[4.847s] Level 1:colcon.colcon_core.shell:create_environment_hook('robotic_chair_description', 'cmake_prefix_path')
[4.847s] INFO:colcon.colcon_core.shell:Creating environment hook '/home/ilyas/ros2_ws/src/install/robotic_chair_description/share/robotic_chair_description/hook/cmake_prefix_path.ps1'
[4.861s] INFO:colcon.colcon_core.shell:Creating environment descriptor '/home/ilyas/ros2_ws/src/install/robotic_chair_description/share/robotic_chair_description/hook/cmake_prefix_path.dsv'
[4.866s] INFO:colcon.colcon_core.shell:Creating environment hook '/home/ilyas/ros2_ws/src/install/robotic_chair_description/share/robotic_chair_description/hook/cmake_prefix_path.sh'
[4.869s] Level 1:colcon.colcon_core.environment:checking '/home/ilyas/ros2_ws/src/install/robotic_chair_description/bin'
[4.870s] Level 1:colcon.colcon_core.environment:checking '/home/ilyas/ros2_ws/src/install/robotic_chair_description/lib/pkgconfig/robotic_chair_description.pc'
[4.870s] Level 1:colcon.colcon_core.environment:checking '/home/ilyas/ros2_ws/src/install/robotic_chair_description/lib/python3.10/site-packages'
[4.871s] Level 1:colcon.colcon_core.environment:checking '/home/ilyas/ros2_ws/src/install/robotic_chair_description/bin'
[4.872s] INFO:colcon.colcon_core.shell:Creating package script '/home/ilyas/ros2_ws/src/install/robotic_chair_description/share/robotic_chair_description/package.ps1'
[4.877s] INFO:colcon.colcon_core.shell:Creating package descriptor '/home/ilyas/ros2_ws/src/install/robotic_chair_description/share/robotic_chair_description/package.dsv'
[4.882s] INFO:colcon.colcon_core.shell:Creating package script '/home/ilyas/ros2_ws/src/install/robotic_chair_description/share/robotic_chair_description/package.sh'
[4.891s] INFO:colcon.colcon_core.shell:Creating package script '/home/ilyas/ros2_ws/src/install/robotic_chair_description/share/robotic_chair_description/package.bash'
[4.972s] INFO:colcon.colcon_core.shell:Creating package script '/home/ilyas/ros2_ws/src/install/robotic_chair_description/share/robotic_chair_description/package.zsh'
[4.978s] Level 1:colcon.colcon_core.environment:create_file_with_runtime_dependencies(/home/ilyas/ros2_ws/src/install/robotic_chair_description/share/colcon-core/packages/robotic_chair_description)
[5.147s] DEBUG:colcon.colcon_core.event_handler.log_command:Invoking command in '/home/ilyas/ros2_ws/src/my_first_package': PYTHONPATH=/home/ilyas/ros2_ws/src/build/my_first_package/prefix_override:/usr/lib/python3/dist-packages/colcon_core/task/python/colcon_distutils_commands:/home/ilyas/ros2_ws/src/install/my_first_package/lib/python3.10/site-packages:${PYTHONPATH} /usr/bin/python3 -W ignore:setup.py install is deprecated -W ignore:easy_install command is deprecated setup.py egg_info --egg-base ../build/my_first_package build --build-base /home/ilyas/ros2_ws/src/build/my_first_package/build install --record /home/ilyas/ros2_ws/src/build/my_first_package/install.log --single-version-externally-managed install_data
[5.582s] DEBUG:colcon.colcon_core.event_handler.log_command:Invoking command in '/home/ilyas/ros2_ws/src/robotic_chair_nav': PYTHONPATH=/home/ilyas/ros2_ws/src/build/robotic_chair_nav/prefix_override:/usr/lib/python3/dist-packages/colcon_core/task/python/colcon_distutils_commands:/home/ilyas/ros2_ws/src/install/robotic_chair_nav/lib/python3.10/site-packages:${PYTHONPATH} /usr/bin/python3 -W ignore:setup.py install is deprecated -W ignore:easy_install command is deprecated setup.py egg_info --egg-base ../build/robotic_chair_nav build --build-base /home/ilyas/ros2_ws/src/build/robotic_chair_nav/build install --record /home/ilyas/ros2_ws/src/build/robotic_chair_nav/install.log --single-version-externally-managed install_data
[6.261s] Level 1:colcon.colcon_core.environment:checking '/home/ilyas/ros2_ws/src/install/my_first_package' for CMake module files
[6.267s] DEBUG:colcon.colcon_core.event_handler.log_command:Invoked command in '/home/ilyas/ros2_ws/src/my_first_package' returned '0': PYTHONPATH=/home/ilyas/ros2_ws/src/build/my_first_package/prefix_override:/usr/lib/python3/dist-packages/colcon_core/task/python/colcon_distutils_commands:/home/ilyas/ros2_ws/src/install/my_first_package/lib/python3.10/site-packages:${PYTHONPATH} /usr/bin/python3 -W ignore:setup.py install is deprecated -W ignore:easy_install command is deprecated setup.py egg_info --egg-base ../build/my_first_package build --build-base /home/ilyas/ros2_ws/src/build/my_first_package/build install --record /home/ilyas/ros2_ws/src/build/my_first_package/install.log --single-version-externally-managed install_data
[6.277s] Level 1:colcon.colcon_core.environment:checking '/home/ilyas/ros2_ws/src/install/my_first_package' for CMake config files
[6.291s] Level 1:colcon.colcon_core.environment:checking '/home/ilyas/ros2_ws/src/install/my_first_package/lib'
[6.294s] Level 1:colcon.colcon_core.environment:checking '/home/ilyas/ros2_ws/src/install/my_first_package/bin'
[6.296s] Level 1:colcon.colcon_core.environment:checking '/home/ilyas/ros2_ws/src/install/my_first_package/lib/pkgconfig/my_first_package.pc'
[6.297s] Level 1:colcon.colcon_core.environment:checking '/home/ilyas/ros2_ws/src/install/my_first_package/lib/python3.10/site-packages'
[6.298s] Level 1:colcon.colcon_core.shell:create_environment_hook('my_first_package', 'pythonpath')
[6.324s] INFO:colcon.colcon_core.shell:Creating environment hook '/home/ilyas/ros2_ws/src/install/my_first_package/share/my_first_package/hook/pythonpath.ps1'
[6.495s] INFO:colcon.colcon_core.shell:Creating environment descriptor '/home/ilyas/ros2_ws/src/install/my_first_package/share/my_first_package/hook/pythonpath.dsv'
[6.497s] INFO:colcon.colcon_core.shell:Creating environment hook '/home/ilyas/ros2_ws/src/install/my_first_package/share/my_first_package/hook/pythonpath.sh'
[6.499s] Level 1:colcon.colcon_core.environment:checking '/home/ilyas/ros2_ws/src/install/my_first_package/bin'
[6.500s] Level 1:colcon.colcon_core.environment:create_environment_scripts_only(my_first_package)
[6.500s] INFO:colcon.colcon_core.shell:Creating package script '/home/ilyas/ros2_ws/src/install/my_first_package/share/my_first_package/package.ps1'
[6.516s] INFO:colcon.colcon_core.shell:Creating package descriptor '/home/ilyas/ros2_ws/src/install/my_first_package/share/my_first_package/package.dsv'
[6.521s] INFO:colcon.colcon_core.shell:Creating package script '/home/ilyas/ros2_ws/src/install/my_first_package/share/my_first_package/package.sh'
[6.877s] INFO:colcon.colcon_core.shell:Creating package script '/home/ilyas/ros2_ws/src/install/my_first_package/share/my_first_package/package.bash'
[6.883s] INFO:colcon.colcon_core.shell:Creating package script '/home/ilyas/ros2_ws/src/install/my_first_package/share/my_first_package/package.zsh'
[6.896s] Level 1:colcon.colcon_core.environment:create_file_with_runtime_dependencies(/home/ilyas/ros2_ws/src/install/my_first_package/share/colcon-core/packages/my_first_package)
[7.356s] Level 1:colcon.colcon_core.environment:checking '/home/ilyas/ros2_ws/src/install/robotic_chair_nav' for CMake module files
[7.358s] DEBUG:colcon.colcon_core.event_handler.log_command:Invoked command in '/home/ilyas/ros2_ws/src/robotic_chair_nav' returned '0': PYTHONPATH=/home/ilyas/ros2_ws/src/build/robotic_chair_nav/prefix_override:/usr/lib/python3/dist-packages/colcon_core/task/python/colcon_distutils_commands:/home/ilyas/ros2_ws/src/install/robotic_chair_nav/lib/python3.10/site-packages:${PYTHONPATH} /usr/bin/python3 -W ignore:setup.py install is deprecated -W ignore:easy_install command is deprecated setup.py egg_info --egg-base ../build/robotic_chair_nav build --build-base /home/ilyas/ros2_ws/src/build/robotic_chair_nav/build install --record /home/ilyas/ros2_ws/src/build/robotic_chair_nav/install.log --single-version-externally-managed install_data
[7.359s] Level 1:colcon.colcon_core.environment:checking '/home/ilyas/ros2_ws/src/install/robotic_chair_nav' for CMake config files
[7.360s] Level 1:colcon.colcon_core.environment:checking '/home/ilyas/ros2_ws/src/install/robotic_chair_nav/lib'
[7.361s] Level 1:colcon.colcon_core.environment:checking '/home/ilyas/ros2_ws/src/install/robotic_chair_nav/bin'
[7.361s] Level 1:colcon.colcon_core.environment:checking '/home/ilyas/ros2_ws/src/install/robotic_chair_nav/lib/pkgconfig/robotic_chair_nav.pc'
[7.361s] Level 1:colcon.colcon_core.environment:checking '/home/ilyas/ros2_ws/src/install/robotic_chair_nav/lib/python3.10/site-packages'
[7.362s] Level 1:colcon.colcon_core.shell:create_environment_hook('robotic_chair_nav', 'pythonpath')
[7.362s] INFO:colcon.colcon_core.shell:Creating environment hook '/home/ilyas/ros2_ws/src/install/robotic_chair_nav/share/robotic_chair_nav/hook/pythonpath.ps1'
[7.458s] INFO:colcon.colcon_core.shell:Creating environment descriptor '/home/ilyas/ros2_ws/src/install/robotic_chair_nav/share/robotic_chair_nav/hook/pythonpath.dsv'
[7.462s] INFO:colcon.colcon_core.shell:Creating environment hook '/home/ilyas/ros2_ws/src/install/robotic_chair_nav/share/robotic_chair_nav/hook/pythonpath.sh'
[7.476s] Level 1:colcon.colcon_core.environment:checking '/home/ilyas/ros2_ws/src/install/robotic_chair_nav/bin'
[7.479s] Level 1:colcon.colcon_core.environment:create_environment_scripts_only(robotic_chair_nav)
[7.480s] INFO:colcon.colcon_core.shell:Creating package script '/home/ilyas/ros2_ws/src/install/robotic_chair_nav/share/robotic_chair_nav/package.ps1'
[7.895s] INFO:colcon.colcon_core.shell:Creating package descriptor '/home/ilyas/ros2_ws/src/install/robotic_chair_nav/share/robotic_chair_nav/package.dsv'
[7.899s] INFO:colcon.colcon_core.shell:Creating package script '/home/ilyas/ros2_ws/src/install/robotic_chair_nav/share/robotic_chair_nav/package.sh'
[7.914s] INFO:colcon.colcon_core.shell:Creating package script '/home/ilyas/ros2_ws/src/install/robotic_chair_nav/share/robotic_chair_nav/package.bash'
[7.927s] INFO:colcon.colcon_core.shell:Creating package script '/home/ilyas/ros2_ws/src/install/robotic_chair_nav/share/robotic_chair_nav/package.zsh'
[7.935s] Level 1:colcon.colcon_core.environment:create_file_with_runtime_dependencies(/home/ilyas/ros2_ws/src/install/robotic_chair_nav/share/colcon-core/packages/robotic_chair_nav)
[8.178s] DEBUG:colcon.colcon_parallel_executor.executor.parallel:closing loop
[8.178s] DEBUG:colcon.colcon_parallel_executor.executor.parallel:loop closed
[8.179s] DEBUG:colcon.colcon_parallel_executor.executor.parallel:run_until_complete finished with '0'
[8.182s] DEBUG:colcon.colcon_core.event_reactor:joining thread
[8.203s] INFO:colcon.colcon_core.plugin_system:Skipping extension 'colcon_notification.desktop_notification.terminal_notifier': Not used on non-Darwin systems
[8.203s] INFO:colcon.colcon_core.plugin_system:Skipping extension 'colcon_notification.desktop_notification.win32': Not used on non-Windows systems
[8.203s] INFO:colcon.colcon_notification.desktop_notification:Sending desktop notification using 'notify2'
[8.306s] DEBUG:colcon.colcon_core.event_reactor:joined thread
[8.307s] INFO:colcon.colcon_core.shell:Creating prefix script '/home/ilyas/ros2_ws/src/install/local_setup.ps1'
[8.314s] INFO:colcon.colcon_core.shell:Creating prefix util module '/home/ilyas/ros2_ws/src/install/_local_setup_util_ps1.py'
[8.329s] INFO:colcon.colcon_core.shell:Creating prefix chain script '/home/ilyas/ros2_ws/src/install/setup.ps1'
[8.344s] INFO:colcon.colcon_core.shell:Creating prefix script '/home/ilyas/ros2_ws/src/install/local_setup.sh'
[8.353s] INFO:colcon.colcon_core.shell:Creating prefix util module '/home/ilyas/ros2_ws/src/install/_local_setup_util_sh.py'
[8.356s] INFO:colcon.colcon_core.shell:Creating prefix chain script '/home/ilyas/ros2_ws/src/install/setup.sh'
[8.363s] INFO:colcon.colcon_core.shell:Creating prefix script '/home/ilyas/ros2_ws/src/install/local_setup.bash'
[8.376s] INFO:colcon.colcon_core.shell:Creating prefix chain script '/home/ilyas/ros2_ws/src/install/setup.bash'
[8.387s] INFO:colcon.colcon_core.shell:Creating prefix script '/home/ilyas/ros2_ws/src/install/local_setup.zsh'
[8.411s] INFO:colcon.colcon_core.shell:Creating prefix chain script '/home/ilyas/ros2_ws/src/install/setup.zsh'
