[1.489s] Invoking command in '/home/ilyas/ros2_ws/src/build/robotic_chair_description': CMAKE_PREFIX_PATH=${CMAKE_PREFIX_PATH}:/home/ilyas/ros2_ws/src/install/my_first_package:/home/ilyas/ros2_ws/src/install/robotic_chair_nav:/home/ilyas/ros2_ws/install/rqt_joint_trajectory_controller:/home/ilyas/ros2_ws/install/ros2_controllers_test_nodes:/home/ilyas/ros2_ws/install/my_first_package:/opt/ros/humble /usr/bin/cmake --build /home/ilyas/ros2_ws/src/build/robotic_chair_description -- -j3 -l3
[2.200s] Invoked command in '/home/ilyas/ros2_ws/src/build/robotic_chair_description' returned '0': CMAKE_PREFIX_PATH=${CMAKE_PREFIX_PATH}:/home/ilyas/ros2_ws/src/install/my_first_package:/home/ilyas/ros2_ws/src/install/robotic_chair_nav:/home/ilyas/ros2_ws/install/rqt_joint_trajectory_controller:/home/ilyas/ros2_ws/install/ros2_controllers_test_nodes:/home/ilyas/ros2_ws/install/my_first_package:/opt/ros/humble /usr/bin/cmake --build /home/ilyas/ros2_ws/src/build/robotic_chair_description -- -j3 -l3
[2.218s] Invoking command in '/home/ilyas/ros2_ws/src/build/robotic_chair_description': CMAKE_PREFIX_PATH=${CMAKE_PREFIX_PATH}:/home/ilyas/ros2_ws/src/install/my_first_package:/home/ilyas/ros2_ws/src/install/robotic_chair_nav:/home/ilyas/ros2_ws/install/rqt_joint_trajectory_controller:/home/ilyas/ros2_ws/install/ros2_controllers_test_nodes:/home/ilyas/ros2_ws/install/my_first_package:/opt/ros/humble /usr/bin/cmake --install /home/ilyas/ros2_ws/src/build/robotic_chair_description
[2.417s] -- Install configuration: ""
[2.417s] -- Up-to-date: /home/ilyas/ros2_ws/src/install/robotic_chair_description/share/robotic_chair_description/urdf
[2.420s] -- Up-to-date: /home/ilyas/ros2_ws/src/install/robotic_chair_description/share/robotic_chair_description/urdf/chair.urdf
[2.420s] -- Up-to-date: /home/ilyas/ros2_ws/src/install/robotic_chair_description/share/robotic_chair_description/launch
[2.420s] -- Up-to-date: /home/ilyas/ros2_ws/src/install/robotic_chair_description/share/robotic_chair_description/launch/sim.launch.py
[2.420s] -- Up-to-date: /home/ilyas/ros2_ws/src/install/robotic_chair_description/share/ament_index/resource_index/package_run_dependencies/robotic_chair_description
[2.420s] -- Up-to-date: /home/ilyas/ros2_ws/src/install/robotic_chair_description/share/ament_index/resource_index/parent_prefix_path/robotic_chair_description
[2.420s] -- Up-to-date: /home/ilyas/ros2_ws/src/install/robotic_chair_description/share/robotic_chair_description/environment/ament_prefix_path.sh
[2.420s] -- Up-to-date: /home/ilyas/ros2_ws/src/install/robotic_chair_description/share/robotic_chair_description/environment/ament_prefix_path.dsv
[2.420s] -- Up-to-date: /home/ilyas/ros2_ws/src/install/robotic_chair_description/share/robotic_chair_description/environment/path.sh
[2.420s] -- Up-to-date: /home/ilyas/ros2_ws/src/install/robotic_chair_description/share/robotic_chair_description/environment/path.dsv
[2.420s] -- Up-to-date: /home/ilyas/ros2_ws/src/install/robotic_chair_description/share/robotic_chair_description/local_setup.bash
[2.420s] -- Up-to-date: /home/ilyas/ros2_ws/src/install/robotic_chair_description/share/robotic_chair_description/local_setup.sh
[2.421s] -- Up-to-date: /home/ilyas/ros2_ws/src/install/robotic_chair_description/share/robotic_chair_description/local_setup.zsh
[2.421s] -- Up-to-date: /home/ilyas/ros2_ws/src/install/robotic_chair_description/share/robotic_chair_description/local_setup.dsv
[2.421s] -- Up-to-date: /home/ilyas/ros2_ws/src/install/robotic_chair_description/share/robotic_chair_description/package.dsv
[2.421s] -- Up-to-date: /home/ilyas/ros2_ws/src/install/robotic_chair_description/share/ament_index/resource_index/packages/robotic_chair_description
[2.433s] -- Up-to-date: /home/ilyas/ros2_ws/src/install/robotic_chair_description/share/robotic_chair_description/cmake/robotic_chair_descriptionConfig.cmake
[2.433s] -- Up-to-date: /home/ilyas/ros2_ws/src/install/robotic_chair_description/share/robotic_chair_description/cmake/robotic_chair_descriptionConfig-version.cmake
[2.433s] -- Up-to-date: /home/ilyas/ros2_ws/src/install/robotic_chair_description/share/robotic_chair_description/package.xml
[2.433s] Invoked command in '/home/ilyas/ros2_ws/src/build/robotic_chair_description' returned '0': CMAKE_PREFIX_PATH=${CMAKE_PREFIX_PATH}:/home/ilyas/ros2_ws/src/install/my_first_package:/home/ilyas/ros2_ws/src/install/robotic_chair_nav:/home/ilyas/ros2_ws/install/rqt_joint_trajectory_controller:/home/ilyas/ros2_ws/install/ros2_controllers_test_nodes:/home/ilyas/ros2_ws/install/my_first_package:/opt/ros/humble /usr/bin/cmake --install /home/ilyas/ros2_ws/src/build/robotic_chair_description
