[1.048s] Invoking command in '/home/ilyas/ros2_ws/src/my_first_package': PYTHONPATH=/home/ilyas/ros2_ws/build/my_first_package/prefix_override:/usr/lib/python3/dist-packages/colcon_core/task/python/colcon_distutils_commands:/home/ilyas/ros2_ws/install/my_first_package/lib/python3.10/site-packages:${PYTHONPATH} /usr/bin/python3 -W ignore:setup.py install is deprecated -W ignore:easy_install command is deprecated setup.py egg_info --egg-base ../../build/my_first_package build --build-base /home/ilyas/ros2_ws/build/my_first_package/build install --record /home/ilyas/ros2_ws/build/my_first_package/install.log --single-version-externally-managed install_data
[1.301s] running egg_info
[1.302s] writing ../../build/my_first_package/my_first_package.egg-info/PKG-INFO
[1.302s] writing dependency_links to ../../build/my_first_package/my_first_package.egg-info/dependency_links.txt
[1.302s] writing entry points to ../../build/my_first_package/my_first_package.egg-info/entry_points.txt
[1.302s] writing requirements to ../../build/my_first_package/my_first_package.egg-info/requires.txt
[1.302s] writing top-level names to ../../build/my_first_package/my_first_package.egg-info/top_level.txt
[1.302s] reading manifest file '../../build/my_first_package/my_first_package.egg-info/SOURCES.txt'
[1.302s] writing manifest file '../../build/my_first_package/my_first_package.egg-info/SOURCES.txt'
[1.302s] running build
[1.302s] running build_py
[1.302s] running install
[1.302s] running install_lib
[1.302s] running install_data
[1.302s] running install_egg_info
[1.302s] removing '/home/ilyas/ros2_ws/install/my_first_package/lib/python3.10/site-packages/my_first_package-0.0.0-py3.10.egg-info' (and everything under it)
[1.302s] Copying ../../build/my_first_package/my_first_package.egg-info to /home/ilyas/ros2_ws/install/my_first_package/lib/python3.10/site-packages/my_first_package-0.0.0-py3.10.egg-info
[1.302s] running install_scripts
[1.339s] Installing publisher script to /home/ilyas/ros2_ws/install/my_first_package/lib/my_first_package
[1.339s] Installing subscriber script to /home/ilyas/ros2_ws/install/my_first_package/lib/my_first_package
[1.339s] writing list of installed files to '/home/ilyas/ros2_ws/build/my_first_package/install.log'
[1.392s] Invoked command in '/home/ilyas/ros2_ws/src/my_first_package' returned '0': PYTHONPATH=/home/ilyas/ros2_ws/build/my_first_package/prefix_override:/usr/lib/python3/dist-packages/colcon_core/task/python/colcon_distutils_commands:/home/ilyas/ros2_ws/install/my_first_package/lib/python3.10/site-packages:${PYTHONPATH} /usr/bin/python3 -W ignore:setup.py install is deprecated -W ignore:easy_install command is deprecated setup.py egg_info --egg-base ../../build/my_first_package build --build-base /home/ilyas/ros2_ws/build/my_first_package/build install --record /home/ilyas/ros2_ws/build/my_first_package/install.log --single-version-externally-managed install_data
