[0.106s] DEBUG:colcon:Command line arguments: ['/usr/bin/colcon', 'build']
[0.107s] DEBUG:colcon:Parsed command line arguments: Namespace(log_base=None, log_level=None, verb_name='build', build_base='build', install_base='install', merge_install=False, symlink_install=False, test_result_base=None, continue_on_error=False, executor='parallel', parallel_workers=3, event_handlers=None, ignore_user_meta=False, metas=['./colcon.meta'], base_paths=['.'], packages_ignore=None, packages_ignore_regex=None, paths=None, packages_up_to=None, packages_up_to_regex=None, packages_above=None, packages_above_and_dependencies=None, packages_above_depth=None, packages_select_by_dep=None, packages_skip_by_dep=None, packages_skip_up_to=None, packages_select_build_failed=False, packages_skip_build_finished=False, packages_select_test_failures=False, packages_skip_test_passed=False, packages_select=None, packages_skip=None, packages_select_regex=None, packages_skip_regex=None, packages_start=None, packages_end=None, allow_overriding=[], cmake_args=None, cmake_target=None, cmake_target_skip_unavailable=False, cmake_clean_cache=False, cmake_clean_first=False, cmake_force_configure=False, ament_cmake_args=None, catkin_cmake_args=None, catkin_skip_building_tests=False, mixin_files=None, mixin=None, verb_parser=<colcon_mixin.mixin.mixin_argument.MixinArgumentDecorator object at 0x75f42c21b340>, verb_extension=<colcon_core.verb.build.BuildVerb object at 0x75f42c21a4d0>, main=<bound method BuildVerb.main of <colcon_core.verb.build.BuildVerb object at 0x75f42c21a4d0>>, mixin_verb=('build',))
[0.245s] Level 1:colcon.colcon_core.package_discovery:discover_packages(colcon_meta) check parameters
[0.247s] Level 1:colcon.colcon_core.package_discovery:discover_packages(recursive) check parameters
[0.247s] Level 1:colcon.colcon_core.package_discovery:discover_packages(ignore) check parameters
[0.247s] Level 1:colcon.colcon_core.package_discovery:discover_packages(path) check parameters
[0.247s] Level 1:colcon.colcon_core.package_discovery:discover_packages(colcon_meta) discover
[0.247s] Level 1:colcon.colcon_core.package_discovery:discover_packages(recursive) discover
[0.247s] INFO:colcon.colcon_core.package_discovery:Crawling recursively for packages in '/home/ilyas/ros2_ws'
[0.247s] Level 1:colcon.colcon_core.package_identification:_identify(.) by extensions ['ignore', 'ignore_ament_install']
[0.247s] Level 1:colcon.colcon_core.package_identification:_identify(.) by extension 'ignore'
[0.247s] Level 1:colcon.colcon_core.package_identification:_identify(.) by extension 'ignore_ament_install'
[0.247s] Level 1:colcon.colcon_core.package_identification:_identify(.) by extensions ['colcon_pkg']
[0.247s] Level 1:colcon.colcon_core.package_identification:_identify(.) by extension 'colcon_pkg'
[0.247s] Level 1:colcon.colcon_core.package_identification:_identify(.) by extensions ['colcon_meta']
[0.247s] Level 1:colcon.colcon_core.package_identification:_identify(.) by extension 'colcon_meta'
[0.247s] Level 1:colcon.colcon_core.package_identification:_identify(.) by extensions ['ros']
[0.247s] Level 1:colcon.colcon_core.package_identification:_identify(.) by extension 'ros'
[0.272s] Level 1:colcon.colcon_core.package_identification:_identify(.) by extensions ['cmake', 'python']
[0.272s] Level 1:colcon.colcon_core.package_identification:_identify(.) by extension 'cmake'
[0.274s] Level 1:colcon.colcon_core.package_identification:_identify(.) by extension 'python'
[0.276s] Level 1:colcon.colcon_core.package_identification:_identify(.) by extensions ['python_setup_py']
[0.277s] Level 1:colcon.colcon_core.package_identification:_identify(.) by extension 'python_setup_py'
[0.278s] Level 1:colcon.colcon_core.package_identification:_identify(build) by extensions ['ignore', 'ignore_ament_install']
[0.280s] Level 1:colcon.colcon_core.package_identification:_identify(build) by extension 'ignore'
[0.281s] Level 1:colcon.colcon_core.package_identification:_identify(build) ignored
[0.281s] Level 1:colcon.colcon_core.package_identification:_identify(install) by extensions ['ignore', 'ignore_ament_install']
[0.281s] Level 1:colcon.colcon_core.package_identification:_identify(install) by extension 'ignore'
[0.281s] Level 1:colcon.colcon_core.package_identification:_identify(install) ignored
[0.281s] Level 1:colcon.colcon_core.package_identification:_identify(log) by extensions ['ignore', 'ignore_ament_install']
[0.282s] Level 1:colcon.colcon_core.package_identification:_identify(log) by extension 'ignore'
[0.282s] Level 1:colcon.colcon_core.package_identification:_identify(log) ignored
[0.282s] Level 1:colcon.colcon_core.package_identification:_identify(src) by extensions ['ignore', 'ignore_ament_install']
[0.282s] Level 1:colcon.colcon_core.package_identification:_identify(src) by extension 'ignore'
[0.282s] Level 1:colcon.colcon_core.package_identification:_identify(src) by extension 'ignore_ament_install'
[0.282s] Level 1:colcon.colcon_core.package_identification:_identify(src) by extensions ['colcon_pkg']
[0.282s] Level 1:colcon.colcon_core.package_identification:_identify(src) by extension 'colcon_pkg'
[0.282s] Level 1:colcon.colcon_core.package_identification:_identify(src) by extensions ['colcon_meta']
[0.282s] Level 1:colcon.colcon_core.package_identification:_identify(src) by extension 'colcon_meta'
[0.282s] Level 1:colcon.colcon_core.package_identification:_identify(src) by extensions ['ros']
[0.282s] Level 1:colcon.colcon_core.package_identification:_identify(src) by extension 'ros'
[0.282s] Level 1:colcon.colcon_core.package_identification:_identify(src) by extensions ['cmake', 'python']
[0.282s] Level 1:colcon.colcon_core.package_identification:_identify(src) by extension 'cmake'
[0.282s] Level 1:colcon.colcon_core.package_identification:_identify(src) by extension 'python'
[0.282s] Level 1:colcon.colcon_core.package_identification:_identify(src) by extensions ['python_setup_py']
[0.282s] Level 1:colcon.colcon_core.package_identification:_identify(src) by extension 'python_setup_py'
[0.283s] Level 1:colcon.colcon_core.package_identification:_identify(src/build) by extensions ['ignore', 'ignore_ament_install']
[0.283s] Level 1:colcon.colcon_core.package_identification:_identify(src/build) by extension 'ignore'
[0.283s] Level 1:colcon.colcon_core.package_identification:_identify(src/build) ignored
[0.284s] Level 1:colcon.colcon_core.package_identification:_identify(src/install) by extensions ['ignore', 'ignore_ament_install']
[0.284s] Level 1:colcon.colcon_core.package_identification:_identify(src/install) by extension 'ignore'
[0.284s] Level 1:colcon.colcon_core.package_identification:_identify(src/install) ignored
[0.284s] Level 1:colcon.colcon_core.package_identification:_identify(src/log) by extensions ['ignore', 'ignore_ament_install']
[0.284s] Level 1:colcon.colcon_core.package_identification:_identify(src/log) by extension 'ignore'
[0.284s] Level 1:colcon.colcon_core.package_identification:_identify(src/log) ignored
[0.285s] Level 1:colcon.colcon_core.package_identification:_identify(src/my_first_package) by extensions ['ignore', 'ignore_ament_install']
[0.285s] Level 1:colcon.colcon_core.package_identification:_identify(src/my_first_package) by extension 'ignore'
[0.285s] Level 1:colcon.colcon_core.package_identification:_identify(src/my_first_package) by extension 'ignore_ament_install'
[0.285s] Level 1:colcon.colcon_core.package_identification:_identify(src/my_first_package) by extensions ['colcon_pkg']
[0.285s] Level 1:colcon.colcon_core.package_identification:_identify(src/my_first_package) by extension 'colcon_pkg'
[0.285s] Level 1:colcon.colcon_core.package_identification:_identify(src/my_first_package) by extensions ['colcon_meta']
[0.285s] Level 1:colcon.colcon_core.package_identification:_identify(src/my_first_package) by extension 'colcon_meta'
[0.285s] Level 1:colcon.colcon_core.package_identification:_identify(src/my_first_package) by extensions ['ros']
[0.285s] Level 1:colcon.colcon_core.package_identification:_identify(src/my_first_package) by extension 'ros'
[0.287s] DEBUG:colcon.colcon_core.package_identification:Package 'src/my_first_package' with type 'ros.ament_python' and name 'my_first_package'
[0.288s] Level 1:colcon.colcon_core.package_identification:_identify(src/robotic_chair_description) by extensions ['ignore', 'ignore_ament_install']
[0.288s] Level 1:colcon.colcon_core.package_identification:_identify(src/robotic_chair_description) by extension 'ignore'
[0.288s] Level 1:colcon.colcon_core.package_identification:_identify(src/robotic_chair_description) by extension 'ignore_ament_install'
[0.288s] Level 1:colcon.colcon_core.package_identification:_identify(src/robotic_chair_description) by extensions ['colcon_pkg']
[0.288s] Level 1:colcon.colcon_core.package_identification:_identify(src/robotic_chair_description) by extension 'colcon_pkg'
[0.288s] Level 1:colcon.colcon_core.package_identification:_identify(src/robotic_chair_description) by extensions ['colcon_meta']
[0.288s] Level 1:colcon.colcon_core.package_identification:_identify(src/robotic_chair_description) by extension 'colcon_meta'
[0.288s] Level 1:colcon.colcon_core.package_identification:_identify(src/robotic_chair_description) by extensions ['ros']
[0.289s] Level 1:colcon.colcon_core.package_identification:_identify(src/robotic_chair_description) by extension 'ros'
[0.289s] DEBUG:colcon.colcon_core.package_identification:Package 'src/robotic_chair_description' with type 'ros.ament_cmake' and name 'robotic_chair_description'
[0.290s] Level 1:colcon.colcon_core.package_identification:_identify(src/robotic_chair_nav) by extensions ['ignore', 'ignore_ament_install']
[0.290s] Level 1:colcon.colcon_core.package_identification:_identify(src/robotic_chair_nav) by extension 'ignore'
[0.290s] Level 1:colcon.colcon_core.package_identification:_identify(src/robotic_chair_nav) by extension 'ignore_ament_install'
[0.290s] Level 1:colcon.colcon_core.package_identification:_identify(src/robotic_chair_nav) by extensions ['colcon_pkg']
[0.290s] Level 1:colcon.colcon_core.package_identification:_identify(src/robotic_chair_nav) by extension 'colcon_pkg'
[0.290s] Level 1:colcon.colcon_core.package_identification:_identify(src/robotic_chair_nav) by extensions ['colcon_meta']
[0.290s] Level 1:colcon.colcon_core.package_identification:_identify(src/robotic_chair_nav) by extension 'colcon_meta'
[0.290s] Level 1:colcon.colcon_core.package_identification:_identify(src/robotic_chair_nav) by extensions ['ros']
[0.290s] Level 1:colcon.colcon_core.package_identification:_identify(src/robotic_chair_nav) by extension 'ros'
[0.291s] DEBUG:colcon.colcon_core.package_identification:Package 'src/robotic_chair_nav' with type 'ros.ament_python' and name 'robotic_chair_nav'
[0.291s] Level 1:colcon.colcon_core.package_identification:_identify(src/simple_world) by extensions ['ignore', 'ignore_ament_install']
[0.291s] Level 1:colcon.colcon_core.package_identification:_identify(src/simple_world) by extension 'ignore'
[0.291s] Level 1:colcon.colcon_core.package_identification:_identify(src/simple_world) by extension 'ignore_ament_install'
[0.291s] Level 1:colcon.colcon_core.package_identification:_identify(src/simple_world) by extensions ['colcon_pkg']
[0.291s] Level 1:colcon.colcon_core.package_identification:_identify(src/simple_world) by extension 'colcon_pkg'
[0.291s] Level 1:colcon.colcon_core.package_identification:_identify(src/simple_world) by extensions ['colcon_meta']
[0.291s] Level 1:colcon.colcon_core.package_identification:_identify(src/simple_world) by extension 'colcon_meta'
[0.291s] Level 1:colcon.colcon_core.package_identification:_identify(src/simple_world) by extensions ['ros']
[0.291s] Level 1:colcon.colcon_core.package_identification:_identify(src/simple_world) by extension 'ros'
[0.292s] DEBUG:colcon.colcon_core.package_identification:Package 'src/simple_world' with type 'ros.ament_cmake' and name 'simple_world'
[0.292s] Level 1:colcon.colcon_core.package_discovery:discover_packages(recursive) using defaults
[0.292s] Level 1:colcon.colcon_core.package_discovery:discover_packages(ignore) discover
[0.292s] Level 1:colcon.colcon_core.package_discovery:discover_packages(ignore) using defaults
[0.292s] Level 1:colcon.colcon_core.package_discovery:discover_packages(path) discover
[0.292s] Level 1:colcon.colcon_core.package_discovery:discover_packages(path) using defaults
[0.319s] Level 1:colcon.colcon_core.package_discovery:discover_packages(prefix_path) check parameters
[0.319s] Level 1:colcon.colcon_core.package_discovery:discover_packages(prefix_path) discover
[0.322s] DEBUG:colcon.colcon_installed_package_information.package_discovery:Found 4 installed packages in /home/ilyas/ros2_ws/install
[0.323s] DEBUG:colcon.colcon_installed_package_information.package_discovery:Found 1 installed packages in /home/ilyas/ros2_ws/src/robotic_chair_nav/install
[0.324s] DEBUG:colcon.colcon_installed_package_information.package_discovery:Found 3 installed packages in /home/ilyas/ros2_ws/src/install
[0.326s] DEBUG:colcon.colcon_installed_package_information.package_discovery:Found 330 installed packages in /opt/ros/humble
[0.328s] Level 1:colcon.colcon_core.package_discovery:discover_packages(prefix_path) using defaults
[0.363s] Level 5:colcon.colcon_core.verb:set package 'my_first_package' build argument 'cmake_args' from command line to 'None'
[0.364s] Level 5:colcon.colcon_core.verb:set package 'my_first_package' build argument 'cmake_target' from command line to 'None'
[0.364s] Level 5:colcon.colcon_core.verb:set package 'my_first_package' build argument 'cmake_target_skip_unavailable' from command line to 'False'
[0.364s] Level 5:colcon.colcon_core.verb:set package 'my_first_package' build argument 'cmake_clean_cache' from command line to 'False'
[0.364s] Level 5:colcon.colcon_core.verb:set package 'my_first_package' build argument 'cmake_clean_first' from command line to 'False'
[0.364s] Level 5:colcon.colcon_core.verb:set package 'my_first_package' build argument 'cmake_force_configure' from command line to 'False'
[0.364s] Level 5:colcon.colcon_core.verb:set package 'my_first_package' build argument 'ament_cmake_args' from command line to 'None'
[0.364s] Level 5:colcon.colcon_core.verb:set package 'my_first_package' build argument 'catkin_cmake_args' from command line to 'None'
[0.364s] Level 5:colcon.colcon_core.verb:set package 'my_first_package' build argument 'catkin_skip_building_tests' from command line to 'False'
[0.364s] DEBUG:colcon.colcon_core.verb:Building package 'my_first_package' with the following arguments: {'ament_cmake_args': None, 'build_base': '/home/ilyas/ros2_ws/build/my_first_package', 'catkin_cmake_args': None, 'catkin_skip_building_tests': False, 'cmake_args': None, 'cmake_clean_cache': False, 'cmake_clean_first': False, 'cmake_force_configure': False, 'cmake_target': None, 'cmake_target_skip_unavailable': False, 'install_base': '/home/ilyas/ros2_ws/install/my_first_package', 'merge_install': False, 'path': '/home/ilyas/ros2_ws/src/my_first_package', 'symlink_install': False, 'test_result_base': None}
[0.365s] Level 5:colcon.colcon_core.verb:set package 'robotic_chair_description' build argument 'cmake_args' from command line to 'None'
[0.368s] Level 5:colcon.colcon_core.verb:set package 'robotic_chair_description' build argument 'cmake_target' from command line to 'None'
[0.370s] Level 5:colcon.colcon_core.verb:set package 'robotic_chair_description' build argument 'cmake_target_skip_unavailable' from command line to 'False'
[0.370s] Level 5:colcon.colcon_core.verb:set package 'robotic_chair_description' build argument 'cmake_clean_cache' from command line to 'False'
[0.370s] Level 5:colcon.colcon_core.verb:set package 'robotic_chair_description' build argument 'cmake_clean_first' from command line to 'False'
[0.370s] Level 5:colcon.colcon_core.verb:set package 'robotic_chair_description' build argument 'cmake_force_configure' from command line to 'False'
[0.370s] Level 5:colcon.colcon_core.verb:set package 'robotic_chair_description' build argument 'ament_cmake_args' from command line to 'None'
[0.370s] Level 5:colcon.colcon_core.verb:set package 'robotic_chair_description' build argument 'catkin_cmake_args' from command line to 'None'
[0.370s] Level 5:colcon.colcon_core.verb:set package 'robotic_chair_description' build argument 'catkin_skip_building_tests' from command line to 'False'
[0.370s] DEBUG:colcon.colcon_core.verb:Building package 'robotic_chair_description' with the following arguments: {'ament_cmake_args': None, 'build_base': '/home/ilyas/ros2_ws/build/robotic_chair_description', 'catkin_cmake_args': None, 'catkin_skip_building_tests': False, 'cmake_args': None, 'cmake_clean_cache': False, 'cmake_clean_first': False, 'cmake_force_configure': False, 'cmake_target': None, 'cmake_target_skip_unavailable': False, 'install_base': '/home/ilyas/ros2_ws/install/robotic_chair_description', 'merge_install': False, 'path': '/home/ilyas/ros2_ws/src/robotic_chair_description', 'symlink_install': False, 'test_result_base': None}
[0.371s] Level 5:colcon.colcon_core.verb:set package 'robotic_chair_nav' build argument 'cmake_args' from command line to 'None'
[0.371s] Level 5:colcon.colcon_core.verb:set package 'robotic_chair_nav' build argument 'cmake_target' from command line to 'None'
[0.371s] Level 5:colcon.colcon_core.verb:set package 'robotic_chair_nav' build argument 'cmake_target_skip_unavailable' from command line to 'False'
[0.371s] Level 5:colcon.colcon_core.verb:set package 'robotic_chair_nav' build argument 'cmake_clean_cache' from command line to 'False'
[0.371s] Level 5:colcon.colcon_core.verb:set package 'robotic_chair_nav' build argument 'cmake_clean_first' from command line to 'False'
[0.371s] Level 5:colcon.colcon_core.verb:set package 'robotic_chair_nav' build argument 'cmake_force_configure' from command line to 'False'
[0.371s] Level 5:colcon.colcon_core.verb:set package 'robotic_chair_nav' build argument 'ament_cmake_args' from command line to 'None'
[0.371s] Level 5:colcon.colcon_core.verb:set package 'robotic_chair_nav' build argument 'catkin_cmake_args' from command line to 'None'
[0.371s] Level 5:colcon.colcon_core.verb:set package 'robotic_chair_nav' build argument 'catkin_skip_building_tests' from command line to 'False'
[0.371s] DEBUG:colcon.colcon_core.verb:Building package 'robotic_chair_nav' with the following arguments: {'ament_cmake_args': None, 'build_base': '/home/ilyas/ros2_ws/build/robotic_chair_nav', 'catkin_cmake_args': None, 'catkin_skip_building_tests': False, 'cmake_args': None, 'cmake_clean_cache': False, 'cmake_clean_first': False, 'cmake_force_configure': False, 'cmake_target': None, 'cmake_target_skip_unavailable': False, 'install_base': '/home/ilyas/ros2_ws/install/robotic_chair_nav', 'merge_install': False, 'path': '/home/ilyas/ros2_ws/src/robotic_chair_nav', 'symlink_install': False, 'test_result_base': None}
[0.372s] Level 5:colcon.colcon_core.verb:set package 'simple_world' build argument 'cmake_args' from command line to 'None'
[0.372s] Level 5:colcon.colcon_core.verb:set package 'simple_world' build argument 'cmake_target' from command line to 'None'
[0.372s] Level 5:colcon.colcon_core.verb:set package 'simple_world' build argument 'cmake_target_skip_unavailable' from command line to 'False'
[0.372s] Level 5:colcon.colcon_core.verb:set package 'simple_world' build argument 'cmake_clean_cache' from command line to 'False'
[0.372s] Level 5:colcon.colcon_core.verb:set package 'simple_world' build argument 'cmake_clean_first' from command line to 'False'
[0.372s] Level 5:colcon.colcon_core.verb:set package 'simple_world' build argument 'cmake_force_configure' from command line to 'False'
[0.372s] Level 5:colcon.colcon_core.verb:set package 'simple_world' build argument 'ament_cmake_args' from command line to 'None'
[0.372s] Level 5:colcon.colcon_core.verb:set package 'simple_world' build argument 'catkin_cmake_args' from command line to 'None'
[0.372s] Level 5:colcon.colcon_core.verb:set package 'simple_world' build argument 'catkin_skip_building_tests' from command line to 'False'
[0.372s] DEBUG:colcon.colcon_core.verb:Building package 'simple_world' with the following arguments: {'ament_cmake_args': None, 'build_base': '/home/ilyas/ros2_ws/build/simple_world', 'catkin_cmake_args': None, 'catkin_skip_building_tests': False, 'cmake_args': None, 'cmake_clean_cache': False, 'cmake_clean_first': False, 'cmake_force_configure': False, 'cmake_target': None, 'cmake_target_skip_unavailable': False, 'install_base': '/home/ilyas/ros2_ws/install/simple_world', 'merge_install': False, 'path': '/home/ilyas/ros2_ws/src/simple_world', 'symlink_install': False, 'test_result_base': None}
[0.372s] INFO:colcon.colcon_core.executor:Executing jobs using 'parallel' executor
[0.374s] DEBUG:colcon.colcon_parallel_executor.executor.parallel:run_until_complete
[0.375s] INFO:colcon.colcon_ros.task.ament_python.build:Building ROS package in '/home/ilyas/ros2_ws/src/my_first_package' with build type 'ament_python'
[0.375s] Level 1:colcon.colcon_core.shell:create_environment_hook('my_first_package', 'ament_prefix_path')
[0.378s] INFO:colcon.colcon_core.plugin_system:Skipping extension 'colcon_core.shell.bat': Not used on non-Windows systems
[0.378s] INFO:colcon.colcon_core.shell:Creating environment hook '/home/ilyas/ros2_ws/install/my_first_package/share/my_first_package/hook/ament_prefix_path.ps1'
[0.379s] INFO:colcon.colcon_core.shell:Creating environment descriptor '/home/ilyas/ros2_ws/install/my_first_package/share/my_first_package/hook/ament_prefix_path.dsv'
[0.380s] INFO:colcon.colcon_core.shell:Creating environment hook '/home/ilyas/ros2_ws/install/my_first_package/share/my_first_package/hook/ament_prefix_path.sh'
[0.381s] INFO:colcon.colcon_core.shell:Skip shell extension 'powershell' for command environment: Not usable outside of PowerShell
[0.381s] DEBUG:colcon.colcon_core.shell:Skip shell extension 'dsv' for command environment
[0.387s] INFO:colcon.colcon_ros.task.ament_cmake.build:Building ROS package in '/home/ilyas/ros2_ws/src/robotic_chair_description' with build type 'ament_cmake'
[0.387s] INFO:colcon.colcon_cmake.task.cmake.build:Building CMake package in '/home/ilyas/ros2_ws/src/robotic_chair_description'
[0.387s] INFO:colcon.colcon_core.shell:Skip shell extension 'powershell' for command environment: Not usable outside of PowerShell
[0.387s] DEBUG:colcon.colcon_core.shell:Skip shell extension 'dsv' for command environment
[0.400s] INFO:colcon.colcon_ros.task.ament_python.build:Building ROS package in '/home/ilyas/ros2_ws/src/robotic_chair_nav' with build type 'ament_python'
[0.401s] Level 1:colcon.colcon_core.shell:create_environment_hook('robotic_chair_nav', 'ament_prefix_path')
[0.401s] INFO:colcon.colcon_core.shell:Creating environment hook '/home/ilyas/ros2_ws/install/robotic_chair_nav/share/robotic_chair_nav/hook/ament_prefix_path.ps1'
[0.408s] INFO:colcon.colcon_core.shell:Creating environment descriptor '/home/ilyas/ros2_ws/install/robotic_chair_nav/share/robotic_chair_nav/hook/ament_prefix_path.dsv'
[0.410s] INFO:colcon.colcon_core.shell:Creating environment hook '/home/ilyas/ros2_ws/install/robotic_chair_nav/share/robotic_chair_nav/hook/ament_prefix_path.sh'
[0.411s] INFO:colcon.colcon_core.shell:Skip shell extension 'powershell' for command environment: Not usable outside of PowerShell
[0.411s] DEBUG:colcon.colcon_core.shell:Skip shell extension 'dsv' for command environment
[0.693s] INFO:colcon.colcon_core.task.python.build:Building Python package in '/home/ilyas/ros2_ws/src/my_first_package'
[0.697s] INFO:colcon.colcon_core.shell:Skip shell extension 'powershell' for command environment: Not usable outside of PowerShell
[0.697s] DEBUG:colcon.colcon_core.shell:Skip shell extension 'dsv' for command environment
[0.720s] DEBUG:colcon.colcon_core.event_handler.log_command:Invoking command in '/home/ilyas/ros2_ws/build/robotic_chair_description': CMAKE_PREFIX_PATH=${CMAKE_PREFIX_PATH}:/home/ilyas/ros2_ws/install/robotic_chair_nav:/home/ilyas/ros2_ws/install/my_first_package:/home/ilyas/ros2_ws/src/robotic_chair_nav/install/robotic_chair_nav:/home/ilyas/ros2_ws/src/install/robotic_chair_nav:/home/ilyas/ros2_ws/src/install/my_first_package:/opt/ros/humble /usr/bin/cmake --build /home/ilyas/ros2_ws/build/robotic_chair_description -- -j3 -l3
[1.015s] INFO:colcon.colcon_core.task.python.build:Building Python package in '/home/ilyas/ros2_ws/src/robotic_chair_nav'
[1.017s] INFO:colcon.colcon_core.shell:Skip shell extension 'powershell' for command environment: Not usable outside of PowerShell
[1.025s] DEBUG:colcon.colcon_core.shell:Skip shell extension 'dsv' for command environment
[1.063s] DEBUG:colcon.colcon_core.event_handler.log_command:Invoked command in '/home/ilyas/ros2_ws/build/robotic_chair_description' returned '0': CMAKE_PREFIX_PATH=${CMAKE_PREFIX_PATH}:/home/ilyas/ros2_ws/install/robotic_chair_nav:/home/ilyas/ros2_ws/install/my_first_package:/home/ilyas/ros2_ws/src/robotic_chair_nav/install/robotic_chair_nav:/home/ilyas/ros2_ws/src/install/robotic_chair_nav:/home/ilyas/ros2_ws/src/install/my_first_package:/opt/ros/humble /usr/bin/cmake --build /home/ilyas/ros2_ws/build/robotic_chair_description -- -j3 -l3
[1.089s] DEBUG:colcon.colcon_core.event_handler.log_command:Invoking command in '/home/ilyas/ros2_ws/build/robotic_chair_description': CMAKE_PREFIX_PATH=${CMAKE_PREFIX_PATH}:/home/ilyas/ros2_ws/install/robotic_chair_nav:/home/ilyas/ros2_ws/install/my_first_package:/home/ilyas/ros2_ws/src/robotic_chair_nav/install/robotic_chair_nav:/home/ilyas/ros2_ws/src/install/robotic_chair_nav:/home/ilyas/ros2_ws/src/install/my_first_package:/opt/ros/humble /usr/bin/cmake --install /home/ilyas/ros2_ws/build/robotic_chair_description
[1.127s] Level 1:colcon.colcon_core.environment:create_environment_scripts_only(robotic_chair_description)
[1.131s] DEBUG:colcon.colcon_core.event_handler.log_command:Invoked command in '/home/ilyas/ros2_ws/build/robotic_chair_description' returned '0': CMAKE_PREFIX_PATH=${CMAKE_PREFIX_PATH}:/home/ilyas/ros2_ws/install/robotic_chair_nav:/home/ilyas/ros2_ws/install/my_first_package:/home/ilyas/ros2_ws/src/robotic_chair_nav/install/robotic_chair_nav:/home/ilyas/ros2_ws/src/install/robotic_chair_nav:/home/ilyas/ros2_ws/src/install/my_first_package:/opt/ros/humble /usr/bin/cmake --install /home/ilyas/ros2_ws/build/robotic_chair_description
[1.136s] Level 1:colcon.colcon_core.environment:checking '/home/ilyas/ros2_ws/install/robotic_chair_description' for CMake module files
[1.140s] Level 1:colcon.colcon_core.environment:checking '/home/ilyas/ros2_ws/install/robotic_chair_description' for CMake config files
[1.141s] Level 1:colcon.colcon_core.shell:create_environment_hook('robotic_chair_description', 'cmake_prefix_path')
[1.142s] INFO:colcon.colcon_core.shell:Creating environment hook '/home/ilyas/ros2_ws/install/robotic_chair_description/share/robotic_chair_description/hook/cmake_prefix_path.ps1'
[1.144s] INFO:colcon.colcon_core.shell:Creating environment descriptor '/home/ilyas/ros2_ws/install/robotic_chair_description/share/robotic_chair_description/hook/cmake_prefix_path.dsv'
[1.145s] INFO:colcon.colcon_core.shell:Creating environment hook '/home/ilyas/ros2_ws/install/robotic_chair_description/share/robotic_chair_description/hook/cmake_prefix_path.sh'
[1.147s] Level 1:colcon.colcon_core.environment:checking '/home/ilyas/ros2_ws/install/robotic_chair_description/bin'
[1.147s] Level 1:colcon.colcon_core.environment:checking '/home/ilyas/ros2_ws/install/robotic_chair_description/lib/pkgconfig/robotic_chair_description.pc'
[1.147s] Level 1:colcon.colcon_core.environment:checking '/home/ilyas/ros2_ws/install/robotic_chair_description/lib/python3.10/site-packages'
[1.148s] Level 1:colcon.colcon_core.environment:checking '/home/ilyas/ros2_ws/install/robotic_chair_description/bin'
[1.148s] INFO:colcon.colcon_core.shell:Creating package script '/home/ilyas/ros2_ws/install/robotic_chair_description/share/robotic_chair_description/package.ps1'
[1.150s] INFO:colcon.colcon_core.shell:Creating package descriptor '/home/ilyas/ros2_ws/install/robotic_chair_description/share/robotic_chair_description/package.dsv'
[1.152s] INFO:colcon.colcon_core.shell:Creating package script '/home/ilyas/ros2_ws/install/robotic_chair_description/share/robotic_chair_description/package.sh'
[1.153s] INFO:colcon.colcon_core.shell:Creating package script '/home/ilyas/ros2_ws/install/robotic_chair_description/share/robotic_chair_description/package.bash'
[1.155s] INFO:colcon.colcon_core.shell:Creating package script '/home/ilyas/ros2_ws/install/robotic_chair_description/share/robotic_chair_description/package.zsh'
[1.156s] Level 1:colcon.colcon_core.environment:create_file_with_runtime_dependencies(/home/ilyas/ros2_ws/install/robotic_chair_description/share/colcon-core/packages/robotic_chair_description)
[1.158s] Level 1:colcon.colcon_core.environment:create_environment_scripts_only(robotic_chair_description)
[1.158s] Level 1:colcon.colcon_core.environment:checking '/home/ilyas/ros2_ws/install/robotic_chair_description' for CMake module files
[1.159s] Level 1:colcon.colcon_core.environment:checking '/home/ilyas/ros2_ws/install/robotic_chair_description' for CMake config files
[1.159s] Level 1:colcon.colcon_core.shell:create_environment_hook('robotic_chair_description', 'cmake_prefix_path')
[1.159s] INFO:colcon.colcon_core.shell:Creating environment hook '/home/ilyas/ros2_ws/install/robotic_chair_description/share/robotic_chair_description/hook/cmake_prefix_path.ps1'
[1.302s] INFO:colcon.colcon_core.shell:Creating environment descriptor '/home/ilyas/ros2_ws/install/robotic_chair_description/share/robotic_chair_description/hook/cmake_prefix_path.dsv'
[1.305s] INFO:colcon.colcon_core.shell:Creating environment hook '/home/ilyas/ros2_ws/install/robotic_chair_description/share/robotic_chair_description/hook/cmake_prefix_path.sh'
[1.308s] Level 1:colcon.colcon_core.environment:checking '/home/ilyas/ros2_ws/install/robotic_chair_description/bin'
[1.309s] Level 1:colcon.colcon_core.environment:checking '/home/ilyas/ros2_ws/install/robotic_chair_description/lib/pkgconfig/robotic_chair_description.pc'
[1.309s] Level 1:colcon.colcon_core.environment:checking '/home/ilyas/ros2_ws/install/robotic_chair_description/lib/python3.10/site-packages'
[1.309s] Level 1:colcon.colcon_core.environment:checking '/home/ilyas/ros2_ws/install/robotic_chair_description/bin'
[1.310s] INFO:colcon.colcon_core.shell:Creating package script '/home/ilyas/ros2_ws/install/robotic_chair_description/share/robotic_chair_description/package.ps1'
[1.311s] INFO:colcon.colcon_core.shell:Creating package descriptor '/home/ilyas/ros2_ws/install/robotic_chair_description/share/robotic_chair_description/package.dsv'
[1.313s] INFO:colcon.colcon_core.shell:Creating package script '/home/ilyas/ros2_ws/install/robotic_chair_description/share/robotic_chair_description/package.sh'
[1.315s] INFO:colcon.colcon_core.shell:Creating package script '/home/ilyas/ros2_ws/install/robotic_chair_description/share/robotic_chair_description/package.bash'
[1.330s] INFO:colcon.colcon_core.shell:Creating package script '/home/ilyas/ros2_ws/install/robotic_chair_description/share/robotic_chair_description/package.zsh'
[1.331s] Level 1:colcon.colcon_core.environment:create_file_with_runtime_dependencies(/home/ilyas/ros2_ws/install/robotic_chair_description/share/colcon-core/packages/robotic_chair_description)
[1.349s] INFO:colcon.colcon_ros.task.ament_cmake.build:Building ROS package in '/home/ilyas/ros2_ws/src/simple_world' with build type 'ament_cmake'
[1.350s] INFO:colcon.colcon_cmake.task.cmake.build:Building CMake package in '/home/ilyas/ros2_ws/src/simple_world'
[1.351s] INFO:colcon.colcon_core.shell:Skip shell extension 'powershell' for command environment: Not usable outside of PowerShell
[1.351s] DEBUG:colcon.colcon_core.shell:Skip shell extension 'dsv' for command environment
[1.392s] DEBUG:colcon.colcon_core.event_handler.log_command:Invoking command in '/home/ilyas/ros2_ws/build/simple_world': CMAKE_PREFIX_PATH=${CMAKE_PREFIX_PATH}:/home/ilyas/ros2_ws/install/robotic_chair_nav:/home/ilyas/ros2_ws/install/my_first_package:/home/ilyas/ros2_ws/src/robotic_chair_nav/install/robotic_chair_nav:/home/ilyas/ros2_ws/src/install/robotic_chair_nav:/home/ilyas/ros2_ws/src/install/my_first_package:/opt/ros/humble /usr/bin/cmake --build /home/ilyas/ros2_ws/build/simple_world -- -j3 -l3
[1.500s] DEBUG:colcon.colcon_core.event_handler.log_command:Invoked command in '/home/ilyas/ros2_ws/build/simple_world' returned '0': CMAKE_PREFIX_PATH=${CMAKE_PREFIX_PATH}:/home/ilyas/ros2_ws/install/robotic_chair_nav:/home/ilyas/ros2_ws/install/my_first_package:/home/ilyas/ros2_ws/src/robotic_chair_nav/install/robotic_chair_nav:/home/ilyas/ros2_ws/src/install/robotic_chair_nav:/home/ilyas/ros2_ws/src/install/my_first_package:/opt/ros/humble /usr/bin/cmake --build /home/ilyas/ros2_ws/build/simple_world -- -j3 -l3
[1.503s] DEBUG:colcon.colcon_core.event_handler.log_command:Invoking command in '/home/ilyas/ros2_ws/build/simple_world': CMAKE_PREFIX_PATH=${CMAKE_PREFIX_PATH}:/home/ilyas/ros2_ws/install/robotic_chair_nav:/home/ilyas/ros2_ws/install/my_first_package:/home/ilyas/ros2_ws/src/robotic_chair_nav/install/robotic_chair_nav:/home/ilyas/ros2_ws/src/install/robotic_chair_nav:/home/ilyas/ros2_ws/src/install/my_first_package:/opt/ros/humble /usr/bin/cmake --install /home/ilyas/ros2_ws/build/simple_world
[1.532s] Level 1:colcon.colcon_core.environment:create_environment_scripts_only(simple_world)
[1.533s] Level 1:colcon.colcon_core.environment:checking '/home/ilyas/ros2_ws/install/simple_world' for CMake module files
[1.533s] Level 1:colcon.colcon_core.environment:checking '/home/ilyas/ros2_ws/install/simple_world' for CMake config files
[1.534s] Level 1:colcon.colcon_core.shell:create_environment_hook('simple_world', 'cmake_prefix_path')
[1.534s] INFO:colcon.colcon_core.shell:Creating environment hook '/home/ilyas/ros2_ws/install/simple_world/share/simple_world/hook/cmake_prefix_path.ps1'
[1.535s] INFO:colcon.colcon_core.shell:Creating environment descriptor '/home/ilyas/ros2_ws/install/simple_world/share/simple_world/hook/cmake_prefix_path.dsv'
[1.537s] DEBUG:colcon.colcon_core.event_handler.log_command:Invoked command in '/home/ilyas/ros2_ws/build/simple_world' returned '0': CMAKE_PREFIX_PATH=${CMAKE_PREFIX_PATH}:/home/ilyas/ros2_ws/install/robotic_chair_nav:/home/ilyas/ros2_ws/install/my_first_package:/home/ilyas/ros2_ws/src/robotic_chair_nav/install/robotic_chair_nav:/home/ilyas/ros2_ws/src/install/robotic_chair_nav:/home/ilyas/ros2_ws/src/install/my_first_package:/opt/ros/humble /usr/bin/cmake --install /home/ilyas/ros2_ws/build/simple_world
[1.541s] INFO:colcon.colcon_core.shell:Creating environment hook '/home/ilyas/ros2_ws/install/simple_world/share/simple_world/hook/cmake_prefix_path.sh'
[1.543s] Level 1:colcon.colcon_core.environment:checking '/home/ilyas/ros2_ws/install/simple_world/bin'
[1.543s] Level 1:colcon.colcon_core.environment:checking '/home/ilyas/ros2_ws/install/simple_world/lib/pkgconfig/simple_world.pc'
[1.543s] Level 1:colcon.colcon_core.environment:checking '/home/ilyas/ros2_ws/install/simple_world/lib/python3.10/site-packages'
[1.544s] Level 1:colcon.colcon_core.environment:checking '/home/ilyas/ros2_ws/install/simple_world/bin'
[1.544s] INFO:colcon.colcon_core.shell:Creating package script '/home/ilyas/ros2_ws/install/simple_world/share/simple_world/package.ps1'
[1.545s] INFO:colcon.colcon_core.shell:Creating package descriptor '/home/ilyas/ros2_ws/install/simple_world/share/simple_world/package.dsv'
[1.546s] INFO:colcon.colcon_core.shell:Creating package script '/home/ilyas/ros2_ws/install/simple_world/share/simple_world/package.sh'
[1.547s] INFO:colcon.colcon_core.shell:Creating package script '/home/ilyas/ros2_ws/install/simple_world/share/simple_world/package.bash'
[1.548s] INFO:colcon.colcon_core.shell:Creating package script '/home/ilyas/ros2_ws/install/simple_world/share/simple_world/package.zsh'
[1.549s] Level 1:colcon.colcon_core.environment:create_file_with_runtime_dependencies(/home/ilyas/ros2_ws/install/simple_world/share/colcon-core/packages/simple_world)
[1.550s] Level 1:colcon.colcon_core.environment:create_environment_scripts_only(simple_world)
[1.550s] Level 1:colcon.colcon_core.environment:checking '/home/ilyas/ros2_ws/install/simple_world' for CMake module files
[1.550s] Level 1:colcon.colcon_core.environment:checking '/home/ilyas/ros2_ws/install/simple_world' for CMake config files
[1.551s] Level 1:colcon.colcon_core.shell:create_environment_hook('simple_world', 'cmake_prefix_path')
[1.551s] INFO:colcon.colcon_core.shell:Creating environment hook '/home/ilyas/ros2_ws/install/simple_world/share/simple_world/hook/cmake_prefix_path.ps1'
[1.552s] INFO:colcon.colcon_core.shell:Creating environment descriptor '/home/ilyas/ros2_ws/install/simple_world/share/simple_world/hook/cmake_prefix_path.dsv'
[1.553s] INFO:colcon.colcon_core.shell:Creating environment hook '/home/ilyas/ros2_ws/install/simple_world/share/simple_world/hook/cmake_prefix_path.sh'
[1.555s] Level 1:colcon.colcon_core.environment:checking '/home/ilyas/ros2_ws/install/simple_world/bin'
[1.555s] Level 1:colcon.colcon_core.environment:checking '/home/ilyas/ros2_ws/install/simple_world/lib/pkgconfig/simple_world.pc'
[1.555s] Level 1:colcon.colcon_core.environment:checking '/home/ilyas/ros2_ws/install/simple_world/lib/python3.10/site-packages'
[1.556s] Level 1:colcon.colcon_core.environment:checking '/home/ilyas/ros2_ws/install/simple_world/bin'
[1.556s] INFO:colcon.colcon_core.shell:Creating package script '/home/ilyas/ros2_ws/install/simple_world/share/simple_world/package.ps1'
[1.557s] INFO:colcon.colcon_core.shell:Creating package descriptor '/home/ilyas/ros2_ws/install/simple_world/share/simple_world/package.dsv'
[1.558s] INFO:colcon.colcon_core.shell:Creating package script '/home/ilyas/ros2_ws/install/simple_world/share/simple_world/package.sh'
[1.560s] INFO:colcon.colcon_core.shell:Creating package script '/home/ilyas/ros2_ws/install/simple_world/share/simple_world/package.bash'
[1.561s] INFO:colcon.colcon_core.shell:Creating package script '/home/ilyas/ros2_ws/install/simple_world/share/simple_world/package.zsh'
[1.562s] Level 1:colcon.colcon_core.environment:create_file_with_runtime_dependencies(/home/ilyas/ros2_ws/install/simple_world/share/colcon-core/packages/simple_world)
[1.675s] DEBUG:colcon.colcon_core.event_handler.log_command:Invoking command in '/home/ilyas/ros2_ws/src/robotic_chair_nav': PYTHONPATH=/home/ilyas/ros2_ws/build/robotic_chair_nav/prefix_override:/usr/lib/python3/dist-packages/colcon_core/task/python/colcon_distutils_commands:/home/ilyas/ros2_ws/install/robotic_chair_nav/lib/python3.10/site-packages:${PYTHONPATH} /usr/bin/python3 -W ignore:setup.py install is deprecated -W ignore:easy_install command is deprecated setup.py egg_info --egg-base ../../build/robotic_chair_nav build --build-base /home/ilyas/ros2_ws/build/robotic_chair_nav/build install --record /home/ilyas/ros2_ws/build/robotic_chair_nav/install.log --single-version-externally-managed install_data
[1.703s] DEBUG:colcon.colcon_core.event_handler.log_command:Invoking command in '/home/ilyas/ros2_ws/src/my_first_package': PYTHONPATH=/home/ilyas/ros2_ws/build/my_first_package/prefix_override:/usr/lib/python3/dist-packages/colcon_core/task/python/colcon_distutils_commands:/home/ilyas/ros2_ws/install/my_first_package/lib/python3.10/site-packages:${PYTHONPATH} /usr/bin/python3 -W ignore:setup.py install is deprecated -W ignore:easy_install command is deprecated setup.py egg_info --egg-base ../../build/my_first_package build --build-base /home/ilyas/ros2_ws/build/my_first_package/build install --record /home/ilyas/ros2_ws/build/my_first_package/install.log --single-version-externally-managed install_data
[2.128s] Level 1:colcon.colcon_core.environment:checking '/home/ilyas/ros2_ws/install/robotic_chair_nav' for CMake module files
[2.129s] DEBUG:colcon.colcon_core.event_handler.log_command:Invoked command in '/home/ilyas/ros2_ws/src/robotic_chair_nav' returned '0': PYTHONPATH=/home/ilyas/ros2_ws/build/robotic_chair_nav/prefix_override:/usr/lib/python3/dist-packages/colcon_core/task/python/colcon_distutils_commands:/home/ilyas/ros2_ws/install/robotic_chair_nav/lib/python3.10/site-packages:${PYTHONPATH} /usr/bin/python3 -W ignore:setup.py install is deprecated -W ignore:easy_install command is deprecated setup.py egg_info --egg-base ../../build/robotic_chair_nav build --build-base /home/ilyas/ros2_ws/build/robotic_chair_nav/build install --record /home/ilyas/ros2_ws/build/robotic_chair_nav/install.log --single-version-externally-managed install_data
[2.132s] Level 1:colcon.colcon_core.environment:checking '/home/ilyas/ros2_ws/install/robotic_chair_nav' for CMake config files
[2.133s] Level 1:colcon.colcon_core.environment:checking '/home/ilyas/ros2_ws/install/robotic_chair_nav/lib'
[2.135s] Level 1:colcon.colcon_core.environment:checking '/home/ilyas/ros2_ws/install/robotic_chair_nav/bin'
[2.135s] Level 1:colcon.colcon_core.environment:checking '/home/ilyas/ros2_ws/install/robotic_chair_nav/lib/pkgconfig/robotic_chair_nav.pc'
[2.135s] Level 1:colcon.colcon_core.environment:checking '/home/ilyas/ros2_ws/install/robotic_chair_nav/lib/python3.10/site-packages'
[2.135s] Level 1:colcon.colcon_core.shell:create_environment_hook('robotic_chair_nav', 'pythonpath')
[2.135s] INFO:colcon.colcon_core.shell:Creating environment hook '/home/ilyas/ros2_ws/install/robotic_chair_nav/share/robotic_chair_nav/hook/pythonpath.ps1'
[2.136s] INFO:colcon.colcon_core.shell:Creating environment descriptor '/home/ilyas/ros2_ws/install/robotic_chair_nav/share/robotic_chair_nav/hook/pythonpath.dsv'
[2.138s] INFO:colcon.colcon_core.shell:Creating environment hook '/home/ilyas/ros2_ws/install/robotic_chair_nav/share/robotic_chair_nav/hook/pythonpath.sh'
[2.140s] Level 1:colcon.colcon_core.environment:checking '/home/ilyas/ros2_ws/install/robotic_chair_nav/bin'
[2.140s] Level 1:colcon.colcon_core.environment:create_environment_scripts_only(robotic_chair_nav)
[2.141s] INFO:colcon.colcon_core.shell:Creating package script '/home/ilyas/ros2_ws/install/robotic_chair_nav/share/robotic_chair_nav/package.ps1'
[2.143s] INFO:colcon.colcon_core.shell:Creating package descriptor '/home/ilyas/ros2_ws/install/robotic_chair_nav/share/robotic_chair_nav/package.dsv'
[2.144s] INFO:colcon.colcon_core.shell:Creating package script '/home/ilyas/ros2_ws/install/robotic_chair_nav/share/robotic_chair_nav/package.sh'
[2.148s] INFO:colcon.colcon_core.shell:Creating package script '/home/ilyas/ros2_ws/install/robotic_chair_nav/share/robotic_chair_nav/package.bash'
[2.149s] INFO:colcon.colcon_core.shell:Creating package script '/home/ilyas/ros2_ws/install/robotic_chair_nav/share/robotic_chair_nav/package.zsh'
[2.153s] Level 1:colcon.colcon_core.environment:create_file_with_runtime_dependencies(/home/ilyas/ros2_ws/install/robotic_chair_nav/share/colcon-core/packages/robotic_chair_nav)
[2.156s] Level 1:colcon.colcon_core.environment:checking '/home/ilyas/ros2_ws/install/my_first_package' for CMake module files
[2.157s] Level 1:colcon.colcon_core.environment:checking '/home/ilyas/ros2_ws/install/my_first_package' for CMake config files
[2.159s] DEBUG:colcon.colcon_core.event_handler.log_command:Invoked command in '/home/ilyas/ros2_ws/src/my_first_package' returned '0': PYTHONPATH=/home/ilyas/ros2_ws/build/my_first_package/prefix_override:/usr/lib/python3/dist-packages/colcon_core/task/python/colcon_distutils_commands:/home/ilyas/ros2_ws/install/my_first_package/lib/python3.10/site-packages:${PYTHONPATH} /usr/bin/python3 -W ignore:setup.py install is deprecated -W ignore:easy_install command is deprecated setup.py egg_info --egg-base ../../build/my_first_package build --build-base /home/ilyas/ros2_ws/build/my_first_package/build install --record /home/ilyas/ros2_ws/build/my_first_package/install.log --single-version-externally-managed install_data
[2.160s] Level 1:colcon.colcon_core.environment:checking '/home/ilyas/ros2_ws/install/my_first_package/lib'
[2.160s] Level 1:colcon.colcon_core.environment:checking '/home/ilyas/ros2_ws/install/my_first_package/bin'
[2.160s] Level 1:colcon.colcon_core.environment:checking '/home/ilyas/ros2_ws/install/my_first_package/lib/pkgconfig/my_first_package.pc'
[2.161s] Level 1:colcon.colcon_core.environment:checking '/home/ilyas/ros2_ws/install/my_first_package/lib/python3.10/site-packages'
[2.161s] Level 1:colcon.colcon_core.shell:create_environment_hook('my_first_package', 'pythonpath')
[2.161s] INFO:colcon.colcon_core.shell:Creating environment hook '/home/ilyas/ros2_ws/install/my_first_package/share/my_first_package/hook/pythonpath.ps1'
[2.164s] INFO:colcon.colcon_core.shell:Creating environment descriptor '/home/ilyas/ros2_ws/install/my_first_package/share/my_first_package/hook/pythonpath.dsv'
[2.165s] INFO:colcon.colcon_core.shell:Creating environment hook '/home/ilyas/ros2_ws/install/my_first_package/share/my_first_package/hook/pythonpath.sh'
[2.168s] Level 1:colcon.colcon_core.environment:checking '/home/ilyas/ros2_ws/install/my_first_package/bin'
[2.170s] Level 1:colcon.colcon_core.environment:create_environment_scripts_only(my_first_package)
[2.171s] INFO:colcon.colcon_core.shell:Creating package script '/home/ilyas/ros2_ws/install/my_first_package/share/my_first_package/package.ps1'
[2.173s] INFO:colcon.colcon_core.shell:Creating package descriptor '/home/ilyas/ros2_ws/install/my_first_package/share/my_first_package/package.dsv'
[2.174s] INFO:colcon.colcon_core.shell:Creating package script '/home/ilyas/ros2_ws/install/my_first_package/share/my_first_package/package.sh'
[2.176s] INFO:colcon.colcon_core.shell:Creating package script '/home/ilyas/ros2_ws/install/my_first_package/share/my_first_package/package.bash'
[2.177s] INFO:colcon.colcon_core.shell:Creating package script '/home/ilyas/ros2_ws/install/my_first_package/share/my_first_package/package.zsh'
[2.178s] Level 1:colcon.colcon_core.environment:create_file_with_runtime_dependencies(/home/ilyas/ros2_ws/install/my_first_package/share/colcon-core/packages/my_first_package)
[2.179s] DEBUG:colcon.colcon_parallel_executor.executor.parallel:closing loop
[2.180s] DEBUG:colcon.colcon_parallel_executor.executor.parallel:loop closed
[2.180s] DEBUG:colcon.colcon_parallel_executor.executor.parallel:run_until_complete finished with '0'
[2.180s] DEBUG:colcon.colcon_core.event_reactor:joining thread
[2.193s] INFO:colcon.colcon_core.plugin_system:Skipping extension 'colcon_notification.desktop_notification.terminal_notifier': Not used on non-Darwin systems
[2.194s] INFO:colcon.colcon_core.plugin_system:Skipping extension 'colcon_notification.desktop_notification.win32': Not used on non-Windows systems
[2.194s] INFO:colcon.colcon_notification.desktop_notification:Sending desktop notification using 'notify2'
[2.232s] DEBUG:colcon.colcon_core.event_reactor:joined thread
[2.233s] INFO:colcon.colcon_core.shell:Creating prefix script '/home/ilyas/ros2_ws/install/local_setup.ps1'
[2.238s] INFO:colcon.colcon_core.shell:Creating prefix util module '/home/ilyas/ros2_ws/install/_local_setup_util_ps1.py'
[2.240s] INFO:colcon.colcon_core.shell:Creating prefix chain script '/home/ilyas/ros2_ws/install/setup.ps1'
[2.242s] INFO:colcon.colcon_core.shell:Creating prefix script '/home/ilyas/ros2_ws/install/local_setup.sh'
[2.243s] INFO:colcon.colcon_core.shell:Creating prefix util module '/home/ilyas/ros2_ws/install/_local_setup_util_sh.py'
[2.244s] INFO:colcon.colcon_core.shell:Creating prefix chain script '/home/ilyas/ros2_ws/install/setup.sh'
[2.246s] INFO:colcon.colcon_core.shell:Creating prefix script '/home/ilyas/ros2_ws/install/local_setup.bash'
[2.247s] INFO:colcon.colcon_core.shell:Creating prefix chain script '/home/ilyas/ros2_ws/install/setup.bash'
[2.253s] INFO:colcon.colcon_core.shell:Creating prefix script '/home/ilyas/ros2_ws/install/local_setup.zsh'
[2.254s] INFO:colcon.colcon_core.shell:Creating prefix chain script '/home/ilyas/ros2_ws/install/setup.zsh'
